#
# There is insufficient memory for the Java Runtime Environment to continue.
# Native memory allocation (mmap) failed to map 139460608 bytes for committing reserved memory.
# Possible reasons:
#   The system is out of physical RAM or swap space
#   In 32 bit mode, the process size limit was hit
# Possible solutions:
#   Reduce memory load on the system
#   Increase physical memory or swap space
#   Check if swap backing store is full
#   Use 64 bit Java on a 64 bit OS
#   Decrease Java heap size (-Xmx/-Xms)
#   Decrease number of Java threads
#   Decrease Java thread stack sizes (-Xss)
#   Set larger code cache with -XX:ReservedCodeCacheSize=
# This output file may be truncated or incomplete.
#
#  Out of Memory Error (os_linux.cpp:2640), pid=17195, tid=0x00007f38525c4700
#
# JRE version: Java(TM) SE Runtime Environment (8.0_181-b13) (build 1.8.0_181-b13)
# Java VM: Java HotSpot(TM) 64-Bit Server VM (25.181-b13 mixed mode linux-amd64 compressed oops)
# Failed to write core dump. Core dumps have been disabled. To enable core dumping, try "ulimit -c unlimited" before starting Java again
#

---------------  T H R E A D  ---------------

Current thread (0x00007f3880081800):  VMThread [stack: 0x00007f38524c5000,0x00007f38525c5000] [id=17206]

Stack: [0x00007f38524c5000,0x00007f38525c5000],  sp=0x00007f38525c3140,  free space=1016k
Native frames: (J=compiled Java code, j=interpreted, Vv=VM code, C=native code)
V  [libjvm.so+0xad21aa]  VMError::report_and_die()+0x2ba
V  [libjvm.so+0x5022db]  report_vm_out_of_memory(char const*, int, unsigned long, VMErrorType, char const*)+0x8b
V  [libjvm.so+0x92fe33]  os::Linux::commit_memory_impl(char*, unsigned long, bool)+0x123
V  [libjvm.so+0x930059]  os::pd_commit_memory(char*, unsigned long, unsigned long, bool)+0x29
V  [libjvm.so+0x9272ba]  os::commit_memory(char*, unsigned long, unsigned long, bool)+0x2a
V  [libjvm.so+0x99d2e3]  PSVirtualSpace::expand_by(unsigned long)+0x53
V  [libjvm.so+0x99e6e8]  PSYoungGen::resize_generation(unsigned long, unsigned long)+0xf8
V  [libjvm.so+0x99d842]  PSYoungGen::resize(unsigned long, unsigned long)+0x22
V  [libjvm.so+0x99ab1b]  PSScavenge::invoke_no_policy()+0xf3b
V  [libjvm.so+0x99b2a1]  PSScavenge::invoke()+0x41
V  [libjvm.so+0x951d70]  ParallelScavengeHeap::failed_mem_allocate(unsigned long)+0x70
V  [libjvm.so+0xad3c27]  VM_ParallelGCFailedAllocation::doit()+0x97
V  [libjvm.so+0xadb745]  VM_Operation::evaluate()+0x55
V  [libjvm.so+0xad9b0a]  VMThread::evaluate_operation(VM_Operation*)+0xba
V  [libjvm.so+0xad9e8e]  VMThread::loop()+0x1ce
V  [libjvm.so+0xada300]  VMThread::run()+0x70
V  [libjvm.so+0x930198]  java_start(Thread*)+0x108

VM_Operation (0x00007f38880c95c0): ParallelGCFailedAllocation, mode: safepoint, requested by thread 0x00007f388000b000


---------------  P R O C E S S  ---------------

Java Threads: ( => current thread )
  0x00007f38806de000 JavaThread "process reaper" daemon [_thread_blocked, id=17219, stack(0x00007f3850d33000,0x00007f3850d6c000)]
  0x00007f38800d4800 JavaThread "Service Thread" daemon [_thread_blocked, id=17214, stack(0x00007f38512ed000,0x00007f38513ee000)]
  0x00007f38800c9000 JavaThread "C1 CompilerThread3" daemon [_thread_blocked, id=17213, stack(0x00007f38513ef000,0x00007f38514ef000)]
  0x00007f38800c7000 JavaThread "C2 CompilerThread2" daemon [_thread_in_native, id=17212, stack(0x00007f38514f0000,0x00007f38515f0000)]
  0x00007f38800c5000 JavaThread "C2 CompilerThread1" daemon [_thread_in_native, id=17211, stack(0x00007f38515f1000,0x00007f38516f1000)]
  0x00007f38800c2800 JavaThread "C2 CompilerThread0" daemon [_thread_blocked, id=17210, stack(0x00007f38516f2000,0x00007f38517f2000)]
  0x00007f38800c1000 JavaThread "Signal Dispatcher" daemon [_thread_blocked, id=17209, stack(0x00007f38517f2000,0x00007f38518f3000)]
  0x00007f388008d800 JavaThread "Finalizer" daemon [_thread_blocked, id=17208, stack(0x00007f38522c2000,0x00007f38523c3000)]
  0x00007f388008b000 JavaThread "Reference Handler" daemon [_thread_blocked, id=17207, stack(0x00007f38523c3000,0x00007f38524c4000)]
  0x00007f388000b000 JavaThread "main" [_thread_blocked, id=17197, stack(0x00007f3887fcd000,0x00007f38880cd000)]

Other Threads:
=>0x00007f3880081800 VMThread [stack: 0x00007f38524c5000,0x00007f38525c5000] [id=17206]
  0x00007f38800d9000 WatcherThread [stack: 0x00007f38511ed000,0x00007f38512ed000] [id=17215]

VM state:at safepoint (normal execution)

VM Mutex/Monitor currently owned by a thread:  ([mutex/lock_event])
[0x00007f3880007b30] Threads_lock - owner thread: 0x00007f3880081800
[0x00007f3880008030] Heap_lock - owner thread: 0x00007f388000b000

Heap:
 PSYoungGen      total 136192K, used 9711K [0x00000000d6f80000, 0x00000000dfe80000, 0x0000000100000000)
  eden space 126464K, 0% used [0x00000000d6f80000,0x00000000d6f80000,0x00000000deb00000)
  from space 9728K, 99% used [0x00000000deb00000,0x00000000df47bca0,0x00000000df480000)
  to   space 9216K, 0% used [0x00000000df480000,0x00000000df480000,0x00000000dfd80000)
 ParOldGen       total 84992K, used 16389K [0x0000000084e00000, 0x000000008a100000, 0x00000000d6f80000)
  object space 84992K, 19% used [0x0000000084e00000,0x0000000085e01498,0x000000008a100000)
 Metaspace       used 19673K, capacity 20266K, committed 20480K, reserved 1067008K
  class space    used 2331K, capacity 2477K, committed 2560K, reserved 1048576K

Card table byte_map: [0x00007f38848bc000,0x00007f3884c96000] byte_map_base: 0x00007f3884495000

Marking Bits: (ParMarkBitMap*) 0x00007f38874690a0
 Begin Bits: [0x00007f3860270000, 0x00007f3862138000)
 End Bits:   [0x00007f3862138000, 0x00007f3864000000)

Polling page: 0x00007f38880e4000

CodeCache: size=245760Kb used=12979Kb max_used=13000Kb free=232780Kb
 bounds [0x00007f3871000000, 0x00007f3871cc0000, 0x00007f3880000000]
 total_blobs=3781 nmethods=3413 adapters=281
 compilation: enabled

Compilation events (10 events):
Event: 3,454 Thread 0x00007f38800c9000 3444       3       com.sun.tools.javac.file.ZipFileIndex$Entry::compareTo (9 bytes)
Event: 3,454 Thread 0x00007f38800c9000 nmethod 3444 0x00007f3871caf490 code [0x00007f3871caf600, 0x00007f3871caf868]
Event: 3,454 Thread 0x00007f38800c9000 3445       3       com.sun.tools.javac.file.ZipFileIndex$Entry::compareTo (40 bytes)
Event: 3,455 Thread 0x00007f38800c9000 nmethod 3445 0x00007f3871caf910 code [0x00007f3871cafaa0, 0x00007f3871cafef8]
Event: 3,455 Thread 0x00007f38800c9000 3447       3       com.sun.tools.javac.file.RelativePath::compareTo (12 bytes)
Event: 3,455 Thread 0x00007f38800c9000 nmethod 3447 0x00007f3871cb00d0 code [0x00007f3871cb0240, 0x00007f3871cb0448]
Event: 3,455 Thread 0x00007f38800c9000 3441       3       com.sun.tools.javac.file.ZipFileIndex$Entry::<init> (15 bytes)
Event: 3,456 Thread 0x00007f38800c9000 nmethod 3441 0x00007f3871cb0550 code [0x00007f3871cb06c0, 0x00007f3871cb0890]
Event: 3,456 Thread 0x00007f38800c2800 nmethod 3360 0x00007f3871cb0950 code [0x00007f3871cb16a0, 0x00007f3871cb51d8]
Event: 3,456 Thread 0x00007f38800c2800 3394       4       com.sun.tools.javac.parser.UnicodeReader::putChar (41 bytes)

GC Heap History (10 events):
Event: 0,892 GC heap after
Heap after GC invocations=2 (full 0):
 PSYoungGen      total 36864K, used 5107K [0x00000000d6f80000, 0x00000000d9880000, 0x0000000100000000)
  eden space 31744K, 0% used [0x00000000d6f80000,0x00000000d6f80000,0x00000000d8e80000)
  from space 5120K, 99% used [0x00000000d9380000,0x00000000d987cff0,0x00000000d9880000)
  to   space 5120K, 0% used [0x00000000d8e80000,0x00000000d8e80000,0x00000000d9380000)
 ParOldGen       total 84992K, used 1578K [0x0000000084e00000, 0x000000008a100000, 0x00000000d6f80000)
  object space 84992K, 1% used [0x0000000084e00000,0x0000000084f8ab00,0x000000008a100000)
 Metaspace       used 13031K, capacity 13426K, committed 13568K, reserved 1060864K
  class space    used 1607K, capacity 1724K, committed 1792K, reserved 1048576K
}
Event: 1,236 GC heap before
{Heap before GC invocations=3 (full 0):
 PSYoungGen      total 36864K, used 36851K [0x00000000d6f80000, 0x00000000d9880000, 0x0000000100000000)
  eden space 31744K, 100% used [0x00000000d6f80000,0x00000000d8e80000,0x00000000d8e80000)
  from space 5120K, 99% used [0x00000000d9380000,0x00000000d987cff0,0x00000000d9880000)
  to   space 5120K, 0% used [0x00000000d8e80000,0x00000000d8e80000,0x00000000d9380000)
 ParOldGen       total 84992K, used 1578K [0x0000000084e00000, 0x000000008a100000, 0x00000000d6f80000)
  object space 84992K, 1% used [0x0000000084e00000,0x0000000084f8ab00,0x000000008a100000)
 Metaspace       used 13529K, capacity 13938K, committed 14080K, reserved 1060864K
  class space    used 1643K, capacity 1763K, committed 1792K, reserved 1048576K
Event: 1,241 GC heap after
Heap after GC invocations=3 (full 0):
 PSYoungGen      total 36864K, used 5104K [0x00000000d6f80000, 0x00000000db780000, 0x0000000100000000)
  eden space 31744K, 0% used [0x00000000d6f80000,0x00000000d6f80000,0x00000000d8e80000)
  from space 5120K, 99% used [0x00000000d8e80000,0x00000000d937c010,0x00000000d9380000)
  to   space 5120K, 0% used [0x00000000db280000,0x00000000db280000,0x00000000db780000)
 ParOldGen       total 84992K, used 2770K [0x0000000084e00000, 0x000000008a100000, 0x00000000d6f80000)
  object space 84992K, 3% used [0x0000000084e00000,0x00000000850b4aa0,0x000000008a100000)
 Metaspace       used 13529K, capacity 13938K, committed 14080K, reserved 1060864K
  class space    used 1643K, capacity 1763K, committed 1792K, reserved 1048576K
}
Event: 1,552 GC heap before
{Heap before GC invocations=4 (full 0):
 PSYoungGen      total 36864K, used 36848K [0x00000000d6f80000, 0x00000000db780000, 0x0000000100000000)
  eden space 31744K, 100% used [0x00000000d6f80000,0x00000000d8e80000,0x00000000d8e80000)
  from space 5120K, 99% used [0x00000000d8e80000,0x00000000d937c010,0x00000000d9380000)
  to   space 5120K, 0% used [0x00000000db280000,0x00000000db280000,0x00000000db780000)
 ParOldGen       total 84992K, used 2770K [0x0000000084e00000, 0x000000008a100000, 0x00000000d6f80000)
  object space 84992K, 3% used [0x0000000084e00000,0x00000000850b4aa0,0x000000008a100000)
 Metaspace       used 13725K, capacity 14096K, committed 14336K, reserved 1062912K
  class space    used 1648K, capacity 1768K, committed 1792K, reserved 1048576K
Event: 1,558 GC heap after
Heap after GC invocations=4 (full 0):
 PSYoungGen      total 68608K, used 5104K [0x00000000d6f80000, 0x00000000db780000, 0x0000000100000000)
  eden space 63488K, 0% used [0x00000000d6f80000,0x00000000d6f80000,0x00000000dad80000)
  from space 5120K, 99% used [0x00000000db280000,0x00000000db77c030,0x00000000db780000)
  to   space 5120K, 0% used [0x00000000dad80000,0x00000000dad80000,0x00000000db280000)
 ParOldGen       total 84992K, used 4450K [0x0000000084e00000, 0x000000008a100000, 0x00000000d6f80000)
  object space 84992K, 5% used [0x0000000084e00000,0x0000000085258aa0,0x000000008a100000)
 Metaspace       used 13725K, capacity 14096K, committed 14336K, reserved 1062912K
  class space    used 1648K, capacity 1768K, committed 1792K, reserved 1048576K
}
Event: 1,922 GC heap before
{Heap before GC invocations=5 (full 0):
 PSYoungGen      total 68608K, used 68592K [0x00000000d6f80000, 0x00000000db780000, 0x0000000100000000)
  eden space 63488K, 100% used [0x00000000d6f80000,0x00000000dad80000,0x00000000dad80000)
  from space 5120K, 99% used [0x00000000db280000,0x00000000db77c030,0x00000000db780000)
  to   space 5120K, 0% used [0x00000000dad80000,0x00000000dad80000,0x00000000db280000)
 ParOldGen       total 84992K, used 4450K [0x0000000084e00000, 0x000000008a100000, 0x00000000d6f80000)
  object space 84992K, 5% used [0x0000000084e00000,0x0000000085258aa0,0x000000008a100000)
 Metaspace       used 14036K, capacity 14440K, committed 14592K, reserved 1062912K
  class space    used 1658K, capacity 1772K, committed 1792K, reserved 1048576K
Event: 1,932 GC heap after
Heap after GC invocations=5 (full 0):
 PSYoungGen      total 68608K, used 5088K [0x00000000d6f80000, 0x00000000dfd80000, 0x0000000100000000)
  eden space 63488K, 0% used [0x00000000d6f80000,0x00000000d6f80000,0x00000000dad80000)
  from space 5120K, 99% used [0x00000000dad80000,0x00000000db278020,0x00000000db280000)
  to   space 9216K, 0% used [0x00000000df480000,0x00000000df480000,0x00000000dfd80000)
 ParOldGen       total 84992K, used 7702K [0x0000000084e00000, 0x000000008a100000, 0x00000000d6f80000)
  object space 84992K, 9% used [0x0000000084e00000,0x0000000085585888,0x000000008a100000)
 Metaspace       used 14036K, capacity 14440K, committed 14592K, reserved 1062912K
  class space    used 1658K, capacity 1772K, committed 1792K, reserved 1048576K
}
Event: 2,356 GC heap before
{Heap before GC invocations=6 (full 0):
 PSYoungGen      total 68608K, used 68576K [0x00000000d6f80000, 0x00000000dfd80000, 0x0000000100000000)
  eden space 63488K, 100% used [0x00000000d6f80000,0x00000000dad80000,0x00000000dad80000)
  from space 5120K, 99% used [0x00000000dad80000,0x00000000db278020,0x00000000db280000)
  to   space 9216K, 0% used [0x00000000df480000,0x00000000df480000,0x00000000dfd80000)
 ParOldGen       total 84992K, used 7702K [0x0000000084e00000, 0x000000008a100000, 0x00000000d6f80000)
  object space 84992K, 9% used [0x0000000084e00000,0x0000000085585888,0x000000008a100000)
 Metaspace       used 14333K, capacity 14766K, committed 14848K, reserved 1062912K
  class space    used 1668K, capacity 1773K, committed 1792K, reserved 1048576K
Event: 2,364 GC heap after
Heap after GC invocations=6 (full 0):
 PSYoungGen      total 135680K, used 7776K [0x00000000d6f80000, 0x00000000dfe80000, 0x0000000100000000)
  eden space 126464K, 0% used [0x00000000d6f80000,0x00000000d6f80000,0x00000000deb00000)
  from space 9216K, 84% used [0x00000000df480000,0x00000000dfc18040,0x00000000dfd80000)
  to   space 9728K, 0% used [0x00000000deb00000,0x00000000deb00000,0x00000000df480000)
 ParOldGen       total 84992K, used 7710K [0x0000000084e00000, 0x000000008a100000, 0x00000000d6f80000)
  object space 84992K, 9% used [0x0000000084e00000,0x0000000085587888,0x000000008a100000)
 Metaspace       used 14333K, capacity 14766K, committed 14848K, reserved 1062912K
  class space    used 1668K, capacity 1773K, committed 1792K, reserved 1048576K
}
Event: 3,457 GC heap before
{Heap before GC invocations=7 (full 0):
 PSYoungGen      total 135680K, used 133843K [0x00000000d6f80000, 0x00000000dfe80000, 0x0000000100000000)
  eden space 126464K, 99% used [0x00000000d6f80000,0x00000000dea9ce40,0x00000000deb00000)
  from space 9216K, 84% used [0x00000000df480000,0x00000000dfc18040,0x00000000dfd80000)
  to   space 9728K, 0% used [0x00000000deb00000,0x00000000deb00000,0x00000000df480000)
 ParOldGen       total 84992K, used 7710K [0x0000000084e00000, 0x000000008a100000, 0x00000000d6f80000)
  object space 84992K, 9% used [0x0000000084e00000,0x0000000085587888,0x000000008a100000)
 Metaspace       used 19673K, capacity 20266K, committed 20480K, reserved 1067008K
  class space    used 2331K, capacity 2477K, committed 2560K, reserved 1048576K

Deoptimization events (10 events):
Event: 3,288 Thread 0x00007f388000b000 Uncommon trap: reason=unstable_if action=reinterpret pc=0x00007f3871bf79d8 method=java.lang.String.regionMatches(ZILjava/lang/String;II)Z @ 41
Event: 3,292 Thread 0x00007f388000b000 Uncommon trap: reason=unstable_if action=reinterpret pc=0x00007f3871b90430 method=java.io.BufferedReader.readLine(Z)Ljava/lang/String; @ 160
Event: 3,293 Thread 0x00007f388000b000 Uncommon trap: reason=unstable_if action=reinterpret pc=0x00007f38711ca674 method=java.util.HashMap.putVal(ILjava/lang/Object;Ljava/lang/Object;ZZ)Ljava/lang/Object; @ 193
Event: 3,293 Thread 0x00007f388000b000 Uncommon trap: reason=unstable_if action=reinterpret pc=0x00007f38711c25a4 method=sun.misc.URLClassPath$JarLoader.getResource(Ljava/lang/String;Z)Lsun/misc/Resource; @ 62
Event: 3,323 Thread 0x00007f388000b000 Uncommon trap: reason=unstable_if action=reinterpret pc=0x00007f3871bff4cc method=java.util.jar.JarFile.match([C[B[I[I)Z @ 29
Event: 3,333 Thread 0x00007f388000b000 Uncommon trap: reason=class_check action=maybe_recompile pc=0x00007f38711bec40 method=sun.misc.URLClassPath.getLoader(I)Lsun/misc/URLClassPath$Loader; @ 94
Event: 3,335 Thread 0x00007f388000b000 Uncommon trap: reason=unstable_if action=reinterpret pc=0x00007f387162bb70 method=java.nio.charset.CharsetDecoder.decode(Ljava/nio/ByteBuffer;Ljava/nio/CharBuffer;Z)Ljava/nio/charset/CoderResult; @ 1
Event: 3,371 Thread 0x00007f388000b000 Uncommon trap: reason=unstable_if action=reinterpret pc=0x00007f3871c30510 method=com.sun.tools.javac.parser.UnicodeReader.scanChar()V @ 37
Event: 3,371 Thread 0x00007f388000b000 Uncommon trap: reason=unstable_if action=reinterpret pc=0x00007f3871c2ebe8 method=com.sun.tools.javac.parser.UnicodeReader.scanChar()V @ 37
Event: 3,436 Thread 0x00007f388000b000 Uncommon trap: reason=unstable_if action=reinterpret pc=0x00007f3871bda1e8 method=java.lang.StringCoding$StringDecoder.decode([BII)[C @ 20

Classes redefined (0 events):
No events

Internal exceptions (10 events):
Event: 3,332 Thread 0x00007f388000b000 Exception <a 'java/security/PrivilegedActionException'> (0x00000000de58d0e0) thrown at [/HUDSON/workspace/8-2-build-linux-amd64/jdk8u181/11358/hotspot/src/share/vm/prims/jvm.cpp, line 1435]
Event: 3,332 Thread 0x00007f388000b000 Exception <a 'java/security/PrivilegedActionException'> (0x00000000de58d4d8) thrown at [/HUDSON/workspace/8-2-build-linux-amd64/jdk8u181/11358/hotspot/src/share/vm/prims/jvm.cpp, line 1435]
Event: 3,332 Thread 0x00007f388000b000 Exception <a 'java/security/PrivilegedActionException'> (0x00000000de58e838) thrown at [/HUDSON/workspace/8-2-build-linux-amd64/jdk8u181/11358/hotspot/src/share/vm/prims/jvm.cpp, line 1435]
Event: 3,332 Thread 0x00007f388000b000 Exception <a 'java/security/PrivilegedActionException'> (0x00000000de58ec30) thrown at [/HUDSON/workspace/8-2-build-linux-amd64/jdk8u181/11358/hotspot/src/share/vm/prims/jvm.cpp, line 1435]
Event: 3,332 Thread 0x00007f388000b000 Exception <a 'java/security/PrivilegedActionException'> (0x00000000de58ffc0) thrown at [/HUDSON/workspace/8-2-build-linux-amd64/jdk8u181/11358/hotspot/src/share/vm/prims/jvm.cpp, line 1435]
Event: 3,332 Thread 0x00007f388000b000 Exception <a 'java/security/PrivilegedActionException'> (0x00000000de5903b8) thrown at [/HUDSON/workspace/8-2-build-linux-amd64/jdk8u181/11358/hotspot/src/share/vm/prims/jvm.cpp, line 1435]
Event: 3,332 Thread 0x00007f388000b000 Exception <a 'java/security/PrivilegedActionException'> (0x00000000de591790) thrown at [/HUDSON/workspace/8-2-build-linux-amd64/jdk8u181/11358/hotspot/src/share/vm/prims/jvm.cpp, line 1435]
Event: 3,332 Thread 0x00007f388000b000 Exception <a 'java/security/PrivilegedActionException'> (0x00000000de591b88) thrown at [/HUDSON/workspace/8-2-build-linux-amd64/jdk8u181/11358/hotspot/src/share/vm/prims/jvm.cpp, line 1435]
Event: 3,332 Thread 0x00007f388000b000 Exception <a 'java/security/PrivilegedActionException'> (0x00000000de592ee0) thrown at [/HUDSON/workspace/8-2-build-linux-amd64/jdk8u181/11358/hotspot/src/share/vm/prims/jvm.cpp, line 1435]
Event: 3,332 Thread 0x00007f388000b000 Exception <a 'java/security/PrivilegedActionException'> (0x00000000de5932d8) thrown at [/HUDSON/workspace/8-2-build-linux-amd64/jdk8u181/11358/hotspot/src/share/vm/prims/jvm.cpp, line 1435]

Events (10 events):
Event: 3,448 loading class com/sun/tools/javac/file/ZipFileIndex$Entry
Event: 3,448 loading class com/sun/tools/javac/file/ZipFileIndex$Entry done
Event: 3,449 Thread 0x00007f38800c9000 flushing nmethod 0x00007f38710fd290
Event: 3,449 Thread 0x00007f38800c9000 flushing nmethod 0x00007f38710ff490
Event: 3,449 Thread 0x00007f38800c9000 flushing nmethod 0x00007f38710ff950
Event: 3,449 Thread 0x00007f38800c9000 flushing nmethod 0x00007f3871102590
Event: 3,449 Thread 0x00007f38800c9000 flushing nmethod 0x00007f387110bf90
Event: 3,454 loading class java/io/RandomAccessFile$1
Event: 3,455 loading class java/io/RandomAccessFile$1 done
Event: 3,456 Executing VM operation: ParallelGCFailedAllocation


Dynamic libraries:
00400000-00401000 r-xp 00000000 08:05 1318586                            /usr/lib/jvm/java-8-oracle/bin/java
00600000-00601000 rw-p 00000000 08:05 1318586                            /usr/lib/jvm/java-8-oracle/bin/java
0156b000-0158c000 rw-p 00000000 00:00 0                                  [heap]
84e00000-8a100000 rw-p 00000000 00:00 0 
8a100000-d6f80000 ---p 00000000 00:00 0 
d6f80000-dfe80000 rw-p 00000000 00:00 0 
e8380000-100000000 ---p 00000000 00:00 0 
100000000-100280000 rw-p 00000000 00:00 0 
100280000-140000000 ---p 00000000 00:00 0 
7f3818a53000-7f3818a5a000 r--s 00000000 08:05 1575539                    /usr/lib/x86_64-linux-gnu/gconv/gconv-modules.cache
7f3818a5a000-7f3818a80000 r--p 00000000 08:05 2100200                    /usr/share/locale-langpack/fr/LC_MESSAGES/libc.mo
7f3818a80000-7f3818a82000 r--s 0000c000 08:05 4200864                    /home/nduwayo/.m2/repository/org/json/json/20160810/json-20160810.jar
7f3818a82000-7f3818a84000 r--s 00009000 08:05 5641745                    /home/nduwayo/.m2/repository/org/apache/httpcomponents/httpmime/4.5.2/httpmime-4.5.2.jar
7f3818a84000-7f3818a85000 r--s 0000c000 08:05 5510624                    /home/nduwayo/.m2/repository/commons-cli/commons-cli/1.3.1/commons-cli-1.3.1.jar
7f3818a85000-7f3818a87000 r--s 00009000 08:05 4200831                    /home/nduwayo/.m2/repository/org/toile-libre/libe/curl/0.0.19/curl-0.0.19.jar
7f3818a87000-7f3818a89000 r--s 0000b000 08:05 4330959                    /home/nduwayo/.m2/repository/org/apache/zeppelin/zeppelin-livy/0.8.0/zeppelin-livy-0.8.0.jar
7f3818a89000-7f3818a8b000 r--s 00000000 08:05 5641572                    /home/nduwayo/.m2/repository/aopalliance/aopalliance/1.0/aopalliance-1.0.jar
7f3818a8b000-7f3818a96000 r--s 0004f000 08:05 4200813                    /home/nduwayo/.m2/repository/org/springframework/security/spring-security-core/3.2.7.RELEASE/spring-security-core-3.2.7.RELEASE.jar
7f3818a96000-7f3818a98000 r--s 00004000 08:05 4200812                    /home/nduwayo/.m2/repository/org/springframework/security/kerberos/spring-security-kerberos-core/1.0.1.RELEASE/spring-security-kerberos-core-1.0.1.RELEASE.jar
7f3818a98000-7f3818aa3000 r--s 00085000 08:05 5641588                    /home/nduwayo/.m2/repository/org/apache/httpcomponents/httpclient/4.3.3/httpclient-4.3.3.jar
7f3818aa3000-7f3818aa4000 r--s 00002000 08:05 4200810                    /home/nduwayo/.m2/repository/org/springframework/security/kerberos/spring-security-kerberos-client/1.0.1.RELEASE/spring-security-kerberos-client-1.0.1.RELEASE.jar
7f3818aa4000-7f3818aa6000 r--s 0000e000 08:05 4063316                    /home/nduwayo/.m2/repository/commons-logging/commons-logging/1.2/commons-logging-1.2.jar
7f3818aa6000-7f3818abd000 r--s 000f9000 08:05 4200822                    /home/nduwayo/.m2/repository/org/springframework/spring-core/4.3.0.RELEASE/spring-core-4.3.0.RELEASE.jar
7f3818abd000-7f3818ac2000 r--s 0003c000 08:05 4200821                    /home/nduwayo/.m2/repository/org/springframework/spring-expression/4.3.0.RELEASE/spring-expression-4.3.0.RELEASE.jar
7f3818ac2000-7f3818adb000 r--s 000fc000 08:05 4200819                    /home/nduwayo/.m2/repository/org/springframework/spring-context/4.3.0.RELEASE/spring-context-4.3.0.RELEASE.jar
7f3818adb000-7f3818ae8000 r--s 000ab000 08:05 4200817                    /home/nduwayo/.m2/repository/org/springframework/spring-beans/4.3.0.RELEASE/spring-beans-4.3.0.RELEASE.jar
7f3818ae8000-7f3818af1000 r--s 00054000 08:05 4200816                    /home/nduwayo/.m2/repository/org/springframework/spring-aop/4.3.0.RELEASE/spring-aop-4.3.0.RELEASE.jar
7f3818af1000-7f3818b03000 r--s 000b4000 08:05 4200815                    /home/nduwayo/.m2/repository/org/springframework/spring-web/4.3.0.RELEASE/spring-web-4.3.0.RELEASE.jar
7f3818b03000-7f3818b06000 r--s 00018000 08:05 5514189                    /home/nduwayo/.m2/repository/org/apache/commons/commons-pool2/2.3/commons-pool2-2.3.jar
7f3818b06000-7f3818b08000 r--s 0000b000 08:05 5514188                    /home/nduwayo/.m2/repository/org/apache/commons/commons-exec/1.1/commons-exec-1.1.jar
7f3818b08000-7f3818b0d000 r--s 0002a000 08:05 5641571                    /home/nduwayo/.m2/repository/com/google/code/gson/gson/2.2/gson-2.2.jar
7f3818b0d000-7f3818b12000 r--s 00040000 08:05 5641616                    /home/nduwayo/.m2/repository/commons-lang/commons-lang/2.5/commons-lang-2.5.jar
7f3818b12000-7f3818b19000 r--s 0004e000 08:05 4330975                    /home/nduwayo/.m2/repository/org/apache/thrift/libthrift/0.9.0/libthrift-0.9.0.jar
7f3818b19000-7f3818b23000 r--s 0005f000 08:05 4330976                    /home/nduwayo/.m2/repository/org/apache/zeppelin/zeppelin-interpreter/0.5.0-incubating/zeppelin-interpreter-0.5.0-incubating.jar
7f3818b23000-7f3818b24000 r--s 00001000 08:05 4849987                    /home/nduwayo/.m2/repository/com/thetransactioncompany/java-property-utils/1.9.1/java-property-utils-1.9.1.jar
7f3818b24000-7f3818b26000 r--s 00005000 08:05 4726141                    /home/nduwayo/.m2/repository/com/thetransactioncompany/cors-filter/2.3/cors-filter-2.3.jar
7f3818b26000-7f3818b27000 r--s 00000000 08:05 5637439                    /home/nduwayo/.m2/repository/org/spark-project/spark/unused/1.0.0/unused-1.0.0.jar
7f3818b27000-7f3818b29000 r--s 0001f000 08:05 5637437                    /home/nduwayo/.m2/repository/org/apache/commons/commons-crypto/1.0.0/commons-crypto-1.0.0.jar
7f3818b29000-7f3818b2a000 r--s 00003000 08:05 5637435                    /home/nduwayo/.m2/repository/org/apache/spark/spark-tags_2.11/2.3.1/spark-tags_2.11-2.3.1.jar
7f3818b2a000-7f3818b2c000 r--s 0001c000 08:05 5637433                    /home/nduwayo/.m2/repository/net/sf/py4j/py4j/0.10.7/py4j-0.10.7.jar
7f3818b2c000-7f3818b2f000 r--s 00015000 08:05 5637431                    /home/nduwayo/.m2/repository/net/razorvine/pyrolite/4.13/pyrolite-4.13.jar
7f3818b2f000-7f3818b31000 r--s 0000e000 08:05 5637429                    /home/nduwayo/.m2/repository/oro/oro/2.0.8/oro-2.0.8.jar
7f3818b31000-7f3818b47000 r--s 00124000 08:05 5637427                    /home/nduwayo/.m2/repository/org/apache/ivy/ivy/2.4.0/ivy-2.4.0.jar
7f3818b47000-7f3818b49000 r--s 00009000 08:05 5637425                    /home/nduwayo/.m2/repository/com/fasterxml/jackson/module/jackson-module-paranamer/2.7.9/jackson-module-paranamer-2.7.9.jar
7f3818b49000-7f3818b95000 r--s 00411000 08:05 5637423                    /home/nduwayo/.m2/repository/org/scala-lang/scala-reflect/2.11.8/scala-reflect-2.11.8.jar
7f3818b95000-7f3818ba2000 r--s 00071000 08:05 5637421                    /home/nduwayo/.m2/repository/com/fasterxml/jackson/module/jackson-module-scala_2.11/2.6.7.1/jackson-module-scala_2.11-2.6.7.1.jar
7f3818ba2000-7f3818bb3000 r--s 0010c000 08:05 5637419                    /home/nduwayo/.m2/repository/com/fasterxml/jackson/core/jackson-databind/2.6.7.1/jackson-databind-2.6.7.1.jar
7f3818bb3000-7f3818bb5000 r--s 00004000 08:05 5637417                    /home/nduwayo/.m2/repository/io/dropwizard/metrics/metrics-graphite/3.1.5/metrics-graphite-3.1.5.jar
7f3818bb5000-7f3818bb6000 r--s 00003000 08:05 5637415                    /home/nduwayo/.m2/repository/io/dropwizard/metrics/metrics-json/3.1.5/metrics-json-3.1.5.jar
7f3818bb6000-7f3818bb8000 r--s 00008000 08:05 5637413                    /home/nduwayo/.m2/repository/io/dropwizard/metrics/metrics-jvm/3.1.5/metrics-jvm-3.1.5.jar
7f3818bb8000-7f3818bbc000 r--s 0001a000 08:05 5637411                    /home/nduwayo/.m2/repository/io/dropwizard/metrics/metrics-core/3.1.5/metrics-core-3.1.5.jar
7f3818bbc000-7f3818bbf000 r--s 00028000 08:05 5637409                    /home/nduwayo/.m2/repository/com/clearspring/analytics/stream/2.7.0/stream-2.7.0.jar
7f3818bbf000-7f3818bd8000 r--s 0012c000 08:05 5637407                    /home/nduwayo/.m2/repository/io/netty/netty/3.9.9.Final/netty-3.9.9.Final.jar
7f3818bd8000-7f3818c19000 r--s 0035a000 08:05 5637405                    /home/nduwayo/.m2/repository/io/netty/netty-all/4.1.17.Final/netty-all-4.1.17.Final.jar
7f3818c19000-7f3818c1c000 r--s 0000e000 08:05 5637403                    /home/nduwayo/.m2/repository/org/glassfish/jersey/containers/jersey-container-servlet-core/2.22.2/jersey-container-servlet-core-2.22.2.jar
7f3818c1c000-7f3818c1e000 r--s 00003000 08:05 5637401                    /home/nduwayo/.m2/repository/org/glassfish/jersey/containers/jersey-container-servlet/2.22.2/jersey-container-servlet-2.22.2.jar
7f3818c1e000-7f3818c22000 r--s 0000c000 08:05 5637399                    /home/nduwayo/.m2/repository/javax/validation/validation-api/1.1.0.Final/validation-api-1.1.0.Final.jar
7f3818c22000-7f3818c24000 r--s 00010000 08:05 5637397                    /home/nduwayo/.m2/repository/org/glassfish/jersey/media/jersey-media-jaxb/2.22.2/jersey-media-jaxb-2.22.2.jar
7f3818c24000-7f3818c3a000 r--s 000d3000 08:05 5637395                    /home/nduwayo/.m2/repository/org/glassfish/jersey/core/jersey-server/2.22.2/jersey-server-2.22.2.jar
7f3818c3a000-7f3818c3b000 r--s 00004000 08:05 5637393                    /home/nduwayo/.m2/repository/org/glassfish/hk2/osgi-resource-locator/1.0.1/osgi-resource-locator-1.0.1.jar
7f3818c3b000-7f3818c53000 r--s 000d6000 08:05 5637391                    /home/nduwayo/.m2/repository/org/glassfish/jersey/bundles/repackaged/jersey-guava/2.22.2/jersey-guava-2.22.2.jar
7f3818c53000-7f3818c55000 r--s 00005000 08:05 5637389                    /home/nduwayo/.m2/repository/javax/annotation/javax.annotation-api/1.2/javax.annotation-api-1.2.jar
7f3818c55000-7f3818c63000 r--s 0009d000 08:05 5637387                    /home/nduwayo/.m2/repository/org/glassfish/jersey/core/jersey-common/2.22.2/jersey-common-2.22.2.jar
7f3818c63000-7f3818c6d000 r--s 000a5000 08:05 5637385                    /home/nduwayo/.m2/repository/org/javassist/javassist/3.18.1-GA/javassist-3.18.1-GA.jar
7f3818c6d000-7f3818c71000 r--s 00029000 08:05 5637383                    /home/nduwayo/.m2/repository/org/glassfish/hk2/hk2-locator/2.4.0-b34/hk2-locator-2.4.0-b34.jar
7f3818c71000-7f3818c72000 r--s 00001000 08:05 5637381                    /home/nduwayo/.m2/repository/org/glassfish/hk2/external/javax.inject/2.4.0-b34/javax.inject-2.4.0-b34.jar
7f3818c72000-7f3818c74000 r--s 00002000 08:05 5637379                    /home/nduwayo/.m2/repository/org/glassfish/hk2/external/aopalliance-repackaged/2.4.0-b34/aopalliance-repackaged-2.4.0-b34.jar
7f3818c74000-7f3818c78000 r--s 0001a000 08:05 5637377                    /home/nduwayo/.m2/repository/org/glassfish/hk2/hk2-utils/2.4.0-b34/hk2-utils-2.4.0-b34.jar
7f3818c78000-7f3818c7d000 r--s 00027000 08:05 5637375                    /home/nduwayo/.m2/repository/org/glassfish/hk2/hk2-api/2.4.0-b34/hk2-api-2.4.0-b34.jar
7f3818c7d000-7f3818c81000 r--s 00019000 08:05 5637373                    /home/nduwayo/.m2/repository/javax/ws/rs/javax.ws.rs-api/2.0.1/javax.ws.rs-api-2.0.1.jar
7f3818c81000-7f3818c85000 r--s 00025000 08:05 5637371                    /home/nduwayo/.m2/repository/org/glassfish/jersey/core/jersey-client/2.22.2/jersey-client-2.22.2.jar
7f3818c85000-7f3818c90000 r--s 0005c000 08:05 5637369                    /home/nduwayo/.m2/repository/org/scala-lang/modules/scala-parser-combinators_2.11/1.0.1/scala-parser-combinators_2.11-1.0.1.jar
7f3818c90000-7f3818c9b000 r--s 00096000 08:05 5637367                    /home/nduwayo/.m2/repository/org/scala-lang/modules/scala-xml_2.11/1.0.1/scala-xml_2.11-1.0.1.jar
7f3818c9b000-7f3818d8b000 r--s 00c16000 08:05 5637365                    /home/nduwayo/.m2/repository/org/scala-lang/scala-compiler/2.11.0/scala-compiler-2.11.0.jar
7f3818d8b000-7f3818d9d000 r--s 000ab000 08:05 5637363                    /home/nduwayo/.m2/repository/org/scala-lang/scalap/2.11.0/scalap-2.11.0.jar
7f3818d9d000-7f3818da0000 r--s 00012000 08:05 5637361                    /home/nduwayo/.m2/repository/org/json4s/json4s-ast_2.11/3.2.11/json4s-ast_2.11-3.2.11.jar
7f3818da0000-7f3818daa000 r--s 00086000 08:05 5637359                    /home/nduwayo/.m2/repository/org/json4s/json4s-core_2.11/3.2.11/json4s-core_2.11-3.2.11.jar
7f3818daa000-7f3818dab000 r--s 00009000 08:05 5637357                    /home/nduwayo/.m2/repository/org/json4s/json4s-jackson_2.11/3.2.11/json4s-jackson_2.11-3.2.11.jar
7f3818dab000-7f3818e04000 r--s 00522000 08:05 5509109                    /home/nduwayo/.m2/repository/org/scala-lang/scala-library/2.11.8/scala-library-2.11.8.jar
7f3818e04000-7f3818e08000 r--s 00030000 08:05 5637355                    /home/nduwayo/.m2/repository/commons-net/commons-net/2.2/commons-net-2.2.jar
7f3818e08000-7f3818e0b000 r--s 0002f000 08:05 5637353                    /home/nduwayo/.m2/repository/org/roaringbitmap/RoaringBitmap/0.5.11/RoaringBitmap-0.5.11.jar
7f3818e0b000-7f3818e0d000 r--s 00238000 08:05 5637351                    /home/nduwayo/.m2/repository/com/github/luben/zstd-jni/1.3.2-2/zstd-jni-1.3.2-2.jar
7f3818e0d000-7f3818e10000 r--s 00058000 08:05 5637349                    /home/nduwayo/.m2/repository/org/lz4/lz4-java/1.4.0/lz4-java-1.4.0.jar
7f3818e10000-7f3818e12000 r--s 00100000 08:05 5637347                    /home/nduwayo/.m2/repository/org/xerial/snappy/snappy-java/1.1.2.6/snappy-java-1.1.2.6.jar
7f3818e12000-7f3818e14000 r--s 00012000 08:05 5637345                    /home/nduwayo/.m2/repository/com/ning/compress-lzf/1.0.3/compress-lzf-1.0.3.jar
7f3818e14000-7f3818e15000 r--s 00002000 08:05 5637343                    /home/nduwayo/.m2/repository/org/slf4j/slf4j-log4j12/1.7.16/slf4j-log4j12-1.7.16.jar
7f3818e15000-7f3818e1e000 r--s 0006f000 08:05 5637341                    /home/nduwayo/.m2/repository/log4j/log4j/1.2.17/log4j-1.2.17.jar
7f3818e1e000-7f3818e20000 r--s 00003000 08:05 5637339                    /home/nduwayo/.m2/repository/org/slf4j/jcl-over-slf4j/1.7.16/jcl-over-slf4j-1.7.16.jar
7f3818e20000-7f3818e22000 r--s 00000000 08:05 5637337                    /home/nduwayo/.m2/repository/org/slf4j/jul-to-slf4j/1.7.16/jul-to-slf4j-1.7.16.jar
7f3818e22000-7f3818e23000 r--s 00009000 08:05 5637335                    /home/nduwayo/.m2/repository/org/slf4j/slf4j-api/1.7.16/slf4j-api-1.7.16.jar
7f3818e23000-7f3818e26000 r--s 00006000 08:05 5509107                    /home/nduwayo/.m2/repository/com/google/code/findbugs/jsr305/1.3.9/jsr305-1.3.9.jar
7f3818e26000-7f3818e4a000 r--s 001cd000 08:05 5637333                    /home/nduwayo/.m2/repository/org/apache/commons/commons-math3/3.4.1/commons-math3-3.4.1.jar
7f3818e4a000-7f3818e52000 r--s 0006e000 08:05 5637331                    /home/nduwayo/.m2/repository/org/apache/commons/commons-lang3/3.5/commons-lang3-3.5.jar
7f3818e52000-7f3818e7d000 r--s 001f5000 08:05 5509105                    /home/nduwayo/.m2/repository/com/google/guava/guava/16.0.1/guava-16.0.1.jar
7f3818e7d000-7f3818e89000 r--s 000b6000 08:05 5637329                    /home/nduwayo/.m2/repository/org/apache/zookeeper/zookeeper/3.4.6/zookeeper-3.4.6.jar
7f3818e89000-7f3818e8f000 r--s 00028000 08:05 5637327                    /home/nduwayo/.m2/repository/org/apache/curator/curator-framework/2.6.0/curator-framework-2.6.0.jar
7f3818e8f000-7f3818e96000 r--s 00036000 08:05 5637325                    /home/nduwayo/.m2/repository/org/apache/curator/curator-recipes/2.6.0/curator-recipes-2.6.0.jar
7f3818e96000-7f3818e98000 r--s 00003000 08:05 5637323                    /home/nduwayo/.m2/repository/net/iharder/base64/2.3.8/base64-2.3.8.jar
7f3818e98000-7f3818e9a000 r--s 00003000 08:05 5637321                    /home/nduwayo/.m2/repository/com/jamesmurty/utils/java-xmlbuilder/1.1/java-xmlbuilder-1.1.jar
7f3818e9a000-7f3818eda000 r--s 00285000 08:05 5637319                    /home/nduwayo/.m2/repository/org/bouncycastle/bcprov-jdk15on/1.52/bcprov-jdk15on-1.52.jar
7f3818eda000-7f3818edc000 r--s 0000f000 08:05 5637317                    /home/nduwayo/.m2/repository/javax/activation/activation/1.1.1/activation-1.1.1.jar
7f3818edc000-7f3818ee3000 r--s 0003a000 08:05 5637443                    /home/nduwayo/.m2/repository/commons-codec/commons-codec/2.0-SNAPSHOT/commons-codec-2.0-SNAPSHOT.jar
7f3818ee3000-7f3818eea000 r--s 00048000 08:05 5637313                    /home/nduwayo/.m2/repository/org/apache/httpcomponents/httpcore/4.4.1/httpcore-4.4.1.jar
7f3818eea000-7f3818f05000 r--s 001d9000 08:05 5637311                    /home/nduwayo/.m2/repository/net/java/dev/jets3t/jets3t/0.9.4/jets3t-0.9.4.jar
7f3818f05000-7f3818f07000 r--s 0000a000 08:05 5637309                    /home/nduwayo/.m2/repository/org/apache/spark/spark-unsafe_2.11/2.3.1/spark-unsafe_2.11-2.3.1.jar
7f3818f07000-7f3818f09000 r--s 0000e000 08:05 5637307                    /home/nduwayo/.m2/repository/org/apache/spark/spark-network-shuffle_2.11/2.3.1/spark-network-shuffle_2.11-2.3.1.jar
7f3818f09000-7f3818f37000 r--s 00218000 08:05 5637305                    /home/nduwayo/.m2/repository/org/apache/spark/spark-network-common_2.11/2.3.1/spark-network-common_2.11-2.3.1.jar
7f3818f37000-7f3818f3a000 r--s 00009000 08:05 5637303                    /home/nduwayo/.m2/repository/com/fasterxml/jackson/core/jackson-annotations/2.6.7/jackson-annotations-2.6.7.jar
7f3818f3a000-7f3818f3e000 r--s 0003c000 08:05 5637301                    /home/nduwayo/.m2/repository/com/fasterxml/jackson/core/jackson-core/2.6.7/jackson-core-2.6.7.jar
7f3818f3e000-7f3818f41000 r--s 000fd000 08:05 5637299                    /home/nduwayo/.m2/repository/org/fusesource/leveldbjni/leveldbjni-all/1.8/leveldbjni-all-1.8.jar
7f3818f41000-7f3818f43000 r--s 0000b000 08:05 5637297                    /home/nduwayo/.m2/repository/org/apache/spark/spark-kvstore_2.11/2.3.1/spark-kvstore_2.11-2.3.1.jar
7f3818f43000-7f3818f45000 r--s 00011000 08:05 5637295                    /home/nduwayo/.m2/repository/org/apache/spark/spark-launcher_2.11/2.3.1/spark-launcher_2.11-2.3.1.jar
7f3818f45000-7f3818f46000 r--s 00009000 08:05 5509103                    /home/nduwayo/.m2/repository/org/apache/hadoop/hadoop-annotations/2.6.5/hadoop-annotations-2.6.5.jar
7f3818f46000-7f3818f47000 r--s 0000e000 08:05 5637293                    /home/nduwayo/.m2/repository/org/apache/hadoop/hadoop-mapreduce-client-jobclient/2.6.5/hadoop-mapreduce-client-jobclient-2.6.5.jar
7f3818f47000-7f3818f48000 r--s 00006000 08:05 5249279                    /home/nduwayo/.m2/repository/org/codehaus/jackson/jackson-xc/1.9.13/jackson-xc-1.9.13.jar
7f3818f48000-7f3818f49000 r--s 00004000 08:05 5124347                    /home/nduwayo/.m2/repository/org/codehaus/jackson/jackson-jaxrs/1.9.13/jackson-jaxrs-1.9.13.jar
7f3818f49000-7f3818f4b000 r--s 00004000 08:05 5637291                    /home/nduwayo/.m2/repository/javax/xml/stream/stax-api/1.0-2/stax-api-1.0-2.jar
7f3818f4b000-7f3818f4e000 r--s 00017000 08:05 5637289                    /home/nduwayo/.m2/repository/javax/xml/bind/jaxb-api/2.2.2/jaxb-api-2.2.2.jar
7f3818f4e000-7f3818f65000 r--s 00177000 08:05 5637287                    /home/nduwayo/.m2/repository/org/apache/hadoop/hadoop-yarn-common/2.6.5/hadoop-yarn-common-2.6.5.jar
7f3818f65000-7f3818f7e000 r--s 0015f000 08:05 5637285                    /home/nduwayo/.m2/repository/org/apache/hadoop/hadoop-mapreduce-client-core/2.6.5/hadoop-mapreduce-client-core-2.6.5.jar
7f3818f7e000-7f3818f98000 r--s 001b5000 08:05 5637283                    /home/nduwayo/.m2/repository/org/apache/hadoop/hadoop-yarn-api/2.6.5/hadoop-yarn-api-2.6.5.jar
7f3818f98000-7f3818fff000 r--s 0072d000 08:05 5637265                    /home/nduwayo/.m2/repository/org/apache/hadoop/hadoop-hdfs/2.6.5/hadoop-hdfs-2.6.5.jar
7f3818fff000-7f381c000000 rw-p 00000000 00:00 0 
7f381c000000-7f381c021000 rw-p 00000000 00:00 0 
7f381c021000-7f3820000000 ---p 00000000 00:00 0 
7f3820000000-7f3820021000 rw-p 00000000 00:00 0 
7f3820021000-7f3824000000 ---p 00000000 00:00 0 
7f3824000000-7f38252e1000 rw-p 00000000 00:00 0 
7f38252e1000-7f3828000000 ---p 00000000 00:00 0 
7f3828000000-7f3828021000 rw-p 00000000 00:00 0 
7f3828021000-7f382c000000 ---p 00000000 00:00 0 
7f382c000000-7f382d62b000 rw-p 00000000 00:00 0 
7f382d62b000-7f3830000000 ---p 00000000 00:00 0 
7f3830000000-7f383158e000 rw-p 00000000 00:00 0 
7f383158e000-7f3834000000 ---p 00000000 00:00 0 
7f3834000000-7f3834021000 rw-p 00000000 00:00 0 
7f3834021000-7f3838000000 ---p 00000000 00:00 0 
7f3838000000-7f383906d000 rw-p 00000000 00:00 0 
7f383906d000-7f383c000000 ---p 00000000 00:00 0 
7f383c000000-7f383c021000 rw-p 00000000 00:00 0 
7f383c021000-7f3840000000 ---p 00000000 00:00 0 
7f3840000000-7f3840021000 rw-p 00000000 00:00 0 
7f3840021000-7f3844000000 ---p 00000000 00:00 0 
7f3844000000-7f3844021000 rw-p 00000000 00:00 0 
7f3844021000-7f3848000000 ---p 00000000 00:00 0 
7f3848000000-7f3848295000 rw-p 00000000 00:00 0 
7f3848295000-7f384c000000 ---p 00000000 00:00 0 
7f384c000000-7f384c021000 rw-p 00000000 00:00 0 
7f384c021000-7f3850000000 ---p 00000000 00:00 0 
7f3850000000-7f3850002000 r--s 0000f000 08:05 5637281                    /home/nduwayo/.m2/repository/org/apache/hadoop/hadoop-mapreduce-client-shuffle/2.6.5/hadoop-mapreduce-client-shuffle-2.6.5.jar
7f3850002000-7f3850008000 r--s 00049000 08:05 5637279                    /home/nduwayo/.m2/repository/org/apache/hadoop/hadoop-yarn-server-common/2.6.5/hadoop-yarn-server-common-2.6.5.jar
7f3850008000-7f385000b000 r--s 00023000 08:05 5637277                    /home/nduwayo/.m2/repository/org/apache/hadoop/hadoop-yarn-client/2.6.5/hadoop-yarn-client-2.6.5.jar
7f385000b000-7f3850017000 r--s 0009d000 08:05 5637275                    /home/nduwayo/.m2/repository/org/apache/hadoop/hadoop-mapreduce-client-common/2.6.5/hadoop-mapreduce-client-common-2.6.5.jar
7f3850017000-7f3850021000 r--s 00078000 08:05 5637273                    /home/nduwayo/.m2/repository/org/apache/hadoop/hadoop-mapreduce-client-app/2.6.5/hadoop-mapreduce-client-app-2.6.5.jar
7f3850021000-7f3850029000 r--s 00028000 08:05 5637271                    /home/nduwayo/.m2/repository/xml-apis/xml-apis/1.3.04/xml-apis-1.3.04.jar
7f3850029000-7f3850041000 r--s 00115000 08:05 5637269                    /home/nduwayo/.m2/repository/xerces/xercesImpl/2.9.1/xercesImpl-2.9.1.jar
7f3850041000-7f3850045000 r--s 00028000 08:05 5637267                    /home/nduwayo/.m2/repository/org/mortbay/jetty/jetty-util/6.1.26/jetty-util-6.1.26.jar
7f3850045000-7f3850047000 r--s 00006000 08:05 5637263                    /home/nduwayo/.m2/repository/org/htrace/htrace-core/3.0.4/htrace-core-3.0.4.jar
7f3850047000-7f3850049000 r--s 0000f000 08:05 5637261                    /home/nduwayo/.m2/repository/org/apache/curator/curator-client/2.6.0/curator-client-2.6.0.jar
7f3850049000-7f385004b000 r--s 00012000 08:05 5637259                    /home/nduwayo/.m2/repository/org/apache/directory/api/api-util/1.0.0-M20/api-util-1.0.0-M20.jar
7f385004b000-7f385004d000 r--s 00003000 08:05 5637257                    /home/nduwayo/.m2/repository/org/apache/directory/api/api-asn1-api/1.0.0-M20/api-asn1-api-1.0.0-M20.jar
7f385004d000-7f385004e000 r--s 0000a000 08:05 5637255                    /home/nduwayo/.m2/repository/org/apache/directory/server/apacheds-i18n/2.0.0-M15/apacheds-i18n-2.0.0-M15.jar
7f385004e000-7f3850060000 r--s 00097000 08:05 5637253                    /home/nduwayo/.m2/repository/org/apache/directory/server/apacheds-kerberos-codec/2.0.0-M15/apacheds-kerberos-codec-2.0.0-M15.jar
7f3850060000-7f3850063000 r--s 00014000 08:05 5637251                    /home/nduwayo/.m2/repository/org/apache/hadoop/hadoop-auth/2.6.5/hadoop-auth-2.6.5.jar
7f3850063000-7f385006b000 r--s 0007b000 08:05 5637247                    /home/nduwayo/.m2/repository/com/google/protobuf/protobuf-java/2.5.0/protobuf-java-2.5.0.jar
7f385006b000-7f385006f000 r--s 0002f000 08:05 5637245                    /home/nduwayo/.m2/repository/commons-beanutils/commons-beanutils-core/1.8.0/commons-beanutils-core-1.8.0.jar
7f385006f000-7f3850074000 r--s 0002a000 08:05 5637243                    /home/nduwayo/.m2/repository/commons-beanutils/commons-beanutils/1.7.0/commons-beanutils-1.7.0.jar
7f3850074000-7f3850078000 r--s 00020000 08:05 5637241                    /home/nduwayo/.m2/repository/commons-digester/commons-digester/1.8/commons-digester-1.8.jar
7f3850078000-7f385007e000 r--s 00043000 08:05 5637239                    /home/nduwayo/.m2/repository/commons-configuration/commons-configuration/1.6/commons-configuration-1.6.jar
7f385007e000-7f385008b000 r--s 00083000 08:05 5509101                    /home/nduwayo/.m2/repository/commons-collections/commons-collections/3.2.2/commons-collections-3.2.2.jar
7f385008b000-7f385008f000 r--s 0002a000 08:05 5509099                    /home/nduwayo/.m2/repository/commons-io/commons-io/2.4/commons-io-2.4.jar
7f385008f000-7f3850095000 r--s 00045000 08:05 5509097                    /home/nduwayo/.m2/repository/commons-httpclient/commons-httpclient/3.1/commons-httpclient-3.1.jar
7f3850095000-7f3850096000 r--s 00003000 08:05 5509095                    /home/nduwayo/.m2/repository/xmlenc/xmlenc/0.52/xmlenc-0.52.jar
7f3850096000-7f38500cc000 r--s 002fe000 08:05 5509091                    /home/nduwayo/.m2/repository/org/apache/hadoop/hadoop-common/2.6.5/hadoop-common-2.6.5.jar
7f38500cc000-7f38500cd000 r--s 00006000 08:05 5509089                    /home/nduwayo/.m2/repository/org/apache/hadoop/hadoop-client/2.6.5/hadoop-client-2.6.5.jar
7f38500cd000-7f38500d0000 r--s 00021000 08:05 5509087                    /home/nduwayo/.m2/repository/org/apache/xbean/xbean-asm5-shaded/4.4/xbean-asm5-shaded-4.4.jar
7f38500d0000-7f38500d2000 r--s 0000d000 08:05 5509085                    /home/nduwayo/.m2/repository/com/twitter/chill-java/0.8.4/chill-java-0.8.4.jar
7f38500d2000-7f38500d4000 r--s 00009000 08:05 5509083                    /home/nduwayo/.m2/repository/org/objenesis/objenesis/2.1/objenesis-2.1.jar
7f38500d4000-7f38500d5000 r--s 00001000 08:05 5509081                    /home/nduwayo/.m2/repository/com/esotericsoftware/minlog/1.3.0/minlog-1.3.0.jar
7f38500d5000-7f38500dc000 r--s 00051000 08:05 5509079                    /home/nduwayo/.m2/repository/com/esotericsoftware/kryo-shaded/3.0.3/kryo-shaded-3.0.3.jar
7f38500dc000-7f38500e0000 r--s 00033000 08:05 5509077                    /home/nduwayo/.m2/repository/com/twitter/chill_2.11/0.8.4/chill_2.11-0.8.4.jar
7f38500e0000-7f38500e7000 r--s 0004e000 08:05 5509075                    /home/nduwayo/.m2/repository/org/apache/avro/avro-ipc/1.7.7/avro-ipc-1.7.7-tests.jar
7f38500e7000-7f38500eb000 r--s 0002c000 08:05 5509073                    /home/nduwayo/.m2/repository/org/apache/avro/avro-ipc/1.7.7/avro-ipc-1.7.7.jar
7f38500eb000-7f38500f0000 r--s 00028000 08:05 5509071                    /home/nduwayo/.m2/repository/org/apache/avro/avro-mapred/1.7.7/avro-mapred-1.7.7-hadoop2.jar
7f38500f0000-7f38500f4000 r--s 00014000 08:05 5509069                    /home/nduwayo/.m2/repository/org/tukaani/xz/1.0/xz-1.0.jar
7f38500f4000-7f38500f9000 r--s 00036000 08:05 5509067                    /home/nduwayo/.m2/repository/org/apache/commons/commons-compress/1.4.1/commons-compress-1.4.1.jar
7f38500f9000-7f38500fb000 r--s 00006000 08:05 5509065                    /home/nduwayo/.m2/repository/com/thoughtworks/paranamer/paranamer/2.3/paranamer-2.3.jar
7f38500fb000-7f3850109000 r--s 000b1000 08:05 5249277                    /home/nduwayo/.m2/repository/org/codehaus/jackson/jackson-mapper-asl/1.9.13/jackson-mapper-asl-1.9.13.jar
7f3850109000-7f385010d000 r--s 00035000 08:05 5249275                    /home/nduwayo/.m2/repository/org/codehaus/jackson/jackson-core-asl/1.9.13/jackson-core-asl-1.9.13.jar
7f385010d000-7f3850116000 r--s 00062000 08:05 5509063                    /home/nduwayo/.m2/repository/org/apache/avro/avro/1.7.7/avro-1.7.7.jar
7f3850116000-7f3850201000 r--s 00b81000 08:05 5509060                    /home/nduwayo/.m2/repository/org/apache/spark/spark-core_2.11/2.3.1/spark-core_2.11-2.3.1.jar
7f3850201000-7f3850202000 r--s 00003000 08:05 5509058                    /home/nduwayo/.m2/repository/org/apache/livy/livy-api/0.5.0-incubating/livy-api-0.5.0-incubating.jar
7f3850202000-7f3850240000 r--s 00330000 08:05 5509056                    /home/nduwayo/.m2/repository/org/apache/livy/livy-client-http/0.5.0-incubating/livy-client-http-0.5.0-incubating.jar
7f3850240000-7f3850242000 r--s 0000b000 08:05 5509054                    /home/nduwayo/.m2/repository/javax/servlet/jsp/javax.servlet.jsp-api/2.3.1/javax.servlet.jsp-api-2.3.1.jar
7f3850242000-7f3850245000 r--s 00015000 08:05 5509052                    /home/nduwayo/.m2/repository/javax/servlet/javax.servlet-api/3.1.0/javax.servlet-api-3.1.0.jar
7f3850245000-7f38503c5000 rw-p 00000000 00:00 0 
7f38503c5000-7f3850445000 ---p 00000000 00:00 0 
7f3850445000-7f3850645000 rw-p 00000000 00:00 0 
7f3850645000-7f38506be000 r--s 010f9000 08:05 1321606                    /usr/lib/jvm/java-8-oracle/lib/tools.jar
7f38506be000-7f38506bf000 r--s 00004000 08:05 5508687                    /home/nduwayo/.m2/repository/org/codehaus/plexus/plexus-compiler-javac/2.8.2/plexus-compiler-javac-2.8.2.jar
7f38506bf000-7f38506c1000 r--s 00000000 08:05 5508685                    /home/nduwayo/.m2/repository/org/codehaus/plexus/plexus-compiler-manager/2.8.2/plexus-compiler-manager-2.8.2.jar
7f38506c1000-7f38506c3000 r--s 00005000 08:05 5508683                    /home/nduwayo/.m2/repository/org/codehaus/plexus/plexus-compiler-api/2.8.2/plexus-compiler-api-2.8.2.jar
7f38506c3000-7f38506c9000 r--s 00047000 08:05 5508681                    /home/nduwayo/.m2/repository/com/thoughtworks/qdox/qdox/2.0-M7/qdox-2.0-M7.jar
7f38506c9000-7f38506ca000 r--s 0000d000 08:05 5508679                    /home/nduwayo/.m2/repository/org/ow2/asm/asm/6.0_BETA/asm-6.0_BETA.jar
7f38506ca000-7f38506cc000 r--s 00006000 08:05 5508677                    /home/nduwayo/.m2/repository/org/codehaus/plexus/plexus-java/0.9.2/plexus-java-0.9.2.jar
7f38506cc000-7f38506ce000 r--s 00002000 08:05 5508675                    /home/nduwayo/.m2/repository/org/apache/maven/shared/maven-shared-incremental/1.1/maven-shared-incremental-1.1.jar
7f38506ce000-7f38506d2000 r--s 0002f000 08:05 5508673                    /home/nduwayo/.m2/repository/commons-io/commons-io/2.5/commons-io-2.5.jar
7f38506d2000-7f38506d5000 r--s 00025000 08:05 5508671                    /home/nduwayo/.m2/repository/org/apache/maven/shared/maven-shared-utils/3.1.0/maven-shared-utils-3.1.0.jar
7f38506d5000-7f38506d7000 r--s 00002000 08:05 5508669                    /home/nduwayo/.m2/repository/org/sonatype/plexus/plexus-cipher/1.4/plexus-cipher-1.4.jar
7f38506d7000-7f38506d8000 r--s 00006000 08:05 5508667                    /home/nduwayo/.m2/repository/org/sonatype/plexus/plexus-sec-dispatcher/1.3/plexus-sec-dispatcher-1.3.jar
7f38506d8000-7f38506da000 r--s 00000000 08:05 5508665                    /home/nduwayo/.m2/repository/org/codehaus/plexus/plexus-component-annotations/1.6/plexus-component-annotations-1.6.jar
7f38506da000-7f38506dc000 r--s 0000d000 08:05 5508661                    /home/nduwayo/.m2/repository/org/codehaus/plexus/plexus-interpolation/1.14/plexus-interpolation-1.14.jar
7f38506dc000-7f38506e0000 r--s 00017000 08:05 5508659                    /home/nduwayo/.m2/repository/org/sonatype/aether/aether-util/1.7/aether-util-1.7.jar
7f38506e0000-7f38506e4000 r--s 00033000 08:05 5249256                    /home/nduwayo/.m2/repository/org/codehaus/plexus/plexus-utils/2.0.4/plexus-utils-2.0.4.jar
7f38506e4000-7f38506ef000 r--s 00069000 08:05 5508637                    /home/nduwayo/.m2/repository/org/sonatype/sisu/sisu-guice/2.1.7/sisu-guice-2.1.7-noaop.jar
7f38506ef000-7f38506f4000 r--s 00021000 08:05 5508635                    /home/nduwayo/.m2/repository/org/sonatype/sisu/sisu-inject-bean/1.4.2/sisu-inject-bean-1.4.2.jar
7f38506f4000-7f38506f6000 r--s 0000d000 08:05 5508113                    /home/nduwayo/.m2/repository/org/apache/maven/plugins/maven-compiler-plugin/3.7.0/maven-compiler-plugin-3.7.0.jar
7f38506f6000-7f38506f8000 r--s 0000d000 08:05 5637871                    /home/nduwayo/.m2/repository/org/codehaus/plexus/plexus-interpolation/1.13/plexus-interpolation-1.13.jar
7f38506f8000-7f38506f9000 r--s 00001000 08:05 5637867                    /home/nduwayo/.m2/repository/org/sonatype/plexus/plexus-build-api/0.0.4/plexus-build-api-0.0.4.jar
7f38506f9000-7f38506fb000 r--s 00009000 08:05 6972720                    /home/nduwayo/.m2/repository/org/apache/maven/shared/maven-filtering/1.0/maven-filtering-1.0.jar
7f38506fb000-7f38506fe000 r--s 0001b000 08:05 5637831                    /home/nduwayo/.m2/repository/junit/junit/3.8.1/junit-3.8.1.jar
7f38506fe000-7f3850700000 r--s 00002000 08:05 5637809                    /home/nduwayo/.m2/repository/org/codehaus/plexus/plexus-interactivity-api/1.0-alpha-4/plexus-interactivity-api-1.0-alpha-4.jar
7f3850700000-7f3850702000 r--s 00006000 08:05 5637805                    /home/nduwayo/.m2/repository/commons-cli/commons-cli/1.0/commons-cli-1.0.jar
7f3850702000-7f3850703000 r--s 00001000 08:05 5637799                    /home/nduwayo/.m2/repository/org/apache/maven/doxia/doxia-sink-api/1.0-alpha-7/doxia-sink-api-1.0-alpha-7.jar
7f3850703000-7f3850704000 r--s 00002000 08:05 5637797                    /home/nduwayo/.m2/repository/org/apache/maven/reporting/maven-reporting-api/2.0.6/maven-reporting-api-2.0.6.jar
7f3850704000-7f3850706000 r--s 00005000 08:05 5126276                    /home/nduwayo/.m2/repository/org/apache/maven/plugins/maven-resources-plugin/2.5/maven-resources-plugin-2.5.jar
7f3850706000-7f385070a000 r--s 00033000 08:05 5509168                    /home/nduwayo/.m2/repository/org/codehaus/plexus/plexus-utils/2.0.5/plexus-utils-2.0.5.jar
7f385070a000-7f385070b000 r--s 00005000 08:05 4724061                    /home/nduwayo/.m2/repository/org/apache/maven/plugins/maven-clean-plugin/2.4.1/maven-clean-plugin-2.4.1.jar
7f385070b000-7f385090b000 rw-p 00000000 00:00 0 
7f385090b000-7f385091c000 r-xp 00000000 08:05 1454638                    /usr/lib/jvm/java-8-oracle/jre/lib/amd64/libnio.so
7f385091c000-7f3850b1b000 ---p 00011000 08:05 1454638                    /usr/lib/jvm/java-8-oracle/jre/lib/amd64/libnio.so
7f3850b1b000-7f3850b1c000 rw-p 00010000 08:05 1454638                    /usr/lib/jvm/java-8-oracle/jre/lib/amd64/libnio.so
7f3850b1c000-7f3850b32000 r-xp 00000000 08:05 1454635                    /usr/lib/jvm/java-8-oracle/jre/lib/amd64/libnet.so
7f3850b32000-7f3850d32000 ---p 00016000 08:05 1454635                    /usr/lib/jvm/java-8-oracle/jre/lib/amd64/libnet.so
7f3850d32000-7f3850d33000 rw-p 00016000 08:05 1454635                    /usr/lib/jvm/java-8-oracle/jre/lib/amd64/libnet.so
7f3850d33000-7f3850d36000 ---p 00000000 00:00 0 
7f3850d36000-7f3850f6c000 rw-p 00000000 00:00 0 
7f3850f6c000-7f3850f71000 r--s 0009d000 08:05 1327778                    /usr/lib/jvm/java-8-oracle/jre/lib/jsse.jar
7f3850f71000-7f3851171000 rw-p 00000000 00:00 0 
7f3851171000-7f3851173000 r--s 0000d000 08:05 7343406                    /home/nduwayo/netbeans-8.2/java/maven-nblib/netbeans-eventspy.jar
7f3851173000-7f3851175000 r--s 0000c000 08:05 7343318                    /home/nduwayo/netbeans-8.2/java/maven/lib/maven-aether-provider-3.0.5.jar
7f3851175000-7f385117f000 r--s 00116000 08:05 1449280                    /usr/lib/jvm/java-8-oracle/jre/lib/ext/localedata.jar
7f385117f000-7f385119b000 r--s 00393000 08:05 1449273                    /usr/lib/jvm/java-8-oracle/jre/lib/ext/cldrdata.jar
7f385119b000-7f385119e000 r--s 00008000 08:05 7343305                    /home/nduwayo/netbeans-8.2/java/maven/lib/maven-settings-builder-3.0.5.jar
7f385119e000-7f38511bd000 r--s 00154000 08:05 7343424                    /home/nduwayo/netbeans-8.2/java/maven/lib/sisu-guava-0.9.9.jar
7f38511bd000-7f38511ec000 r--s 001c8000 08:05 7343384                    /home/nduwayo/netbeans-8.2/java/maven/lib/wagon-http-2.10-shaded.jar
7f38511ec000-7f38511ed000 ---p 00000000 00:00 0 
7f38511ed000-7f38512ed000 rw-p 00000000 00:00 0 
7f38512ed000-7f38512f0000 ---p 00000000 00:00 0 
7f38512f0000-7f38513ee000 rw-p 00000000 00:00 0 
7f38513ee000-7f38513ef000 ---p 00000000 00:00 0 
7f38513ef000-7f38513f2000 ---p 00000000 00:00 0 
7f38513f2000-7f38514ef000 rw-p 00000000 00:00 0 
7f38514ef000-7f38514f0000 ---p 00000000 00:00 0 
7f38514f0000-7f38514f3000 ---p 00000000 00:00 0 
7f38514f3000-7f38515f0000 rw-p 00000000 00:00 0 
7f38515f0000-7f38515f1000 ---p 00000000 00:00 0 
7f38515f1000-7f38515f4000 ---p 00000000 00:00 0 
7f38515f4000-7f38516f1000 rw-p 00000000 00:00 0 
7f38516f1000-7f38516f2000 ---p 00000000 00:00 0 
7f38516f2000-7f38516f5000 ---p 00000000 00:00 0 
7f38516f5000-7f38517f2000 rw-p 00000000 00:00 0 
7f38517f2000-7f38517f5000 ---p 00000000 00:00 0 
7f38517f5000-7f38518f3000 rw-p 00000000 00:00 0 
7f38518f3000-7f38522c2000 r--p 00000000 08:05 1317582                    /usr/lib/locale/locale-archive
7f38522c2000-7f38522c5000 ---p 00000000 00:00 0 
7f38522c5000-7f38523c3000 rw-p 00000000 00:00 0 
7f38523c3000-7f38523c6000 ---p 00000000 00:00 0 
7f38523c6000-7f38524c4000 rw-p 00000000 00:00 0 
7f38524c4000-7f38524c5000 ---p 00000000 00:00 0 
7f38524c5000-7f3854000000 rw-p 00000000 00:00 0 
7f3854000000-7f3854021000 rw-p 00000000 00:00 0 
7f3854021000-7f3858000000 ---p 00000000 00:00 0 
7f3858000000-7f3858021000 rw-p 00000000 00:00 0 
7f3858021000-7f385c000000 ---p 00000000 00:00 0 
7f385c000000-7f385c021000 rw-p 00000000 00:00 0 
7f385c021000-7f3860000000 ---p 00000000 00:00 0 
7f3860000000-7f3860001000 r--p 00000000 00:00 0 
7f3860001000-7f3860002000 r--s 00006000 08:05 7343348                    /home/nduwayo/netbeans-8.2/java/maven/lib/plexus-sec-dispatcher-1.3.jar
7f3860002000-7f3860004000 r--s 00006000 08:05 7343285                    /home/nduwayo/netbeans-8.2/java/maven/lib/aether-connector-wagon-1.13.1.jar
7f3860004000-7f3860006000 r--s 00006000 08:05 7343230                    /home/nduwayo/netbeans-8.2/java/maven/lib/maven-repository-metadata-3.0.5.jar
7f3860006000-7f386000e000 r--s 00050000 08:05 7343372                    /home/nduwayo/netbeans-8.2/java/maven/lib/sisu-guice-3.1.0-no_aop.jar
7f386000e000-7f3860012000 r--s 00021000 08:05 7343347                    /home/nduwayo/netbeans-8.2/java/maven/lib/maven-model-builder-3.0.5.jar
7f3860012000-7f3860096000 rw-p 00000000 00:00 0 
7f3860096000-7f3860270000 r--s 03d6b000 08:05 1327773                    /usr/lib/jvm/java-8-oracle/jre/lib/rt.jar
7f3860270000-7f3864000000 rw-p 00000000 00:00 0 
7f3864000000-7f3864021000 rw-p 00000000 00:00 0 
7f3864021000-7f3868000000 ---p 00000000 00:00 0 
7f3868000000-7f3868021000 rw-p 00000000 00:00 0 
7f3868021000-7f386c000000 ---p 00000000 00:00 0 
7f386c000000-7f386c021000 rw-p 00000000 00:00 0 
7f386c021000-7f3870000000 ---p 00000000 00:00 0 
7f3870000000-7f3870007000 r--s 0002b000 08:05 7343364                    /home/nduwayo/netbeans-8.2/java/maven/lib/sisu-inject-plexus-2.3.0.jar
7f3870007000-7f3870009000 r--s 0000a000 08:05 7343399                    /home/nduwayo/netbeans-8.2/java/maven/lib/maven-settings-3.0.5.jar
7f3870009000-7f3870015000 r--s 0007d000 08:05 7343423                    /home/nduwayo/netbeans-8.2/java/maven/lib/maven-core-3.0.5.jar
7f3870015000-7f3870019000 r--s 00033000 08:05 7343409                    /home/nduwayo/netbeans-8.2/java/maven/lib/plexus-utils-2.0.6.jar
7f3870019000-7f387001b000 r--s 0000b000 08:05 7343373                    /home/nduwayo/netbeans-8.2/java/maven/lib/wagon-provider-api-2.10.jar
7f387001b000-7f387001d000 r--s 0000b000 08:05 7343397                    /home/nduwayo/netbeans-8.2/java/maven/lib/maven-artifact-3.0.5.jar
7f387001d000-7f3870dfe000 rw-p 00000000 00:00 0 
7f3870dfe000-7f3870dff000 ---p 00000000 00:00 0 
7f3870dff000-7f3870eff000 rw-p 00000000 00:00 0 
7f3870eff000-7f3870f00000 ---p 00000000 00:00 0 
7f3870f00000-7f3871000000 rw-p 00000000 00:00 0 
7f3871000000-7f3871cc0000 rwxp 00000000 00:00 0 
7f3871cc0000-7f3880000000 ---p 00000000 00:00 0 
7f3880000000-7f38813f2000 rw-p 00000000 00:00 0 
7f38813f2000-7f3884000000 ---p 00000000 00:00 0 
7f3884000000-7f3884004000 r--s 0001c000 08:05 7343411                    /home/nduwayo/netbeans-8.2/java/maven/lib/aether-util-1.13.1.jar
7f3884004000-7f3884025000 rw-p 00000000 00:00 0 
7f3884025000-7f3884026000 ---p 00000000 00:00 0 
7f3884026000-7f3884126000 rw-p 00000000 00:00 0 
7f3884126000-7f3884127000 ---p 00000000 00:00 0 
7f3884127000-7f3884227000 rw-p 00000000 00:00 0 
7f3884227000-7f3884228000 ---p 00000000 00:00 0 
7f3884228000-7f3884328000 rw-p 00000000 00:00 0 
7f3884328000-7f3884329000 ---p 00000000 00:00 0 
7f3884329000-7f3884429000 rw-p 00000000 00:00 0 
7f3884429000-7f388442a000 ---p 00000000 00:00 0 
7f388442a000-7f388452a000 rw-p 00000000 00:00 0 
7f388452a000-7f388452b000 ---p 00000000 00:00 0 
7f388452b000-7f3884655000 rw-p 00000000 00:00 0 
7f3884655000-7f38848bc000 ---p 00000000 00:00 0 
7f38848bc000-7f38848e6000 rw-p 00000000 00:00 0 
7f38848e6000-7f3884b4c000 ---p 00000000 00:00 0 
7f3884b4c000-7f3884b95000 rw-p 00000000 00:00 0 
7f3884b95000-7f3884c95000 ---p 00000000 00:00 0 
7f3884c95000-7f3884cc9000 rw-p 00000000 00:00 0 
7f3884cc9000-7f3885056000 ---p 00000000 00:00 0 
7f3885056000-7f3885071000 r-xp 00000000 08:05 1454631                    /usr/lib/jvm/java-8-oracle/jre/lib/amd64/libzip.so
7f3885071000-7f3885271000 ---p 0001b000 08:05 1454631                    /usr/lib/jvm/java-8-oracle/jre/lib/amd64/libzip.so
7f3885271000-7f3885272000 rw-p 0001b000 08:05 1454631                    /usr/lib/jvm/java-8-oracle/jre/lib/amd64/libzip.so
7f3885272000-7f388527d000 r-xp 00000000 08:05 8917721                    /lib/x86_64-linux-gnu/libnss_files-2.27.so
7f388527d000-7f388547c000 ---p 0000b000 08:05 8917721                    /lib/x86_64-linux-gnu/libnss_files-2.27.so
7f388547c000-7f388547d000 r--p 0000a000 08:05 8917721                    /lib/x86_64-linux-gnu/libnss_files-2.27.so
7f388547d000-7f388547e000 rw-p 0000b000 08:05 8917721                    /lib/x86_64-linux-gnu/libnss_files-2.27.so
7f388547e000-7f3885484000 rw-p 00000000 00:00 0 
7f3885484000-7f388549b000 r-xp 00000000 08:05 8917715                    /lib/x86_64-linux-gnu/libnsl-2.27.so
7f388549b000-7f388569a000 ---p 00017000 08:05 8917715                    /lib/x86_64-linux-gnu/libnsl-2.27.so
7f388569a000-7f388569b000 r--p 00016000 08:05 8917715                    /lib/x86_64-linux-gnu/libnsl-2.27.so
7f388569b000-7f388569c000 rw-p 00017000 08:05 8917715                    /lib/x86_64-linux-gnu/libnsl-2.27.so
7f388569c000-7f388569e000 rw-p 00000000 00:00 0 
7f388569e000-7f38856a9000 r-xp 00000000 08:05 8917732                    /lib/x86_64-linux-gnu/libnss_nis-2.27.so
7f38856a9000-7f38858a8000 ---p 0000b000 08:05 8917732                    /lib/x86_64-linux-gnu/libnss_nis-2.27.so
7f38858a8000-7f38858a9000 r--p 0000a000 08:05 8917732                    /lib/x86_64-linux-gnu/libnss_nis-2.27.so
7f38858a9000-7f38858aa000 rw-p 0000b000 08:05 8917732                    /lib/x86_64-linux-gnu/libnss_nis-2.27.so
7f38858aa000-7f38858b2000 r-xp 00000000 08:05 8917717                    /lib/x86_64-linux-gnu/libnss_compat-2.27.so
7f38858b2000-7f3885ab2000 ---p 00008000 08:05 8917717                    /lib/x86_64-linux-gnu/libnss_compat-2.27.so
7f3885ab2000-7f3885ab3000 r--p 00008000 08:05 8917717                    /lib/x86_64-linux-gnu/libnss_compat-2.27.so
7f3885ab3000-7f3885ab4000 rw-p 00009000 08:05 8917717                    /lib/x86_64-linux-gnu/libnss_compat-2.27.so
7f3885ab4000-7f3885adf000 r-xp 00000000 08:05 1454625                    /usr/lib/jvm/java-8-oracle/jre/lib/amd64/libjava.so
7f3885adf000-7f3885cde000 ---p 0002b000 08:05 1454625                    /usr/lib/jvm/java-8-oracle/jre/lib/amd64/libjava.so
7f3885cde000-7f3885ce0000 rw-p 0002a000 08:05 1454625                    /usr/lib/jvm/java-8-oracle/jre/lib/amd64/libjava.so
7f3885ce0000-7f3885ced000 r-xp 00000000 08:05 1454630                    /usr/lib/jvm/java-8-oracle/jre/lib/amd64/libverify.so
7f3885ced000-7f3885eed000 ---p 0000d000 08:05 1454630                    /usr/lib/jvm/java-8-oracle/jre/lib/amd64/libverify.so
7f3885eed000-7f3885eef000 rw-p 0000d000 08:05 1454630                    /usr/lib/jvm/java-8-oracle/jre/lib/amd64/libverify.so
7f3885eef000-7f3885ef6000 r-xp 00000000 08:05 8917772                    /lib/x86_64-linux-gnu/librt-2.27.so
7f3885ef6000-7f38860f5000 ---p 00007000 08:05 8917772                    /lib/x86_64-linux-gnu/librt-2.27.so
7f38860f5000-7f38860f6000 r--p 00006000 08:05 8917772                    /lib/x86_64-linux-gnu/librt-2.27.so
7f38860f6000-7f38860f7000 rw-p 00007000 08:05 8917772                    /lib/x86_64-linux-gnu/librt-2.27.so
7f38860f7000-7f3886294000 r-xp 00000000 08:05 8917694                    /lib/x86_64-linux-gnu/libm-2.27.so
7f3886294000-7f3886493000 ---p 0019d000 08:05 8917694                    /lib/x86_64-linux-gnu/libm-2.27.so
7f3886493000-7f3886494000 r--p 0019c000 08:05 8917694                    /lib/x86_64-linux-gnu/libm-2.27.so
7f3886494000-7f3886495000 rw-p 0019d000 08:05 8917694                    /lib/x86_64-linux-gnu/libm-2.27.so
7f3886495000-7f3887171000 r-xp 00000000 08:05 1454607                    /usr/lib/jvm/java-8-oracle/jre/lib/amd64/server/libjvm.so
7f3887171000-7f3887371000 ---p 00cdc000 08:05 1454607                    /usr/lib/jvm/java-8-oracle/jre/lib/amd64/server/libjvm.so
7f3887371000-7f388744b000 rw-p 00cdc000 08:05 1454607                    /usr/lib/jvm/java-8-oracle/jre/lib/amd64/server/libjvm.so
7f388744b000-7f3887496000 rw-p 00000000 00:00 0 
7f3887496000-7f388767d000 r-xp 00000000 08:05 8917631                    /lib/x86_64-linux-gnu/libc-2.27.so
7f388767d000-7f388787d000 ---p 001e7000 08:05 8917631                    /lib/x86_64-linux-gnu/libc-2.27.so
7f388787d000-7f3887881000 r--p 001e7000 08:05 8917631                    /lib/x86_64-linux-gnu/libc-2.27.so
7f3887881000-7f3887883000 rw-p 001eb000 08:05 8917631                    /lib/x86_64-linux-gnu/libc-2.27.so
7f3887883000-7f3887887000 rw-p 00000000 00:00 0 
7f3887887000-7f388788a000 r-xp 00000000 08:05 8917654                    /lib/x86_64-linux-gnu/libdl-2.27.so
7f388788a000-7f3887a89000 ---p 00003000 08:05 8917654                    /lib/x86_64-linux-gnu/libdl-2.27.so
7f3887a89000-7f3887a8a000 r--p 00002000 08:05 8917654                    /lib/x86_64-linux-gnu/libdl-2.27.so
7f3887a8a000-7f3887a8b000 rw-p 00003000 08:05 8917654                    /lib/x86_64-linux-gnu/libdl-2.27.so
7f3887a8b000-7f3887aa1000 r-xp 00000000 08:05 1327643                    /usr/lib/jvm/java-8-oracle/lib/amd64/jli/libjli.so
7f3887aa1000-7f3887ca0000 ---p 00016000 08:05 1327643                    /usr/lib/jvm/java-8-oracle/lib/amd64/jli/libjli.so
7f3887ca0000-7f3887ca1000 rw-p 00015000 08:05 1327643                    /usr/lib/jvm/java-8-oracle/lib/amd64/jli/libjli.so
7f3887ca1000-7f3887cbb000 r-xp 00000000 08:05 8917764                    /lib/x86_64-linux-gnu/libpthread-2.27.so
7f3887cbb000-7f3887eba000 ---p 0001a000 08:05 8917764                    /lib/x86_64-linux-gnu/libpthread-2.27.so
7f3887eba000-7f3887ebb000 r--p 00019000 08:05 8917764                    /lib/x86_64-linux-gnu/libpthread-2.27.so
7f3887ebb000-7f3887ebc000 rw-p 0001a000 08:05 8917764                    /lib/x86_64-linux-gnu/libpthread-2.27.so
7f3887ebc000-7f3887ec0000 rw-p 00000000 00:00 0 
7f3887ec0000-7f3887ee7000 r-xp 00000000 08:05 8917603                    /lib/x86_64-linux-gnu/ld-2.27.so
7f3887ee7000-7f3887ee8000 r--s 00002000 08:05 7343387                    /home/nduwayo/netbeans-8.2/java/maven/lib/wagon-http-shared-2.10.jar
7f3887ee8000-7f3887ee9000 r--s 00002000 08:05 7343426                    /home/nduwayo/netbeans-8.2/java/maven/lib/wagon-file-2.10.jar
7f3887ee9000-7f3887eeb000 r--s 00000000 08:05 7343119                    /home/nduwayo/netbeans-8.2/java/maven/lib/plexus-component-annotations-1.5.5.jar
7f3887eeb000-7f3887eee000 r--s 0001d000 08:05 7343410                    /home/nduwayo/netbeans-8.2/java/maven/lib/aether-impl-1.13.1.jar
7f3887eee000-7f3887ef0000 r--s 00002000 08:05 7343416                    /home/nduwayo/netbeans-8.2/java/maven/lib/plexus-cipher-1.7.jar
7f3887ef0000-7f3887ef4000 r--s 00013000 08:05 7343417                    /home/nduwayo/netbeans-8.2/java/maven/lib/aether-api-1.13.1.jar
7f3887ef4000-7f3887ef6000 r--s 00026000 08:05 7343415                    /home/nduwayo/netbeans-8.2/java/maven/lib/maven-model-3.0.5.jar
7f3887ef6000-7f3887ef7000 r--s 00003000 08:05 7343418                    /home/nduwayo/netbeans-8.2/java/maven/lib/aether-spi-1.13.1.jar
7f3887ef7000-7f3887ef9000 r--s 0000b000 08:05 7343385                    /home/nduwayo/netbeans-8.2/java/maven/lib/maven-plugin-api-3.0.5.jar
7f3887ef9000-7f3887efb000 r--s 00009000 08:05 7343427                    /home/nduwayo/netbeans-8.2/java/maven/lib/commons-cli-1.2.jar
7f3887efb000-7f3887f01000 r--s 0003f000 08:05 7343412                    /home/nduwayo/netbeans-8.2/java/maven/lib/maven-compat-3.0.5.jar
7f3887f01000-7f3887fcc000 rw-p 00000000 00:00 0 
7f3887fcc000-7f3887fcd000 ---p 00000000 00:00 0 
7f3887fcd000-7f3887fd0000 ---p 00000000 00:00 0 
7f3887fd0000-7f38880cf000 rw-p 00000000 00:00 0 
7f38880cf000-7f38880d1000 r--s 0000d000 08:05 7343349                    /home/nduwayo/netbeans-8.2/java/maven/lib/plexus-interpolation-1.14.jar
7f38880d1000-7f38880d8000 r--s 0003f000 08:05 7343386                    /home/nduwayo/netbeans-8.2/java/maven/lib/sisu-inject-bean-2.3.0.jar
7f38880d8000-7f38880d9000 r--s 0000a000 08:05 7343398                    /home/nduwayo/netbeans-8.2/java/maven/lib/maven-embedder-3.0.5.jar
7f38880d9000-7f38880db000 r--s 0000a000 08:05 7343375                    /home/nduwayo/netbeans-8.2/java/maven/boot/plexus-classworlds-2.4.jar
7f38880db000-7f38880e3000 rw-s 00000000 08:05 5641138                    /tmp/hsperfdata_nduwayo/17195
7f38880e3000-7f38880e4000 rw-p 00000000 00:00 0 
7f38880e4000-7f38880e5000 ---p 00000000 00:00 0 
7f38880e5000-7f38880e7000 rw-p 00000000 00:00 0 
7f38880e7000-7f38880e8000 r--p 00027000 08:05 8917603                    /lib/x86_64-linux-gnu/ld-2.27.so
7f38880e8000-7f38880e9000 rw-p 00028000 08:05 8917603                    /lib/x86_64-linux-gnu/ld-2.27.so
7f38880e9000-7f38880ea000 rw-p 00000000 00:00 0 
7ffc14cc7000-7ffc14ce8000 rw-p 00000000 00:00 0                          [stack]
7ffc14de4000-7ffc14de7000 r--p 00000000 00:00 0                          [vvar]
7ffc14de7000-7ffc14de9000 r-xp 00000000 00:00 0                          [vdso]
ffffffffff600000-ffffffffff601000 r-xp 00000000 00:00 0                  [vsyscall]

VM Arguments:
jvm_args: -Dclassworlds.conf=/home/nduwayo/netbeans-8.2/java/maven/bin/m2.conf -Dmaven.home=/home/nduwayo/netbeans-8.2/java/maven 
java_command: org.codehaus.plexus.classworlds.launcher.Launcher -Dmaven.ext.class.path=/home/nduwayo/netbeans-8.2/java/maven-nblib/netbeans-eventspy.jar clean install
java_class_path (initial): /home/nduwayo/netbeans-8.2/java/maven/boot/plexus-classworlds-2.4.jar
Launcher Type: SUN_STANDARD

Environment Variables:
JAVA_HOME=/usr/lib/jvm/java-8-oracle
PATH=/home/nduwayo/bin:/usr/local/sbin:/usr/local/bin:/usr/sbin:/usr/bin:/sbin:/bin:/usr/games:/usr/local/games:/snap/bin:/usr/lib/jvm/java-8-oracle/bin:/usr/lib/jvm/java-8-oracle/db/bin:/usr/lib/jvm/java-8-oracle/jre/bin
USERNAME=nduwayo
LD_LIBRARY_PATH=/usr/lib/jvm/java-8-oracle/jre/lib/amd64:/usr/lib/jvm/java-8-oracle/jre/lib/i386:
SHELL=/bin/bash
DISPLAY=:0

Signal Handlers:
SIGSEGV: [libjvm.so+0xad2a40], sa_mask[0]=11111111011111111101111111111110, sa_flags=SA_RESTART|SA_SIGINFO
SIGBUS: [libjvm.so+0xad2a40], sa_mask[0]=11111111011111111101111111111110, sa_flags=SA_RESTART|SA_SIGINFO
SIGFPE: [libjvm.so+0x92a610], sa_mask[0]=11111111011111111101111111111110, sa_flags=SA_RESTART|SA_SIGINFO
SIGPIPE: [libjvm.so+0x92a610], sa_mask[0]=11111111011111111101111111111110, sa_flags=SA_RESTART|SA_SIGINFO
SIGXFSZ: [libjvm.so+0x92a610], sa_mask[0]=11111111011111111101111111111110, sa_flags=SA_RESTART|SA_SIGINFO
SIGILL: [libjvm.so+0x92a610], sa_mask[0]=11111111011111111101111111111110, sa_flags=SA_RESTART|SA_SIGINFO
SIGUSR1: SIG_DFL, sa_mask[0]=00000000000000000000000000000000, sa_flags=none
SIGUSR2: [libjvm.so+0x92be70], sa_mask[0]=00100000000000000000000000000000, sa_flags=SA_RESTART|SA_SIGINFO
SIGHUP: [libjvm.so+0x92d270], sa_mask[0]=11111111011111111101111111111110, sa_flags=SA_RESTART|SA_SIGINFO
SIGINT: SIG_IGN, sa_mask[0]=00000000000000000000000000000000, sa_flags=none
SIGTERM: [libjvm.so+0x92d270], sa_mask[0]=11111111011111111101111111111110, sa_flags=SA_RESTART|SA_SIGINFO
SIGQUIT: [libjvm.so+0x92d270], sa_mask[0]=11111111011111111101111111111110, sa_flags=SA_RESTART|SA_SIGINFO


---------------  S Y S T E M  ---------------

OS:DISTRIB_ID=Ubuntu
DISTRIB_RELEASE=18.04
DISTRIB_CODENAME=bionic
DISTRIB_DESCRIPTION="Ubuntu 18.04.1 LTS"

uname:Linux 4.15.0-29-generic #31-Ubuntu SMP Tue Jul 17 15:39:52 UTC 2018 x86_64
libc:glibc 2.27 NPTL 2.27 
rlimit: STACK 8192k, CORE 0k, NPROC 31289, NOFILE 1048576, AS infinity
load average:1,86 1,64 1,05

/proc/meminfo:
MemTotal:        8069016 kB
MemFree:          104680 kB
MemAvailable:      21676 kB
Buffers:            1664 kB
Cached:           258592 kB
SwapCached:         9564 kB
Active:          6572648 kB
Inactive:         928820 kB
Active(anon):    6549096 kB
Inactive(anon):   890904 kB
Active(file):      23552 kB
Inactive(file):    37916 kB
Unevictable:         228 kB
Mlocked:             228 kB
SwapTotal:       2097148 kB
SwapFree:              8 kB
Dirty:               160 kB
Writeback:             0 kB
AnonPages:       7234020 kB
Mapped:           128248 kB
Shmem:            198104 kB
Slab:             137356 kB
SReclaimable:      44000 kB
SUnreclaim:        93356 kB
KernelStack:       35440 kB
PageTables:       153724 kB
NFS_Unstable:          0 kB
Bounce:                0 kB
WritebackTmp:          0 kB
CommitLimit:     6131656 kB
Committed_AS:   31858656 kB
VmallocTotal:   34359738367 kB
VmallocUsed:           0 kB
VmallocChunk:          0 kB
HardwareCorrupted:     0 kB
AnonHugePages:         0 kB
ShmemHugePages:        0 kB
ShmemPmdMapped:        0 kB
CmaTotal:              0 kB
CmaFree:               0 kB
HugePages_Total:       0
HugePages_Free:        0
HugePages_Rsvd:        0
HugePages_Surp:        0
Hugepagesize:       2048 kB
DirectMap4k:      351860 kB
DirectMap2M:     7938048 kB


CPU:total 8 (initial active 8) (4 cores per cpu, 2 threads per core) family 6 model 58 stepping 9, cmov, cx8, fxsr, mmx, sse, sse2, sse3, ssse3, sse4.1, sse4.2, popcnt, avx, aes, clmul, erms, ht, tsc, tscinvbit, tscinv

/proc/cpuinfo:
processor	: 0
vendor_id	: GenuineIntel
cpu family	: 6
model		: 58
model name	: Intel(R) Core(TM) i7-3720QM CPU @ 2.60GHz
stepping	: 9
microcode	: 0x1f
cpu MHz		: 3373.695
cache size	: 6144 KB
physical id	: 0
siblings	: 8
core id		: 0
cpu cores	: 4
apicid		: 0
initial apicid	: 0
fpu		: yes
fpu_exception	: yes
cpuid level	: 13
wp		: yes
flags		: fpu vme de pse tsc msr pae mce cx8 apic sep mtrr pge mca cmov pat pse36 clflush dts acpi mmx fxsr sse sse2 ss ht tm pbe syscall nx rdtscp lm constant_tsc arch_perfmon pebs bts rep_good nopl xtopology nonstop_tsc cpuid aperfmperf pni pclmulqdq dtes64 monitor ds_cpl vmx smx est tm2 ssse3 cx16 xtpr pdcm pcid sse4_1 sse4_2 x2apic popcnt tsc_deadline_timer aes xsave avx f16c rdrand lahf_lm cpuid_fault epb pti ibrs ibpb stibp tpr_shadow vnmi flexpriority ept vpid fsgsbase smep erms xsaveopt dtherm ida arat pln pts
bugs		: cpu_meltdown spectre_v1 spectre_v2 spec_store_bypass
bogomips	: 5183.36
clflush size	: 64
cache_alignment	: 64
address sizes	: 36 bits physical, 48 bits virtual
power management:

processor	: 1
vendor_id	: GenuineIntel
cpu family	: 6
model		: 58
model name	: Intel(R) Core(TM) i7-3720QM CPU @ 2.60GHz
stepping	: 9
microcode	: 0x1f
cpu MHz		: 3388.595
cache size	: 6144 KB
physical id	: 0
siblings	: 8
core id		: 1
cpu cores	: 4
apicid		: 2
initial apicid	: 2
fpu		: yes
fpu_exception	: yes
cpuid level	: 13
wp		: yes
flags		: fpu vme de pse tsc msr pae mce cx8 apic sep mtrr pge mca cmov pat pse36 clflush dts acpi mmx fxsr sse sse2 ss ht tm pbe syscall nx rdtscp lm constant_tsc arch_perfmon pebs bts rep_good nopl xtopology nonstop_tsc cpuid aperfmperf pni pclmulqdq dtes64 monitor ds_cpl vmx smx est tm2 ssse3 cx16 xtpr pdcm pcid sse4_1 sse4_2 x2apic popcnt tsc_deadline_timer aes xsave avx f16c rdrand lahf_lm cpuid_fault epb pti ibrs ibpb stibp tpr_shadow vnmi flexpriority ept vpid fsgsbase smep erms xsaveopt dtherm ida arat pln pts
bugs		: cpu_meltdown spectre_v1 spectre_v2 spec_store_bypass
bogomips	: 5183.36
clflush size	: 64
cache_alignment	: 64
address sizes	: 36 bits physical, 48 bits virtual
power management:

processor	: 2
vendor_id	: GenuineIntel
cpu family	: 6
model		: 58
model name	: Intel(R) Core(TM) i7-3720QM CPU @ 2.60GHz
stepping	: 9
microcode	: 0x1f
cpu MHz		: 3373.911
cache size	: 6144 KB
physical id	: 0
siblings	: 8
core id		: 2
cpu cores	: 4
apicid		: 4
initial apicid	: 4
fpu		: yes
fpu_exception	: yes
cpuid level	: 13
wp		: yes
flags		: fpu vme de pse tsc msr pae mce cx8 apic sep mtrr pge mca cmov pat pse36 clflush dts acpi mmx fxsr sse sse2 ss ht tm pbe syscall nx rdtscp lm constant_tsc arch_perfmon pebs bts rep_good nopl xtopology nonstop_tsc cpuid aperfmperf pni pclmulqdq dtes64 monitor ds_cpl vmx smx est tm2 ssse3 cx16 xtpr pdcm pcid sse4_1 sse4_2 x2apic popcnt tsc_deadline_timer aes xsave avx f16c rdrand lahf_lm cpuid_fault epb pti ibrs ibpb stibp tpr_shadow vnmi flexpriority ept vpid fsgsbase smep erms xsaveopt dtherm ida arat pln pts
bugs		: cpu_meltdown spectre_v1 spectre_v2 spec_store_bypass
bogomips	: 5183.36
clflush size	: 64
cache_alignment	: 64
address sizes	: 36 bits physical, 48 bits virtual
power management:

processor	: 3
vendor_id	: GenuineIntel
cpu family	: 6
model		: 58
model name	: Intel(R) Core(TM) i7-3720QM CPU @ 2.60GHz
stepping	: 9
microcode	: 0x1f
cpu MHz		: 3385.267
cache size	: 6144 KB
physical id	: 0
siblings	: 8
core id		: 3
cpu cores	: 4
apicid		: 6
initial apicid	: 6
fpu		: yes
fpu_exception	: yes
cpuid level	: 13
wp		: yes
flags		: fpu vme de pse tsc msr pae mce cx8 apic sep mtrr pge mca cmov pat pse36 clflush dts acpi mmx fxsr sse sse2 ss ht tm pbe syscall nx rdtscp lm constant_tsc arch_perfmon pebs bts rep_good nopl xtopology nonstop_tsc cpuid aperfmperf pni pclmulqdq dtes64 monitor ds_cpl vmx smx est tm2 ssse3 cx16 xtpr pdcm pcid sse4_1 sse4_2 x2apic popcnt tsc_deadline_timer aes xsave avx f16c rdrand lahf_lm cpuid_fault epb pti ibrs ibpb stibp tpr_shadow vnmi flexpriority ept vpid fsgsbase smep erms xsaveopt dtherm ida arat pln pts
bugs		: cpu_meltdown spectre_v1 spectre_v2 spec_store_bypass
bogomips	: 5183.36
clflush size	: 64
cache_alignment	: 64
address sizes	: 36 bits physical, 48 bits virtual
power management:

processor	: 4
vendor_id	: GenuineIntel
cpu family	: 6
model		: 58
model name	: Intel(R) Core(TM) i7-3720QM CPU @ 2.60GHz
stepping	: 9
microcode	: 0x1f
cpu MHz		: 3387.444
cache size	: 6144 KB
physical id	: 0
siblings	: 8
core id		: 0
cpu cores	: 4
apicid		: 1
initial apicid	: 1
fpu		: yes
fpu_exception	: yes
cpuid level	: 13
wp		: yes
flags		: fpu vme de pse tsc msr pae mce cx8 apic sep mtrr pge mca cmov pat pse36 clflush dts acpi mmx fxsr sse sse2 ss ht tm pbe syscall nx rdtscp lm constant_tsc arch_perfmon pebs bts rep_good nopl xtopology nonstop_tsc cpuid aperfmperf pni pclmulqdq dtes64 monitor ds_cpl vmx smx est tm2 ssse3 cx16 xtpr pdcm pcid sse4_1 sse4_2 x2apic popcnt tsc_deadline_timer aes xsave avx f16c rdrand lahf_lm cpuid_fault epb pti ibrs ibpb stibp tpr_shadow vnmi flexpriority ept vpid fsgsbase smep erms xsaveopt dtherm ida arat pln pts
bugs		: cpu_meltdown spectre_v1 spectre_v2 spec_store_bypass
bogomips	: 5183.36
clflush size	: 64
cache_alignment	: 64
address sizes	: 36 bits physical, 48 bits virtual
power management:

processor	: 5
vendor_id	: GenuineIntel
cpu family	: 6
model		: 58
model name	: Intel(R) Core(TM) i7-3720QM CPU @ 2.60GHz
stepping	: 9
microcode	: 0x1f
cpu MHz		: 3374.223
cache size	: 6144 KB
physical id	: 0
siblings	: 8
core id		: 1
cpu cores	: 4
apicid		: 3
initial apicid	: 3
fpu		: yes
fpu_exception	: yes
cpuid level	: 13
wp		: yes
flags		: fpu vme de pse tsc msr pae mce cx8 apic sep mtrr pge mca cmov pat pse36 clflush dts acpi mmx fxsr sse sse2 ss ht tm pbe syscall nx rdtscp lm constant_tsc arch_perfmon pebs bts rep_good nopl xtopology nonstop_tsc cpuid aperfmperf pni pclmulqdq dtes64 monitor ds_cpl vmx smx est tm2 ssse3 cx16 xtpr pdcm pcid sse4_1 sse4_2 x2apic popcnt tsc_deadline_timer aes xsave avx f16c rdrand lahf_lm cpuid_fault epb pti ibrs ibpb stibp tpr_shadow vnmi flexpriority ept vpid fsgsbase smep erms xsaveopt dtherm ida arat pln pts
bugs		: cpu_meltdown spectre_v1 spectre_v2 spec_store_bypass
bogomips	: 5183.36
clflush size	: 64
cache_alignment	: 64
address sizes	: 36 bits physical, 48 bits virtual
power management:

processor	: 6
vendor_id	: GenuineIntel
cpu family	: 6
model		: 58
model name	: Intel(R) Core(TM) i7-3720QM CPU @ 2.60GHz
stepping	: 9
microcode	: 0x1f
cpu MHz		: 3388.481
cache size	: 6144 KB
physical id	: 0
siblings	: 8
core id		: 2
cpu cores	: 4
apicid		: 5
initial apicid	: 5
fpu		: yes
fpu_exception	: yes
cpuid level	: 13
wp		: yes
flags		: fpu vme de pse tsc msr pae mce cx8 apic sep mtrr pge mca cmov pat pse36 clflush dts acpi mmx fxsr sse sse2 ss ht tm pbe syscall nx rdtscp lm constant_tsc arch_perfmon pebs bts rep_good nopl xtopology nonstop_tsc cpuid aperfmperf pni pclmulqdq dtes64 monitor ds_cpl vmx smx est tm2 ssse3 cx16 xtpr pdcm pcid sse4_1 sse4_2 x2apic popcnt tsc_deadline_timer aes xsave avx f16c rdrand lahf_lm cpuid_fault epb pti ibrs ibpb stibp tpr_shadow vnmi flexpriority ept vpid fsgsbase smep erms xsaveopt dtherm ida arat pln pts
bugs		: cpu_meltdown spectre_v1 spectre_v2 spec_store_bypass
bogomips	: 5183.36
clflush size	: 64
cache_alignment	: 64
address sizes	: 36 bits physical, 48 bits virtual
power management:

processor	: 7
vendor_id	: GenuineIntel
cpu family	: 6
model		: 58
model name	: Intel(R) Core(TM) i7-3720QM CPU @ 2.60GHz
stepping	: 9
microcode	: 0x1f
cpu MHz		: 3386.605
cache size	: 6144 KB
physical id	: 0
siblings	: 8
core id		: 3
cpu cores	: 4
apicid		: 7
initial apicid	: 7
fpu		: yes
fpu_exception	: yes
cpuid level	: 13
wp		: yes
flags		: fpu vme de pse tsc msr pae mce cx8 apic sep mtrr pge mca cmov pat pse36 clflush dts acpi mmx fxsr sse sse2 ss ht tm pbe syscall nx rdtscp lm constant_tsc arch_perfmon pebs bts rep_good nopl xtopology nonstop_tsc cpuid aperfmperf pni pclmulqdq dtes64 monitor ds_cpl vmx smx est tm2 ssse3 cx16 xtpr pdcm pcid sse4_1 sse4_2 x2apic popcnt tsc_deadline_timer aes xsave avx f16c rdrand lahf_lm cpuid_fault epb pti ibrs ibpb stibp tpr_shadow vnmi flexpriority ept vpid fsgsbase smep erms xsaveopt dtherm ida arat pln pts
bugs		: cpu_meltdown spectre_v1 spectre_v2 spec_store_bypass
bogomips	: 5183.36
clflush size	: 64
cache_alignment	: 64
address sizes	: 36 bits physical, 48 bits virtual
power management:



Memory: 4k page, physical 8069016k(107240k free), swap 2097148k(20k free)

vm_info: Java HotSpot(TM) 64-Bit Server VM (25.181-b13) for linux-amd64 JRE (1.8.0_181-b13), built on Jul  7 2018 00:56:38 by "java_re" with gcc 4.3.0 20080428 (Red Hat 4.3.0-8)

time: Thu Aug  2 20:37:04 2018
elapsed time: 3 seconds (0d 0h 0m 3s)

