#
# There is insufficient memory for the Java Runtime Environment to continue.
# Native memory allocation (mmap) failed to map 32505856 bytes for committing reserved memory.
# Possible reasons:
#   The system is out of physical RAM or swap space
#   In 32 bit mode, the process size limit was hit
# Possible solutions:
#   Reduce memory load on the system
#   Increase physical memory or swap space
#   Check if swap backing store is full
#   Use 64 bit Java on a 64 bit OS
#   Decrease Java heap size (-Xmx/-Xms)
#   Decrease number of Java threads
#   Decrease Java thread stack sizes (-Xss)
#   Set larger code cache with -XX:ReservedCodeCacheSize=
# This output file may be truncated or incomplete.
#
#  Out of Memory Error (os_linux.cpp:2640), pid=29053, tid=0x00007f9bdbdfd700
#
# JRE version: Java(TM) SE Runtime Environment (8.0_181-b13) (build 1.8.0_181-b13)
# Java VM: Java HotSpot(TM) 64-Bit Server VM (25.181-b13 mixed mode linux-amd64 compressed oops)
# Failed to write core dump. Core dumps have been disabled. To enable core dumping, try "ulimit -c unlimited" before starting Java again
#

---------------  T H R E A D  ---------------

Current thread (0x00007f9bf8081800):  VMThread [stack: 0x00007f9bdbcfe000,0x00007f9bdbdfe000] [id=29064]

Stack: [0x00007f9bdbcfe000,0x00007f9bdbdfe000],  sp=0x00007f9bdbdfc040,  free space=1016k
Native frames: (J=compiled Java code, j=interpreted, Vv=VM code, C=native code)
V  [libjvm.so+0xad21aa]  VMError::report_and_die()+0x2ba
V  [libjvm.so+0x5022db]  report_vm_out_of_memory(char const*, int, unsigned long, VMErrorType, char const*)+0x8b
V  [libjvm.so+0x92fe33]  os::Linux::commit_memory_impl(char*, unsigned long, bool)+0x123
V  [libjvm.so+0x930059]  os::pd_commit_memory(char*, unsigned long, unsigned long, bool)+0x29
V  [libjvm.so+0x9272ba]  os::commit_memory(char*, unsigned long, unsigned long, bool)+0x2a
V  [libjvm.so+0x99d2e3]  PSVirtualSpace::expand_by(unsigned long)+0x53
V  [libjvm.so+0x99e6e8]  PSYoungGen::resize_generation(unsigned long, unsigned long)+0xf8
V  [libjvm.so+0x99d842]  PSYoungGen::resize(unsigned long, unsigned long)+0x22
V  [libjvm.so+0x99ab1b]  PSScavenge::invoke_no_policy()+0xf3b
V  [libjvm.so+0x99b2a1]  PSScavenge::invoke()+0x41
V  [libjvm.so+0x951d70]  ParallelScavengeHeap::failed_mem_allocate(unsigned long)+0x70
V  [libjvm.so+0xad3c27]  VM_ParallelGCFailedAllocation::doit()+0x97
V  [libjvm.so+0xadb745]  VM_Operation::evaluate()+0x55
V  [libjvm.so+0xad9b0a]  VMThread::evaluate_operation(VM_Operation*)+0xba
V  [libjvm.so+0xad9e8e]  VMThread::loop()+0x1ce
V  [libjvm.so+0xada300]  VMThread::run()+0x70
V  [libjvm.so+0x930198]  java_start(Thread*)+0x108

VM_Operation (0x00007f9c01974670): ParallelGCFailedAllocation, mode: safepoint, requested by thread 0x00007f9bf800b800


---------------  P R O C E S S  ---------------

Java Threads: ( => current thread )
  0x00007f9bf8682800 JavaThread "process reaper" daemon [_thread_blocked, id=29081, stack(0x00007f9bda5dd000,0x00007f9bda616000)]
  0x00007f9bf80de800 JavaThread "Service Thread" daemon [_thread_blocked, id=29072, stack(0x00007f9bdab26000,0x00007f9bdac27000)]
  0x00007f9bf80c9000 JavaThread "C1 CompilerThread3" daemon [_thread_blocked, id=29071, stack(0x00007f9bdac28000,0x00007f9bdad28000)]
  0x00007f9bf80c7000 JavaThread "C2 CompilerThread2" daemon [_thread_blocked, id=29070, stack(0x00007f9bdad29000,0x00007f9bdae29000)]
  0x00007f9bf80c5800 JavaThread "C2 CompilerThread1" daemon [_thread_in_native, id=29069, stack(0x00007f9bdae2a000,0x00007f9bdaf2a000)]
  0x00007f9bf80c2800 JavaThread "C2 CompilerThread0" daemon [_thread_blocked, id=29068, stack(0x00007f9bdaf2b000,0x00007f9bdb02b000)]
  0x00007f9bf80c1000 JavaThread "Signal Dispatcher" daemon [_thread_blocked, id=29067, stack(0x00007f9bdb02b000,0x00007f9bdb12c000)]
  0x00007f9bf808d800 JavaThread "Finalizer" daemon [_thread_blocked, id=29066, stack(0x00007f9bdbafb000,0x00007f9bdbbfc000)]
  0x00007f9bf808b000 JavaThread "Reference Handler" daemon [_thread_blocked, id=29065, stack(0x00007f9bdbbfc000,0x00007f9bdbcfd000)]
  0x00007f9bf800b800 JavaThread "main" [_thread_blocked, id=29055, stack(0x00007f9c01878000,0x00007f9c01978000)]

Other Threads:
=>0x00007f9bf8081800 VMThread [stack: 0x00007f9bdbcfe000,0x00007f9bdbdfe000] [id=29064]
  0x00007f9bf80e3800 WatcherThread [stack: 0x00007f9bdaa26000,0x00007f9bdab26000] [id=29073]

VM state:at safepoint (normal execution)

VM Mutex/Monitor currently owned by a thread:  ([mutex/lock_event])
[0x00007f9bf8007c30] Threads_lock - owner thread: 0x00007f9bf8081800
[0x00007f9bf8008130] Heap_lock - owner thread: 0x00007f9bf800b800

Heap:
 PSYoungGen      total 36864K, used 5104K [0x00000000d6f80000, 0x00000000d9880000, 0x0000000100000000)
  eden space 31744K, 0% used [0x00000000d6f80000,0x00000000d6f80000,0x00000000d8e80000)
  from space 5120K, 99% used [0x00000000d9380000,0x00000000d987c030,0x00000000d9880000)
  to   space 5120K, 0% used [0x00000000d8e80000,0x00000000d8e80000,0x00000000d9380000)
 ParOldGen       total 84992K, used 3893K [0x0000000084e00000, 0x000000008a100000, 0x00000000d6f80000)
  object space 84992K, 4% used [0x0000000084e00000,0x00000000851cd6f8,0x000000008a100000)
 Metaspace       used 13741K, capacity 14102K, committed 14336K, reserved 1062912K
  class space    used 1647K, capacity 1769K, committed 1792K, reserved 1048576K

Card table byte_map: [0x00007f9bfe167000,0x00007f9bfe541000] byte_map_base: 0x00007f9bfdd40000

Marking Bits: (ParMarkBitMap*) 0x00007f9c00d140a0
 Begin Bits: [0x00007f9be0270000, 0x00007f9be2138000)
 End Bits:   [0x00007f9be2138000, 0x00007f9be4000000)

Polling page: 0x00007f9c0198f000

CodeCache: size=245760Kb used=7590Kb max_used=7602Kb free=238169Kb
 bounds [0x00007f9be9000000, 0x00007f9be9780000, 0x00007f9bf8000000]
 total_blobs=2527 nmethods=2194 adapters=246
 compilation: enabled

Compilation events (10 events):
Event: 2,104 Thread 0x00007f9bf80c9000 nmethod 2197 0x00007f9be9742fd0 code [0x00007f9be9743120, 0x00007f9be9743290]
Event: 2,105 Thread 0x00007f9bf80c2800 nmethod 2103 0x00007f9be974c9d0 code [0x00007f9be974cb60, 0x00007f9be974d538]
Event: 2,105 Thread 0x00007f9bf80c2800 2195       4       java.util.WeakHashMap::get (77 bytes)
Event: 2,106 Thread 0x00007f9bf80c7000 nmethod 2183 0x00007f9be9750390 code [0x00007f9be9750640, 0x00007f9be9751970]
Event: 2,106 Thread 0x00007f9bf80c7000 2184       4       org.codehaus.plexus.interpolation.util.StringUtils::capitalizeFirstLetter (39 bytes)
Event: 2,108 Thread 0x00007f9bf80c2800 nmethod 2195 0x00007f9be97429d0 code [0x00007f9be9742b40, 0x00007f9be9742d48]
Event: 2,108 Thread 0x00007f9bf80c2800 2185       4       java.lang.CharacterDataLatin1::toTitleCase (6 bytes)
Event: 2,109 Thread 0x00007f9bf80c2800 nmethod 2185 0x00007f9be974e8d0 code [0x00007f9be974ea20, 0x00007f9be974eaf8]
Event: 2,109 Thread 0x00007f9bf80c2800 2189       4       java.util.LinkedHashMap$LinkedKeyIterator::next (8 bytes)
Event: 2,110 Thread 0x00007f9bf80c2800 nmethod 2189 0x00007f9be974e590 code [0x00007f9be974e6e0, 0x00007f9be974e7b8]

GC Heap History (7 events):
Event: 0,681 GC heap before
{Heap before GC invocations=1 (full 0):
 PSYoungGen      total 36864K, used 31744K [0x00000000d6f80000, 0x00000000d9880000, 0x0000000100000000)
  eden space 31744K, 100% used [0x00000000d6f80000,0x00000000d8e80000,0x00000000d8e80000)
  from space 5120K, 0% used [0x00000000d9380000,0x00000000d9380000,0x00000000d9880000)
  to   space 5120K, 0% used [0x00000000d8e80000,0x00000000d8e80000,0x00000000d9380000)
 ParOldGen       total 84992K, used 0K [0x0000000084e00000, 0x000000008a100000, 0x00000000d6f80000)
  object space 84992K, 0% used [0x0000000084e00000,0x0000000084e00000,0x000000008a100000)
 Metaspace       used 7851K, capacity 8020K, committed 8320K, reserved 1056768K
  class space    used 987K, capacity 1054K, committed 1152K, reserved 1048576K
Event: 0,684 GC heap after
Heap after GC invocations=1 (full 0):
 PSYoungGen      total 36864K, used 4696K [0x00000000d6f80000, 0x00000000d9880000, 0x0000000100000000)
  eden space 31744K, 0% used [0x00000000d6f80000,0x00000000d6f80000,0x00000000d8e80000)
  from space 5120K, 91% used [0x00000000d8e80000,0x00000000d9316080,0x00000000d9380000)
  to   space 5120K, 0% used [0x00000000d9380000,0x00000000d9380000,0x00000000d9880000)
 ParOldGen       total 84992K, used 16K [0x0000000084e00000, 0x000000008a100000, 0x00000000d6f80000)
  object space 84992K, 0% used [0x0000000084e00000,0x0000000084e04000,0x000000008a100000)
 Metaspace       used 7851K, capacity 8020K, committed 8320K, reserved 1056768K
  class space    used 987K, capacity 1054K, committed 1152K, reserved 1048576K
}
Event: 1,228 GC heap before
{Heap before GC invocations=2 (full 0):
 PSYoungGen      total 36864K, used 36440K [0x00000000d6f80000, 0x00000000d9880000, 0x0000000100000000)
  eden space 31744K, 100% used [0x00000000d6f80000,0x00000000d8e80000,0x00000000d8e80000)
  from space 5120K, 91% used [0x00000000d8e80000,0x00000000d9316080,0x00000000d9380000)
  to   space 5120K, 0% used [0x00000000d9380000,0x00000000d9380000,0x00000000d9880000)
 ParOldGen       total 84992K, used 16K [0x0000000084e00000, 0x000000008a100000, 0x00000000d6f80000)
  object space 84992K, 0% used [0x0000000084e00000,0x0000000084e04000,0x000000008a100000)
 Metaspace       used 13098K, capacity 13492K, committed 13824K, reserved 1060864K
  class space    used 1613K, capacity 1726K, committed 1792K, reserved 1048576K
Event: 1,234 GC heap after
Heap after GC invocations=2 (full 0):
 PSYoungGen      total 36864K, used 5110K [0x00000000d6f80000, 0x00000000d9880000, 0x0000000100000000)
  eden space 31744K, 0% used [0x00000000d6f80000,0x00000000d6f80000,0x00000000d8e80000)
  from space 5120K, 99% used [0x00000000d9380000,0x00000000d987da58,0x00000000d9880000)
  to   space 5120K, 0% used [0x00000000d8e80000,0x00000000d8e80000,0x00000000d9380000)
 ParOldGen       total 84992K, used 1754K [0x0000000084e00000, 0x000000008a100000, 0x00000000d6f80000)
  object space 84992K, 2% used [0x0000000084e00000,0x0000000084fb69b8,0x000000008a100000)
 Metaspace       used 13098K, capacity 13492K, committed 13824K, reserved 1060864K
  class space    used 1613K, capacity 1726K, committed 1792K, reserved 1048576K
}
Event: 1,533 GC heap before
{Heap before GC invocations=3 (full 0):
 PSYoungGen      total 36864K, used 36854K [0x00000000d6f80000, 0x00000000d9880000, 0x0000000100000000)
  eden space 31744K, 100% used [0x00000000d6f80000,0x00000000d8e80000,0x00000000d8e80000)
  from space 5120K, 99% used [0x00000000d9380000,0x00000000d987da58,0x00000000d9880000)
  to   space 5120K, 0% used [0x00000000d8e80000,0x00000000d8e80000,0x00000000d9380000)
 ParOldGen       total 84992K, used 1754K [0x0000000084e00000, 0x000000008a100000, 0x00000000d6f80000)
  object space 84992K, 2% used [0x0000000084e00000,0x0000000084fb69b8,0x000000008a100000)
 Metaspace       used 13570K, capacity 13944K, committed 14080K, reserved 1060864K
  class space    used 1643K, capacity 1764K, committed 1792K, reserved 1048576K
Event: 1,537 GC heap after
Heap after GC invocations=3 (full 0):
 PSYoungGen      total 36864K, used 5120K [0x00000000d6f80000, 0x00000000d9880000, 0x0000000100000000)
  eden space 31744K, 0% used [0x00000000d6f80000,0x00000000d6f80000,0x00000000d8e80000)
  from space 5120K, 100% used [0x00000000d8e80000,0x00000000d9380000,0x00000000d9380000)
  to   space 5120K, 0% used [0x00000000d9380000,0x00000000d9380000,0x00000000d9880000)
 ParOldGen       total 84992K, used 2445K [0x0000000084e00000, 0x000000008a100000, 0x00000000d6f80000)
  object space 84992K, 2% used [0x0000000084e00000,0x00000000850636f8,0x000000008a100000)
 Metaspace       used 13570K, capacity 13944K, committed 14080K, reserved 1060864K
  class space    used 1643K, capacity 1764K, committed 1792K, reserved 1048576K
}
Event: 2,113 GC heap before
{Heap before GC invocations=4 (full 0):
 PSYoungGen      total 36864K, used 36864K [0x00000000d6f80000, 0x00000000d9880000, 0x0000000100000000)
  eden space 31744K, 100% used [0x00000000d6f80000,0x00000000d8e80000,0x00000000d8e80000)
  from space 5120K, 100% used [0x00000000d8e80000,0x00000000d9380000,0x00000000d9380000)
  to   space 5120K, 0% used [0x00000000d9380000,0x00000000d9380000,0x00000000d9880000)
 ParOldGen       total 84992K, used 2445K [0x0000000084e00000, 0x000000008a100000, 0x00000000d6f80000)
  object space 84992K, 2% used [0x0000000084e00000,0x00000000850636f8,0x000000008a100000)
 Metaspace       used 13741K, capacity 14102K, committed 14336K, reserved 1062912K
  class space    used 1647K, capacity 1769K, committed 1792K, reserved 1048576K

Deoptimization events (10 events):
Event: 1,626 Thread 0x00007f9bf800b800 Uncommon trap: reason=speculate_class_check action=maybe_recompile pc=0x00007f9be96de4dc method=java.nio.charset.CharsetDecoder.decode(Ljava/nio/ByteBuffer;Ljava/nio/CharBuffer;Z)Ljava/nio/charset/CoderResult; @ 57
Event: 1,626 Thread 0x00007f9bf800b800 Uncommon trap: reason=speculate_class_check action=maybe_recompile pc=0x00007f9be96de4dc method=java.nio.charset.CharsetDecoder.decode(Ljava/nio/ByteBuffer;Ljava/nio/CharBuffer;Z)Ljava/nio/charset/CoderResult; @ 57
Event: 1,626 Thread 0x00007f9bf800b800 Uncommon trap: reason=speculate_class_check action=maybe_recompile pc=0x00007f9be96de4dc method=java.nio.charset.CharsetDecoder.decode(Ljava/nio/ByteBuffer;Ljava/nio/CharBuffer;Z)Ljava/nio/charset/CoderResult; @ 57
Event: 1,626 Thread 0x00007f9bf800b800 Uncommon trap: reason=speculate_class_check action=maybe_recompile pc=0x00007f9be96de4dc method=java.nio.charset.CharsetDecoder.decode(Ljava/nio/ByteBuffer;Ljava/nio/CharBuffer;Z)Ljava/nio/charset/CoderResult; @ 57
Event: 1,706 Thread 0x00007f9bf800b800 Uncommon trap: reason=class_check action=maybe_recompile pc=0x00007f9be96bc9b8 method=org.codehaus.plexus.interpolation.MapBasedValueSource.getValue(Ljava/lang/String;)Ljava/lang/Object; @ 16
Event: 1,708 Thread 0x00007f9bf800b800 Uncommon trap: reason=class_check action=maybe_recompile pc=0x00007f9be96bc9b8 method=org.codehaus.plexus.interpolation.MapBasedValueSource.getValue(Ljava/lang/String;)Ljava/lang/Object; @ 16
Event: 1,958 Thread 0x00007f9bf800b800 Uncommon trap: reason=bimorphic action=maybe_recompile pc=0x00007f9be95ad514 method=java.util.regex.Pattern$Curly.match0(Ljava/util/regex/Matcher;IILjava/lang/CharSequence;)Z @ 170
Event: 1,965 Thread 0x00007f9bf800b800 Uncommon trap: reason=bimorphic action=maybe_recompile pc=0x00007f9be95ad514 method=java.util.regex.Pattern$Curly.match0(Ljava/util/regex/Matcher;IILjava/lang/CharSequence;)Z @ 170
Event: 2,068 Thread 0x00007f9bf800b800 Uncommon trap: reason=bimorphic action=maybe_recompile pc=0x00007f9be95ad514 method=java.util.regex.Pattern$Curly.match0(Ljava/util/regex/Matcher;IILjava/lang/CharSequence;)Z @ 170
Event: 2,070 Thread 0x00007f9bf800b800 Uncommon trap: reason=bimorphic action=maybe_recompile pc=0x00007f9be95ad514 method=java.util.regex.Pattern$Curly.match0(Ljava/util/regex/Matcher;IILjava/lang/CharSequence;)Z @ 170

Classes redefined (0 events):
No events

Internal exceptions (10 events):
Event: 0,572 Thread 0x00007f9bf800b800 Exception <a 'java/lang/ArrayIndexOutOfBoundsException'> (0x00000000d88be3e8) thrown at [/HUDSON/workspace/8-2-build-linux-amd64/jdk8u181/11358/hotspot/src/share/vm/runtime/sharedRuntime.cpp, line 605]
Event: 0,572 Thread 0x00007f9bf800b800 Exception <a 'java/lang/ArrayIndexOutOfBoundsException'> (0x00000000d88c0090) thrown at [/HUDSON/workspace/8-2-build-linux-amd64/jdk8u181/11358/hotspot/src/share/vm/runtime/sharedRuntime.cpp, line 605]
Event: 0,663 Thread 0x00007f9bf800b800 Exception <a 'java/lang/NoClassDefFoundError': org/slf4j/Logger> (0x00000000d8dbae40) thrown at [/HUDSON/workspace/8-2-build-linux-amd64/jdk8u181/11358/hotspot/src/share/vm/classfile/systemDictionary.cpp, line 199]
Event: 0,721 Thread 0x00007f9bf800b800 Exception <a 'java/lang/NoClassDefFoundError': org/slf4j/LoggerFactory> (0x00000000d719cf48) thrown at [/HUDSON/workspace/8-2-build-linux-amd64/jdk8u181/11358/hotspot/src/share/vm/classfile/systemDictionary.cpp, line 199]
Event: 0,721 Thread 0x00007f9bf800b800 Exception <a 'java/lang/NoClassDefFoundError'> (0x00000000d719cf48) thrown at [/HUDSON/workspace/8-2-build-linux-amd64/jdk8u181/11358/hotspot/src/share/vm/oops/instanceKlass.cpp, line 959]
Event: 1,024 Thread 0x00007f9bf800b800 Exception <a 'java/lang/NoSuchFieldError': method resolution failed> (0x00000000d85dbb10) thrown at [/HUDSON/workspace/8-2-build-linux-amd64/jdk8u181/11358/hotspot/src/share/vm/prims/methodHandles.cpp, line 1167]
Event: 1,026 Thread 0x00007f9bf800b800 Exception <a 'java/lang/NoSuchFieldError': method resolution failed> (0x00000000d85e9418) thrown at [/HUDSON/workspace/8-2-build-linux-amd64/jdk8u181/11358/hotspot/src/share/vm/prims/methodHandles.cpp, line 1167]
Event: 1,244 Thread 0x00007f9bf800b800 Implicit null exception at 0x00007f9be93c88b5 to 0x00007f9be93c8a99
Event: 1,245 Thread 0x00007f9bf800b800 Implicit null exception at 0x00007f9be939c698 to 0x00007f9be939c726
Event: 1,309 Thread 0x00007f9bf800b800 Implicit null exception at 0x00007f9be94d7f7e to 0x00007f9be94d8299

Events (10 events):
Event: 1,965 Thread 0x00007f9bf800b800 Uncommon trap: trap_request=0xffffffc6 fr.pc=0x00007f9be95ad514
Event: 1,965 Thread 0x00007f9bf800b800 DEOPT PACKING pc=0x00007f9be95ad514 sp=0x00007f9c019741d0
Event: 1,965 Thread 0x00007f9bf800b800 DEOPT UNPACKING pc=0x00007f9be904573a sp=0x00007f9c01974168 mode 2
Event: 2,068 Thread 0x00007f9bf800b800 Uncommon trap: trap_request=0xffffffc6 fr.pc=0x00007f9be95ad514
Event: 2,068 Thread 0x00007f9bf800b800 DEOPT PACKING pc=0x00007f9be95ad514 sp=0x00007f9c01974570
Event: 2,068 Thread 0x00007f9bf800b800 DEOPT UNPACKING pc=0x00007f9be904573a sp=0x00007f9c01974508 mode 2
Event: 2,070 Thread 0x00007f9bf800b800 Uncommon trap: trap_request=0xffffffc6 fr.pc=0x00007f9be95ad514
Event: 2,073 Thread 0x00007f9bf800b800 DEOPT PACKING pc=0x00007f9be95ad514 sp=0x00007f9c01974580
Event: 2,073 Thread 0x00007f9bf800b800 DEOPT UNPACKING pc=0x00007f9be904573a sp=0x00007f9c01974518 mode 2
Event: 2,111 Executing VM operation: ParallelGCFailedAllocation


Dynamic libraries:
00400000-00401000 r-xp 00000000 08:05 1318586                            /usr/lib/jvm/java-8-oracle/bin/java
00600000-00601000 rw-p 00000000 08:05 1318586                            /usr/lib/jvm/java-8-oracle/bin/java
0213b000-0215c000 rw-p 00000000 00:00 0                                  [heap]
84e00000-8a100000 rw-p 00000000 00:00 0 
8a100000-d6f80000 ---p 00000000 00:00 0 
d6f80000-d9880000 rw-p 00000000 00:00 0 
db780000-100000000 ---p 00000000 00:00 0 
100000000-1001c0000 rw-p 00000000 00:00 0 
1001c0000-140000000 ---p 00000000 00:00 0 
7f9b84000000-7f9b84021000 rw-p 00000000 00:00 0 
7f9b84021000-7f9b88000000 ---p 00000000 00:00 0 
7f9b8c000000-7f9b8c021000 rw-p 00000000 00:00 0 
7f9b8c021000-7f9b90000000 ---p 00000000 00:00 0 
7f9b90000000-7f9b90021000 rw-p 00000000 00:00 0 
7f9b90021000-7f9b94000000 ---p 00000000 00:00 0 
7f9b94000000-7f9b94999000 rw-p 00000000 00:00 0 
7f9b94999000-7f9b98000000 ---p 00000000 00:00 0 
7f9b98000000-7f9b98735000 rw-p 00000000 00:00 0 
7f9b98735000-7f9b9c000000 ---p 00000000 00:00 0 
7f9b9c000000-7f9b9c4ef000 rw-p 00000000 00:00 0 
7f9b9c4ef000-7f9ba0000000 ---p 00000000 00:00 0 
7f9ba0000000-7f9ba0b0b000 rw-p 00000000 00:00 0 
7f9ba0b0b000-7f9ba4000000 ---p 00000000 00:00 0 
7f9ba4000000-7f9ba4021000 rw-p 00000000 00:00 0 
7f9ba4021000-7f9ba8000000 ---p 00000000 00:00 0 
7f9ba8000000-7f9ba8021000 rw-p 00000000 00:00 0 
7f9ba8021000-7f9bac000000 ---p 00000000 00:00 0 
7f9bac000000-7f9bac295000 rw-p 00000000 00:00 0 
7f9bac295000-7f9bb0000000 ---p 00000000 00:00 0 
7f9bb0000000-7f9bb0021000 rw-p 00000000 00:00 0 
7f9bb0021000-7f9bb4000000 ---p 00000000 00:00 0 
7f9bb4000000-7f9bb4021000 rw-p 00000000 00:00 0 
7f9bb4021000-7f9bb8000000 ---p 00000000 00:00 0 
7f9bb8000000-7f9bb8021000 rw-p 00000000 00:00 0 
7f9bb8021000-7f9bbc000000 ---p 00000000 00:00 0 
7f9bbc000000-7f9bbc021000 rw-p 00000000 00:00 0 
7f9bbc021000-7f9bc0000000 ---p 00000000 00:00 0 
7f9bc4000000-7f9bc4021000 rw-p 00000000 00:00 0 
7f9bc4021000-7f9bc8000000 ---p 00000000 00:00 0 
7f9bcc000000-7f9bcc021000 rw-p 00000000 00:00 0 
7f9bcc021000-7f9bd0000000 ---p 00000000 00:00 0 
7f9bd0fff000-7f9bd4000000 rw-p 00000000 00:00 0 
7f9bd4000000-7f9bd4021000 rw-p 00000000 00:00 0 
7f9bd4021000-7f9bd8000000 ---p 00000000 00:00 0 
7f9bd9f88000-7f9bd9f8f000 r--s 00000000 08:05 1575539                    /usr/lib/x86_64-linux-gnu/gconv/gconv-modules.cache
7f9bd9f8f000-7f9bd9fb5000 r--p 00000000 08:05 2100200                    /usr/share/locale-langpack/fr/LC_MESSAGES/libc.mo
7f9bd9fb5000-7f9bd9ff5000 rw-p 00000000 00:00 0 
7f9bd9ff5000-7f9bda1b5000 ---p 00000000 00:00 0 
7f9bda1b5000-7f9bda1c6000 r-xp 00000000 08:05 1454638                    /usr/lib/jvm/java-8-oracle/jre/lib/amd64/libnio.so
7f9bda1c6000-7f9bda3c5000 ---p 00011000 08:05 1454638                    /usr/lib/jvm/java-8-oracle/jre/lib/amd64/libnio.so
7f9bda3c5000-7f9bda3c6000 rw-p 00010000 08:05 1454638                    /usr/lib/jvm/java-8-oracle/jre/lib/amd64/libnio.so
7f9bda3c6000-7f9bda3dc000 r-xp 00000000 08:05 1454635                    /usr/lib/jvm/java-8-oracle/jre/lib/amd64/libnet.so
7f9bda3dc000-7f9bda5dc000 ---p 00016000 08:05 1454635                    /usr/lib/jvm/java-8-oracle/jre/lib/amd64/libnet.so
7f9bda5dc000-7f9bda5dd000 rw-p 00016000 08:05 1454635                    /usr/lib/jvm/java-8-oracle/jre/lib/amd64/libnet.so
7f9bda5dd000-7f9bda5e0000 ---p 00000000 00:00 0 
7f9bda5e0000-7f9bda816000 rw-p 00000000 00:00 0 
7f9bda816000-7f9bda81b000 r--s 0009d000 08:05 1327778                    /usr/lib/jvm/java-8-oracle/jre/lib/jsse.jar
7f9bda81b000-7f9bdaa1b000 rw-p 00000000 00:00 0 
7f9bdaa1b000-7f9bdaa25000 r--s 00116000 08:05 1449280                    /usr/lib/jvm/java-8-oracle/jre/lib/ext/localedata.jar
7f9bdaa25000-7f9bdaa26000 ---p 00000000 00:00 0 
7f9bdaa26000-7f9bdab26000 rw-p 00000000 00:00 0 
7f9bdab26000-7f9bdab29000 ---p 00000000 00:00 0 
7f9bdab29000-7f9bdac27000 rw-p 00000000 00:00 0 
7f9bdac27000-7f9bdac28000 ---p 00000000 00:00 0 
7f9bdac28000-7f9bdac2b000 ---p 00000000 00:00 0 
7f9bdac2b000-7f9bdad28000 rw-p 00000000 00:00 0 
7f9bdad28000-7f9bdad29000 ---p 00000000 00:00 0 
7f9bdad29000-7f9bdad2c000 ---p 00000000 00:00 0 
7f9bdad2c000-7f9bdae29000 rw-p 00000000 00:00 0 
7f9bdae29000-7f9bdae2a000 ---p 00000000 00:00 0 
7f9bdae2a000-7f9bdae2d000 ---p 00000000 00:00 0 
7f9bdae2d000-7f9bdaf2a000 rw-p 00000000 00:00 0 
7f9bdaf2a000-7f9bdaf2b000 ---p 00000000 00:00 0 
7f9bdaf2b000-7f9bdaf2e000 ---p 00000000 00:00 0 
7f9bdaf2e000-7f9bdb02b000 rw-p 00000000 00:00 0 
7f9bdb02b000-7f9bdb02e000 ---p 00000000 00:00 0 
7f9bdb02e000-7f9bdb12c000 rw-p 00000000 00:00 0 
7f9bdb12c000-7f9bdbafb000 r--p 00000000 08:05 1317582                    /usr/lib/locale/locale-archive
7f9bdbafb000-7f9bdbafe000 ---p 00000000 00:00 0 
7f9bdbafe000-7f9bdbbfc000 rw-p 00000000 00:00 0 
7f9bdbbfc000-7f9bdbbff000 ---p 00000000 00:00 0 
7f9bdbbff000-7f9bdbcfd000 rw-p 00000000 00:00 0 
7f9bdbcfd000-7f9bdbcfe000 ---p 00000000 00:00 0 
7f9bdbcfe000-7f9bdc000000 rw-p 00000000 00:00 0 
7f9bdc000000-7f9bdc021000 rw-p 00000000 00:00 0 
7f9bdc021000-7f9be0000000 ---p 00000000 00:00 0 
7f9be0001000-7f9be0002000 r--p 00000000 00:00 0 
7f9be0002000-7f9be0004000 r--s 0000d000 08:05 7343406                    /home/nduwayo/netbeans-8.2/java/maven-nblib/netbeans-eventspy.jar
7f9be0004000-7f9be0020000 r--s 00393000 08:05 1449273                    /usr/lib/jvm/java-8-oracle/jre/lib/ext/cldrdata.jar
7f9be0020000-7f9be003f000 r--s 00154000 08:05 7343424                    /home/nduwayo/netbeans-8.2/java/maven/lib/sisu-guava-0.9.9.jar
7f9be003f000-7f9be006e000 r--s 001c8000 08:05 7343384                    /home/nduwayo/netbeans-8.2/java/maven/lib/wagon-http-2.10-shaded.jar
7f9be006e000-7f9be4000000 rw-p 00000000 00:00 0 
7f9be4000000-7f9be4021000 rw-p 00000000 00:00 0 
7f9be4021000-7f9be8000000 ---p 00000000 00:00 0 
7f9be8000000-7f9be8002000 r--s 0000c000 08:05 7343318                    /home/nduwayo/netbeans-8.2/java/maven/lib/maven-aether-provider-3.0.5.jar
7f9be8002000-7f9be8005000 r--s 00008000 08:05 7343305                    /home/nduwayo/netbeans-8.2/java/maven/lib/maven-settings-builder-3.0.5.jar
7f9be8005000-7f9be8006000 r--s 00006000 08:05 7343348                    /home/nduwayo/netbeans-8.2/java/maven/lib/plexus-sec-dispatcher-1.3.jar
7f9be8006000-7f9be8008000 r--s 00006000 08:05 7343285                    /home/nduwayo/netbeans-8.2/java/maven/lib/aether-connector-wagon-1.13.1.jar
7f9be8008000-7f9be800a000 r--s 00006000 08:05 7343230                    /home/nduwayo/netbeans-8.2/java/maven/lib/maven-repository-metadata-3.0.5.jar
7f9be800a000-7f9be8012000 r--s 00050000 08:05 7343372                    /home/nduwayo/netbeans-8.2/java/maven/lib/sisu-guice-3.1.0-no_aop.jar
7f9be8012000-7f9be8016000 r--s 00021000 08:05 7343347                    /home/nduwayo/netbeans-8.2/java/maven/lib/maven-model-builder-3.0.5.jar
7f9be8016000-7f9be801d000 r--s 0002b000 08:05 7343364                    /home/nduwayo/netbeans-8.2/java/maven/lib/sisu-inject-plexus-2.3.0.jar
7f9be801d000-7f9be801f000 r--s 0000a000 08:05 7343399                    /home/nduwayo/netbeans-8.2/java/maven/lib/maven-settings-3.0.5.jar
7f9be801f000-7f9be802b000 r--s 0007d000 08:05 7343423                    /home/nduwayo/netbeans-8.2/java/maven/lib/maven-core-3.0.5.jar
7f9be802b000-7f9be9000000 rw-p 00000000 00:00 0 
7f9be9000000-7f9be9780000 rwxp 00000000 00:00 0 
7f9be9780000-7f9bf8000000 ---p 00000000 00:00 0 
7f9bf8000000-7f9bf895f000 rw-p 00000000 00:00 0 
7f9bf895f000-7f9bfc000000 ---p 00000000 00:00 0 
7f9bfc000000-7f9bfc004000 r--s 00033000 08:05 7343409                    /home/nduwayo/netbeans-8.2/java/maven/lib/plexus-utils-2.0.6.jar
7f9bfc004000-7f9bfc006000 r--s 0000b000 08:05 7343373                    /home/nduwayo/netbeans-8.2/java/maven/lib/wagon-provider-api-2.10.jar
7f9bfc006000-7f9bfc008000 r--s 0000b000 08:05 7343397                    /home/nduwayo/netbeans-8.2/java/maven/lib/maven-artifact-3.0.5.jar
7f9bfc008000-7f9bfc00c000 r--s 0001c000 08:05 7343411                    /home/nduwayo/netbeans-8.2/java/maven/lib/aether-util-1.13.1.jar
7f9bfc00c000-7f9bfc8a5000 rw-p 00000000 00:00 0 
7f9bfc8a5000-7f9bfca7f000 r--s 03d6b000 08:05 1327773                    /usr/lib/jvm/java-8-oracle/jre/lib/rt.jar
7f9bfca7f000-7f9bfd6ce000 rw-p 00000000 00:00 0 
7f9bfd6ce000-7f9bfd6cf000 ---p 00000000 00:00 0 
7f9bfd6cf000-7f9bfd7cf000 rw-p 00000000 00:00 0 
7f9bfd7cf000-7f9bfd7d0000 ---p 00000000 00:00 0 
7f9bfd7d0000-7f9bfd8d0000 rw-p 00000000 00:00 0 
7f9bfd8d0000-7f9bfd8d1000 ---p 00000000 00:00 0 
7f9bfd8d1000-7f9bfd9d1000 rw-p 00000000 00:00 0 
7f9bfd9d1000-7f9bfd9d2000 ---p 00000000 00:00 0 
7f9bfd9d2000-7f9bfdad2000 rw-p 00000000 00:00 0 
7f9bfdad2000-7f9bfdad3000 ---p 00000000 00:00 0 
7f9bfdad3000-7f9bfdbd3000 rw-p 00000000 00:00 0 
7f9bfdbd3000-7f9bfdbd4000 ---p 00000000 00:00 0 
7f9bfdbd4000-7f9bfdcd4000 rw-p 00000000 00:00 0 
7f9bfdcd4000-7f9bfdcd5000 ---p 00000000 00:00 0 
7f9bfdcd5000-7f9bfddd5000 rw-p 00000000 00:00 0 
7f9bfddd5000-7f9bfddd6000 ---p 00000000 00:00 0 
7f9bfddd6000-7f9bfdf00000 rw-p 00000000 00:00 0 
7f9bfdf00000-7f9bfe167000 ---p 00000000 00:00 0 
7f9bfe167000-7f9bfe191000 rw-p 00000000 00:00 0 
7f9bfe191000-7f9bfe3f7000 ---p 00000000 00:00 0 
7f9bfe3f7000-7f9bfe40d000 rw-p 00000000 00:00 0 
7f9bfe40d000-7f9bfe540000 ---p 00000000 00:00 0 
7f9bfe540000-7f9bfe55f000 rw-p 00000000 00:00 0 
7f9bfe55f000-7f9bfe901000 ---p 00000000 00:00 0 
7f9bfe901000-7f9bfe91c000 r-xp 00000000 08:05 1454631                    /usr/lib/jvm/java-8-oracle/jre/lib/amd64/libzip.so
7f9bfe91c000-7f9bfeb1c000 ---p 0001b000 08:05 1454631                    /usr/lib/jvm/java-8-oracle/jre/lib/amd64/libzip.so
7f9bfeb1c000-7f9bfeb1d000 rw-p 0001b000 08:05 1454631                    /usr/lib/jvm/java-8-oracle/jre/lib/amd64/libzip.so
7f9bfeb1d000-7f9bfeb28000 r-xp 00000000 08:05 8917721                    /lib/x86_64-linux-gnu/libnss_files-2.27.so
7f9bfeb28000-7f9bfed27000 ---p 0000b000 08:05 8917721                    /lib/x86_64-linux-gnu/libnss_files-2.27.so
7f9bfed27000-7f9bfed28000 r--p 0000a000 08:05 8917721                    /lib/x86_64-linux-gnu/libnss_files-2.27.so
7f9bfed28000-7f9bfed29000 rw-p 0000b000 08:05 8917721                    /lib/x86_64-linux-gnu/libnss_files-2.27.so
7f9bfed29000-7f9bfed2f000 rw-p 00000000 00:00 0 
7f9bfed2f000-7f9bfed46000 r-xp 00000000 08:05 8917715                    /lib/x86_64-linux-gnu/libnsl-2.27.so
7f9bfed46000-7f9bfef45000 ---p 00017000 08:05 8917715                    /lib/x86_64-linux-gnu/libnsl-2.27.so
7f9bfef45000-7f9bfef46000 r--p 00016000 08:05 8917715                    /lib/x86_64-linux-gnu/libnsl-2.27.so
7f9bfef46000-7f9bfef47000 rw-p 00017000 08:05 8917715                    /lib/x86_64-linux-gnu/libnsl-2.27.so
7f9bfef47000-7f9bfef49000 rw-p 00000000 00:00 0 
7f9bfef49000-7f9bfef54000 r-xp 00000000 08:05 8917732                    /lib/x86_64-linux-gnu/libnss_nis-2.27.so
7f9bfef54000-7f9bff153000 ---p 0000b000 08:05 8917732                    /lib/x86_64-linux-gnu/libnss_nis-2.27.so
7f9bff153000-7f9bff154000 r--p 0000a000 08:05 8917732                    /lib/x86_64-linux-gnu/libnss_nis-2.27.so
7f9bff154000-7f9bff155000 rw-p 0000b000 08:05 8917732                    /lib/x86_64-linux-gnu/libnss_nis-2.27.so
7f9bff155000-7f9bff15d000 r-xp 00000000 08:05 8917717                    /lib/x86_64-linux-gnu/libnss_compat-2.27.so
7f9bff15d000-7f9bff35d000 ---p 00008000 08:05 8917717                    /lib/x86_64-linux-gnu/libnss_compat-2.27.so
7f9bff35d000-7f9bff35e000 r--p 00008000 08:05 8917717                    /lib/x86_64-linux-gnu/libnss_compat-2.27.so
7f9bff35e000-7f9bff35f000 rw-p 00009000 08:05 8917717                    /lib/x86_64-linux-gnu/libnss_compat-2.27.so
7f9bff35f000-7f9bff38a000 r-xp 00000000 08:05 1454625                    /usr/lib/jvm/java-8-oracle/jre/lib/amd64/libjava.so
7f9bff38a000-7f9bff589000 ---p 0002b000 08:05 1454625                    /usr/lib/jvm/java-8-oracle/jre/lib/amd64/libjava.so
7f9bff589000-7f9bff58b000 rw-p 0002a000 08:05 1454625                    /usr/lib/jvm/java-8-oracle/jre/lib/amd64/libjava.so
7f9bff58b000-7f9bff598000 r-xp 00000000 08:05 1454630                    /usr/lib/jvm/java-8-oracle/jre/lib/amd64/libverify.so
7f9bff598000-7f9bff798000 ---p 0000d000 08:05 1454630                    /usr/lib/jvm/java-8-oracle/jre/lib/amd64/libverify.so
7f9bff798000-7f9bff79a000 rw-p 0000d000 08:05 1454630                    /usr/lib/jvm/java-8-oracle/jre/lib/amd64/libverify.so
7f9bff79a000-7f9bff7a1000 r-xp 00000000 08:05 8917772                    /lib/x86_64-linux-gnu/librt-2.27.so
7f9bff7a1000-7f9bff9a0000 ---p 00007000 08:05 8917772                    /lib/x86_64-linux-gnu/librt-2.27.so
7f9bff9a0000-7f9bff9a1000 r--p 00006000 08:05 8917772                    /lib/x86_64-linux-gnu/librt-2.27.so
7f9bff9a1000-7f9bff9a2000 rw-p 00007000 08:05 8917772                    /lib/x86_64-linux-gnu/librt-2.27.so
7f9bff9a2000-7f9bffb3f000 r-xp 00000000 08:05 8917694                    /lib/x86_64-linux-gnu/libm-2.27.so
7f9bffb3f000-7f9bffd3e000 ---p 0019d000 08:05 8917694                    /lib/x86_64-linux-gnu/libm-2.27.so
7f9bffd3e000-7f9bffd3f000 r--p 0019c000 08:05 8917694                    /lib/x86_64-linux-gnu/libm-2.27.so
7f9bffd3f000-7f9bffd40000 rw-p 0019d000 08:05 8917694                    /lib/x86_64-linux-gnu/libm-2.27.so
7f9bffd40000-7f9c00a1c000 r-xp 00000000 08:05 1454607                    /usr/lib/jvm/java-8-oracle/jre/lib/amd64/server/libjvm.so
7f9c00a1c000-7f9c00c1c000 ---p 00cdc000 08:05 1454607                    /usr/lib/jvm/java-8-oracle/jre/lib/amd64/server/libjvm.so
7f9c00c1c000-7f9c00cf6000 rw-p 00cdc000 08:05 1454607                    /usr/lib/jvm/java-8-oracle/jre/lib/amd64/server/libjvm.so
7f9c00cf6000-7f9c00d41000 rw-p 00000000 00:00 0 
7f9c00d41000-7f9c00f28000 r-xp 00000000 08:05 8917631                    /lib/x86_64-linux-gnu/libc-2.27.so
7f9c00f28000-7f9c01128000 ---p 001e7000 08:05 8917631                    /lib/x86_64-linux-gnu/libc-2.27.so
7f9c01128000-7f9c0112c000 r--p 001e7000 08:05 8917631                    /lib/x86_64-linux-gnu/libc-2.27.so
7f9c0112c000-7f9c0112e000 rw-p 001eb000 08:05 8917631                    /lib/x86_64-linux-gnu/libc-2.27.so
7f9c0112e000-7f9c01132000 rw-p 00000000 00:00 0 
7f9c01132000-7f9c01135000 r-xp 00000000 08:05 8917654                    /lib/x86_64-linux-gnu/libdl-2.27.so
7f9c01135000-7f9c01334000 ---p 00003000 08:05 8917654                    /lib/x86_64-linux-gnu/libdl-2.27.so
7f9c01334000-7f9c01335000 r--p 00002000 08:05 8917654                    /lib/x86_64-linux-gnu/libdl-2.27.so
7f9c01335000-7f9c01336000 rw-p 00003000 08:05 8917654                    /lib/x86_64-linux-gnu/libdl-2.27.so
7f9c01336000-7f9c0134c000 r-xp 00000000 08:05 1327643                    /usr/lib/jvm/java-8-oracle/lib/amd64/jli/libjli.so
7f9c0134c000-7f9c0154b000 ---p 00016000 08:05 1327643                    /usr/lib/jvm/java-8-oracle/lib/amd64/jli/libjli.so
7f9c0154b000-7f9c0154c000 rw-p 00015000 08:05 1327643                    /usr/lib/jvm/java-8-oracle/lib/amd64/jli/libjli.so
7f9c0154c000-7f9c01566000 r-xp 00000000 08:05 8917764                    /lib/x86_64-linux-gnu/libpthread-2.27.so
7f9c01566000-7f9c01765000 ---p 0001a000 08:05 8917764                    /lib/x86_64-linux-gnu/libpthread-2.27.so
7f9c01765000-7f9c01766000 r--p 00019000 08:05 8917764                    /lib/x86_64-linux-gnu/libpthread-2.27.so
7f9c01766000-7f9c01767000 rw-p 0001a000 08:05 8917764                    /lib/x86_64-linux-gnu/libpthread-2.27.so
7f9c01767000-7f9c0176b000 rw-p 00000000 00:00 0 
7f9c0176b000-7f9c01792000 r-xp 00000000 08:05 8917603                    /lib/x86_64-linux-gnu/ld-2.27.so
7f9c01792000-7f9c01793000 r--s 00002000 08:05 7343387                    /home/nduwayo/netbeans-8.2/java/maven/lib/wagon-http-shared-2.10.jar
7f9c01793000-7f9c01794000 r--s 00002000 08:05 7343426                    /home/nduwayo/netbeans-8.2/java/maven/lib/wagon-file-2.10.jar
7f9c01794000-7f9c01796000 r--s 00000000 08:05 7343119                    /home/nduwayo/netbeans-8.2/java/maven/lib/plexus-component-annotations-1.5.5.jar
7f9c01796000-7f9c01799000 r--s 0001d000 08:05 7343410                    /home/nduwayo/netbeans-8.2/java/maven/lib/aether-impl-1.13.1.jar
7f9c01799000-7f9c0179b000 r--s 00002000 08:05 7343416                    /home/nduwayo/netbeans-8.2/java/maven/lib/plexus-cipher-1.7.jar
7f9c0179b000-7f9c0179f000 r--s 00013000 08:05 7343417                    /home/nduwayo/netbeans-8.2/java/maven/lib/aether-api-1.13.1.jar
7f9c0179f000-7f9c017a1000 r--s 00026000 08:05 7343415                    /home/nduwayo/netbeans-8.2/java/maven/lib/maven-model-3.0.5.jar
7f9c017a1000-7f9c017a2000 r--s 00003000 08:05 7343418                    /home/nduwayo/netbeans-8.2/java/maven/lib/aether-spi-1.13.1.jar
7f9c017a2000-7f9c017a4000 r--s 0000b000 08:05 7343385                    /home/nduwayo/netbeans-8.2/java/maven/lib/maven-plugin-api-3.0.5.jar
7f9c017a4000-7f9c017a6000 r--s 00009000 08:05 7343427                    /home/nduwayo/netbeans-8.2/java/maven/lib/commons-cli-1.2.jar
7f9c017a6000-7f9c017ac000 r--s 0003f000 08:05 7343412                    /home/nduwayo/netbeans-8.2/java/maven/lib/maven-compat-3.0.5.jar
7f9c017ac000-7f9c01877000 rw-p 00000000 00:00 0 
7f9c01877000-7f9c01878000 ---p 00000000 00:00 0 
7f9c01878000-7f9c0187b000 ---p 00000000 00:00 0 
7f9c0187b000-7f9c0197a000 rw-p 00000000 00:00 0 
7f9c0197a000-7f9c0197c000 r--s 0000d000 08:05 7343349                    /home/nduwayo/netbeans-8.2/java/maven/lib/plexus-interpolation-1.14.jar
7f9c0197c000-7f9c01983000 r--s 0003f000 08:05 7343386                    /home/nduwayo/netbeans-8.2/java/maven/lib/sisu-inject-bean-2.3.0.jar
7f9c01983000-7f9c01984000 r--s 0000a000 08:05 7343398                    /home/nduwayo/netbeans-8.2/java/maven/lib/maven-embedder-3.0.5.jar
7f9c01984000-7f9c01986000 r--s 0000a000 08:05 7343375                    /home/nduwayo/netbeans-8.2/java/maven/boot/plexus-classworlds-2.4.jar
7f9c01986000-7f9c0198e000 rw-s 00000000 08:05 5641138                    /tmp/hsperfdata_nduwayo/29053
7f9c0198e000-7f9c0198f000 rw-p 00000000 00:00 0 
7f9c0198f000-7f9c01990000 ---p 00000000 00:00 0 
7f9c01990000-7f9c01992000 rw-p 00000000 00:00 0 
7f9c01992000-7f9c01993000 r--p 00027000 08:05 8917603                    /lib/x86_64-linux-gnu/ld-2.27.so
7f9c01993000-7f9c01994000 rw-p 00028000 08:05 8917603                    /lib/x86_64-linux-gnu/ld-2.27.so
7f9c01994000-7f9c01995000 rw-p 00000000 00:00 0 
7fff92eed000-7fff92f0e000 rw-p 00000000 00:00 0                          [stack]
7fff92f61000-7fff92f64000 r--p 00000000 00:00 0                          [vvar]
7fff92f64000-7fff92f66000 r-xp 00000000 00:00 0                          [vdso]
ffffffffff600000-ffffffffff601000 r-xp 00000000 00:00 0                  [vsyscall]

VM Arguments:
jvm_args: -Dclassworlds.conf=/home/nduwayo/netbeans-8.2/java/maven/bin/m2.conf -Dmaven.home=/home/nduwayo/netbeans-8.2/java/maven 
java_command: org.codehaus.plexus.classworlds.launcher.Launcher -Dexec.args=-classpath %classpath ApacheLivyBase -Dexec.executable=java -Dexec.classpathScope=runtime -Dmaven.ext.class.path=/home/nduwayo/netbeans-8.2/java/maven-nblib/netbeans-eventspy.jar org.codehaus.mojo:exec-maven-plugin:1.2.1:exec
java_class_path (initial): /home/nduwayo/netbeans-8.2/java/maven/boot/plexus-classworlds-2.4.jar
Launcher Type: SUN_STANDARD

Environment Variables:
JAVA_HOME=/usr/lib/jvm/java-8-oracle
PATH=/home/nduwayo/bin:/usr/local/sbin:/usr/local/bin:/usr/sbin:/usr/bin:/sbin:/bin:/usr/games:/usr/local/games:/snap/bin:/usr/lib/jvm/java-8-oracle/bin:/usr/lib/jvm/java-8-oracle/db/bin:/usr/lib/jvm/java-8-oracle/jre/bin
USERNAME=nduwayo
LD_LIBRARY_PATH=/usr/lib/jvm/java-8-oracle/jre/lib/amd64:/usr/lib/jvm/java-8-oracle/jre/lib/i386:
SHELL=/bin/bash
DISPLAY=:0

Signal Handlers:
SIGSEGV: [libjvm.so+0xad2a40], sa_mask[0]=11111111011111111101111111111110, sa_flags=SA_RESTART|SA_SIGINFO
SIGBUS: [libjvm.so+0xad2a40], sa_mask[0]=11111111011111111101111111111110, sa_flags=SA_RESTART|SA_SIGINFO
SIGFPE: [libjvm.so+0x92a610], sa_mask[0]=11111111011111111101111111111110, sa_flags=SA_RESTART|SA_SIGINFO
SIGPIPE: [libjvm.so+0x92a610], sa_mask[0]=11111111011111111101111111111110, sa_flags=SA_RESTART|SA_SIGINFO
SIGXFSZ: [libjvm.so+0x92a610], sa_mask[0]=11111111011111111101111111111110, sa_flags=SA_RESTART|SA_SIGINFO
SIGILL: [libjvm.so+0x92a610], sa_mask[0]=11111111011111111101111111111110, sa_flags=SA_RESTART|SA_SIGINFO
SIGUSR1: SIG_DFL, sa_mask[0]=00000000000000000000000000000000, sa_flags=none
SIGUSR2: [libjvm.so+0x92be70], sa_mask[0]=00100000000000000000000000000000, sa_flags=SA_RESTART|SA_SIGINFO
SIGHUP: [libjvm.so+0x92d270], sa_mask[0]=11111111011111111101111111111110, sa_flags=SA_RESTART|SA_SIGINFO
SIGINT: SIG_IGN, sa_mask[0]=00000000000000000000000000000000, sa_flags=none
SIGTERM: [libjvm.so+0x92d270], sa_mask[0]=11111111011111111101111111111110, sa_flags=SA_RESTART|SA_SIGINFO
SIGQUIT: [libjvm.so+0x92d270], sa_mask[0]=11111111011111111101111111111110, sa_flags=SA_RESTART|SA_SIGINFO


---------------  S Y S T E M  ---------------

OS:DISTRIB_ID=Ubuntu
DISTRIB_RELEASE=18.04
DISTRIB_CODENAME=bionic
DISTRIB_DESCRIPTION="Ubuntu 18.04.1 LTS"

uname:Linux 4.15.0-29-generic #31-Ubuntu SMP Tue Jul 17 15:39:52 UTC 2018 x86_64
libc:glibc 2.27 NPTL 2.27 
rlimit: STACK 8192k, CORE 0k, NPROC 31289, NOFILE 1048576, AS infinity
load average:0,51 0,52 0,44

/proc/meminfo:
MemTotal:        8069016 kB
MemFree:          102068 kB
MemAvailable:          0 kB
Buffers:             668 kB
Cached:           197304 kB
SwapCached:         1592 kB
Active:          6678016 kB
Inactive:         846624 kB
Active(anon):    6668112 kB
Inactive(anon):   833552 kB
Active(file):       9904 kB
Inactive(file):    13072 kB
Unevictable:         596 kB
Mlocked:             596 kB
SwapTotal:       2097148 kB
SwapFree:              0 kB
Dirty:                64 kB
Writeback:             0 kB
AnonPages:       7326880 kB
Mapped:           103492 kB
Shmem:            174328 kB
Slab:             137284 kB
SReclaimable:      42728 kB
SUnreclaim:        94556 kB
KernelStack:       32448 kB
PageTables:       143252 kB
NFS_Unstable:          0 kB
Bounce:                0 kB
WritebackTmp:          0 kB
CommitLimit:     6131656 kB
Committed_AS:   29427536 kB
VmallocTotal:   34359738367 kB
VmallocUsed:           0 kB
VmallocChunk:          0 kB
HardwareCorrupted:     0 kB
AnonHugePages:         0 kB
ShmemHugePages:        0 kB
ShmemPmdMapped:        0 kB
CmaTotal:              0 kB
CmaFree:               0 kB
HugePages_Total:       0
HugePages_Free:        0
HugePages_Rsvd:        0
HugePages_Surp:        0
Hugepagesize:       2048 kB
DirectMap4k:      425588 kB
DirectMap2M:     7864320 kB


CPU:total 8 (initial active 8) (4 cores per cpu, 2 threads per core) family 6 model 58 stepping 9, cmov, cx8, fxsr, mmx, sse, sse2, sse3, ssse3, sse4.1, sse4.2, popcnt, avx, aes, clmul, erms, ht, tsc, tscinvbit, tscinv

/proc/cpuinfo:
processor	: 0
vendor_id	: GenuineIntel
cpu family	: 6
model		: 58
model name	: Intel(R) Core(TM) i7-3720QM CPU @ 2.60GHz
stepping	: 9
microcode	: 0x1f
cpu MHz		: 3433.302
cache size	: 6144 KB
physical id	: 0
siblings	: 8
core id		: 0
cpu cores	: 4
apicid		: 0
initial apicid	: 0
fpu		: yes
fpu_exception	: yes
cpuid level	: 13
wp		: yes
flags		: fpu vme de pse tsc msr pae mce cx8 apic sep mtrr pge mca cmov pat pse36 clflush dts acpi mmx fxsr sse sse2 ss ht tm pbe syscall nx rdtscp lm constant_tsc arch_perfmon pebs bts rep_good nopl xtopology nonstop_tsc cpuid aperfmperf pni pclmulqdq dtes64 monitor ds_cpl vmx smx est tm2 ssse3 cx16 xtpr pdcm pcid sse4_1 sse4_2 x2apic popcnt tsc_deadline_timer aes xsave avx f16c rdrand lahf_lm cpuid_fault epb pti ibrs ibpb stibp tpr_shadow vnmi flexpriority ept vpid fsgsbase smep erms xsaveopt dtherm ida arat pln pts
bugs		: cpu_meltdown spectre_v1 spectre_v2 spec_store_bypass
bogomips	: 5183.36
clflush size	: 64
cache_alignment	: 64
address sizes	: 36 bits physical, 48 bits virtual
power management:

processor	: 1
vendor_id	: GenuineIntel
cpu family	: 6
model		: 58
model name	: Intel(R) Core(TM) i7-3720QM CPU @ 2.60GHz
stepping	: 9
microcode	: 0x1f
cpu MHz		: 3389.201
cache size	: 6144 KB
physical id	: 0
siblings	: 8
core id		: 1
cpu cores	: 4
apicid		: 2
initial apicid	: 2
fpu		: yes
fpu_exception	: yes
cpuid level	: 13
wp		: yes
flags		: fpu vme de pse tsc msr pae mce cx8 apic sep mtrr pge mca cmov pat pse36 clflush dts acpi mmx fxsr sse sse2 ss ht tm pbe syscall nx rdtscp lm constant_tsc arch_perfmon pebs bts rep_good nopl xtopology nonstop_tsc cpuid aperfmperf pni pclmulqdq dtes64 monitor ds_cpl vmx smx est tm2 ssse3 cx16 xtpr pdcm pcid sse4_1 sse4_2 x2apic popcnt tsc_deadline_timer aes xsave avx f16c rdrand lahf_lm cpuid_fault epb pti ibrs ibpb stibp tpr_shadow vnmi flexpriority ept vpid fsgsbase smep erms xsaveopt dtherm ida arat pln pts
bugs		: cpu_meltdown spectre_v1 spectre_v2 spec_store_bypass
bogomips	: 5183.36
clflush size	: 64
cache_alignment	: 64
address sizes	: 36 bits physical, 48 bits virtual
power management:

processor	: 2
vendor_id	: GenuineIntel
cpu family	: 6
model		: 58
model name	: Intel(R) Core(TM) i7-3720QM CPU @ 2.60GHz
stepping	: 9
microcode	: 0x1f
cpu MHz		: 3389.124
cache size	: 6144 KB
physical id	: 0
siblings	: 8
core id		: 2
cpu cores	: 4
apicid		: 4
initial apicid	: 4
fpu		: yes
fpu_exception	: yes
cpuid level	: 13
wp		: yes
flags		: fpu vme de pse tsc msr pae mce cx8 apic sep mtrr pge mca cmov pat pse36 clflush dts acpi mmx fxsr sse sse2 ss ht tm pbe syscall nx rdtscp lm constant_tsc arch_perfmon pebs bts rep_good nopl xtopology nonstop_tsc cpuid aperfmperf pni pclmulqdq dtes64 monitor ds_cpl vmx smx est tm2 ssse3 cx16 xtpr pdcm pcid sse4_1 sse4_2 x2apic popcnt tsc_deadline_timer aes xsave avx f16c rdrand lahf_lm cpuid_fault epb pti ibrs ibpb stibp tpr_shadow vnmi flexpriority ept vpid fsgsbase smep erms xsaveopt dtherm ida arat pln pts
bugs		: cpu_meltdown spectre_v1 spectre_v2 spec_store_bypass
bogomips	: 5183.36
clflush size	: 64
cache_alignment	: 64
address sizes	: 36 bits physical, 48 bits virtual
power management:

processor	: 3
vendor_id	: GenuineIntel
cpu family	: 6
model		: 58
model name	: Intel(R) Core(TM) i7-3720QM CPU @ 2.60GHz
stepping	: 9
microcode	: 0x1f
cpu MHz		: 3418.838
cache size	: 6144 KB
physical id	: 0
siblings	: 8
core id		: 3
cpu cores	: 4
apicid		: 6
initial apicid	: 6
fpu		: yes
fpu_exception	: yes
cpuid level	: 13
wp		: yes
flags		: fpu vme de pse tsc msr pae mce cx8 apic sep mtrr pge mca cmov pat pse36 clflush dts acpi mmx fxsr sse sse2 ss ht tm pbe syscall nx rdtscp lm constant_tsc arch_perfmon pebs bts rep_good nopl xtopology nonstop_tsc cpuid aperfmperf pni pclmulqdq dtes64 monitor ds_cpl vmx smx est tm2 ssse3 cx16 xtpr pdcm pcid sse4_1 sse4_2 x2apic popcnt tsc_deadline_timer aes xsave avx f16c rdrand lahf_lm cpuid_fault epb pti ibrs ibpb stibp tpr_shadow vnmi flexpriority ept vpid fsgsbase smep erms xsaveopt dtherm ida arat pln pts
bugs		: cpu_meltdown spectre_v1 spectre_v2 spec_store_bypass
bogomips	: 5183.36
clflush size	: 64
cache_alignment	: 64
address sizes	: 36 bits physical, 48 bits virtual
power management:

processor	: 4
vendor_id	: GenuineIntel
cpu family	: 6
model		: 58
model name	: Intel(R) Core(TM) i7-3720QM CPU @ 2.60GHz
stepping	: 9
microcode	: 0x1f
cpu MHz		: 3417.387
cache size	: 6144 KB
physical id	: 0
siblings	: 8
core id		: 0
cpu cores	: 4
apicid		: 1
initial apicid	: 1
fpu		: yes
fpu_exception	: yes
cpuid level	: 13
wp		: yes
flags		: fpu vme de pse tsc msr pae mce cx8 apic sep mtrr pge mca cmov pat pse36 clflush dts acpi mmx fxsr sse sse2 ss ht tm pbe syscall nx rdtscp lm constant_tsc arch_perfmon pebs bts rep_good nopl xtopology nonstop_tsc cpuid aperfmperf pni pclmulqdq dtes64 monitor ds_cpl vmx smx est tm2 ssse3 cx16 xtpr pdcm pcid sse4_1 sse4_2 x2apic popcnt tsc_deadline_timer aes xsave avx f16c rdrand lahf_lm cpuid_fault epb pti ibrs ibpb stibp tpr_shadow vnmi flexpriority ept vpid fsgsbase smep erms xsaveopt dtherm ida arat pln pts
bugs		: cpu_meltdown spectre_v1 spectre_v2 spec_store_bypass
bogomips	: 5183.36
clflush size	: 64
cache_alignment	: 64
address sizes	: 36 bits physical, 48 bits virtual
power management:

processor	: 5
vendor_id	: GenuineIntel
cpu family	: 6
model		: 58
model name	: Intel(R) Core(TM) i7-3720QM CPU @ 2.60GHz
stepping	: 9
microcode	: 0x1f
cpu MHz		: 3389.167
cache size	: 6144 KB
physical id	: 0
siblings	: 8
core id		: 1
cpu cores	: 4
apicid		: 3
initial apicid	: 3
fpu		: yes
fpu_exception	: yes
cpuid level	: 13
wp		: yes
flags		: fpu vme de pse tsc msr pae mce cx8 apic sep mtrr pge mca cmov pat pse36 clflush dts acpi mmx fxsr sse sse2 ss ht tm pbe syscall nx rdtscp lm constant_tsc arch_perfmon pebs bts rep_good nopl xtopology nonstop_tsc cpuid aperfmperf pni pclmulqdq dtes64 monitor ds_cpl vmx smx est tm2 ssse3 cx16 xtpr pdcm pcid sse4_1 sse4_2 x2apic popcnt tsc_deadline_timer aes xsave avx f16c rdrand lahf_lm cpuid_fault epb pti ibrs ibpb stibp tpr_shadow vnmi flexpriority ept vpid fsgsbase smep erms xsaveopt dtherm ida arat pln pts
bugs		: cpu_meltdown spectre_v1 spectre_v2 spec_store_bypass
bogomips	: 5183.36
clflush size	: 64
cache_alignment	: 64
address sizes	: 36 bits physical, 48 bits virtual
power management:

processor	: 6
vendor_id	: GenuineIntel
cpu family	: 6
model		: 58
model name	: Intel(R) Core(TM) i7-3720QM CPU @ 2.60GHz
stepping	: 9
microcode	: 0x1f
cpu MHz		: 3389.141
cache size	: 6144 KB
physical id	: 0
siblings	: 8
core id		: 2
cpu cores	: 4
apicid		: 5
initial apicid	: 5
fpu		: yes
fpu_exception	: yes
cpuid level	: 13
wp		: yes
flags		: fpu vme de pse tsc msr pae mce cx8 apic sep mtrr pge mca cmov pat pse36 clflush dts acpi mmx fxsr sse sse2 ss ht tm pbe syscall nx rdtscp lm constant_tsc arch_perfmon pebs bts rep_good nopl xtopology nonstop_tsc cpuid aperfmperf pni pclmulqdq dtes64 monitor ds_cpl vmx smx est tm2 ssse3 cx16 xtpr pdcm pcid sse4_1 sse4_2 x2apic popcnt tsc_deadline_timer aes xsave avx f16c rdrand lahf_lm cpuid_fault epb pti ibrs ibpb stibp tpr_shadow vnmi flexpriority ept vpid fsgsbase smep erms xsaveopt dtherm ida arat pln pts
bugs		: cpu_meltdown spectre_v1 spectre_v2 spec_store_bypass
bogomips	: 5183.36
clflush size	: 64
cache_alignment	: 64
address sizes	: 36 bits physical, 48 bits virtual
power management:

processor	: 7
vendor_id	: GenuineIntel
cpu family	: 6
model		: 58
model name	: Intel(R) Core(TM) i7-3720QM CPU @ 2.60GHz
stepping	: 9
microcode	: 0x1f
cpu MHz		: 3397.607
cache size	: 6144 KB
physical id	: 0
siblings	: 8
core id		: 3
cpu cores	: 4
apicid		: 7
initial apicid	: 7
fpu		: yes
fpu_exception	: yes
cpuid level	: 13
wp		: yes
flags		: fpu vme de pse tsc msr pae mce cx8 apic sep mtrr pge mca cmov pat pse36 clflush dts acpi mmx fxsr sse sse2 ss ht tm pbe syscall nx rdtscp lm constant_tsc arch_perfmon pebs bts rep_good nopl xtopology nonstop_tsc cpuid aperfmperf pni pclmulqdq dtes64 monitor ds_cpl vmx smx est tm2 ssse3 cx16 xtpr pdcm pcid sse4_1 sse4_2 x2apic popcnt tsc_deadline_timer aes xsave avx f16c rdrand lahf_lm cpuid_fault epb pti ibrs ibpb stibp tpr_shadow vnmi flexpriority ept vpid fsgsbase smep erms xsaveopt dtherm ida arat pln pts
bugs		: cpu_meltdown spectre_v1 spectre_v2 spec_store_bypass
bogomips	: 5183.36
clflush size	: 64
cache_alignment	: 64
address sizes	: 36 bits physical, 48 bits virtual
power management:



Memory: 4k page, physical 8069016k(103484k free), swap 2097148k(0k free)

vm_info: Java HotSpot(TM) 64-Bit Server VM (25.181-b13) for linux-amd64 JRE (1.8.0_181-b13), built on Jul  7 2018 00:56:38 by "java_re" with gcc 4.3.0 20080428 (Red Hat 4.3.0-8)

time: Fri Aug  3 00:31:41 2018
elapsed time: 2 seconds (0d 0h 0m 2s)

