#
# There is insufficient memory for the Java Runtime Environment to continue.
# Native memory allocation (mmap) failed to map 218103808 bytes for committing reserved memory.
# Possible reasons:
#   The system is out of physical RAM or swap space
#   In 32 bit mode, the process size limit was hit
# Possible solutions:
#   Reduce memory load on the system
#   Increase physical memory or swap space
#   Check if swap backing store is full
#   Use 64 bit Java on a 64 bit OS
#   Decrease Java heap size (-Xmx/-Xms)
#   Decrease number of Java threads
#   Decrease Java thread stack sizes (-Xss)
#   Set larger code cache with -XX:ReservedCodeCacheSize=
# This output file may be truncated or incomplete.
#
#  Out of Memory Error (os_linux.cpp:2640), pid=11906, tid=0x00007f7b5c9d4700
#
# JRE version: Java(TM) SE Runtime Environment (8.0_171-b11) (build 1.8.0_171-b11)
# Java VM: Java HotSpot(TM) 64-Bit Server VM (25.171-b11 mixed mode linux-amd64 compressed oops)
# Failed to write core dump. Core dumps have been disabled. To enable core dumping, try "ulimit -c unlimited" before starting Java again
#

---------------  T H R E A D  ---------------

Current thread (0x00007f7b70081800):  VMThread [stack: 0x00007f7b5c8d5000,0x00007f7b5c9d5000] [id=11917]

Stack: [0x00007f7b5c8d5000,0x00007f7b5c9d5000],  sp=0x00007f7b5c9d3200,  free space=1016k
Native frames: (J=compiled Java code, j=interpreted, Vv=VM code, C=native code)
V  [libjvm.so+0xacfffa]  VMError::report_and_die()+0x2ba
V  [libjvm.so+0x5005cb]  report_vm_out_of_memory(char const*, int, unsigned long, VMErrorType, char const*)+0x8b
V  [libjvm.so+0x92dd93]  os::Linux::commit_memory_impl(char*, unsigned long, bool)+0x123
V  [libjvm.so+0x92dfb9]  os::pd_commit_memory(char*, unsigned long, unsigned long, bool)+0x29
V  [libjvm.so+0x92527a]  os::commit_memory(char*, unsigned long, unsigned long, bool)+0x2a
V  [libjvm.so+0x99b223]  PSVirtualSpace::expand_by(unsigned long)+0x53
V  [libjvm.so+0x99c628]  PSYoungGen::resize_generation(unsigned long, unsigned long)+0xf8
V  [libjvm.so+0x99b782]  PSYoungGen::resize(unsigned long, unsigned long)+0x22
V  [libjvm.so+0x998a5b]  PSScavenge::invoke_no_policy()+0xf3b
V  [libjvm.so+0x9991e1]  PSScavenge::invoke()+0x41
V  [libjvm.so+0xad1c1d]  VM_ParallelGCSystemGC::doit()+0x10d
V  [libjvm.so+0xad9595]  VM_Operation::evaluate()+0x55
V  [libjvm.so+0xad795a]  VMThread::evaluate_operation(VM_Operation*)+0xba
V  [libjvm.so+0xad7cde]  VMThread::loop()+0x1ce
V  [libjvm.so+0xad8150]  VMThread::run()+0x70
V  [libjvm.so+0x92e0f8]  java_start(Thread*)+0x108

VM_Operation (0x00007f7b0b2e8010): ParallelGCSystemGC, mode: safepoint, requested by thread 0x00007f7b70360000


---------------  P R O C E S S  ---------------

Java Threads: ( => current thread )
  0x00007f7b70bbf800 JavaThread "pool-1-thread-8" [_thread_blocked, id=11972, stack(0x00007f7b0a535000,0x00007f7b0a636000)]
  0x00007f7b70bbe000 JavaThread "pool-1-thread-7" [_thread_blocked, id=11971, stack(0x00007f7b0a636000,0x00007f7b0a737000)]
  0x00007f7b70362000 JavaThread "pool-1-thread-6" [_thread_blocked, id=11970, stack(0x00007f7b0a737000,0x00007f7b0a838000)]
  0x00007f7b70361800 JavaThread "pool-1-thread-5" [_thread_blocked, id=11969, stack(0x00007f7b0a838000,0x00007f7b0a939000)]
  0x00007f7b70360800 JavaThread "pool-1-thread-4" [_thread_blocked, id=11968, stack(0x00007f7b0a939000,0x00007f7b0aa3a000)]
  0x00007f7b70360000 JavaThread "pool-1-thread-3" [_thread_blocked, id=11967, stack(0x00007f7b0b1e9000,0x00007f7b0b2ea000)]
  0x00007f7b7035f000 JavaThread "pool-1-thread-2" [_thread_blocked, id=11966, stack(0x00007f7b0ae3a000,0x00007f7b0af3b000)]
  0x00007f7b70e8e000 JavaThread "pool-1-thread-1" [_thread_blocked, id=11965, stack(0x00007f7b0b2ea000,0x00007f7b0b3eb000)]
  0x00007f7b70cfe800 JavaThread "resolver-4" daemon [_thread_blocked, id=11940, stack(0x00007f7b0b3eb000,0x00007f7b0b4ec000)]
  0x00007f7b70dcb800 JavaThread "resolver-3" daemon [_thread_blocked, id=11939, stack(0x00007f7b0b4ec000,0x00007f7b0b5ed000)]
  0x00007f7b70dca000 JavaThread "resolver-2" daemon [_thread_blocked, id=11938, stack(0x00007f7b0b5ed000,0x00007f7b0b6ee000)]
  0x00007f7b708d3000 JavaThread "resolver-1" daemon [_thread_blocked, id=11937, stack(0x00007f7b0b6ee000,0x00007f7b0b7ef000)]
  0x00007f7b70675800 JavaThread "process reaper" daemon [_thread_blocked, id=11928, stack(0x00007f7b3c136000,0x00007f7b3c16f000)]
  0x00007f7b700d4000 JavaThread "Service Thread" daemon [_thread_blocked, id=11925, stack(0x00007f7b5c0cc000,0x00007f7b5c1cd000)]
  0x00007f7b700c9000 JavaThread "C1 CompilerThread3" daemon [_thread_blocked, id=11924, stack(0x00007f7b5c1ce000,0x00007f7b5c2ce000)]
  0x00007f7b700c7000 JavaThread "C2 CompilerThread2" daemon [_thread_blocked, id=11923, stack(0x00007f7b5c2cf000,0x00007f7b5c3cf000)]
  0x00007f7b700c5000 JavaThread "C2 CompilerThread1" daemon [_thread_blocked, id=11922, stack(0x00007f7b5c3d0000,0x00007f7b5c4d0000)]
  0x00007f7b700c2800 JavaThread "C2 CompilerThread0" daemon [_thread_blocked, id=11921, stack(0x00007f7b5c4d1000,0x00007f7b5c5d1000)]
  0x00007f7b700c1000 JavaThread "Signal Dispatcher" daemon [_thread_blocked, id=11920, stack(0x00007f7b5c5d1000,0x00007f7b5c6d2000)]
  0x00007f7b7008d800 JavaThread "Finalizer" daemon [_thread_blocked, id=11919, stack(0x00007f7b5c6d2000,0x00007f7b5c7d3000)]
  0x00007f7b70089000 JavaThread "Reference Handler" daemon [_thread_blocked, id=11918, stack(0x00007f7b5c7d3000,0x00007f7b5c8d4000)]
  0x00007f7b7000b000 JavaThread "main" [_thread_blocked, id=11908, stack(0x00007f7b76624000,0x00007f7b76724000)]

Other Threads:
=>0x00007f7b70081800 VMThread [stack: 0x00007f7b5c8d5000,0x00007f7b5c9d5000] [id=11917]
  0x00007f7b700d9000 WatcherThread [stack: 0x00007f7b3c170000,0x00007f7b3c270000] [id=11926]

VM state:at safepoint (normal execution)

VM Mutex/Monitor currently owned by a thread:  ([mutex/lock_event])
[0x00007f7b70007b30] Threads_lock - owner thread: 0x00007f7b70081800
[0x00007f7b70008030] Heap_lock - owner thread: 0x00007f7b70360000

Heap:
 PSYoungGen      total 274432K, used 20477K [0x00000000d6f80000, 0x00000000e8f80000, 0x0000000100000000)
  eden space 253952K, 0% used [0x00000000d6f80000,0x00000000d6f80000,0x00000000e6780000)
  from space 20480K, 99% used [0x00000000e6780000,0x00000000e7b7f7f8,0x00000000e7b80000)
  to   space 19456K, 0% used [0x00000000e7c80000,0x00000000e7c80000,0x00000000e8f80000)
 ParOldGen       total 154112K, used 153794K [0x0000000084e00000, 0x000000008e480000, 0x00000000d6f80000)
  object space 154112K, 99% used [0x0000000084e00000,0x000000008e4308f0,0x000000008e480000)
 Metaspace       used 25513K, capacity 26250K, committed 26496K, reserved 1073152K
  class space    used 2941K, capacity 3164K, committed 3200K, reserved 1048576K

Card table byte_map: [0x00007f7b5fe08000,0x00007f7b601e2000] byte_map_base: 0x00007f7b5f9e1000

Marking Bits: (ParMarkBitMap*) 0x00007f7b75ac0280
 Begin Bits: [0x00007f7b3c270000, 0x00007f7b3e138000)
 End Bits:   [0x00007f7b3e138000, 0x00007f7b40000000)

Polling page: 0x00007f7b7673b000

CodeCache: size=245760Kb used=17336Kb max_used=17351Kb free=228423Kb
 bounds [0x00007f7b605a2000, 0x00007f7b616b2000, 0x00007f7b6f5a2000]
 total_blobs=5087 nmethods=4692 adapters=308
 compilation: enabled

Compilation events (10 events):
Event: 7,236 Thread 0x00007f7b700c2800 5391       4       org.apache.commons.compress.archivers.zip.StreamCompressor::write (59 bytes)
Event: 7,243 Thread 0x00007f7b700c7000 nmethod 5390 0x00007f7b61699750 code [0x00007f7b616998e0, 0x00007f7b6169a328]
Event: 7,247 Thread 0x00007f7b700c5000 nmethod 5389 0x00007f7b616a3290 code [0x00007f7b616a3440, 0x00007f7b616a40e8]
Event: 7,247 Thread 0x00007f7b700c2800 nmethod 5391 0x00007f7b6169fa50 code [0x00007f7b6169fbe0, 0x00007f7b616a07e8]
Event: 7,387 Thread 0x00007f7b700c9000 5392       3       java.io.FileInputStream::<init> (110 bytes)
Event: 7,388 Thread 0x00007f7b700c9000 nmethod 5392 0x00007f7b616a21d0 code [0x00007f7b616a23e0, 0x00007f7b616a2e18]
Event: 7,448 Thread 0x00007f7b700c9000 5393       3       java.util.Vector$1::hasMoreElements (20 bytes)
Event: 7,448 Thread 0x00007f7b700c9000 nmethod 5393 0x00007f7b616a1e10 code [0x00007f7b616a1f80, 0x00007f7b616a2130]
Event: 7,503 Thread 0x00007f7b700c9000 5394       3       java.io.SequenceInputStream::nextStream (63 bytes)
Event: 7,503 Thread 0x00007f7b700c9000 nmethod 5394 0x00007f7b616a1490 code [0x00007f7b616a1640, 0x00007f7b616a1c78]

GC Heap History (10 events):
Event: 2,504 GC heap after
Heap after GC invocations=5 (full 0):
 PSYoungGen      total 68608K, used 5104K [0x00000000d6f80000, 0x00000000dfd80000, 0x0000000100000000)
  eden space 63488K, 0% used [0x00000000d6f80000,0x00000000d6f80000,0x00000000dad80000)
  from space 5120K, 99% used [0x00000000dad80000,0x00000000db27c030,0x00000000db280000)
  to   space 9216K, 0% used [0x00000000df480000,0x00000000df480000,0x00000000dfd80000)
 ParOldGen       total 84992K, used 7797K [0x0000000084e00000, 0x000000008a100000, 0x00000000d6f80000)
  object space 84992K, 9% used [0x0000000084e00000,0x000000008559d7c8,0x000000008a100000)
 Metaspace       used 14054K, capacity 14446K, committed 14592K, reserved 1062912K
  class space    used 1658K, capacity 1773K, committed 1792K, reserved 1048576K
}
Event: 3,049 GC heap before
{Heap before GC invocations=6 (full 0):
 PSYoungGen      total 68608K, used 68592K [0x00000000d6f80000, 0x00000000dfd80000, 0x0000000100000000)
  eden space 63488K, 100% used [0x00000000d6f80000,0x00000000dad80000,0x00000000dad80000)
  from space 5120K, 99% used [0x00000000dad80000,0x00000000db27c030,0x00000000db280000)
  to   space 9216K, 0% used [0x00000000df480000,0x00000000df480000,0x00000000dfd80000)
 ParOldGen       total 84992K, used 7797K [0x0000000084e00000, 0x000000008a100000, 0x00000000d6f80000)
  object space 84992K, 9% used [0x0000000084e00000,0x000000008559d7c8,0x000000008a100000)
 Metaspace       used 14701K, capacity 15078K, committed 15232K, reserved 1062912K
  class space    used 1725K, capacity 1813K, committed 1920K, reserved 1048576K
Event: 3,057 GC heap after
Heap after GC invocations=6 (full 0):
 PSYoungGen      total 136192K, used 7568K [0x00000000d6f80000, 0x00000000dfd80000, 0x0000000100000000)
  eden space 126976K, 0% used [0x00000000d6f80000,0x00000000d6f80000,0x00000000deb80000)
  from space 9216K, 82% used [0x00000000df480000,0x00000000dfbe4010,0x00000000dfd80000)
  to   space 9216K, 0% used [0x00000000deb80000,0x00000000deb80000,0x00000000df480000)
 ParOldGen       total 84992K, used 7805K [0x0000000084e00000, 0x000000008a100000, 0x00000000d6f80000)
  object space 84992K, 9% used [0x0000000084e00000,0x000000008559f7c8,0x000000008a100000)
 Metaspace       used 14701K, capacity 15078K, committed 15232K, reserved 1062912K
  class space    used 1725K, capacity 1813K, committed 1920K, reserved 1048576K
}
Event: 4,126 GC heap before
{Heap before GC invocations=7 (full 0):
 PSYoungGen      total 136192K, used 134544K [0x00000000d6f80000, 0x00000000dfd80000, 0x0000000100000000)
  eden space 126976K, 100% used [0x00000000d6f80000,0x00000000deb80000,0x00000000deb80000)
  from space 9216K, 82% used [0x00000000df480000,0x00000000dfbe4010,0x00000000dfd80000)
  to   space 9216K, 0% used [0x00000000deb80000,0x00000000deb80000,0x00000000df480000)
 ParOldGen       total 84992K, used 7805K [0x0000000084e00000, 0x000000008a100000, 0x00000000d6f80000)
  object space 84992K, 9% used [0x0000000084e00000,0x000000008559f7c8,0x000000008a100000)
 Metaspace       used 19697K, capacity 20234K, committed 20480K, reserved 1067008K
  class space    used 2337K, capacity 2445K, committed 2560K, reserved 1048576K
Event: 4,160 GC heap after
Heap after GC invocations=7 (full 0):
 PSYoungGen      total 136192K, used 9202K [0x00000000d6f80000, 0x00000000e9180000, 0x0000000100000000)
  eden space 126976K, 0% used [0x00000000d6f80000,0x00000000d6f80000,0x00000000deb80000)
  from space 9216K, 99% used [0x00000000deb80000,0x00000000df47c830,0x00000000df480000)
  to   space 21504K, 0% used [0x00000000e7c80000,0x00000000e7c80000,0x00000000e9180000)
 ParOldGen       total 84992K, used 30830K [0x0000000084e00000, 0x000000008a100000, 0x00000000d6f80000)
  object space 84992K, 36% used [0x0000000084e00000,0x0000000086c1b890,0x000000008a100000)
 Metaspace       used 19697K, capacity 20234K, committed 20480K, reserved 1067008K
  class space    used 2337K, capacity 2445K, committed 2560K, reserved 1048576K
}
Event: 4,472 GC heap before
{Heap before GC invocations=8 (full 0):
 PSYoungGen      total 136192K, used 26962K [0x00000000d6f80000, 0x00000000e9180000, 0x0000000100000000)
  eden space 126976K, 13% used [0x00000000d6f80000,0x00000000d80d8368,0x00000000deb80000)
  from space 9216K, 99% used [0x00000000deb80000,0x00000000df47c830,0x00000000df480000)
  to   space 21504K, 0% used [0x00000000e7c80000,0x00000000e7c80000,0x00000000e9180000)
 ParOldGen       total 84992K, used 30830K [0x0000000084e00000, 0x000000008a100000, 0x00000000d6f80000)
  object space 84992K, 36% used [0x0000000084e00000,0x0000000086c1b890,0x000000008a100000)
 Metaspace       used 20651K, capacity 21130K, committed 21296K, reserved 1069056K
  class space    used 2442K, capacity 2573K, committed 2688K, reserved 1048576K
Event: 4,478 GC heap after
Heap after GC invocations=8 (full 0):
 PSYoungGen      total 273408K, used 9261K [0x00000000d6f80000, 0x00000000e8f80000, 0x0000000100000000)
  eden space 253952K, 0% used [0x00000000d6f80000,0x00000000d6f80000,0x00000000e6780000)
  from space 19456K, 47% used [0x00000000e7c80000,0x00000000e858b490,0x00000000e8f80000)
  to   space 20480K, 0% used [0x00000000e6780000,0x00000000e6780000,0x00000000e7b80000)
 ParOldGen       total 84992K, used 32238K [0x0000000084e00000, 0x000000008a100000, 0x00000000d6f80000)
  object space 84992K, 37% used [0x0000000084e00000,0x0000000086d7b890,0x000000008a100000)
 Metaspace       used 20651K, capacity 21130K, committed 21296K, reserved 1069056K
  class space    used 2442K, capacity 2573K, committed 2688K, reserved 1048576K
}
Event: 4,478 GC heap before
{Heap before GC invocations=9 (full 1):
 PSYoungGen      total 273408K, used 9261K [0x00000000d6f80000, 0x00000000e8f80000, 0x0000000100000000)
  eden space 253952K, 0% used [0x00000000d6f80000,0x00000000d6f80000,0x00000000e6780000)
  from space 19456K, 47% used [0x00000000e7c80000,0x00000000e858b490,0x00000000e8f80000)
  to   space 20480K, 0% used [0x00000000e6780000,0x00000000e6780000,0x00000000e7b80000)
 ParOldGen       total 84992K, used 32238K [0x0000000084e00000, 0x000000008a100000, 0x00000000d6f80000)
  object space 84992K, 37% used [0x0000000084e00000,0x0000000086d7b890,0x000000008a100000)
 Metaspace       used 20651K, capacity 21130K, committed 21296K, reserved 1069056K
  class space    used 2442K, capacity 2573K, committed 2688K, reserved 1048576K
Event: 4,553 GC heap after
Heap after GC invocations=9 (full 1):
 PSYoungGen      total 273408K, used 0K [0x00000000d6f80000, 0x00000000e8f80000, 0x0000000100000000)
  eden space 253952K, 0% used [0x00000000d6f80000,0x00000000d6f80000,0x00000000e6780000)
  from space 19456K, 0% used [0x00000000e7c80000,0x00000000e7c80000,0x00000000e8f80000)
  to   space 20480K, 0% used [0x00000000e6780000,0x00000000e6780000,0x00000000e7b80000)
 ParOldGen       total 93696K, used 33300K [0x0000000084e00000, 0x000000008a980000, 0x00000000d6f80000)
  object space 93696K, 35% used [0x0000000084e00000,0x0000000086e853d8,0x000000008a980000)
 Metaspace       used 20651K, capacity 21130K, committed 21296K, reserved 1069056K
  class space    used 2442K, capacity 2573K, committed 2688K, reserved 1048576K
}
Event: 7,717 GC heap before
{Heap before GC invocations=10 (full 1):
 PSYoungGen      total 273408K, used 248929K [0x00000000d6f80000, 0x00000000e8f80000, 0x0000000100000000)
  eden space 253952K, 98% used [0x00000000d6f80000,0x00000000e62984c8,0x00000000e6780000)
  from space 19456K, 0% used [0x00000000e7c80000,0x00000000e7c80000,0x00000000e8f80000)
  to   space 20480K, 0% used [0x00000000e6780000,0x00000000e6780000,0x00000000e7b80000)
 ParOldGen       total 93696K, used 43066K [0x0000000084e00000, 0x000000008a980000, 0x00000000d6f80000)
  object space 93696K, 45% used [0x0000000084e00000,0x000000008780ea68,0x000000008a980000)
 Metaspace       used 25513K, capacity 26250K, committed 26496K, reserved 1073152K
  class space    used 2941K, capacity 3164K, committed 3200K, reserved 1048576K

Deoptimization events (10 events):
Event: 5,651 Thread 0x00007f7b7000b000 Uncommon trap: reason=unstable_if action=reinterpret pc=0x00007f7b608c0ce0 method=java.lang.CharacterDataLatin1.isWhitespace(I)Z @ 14
Event: 5,667 Thread 0x00007f7b7000b000 Uncommon trap: reason=predicate action=maybe_recompile pc=0x00007f7b60fd19c0 method=java.lang.String.regionMatches(ZILjava/lang/String;II)Z @ 63
Event: 5,681 Thread 0x00007f7b7000b000 Uncommon trap: reason=unstable_if action=reinterpret pc=0x00007f7b60cfa118 method=java.util.regex.Pattern.compile()V @ 320
Event: 5,767 Thread 0x00007f7b7000b000 Uncommon trap: reason=unstable_if action=reinterpret pc=0x00007f7b612458ac method=org.codehaus.plexus.util.SelectorUtils.match([C[CZ)Z @ 111
Event: 5,769 Thread 0x00007f7b7000b000 Uncommon trap: reason=range_check action=make_not_entrant pc=0x00007f7b60e303dc method=org.codehaus.plexus.util.SelectorUtils.matchAntPathPattern([[C[[CZ)Z @ 32
Event: 6,065 Thread 0x00007f7b7000b000 Uncommon trap: reason=unstable_if action=reinterpret pc=0x00007f7b61251804 method=org.codehaus.plexus.util.SelectorUtils.matchAntPathPattern([[C[[CZ)Z @ 27
Event: 6,854 Thread 0x00007f7b7000b000 Uncommon trap: reason=unstable_if action=reinterpret pc=0x00007f7b60b8b870 method=java.io.UnixFileSystem.resolve(Ljava/lang/String;Ljava/lang/String;)Ljava/lang/String; @ 6
Event: 6,979 Thread 0x00007f7b7000b000 Uncommon trap: reason=unstable_if action=reinterpret pc=0x00007f7b61437d14 method=java.lang.StringCoding$StringEncoder.encode([CII)[B @ 20
Event: 6,980 Thread 0x00007f7b7000b000 Uncommon trap: reason=unstable_if action=reinterpret pc=0x00007f7b6118b50c method=java.lang.StringCoding$StringEncoder.encode([CII)[B @ 20
Event: 7,152 Thread 0x00007f7b7000b000 Uncommon trap: reason=unstable_if action=reinterpret pc=0x00007f7b616846bc method=java.util.Date.normalize()Lsun/util/calendar/BaseCalendar$Date; @ 45

Classes redefined (0 events):
No events

Internal exceptions (10 events):
Event: 2,999 Thread 0x00007f7b7000b000 Implicit null exception at 0x00007f7b60fe4e96 to 0x00007f7b60fe4f55
Event: 3,001 Thread 0x00007f7b7000b000 Implicit null exception at 0x00007f7b60fd1fe9 to 0x00007f7b60fd3a69
Event: 3,083 Thread 0x00007f7b7000b000 Exception <a 'java/lang/NoClassDefFoundError': org/slf4j/Logger> (0x00000000d7175860) thrown at [/HUDSON/workspace/8-2-build-linux-amd64/jdk8u171/10807/hotspot/src/share/vm/oops/constantPool.cpp, line 235]
Event: 3,247 Thread 0x00007f7b7000b000 Exception <a 'java/lang/NoClassDefFoundError': org/slf4j/Logger> (0x00000000d9472238) thrown at [/HUDSON/workspace/8-2-build-linux-amd64/jdk8u171/10807/hotspot/src/share/vm/oops/constantPool.cpp, line 235]
Event: 3,293 Thread 0x00007f7b7000b000 Exception <a 'java/lang/ClassNotFoundException': com/sun/tools/javac/api/JavacTool> (0x00000000d97e7ba0) thrown at [/HUDSON/workspace/8-2-build-linux-amd64/jdk8u171/10807/hotspot/src/share/vm/classfile/systemDictionary.cpp, line 210]
Event: 3,913 Thread 0x00007f7b7000b000 Exception <a 'java/io/FileNotFoundException'> (0x00000000dcf3cf70) thrown at [/HUDSON/workspace/8-2-build-linux-amd64/jdk8u171/10807/hotspot/src/share/vm/prims/jni.cpp, line 709]
Event: 3,919 Thread 0x00007f7b7000b000 Exception <a 'java/io/FileNotFoundException'> (0x00000000dcf721e8) thrown at [/HUDSON/workspace/8-2-build-linux-amd64/jdk8u171/10807/hotspot/src/share/vm/prims/jni.cpp, line 709]
Event: 4,900 Thread 0x00007f7b7000b000 Exception <a 'java/lang/NoClassDefFoundError': org/slf4j/Logger> (0x00000000d9215f10) thrown at [/HUDSON/workspace/8-2-build-linux-amd64/jdk8u171/10807/hotspot/src/share/vm/oops/constantPool.cpp, line 235]
Event: 4,942 Thread 0x00007f7b70dca000 Implicit null exception at 0x00007f7b60f7edc8 to 0x00007f7b60f7ee81
Event: 5,580 Thread 0x00007f7b7000b000 Exception <a 'java/lang/NoClassDefFoundError': org/slf4j/Logger> (0x00000000dc6d0560) thrown at [/HUDSON/workspace/8-2-build-linux-amd64/jdk8u171/10807/hotspot/src/share/vm/oops/constantPool.cpp, line 235]

Events (10 events):
Event: 7,165 loading class org/apache/commons/compress/archivers/zip/UnsupportedZipFeatureException done
Event: 7,165 loading class org/apache/commons/compress/archivers/zip/UnsupportedZipFeatureException
Event: 7,165 loading class org/apache/commons/compress/archivers/zip/UnsupportedZipFeatureException done
Event: 7,166 loading class org/apache/commons/compress/archivers/zip/ZipMethod
Event: 7,166 loading class org/apache/commons/compress/archivers/zip/ZipMethod done
Event: 7,166 loading class org/apache/commons/compress/archivers/zip/ZipMethod
Event: 7,166 loading class org/apache/commons/compress/archivers/zip/ZipMethod done
Event: 7,711 Executing VM operation: ParallelGCFailedAllocation
Event: 7,713 Executing VM operation: ParallelGCFailedAllocation done
Event: 7,713 Executing VM operation: ParallelGCSystemGC


Dynamic libraries:
00400000-00401000 r-xp 00000000 08:05 1321545                            /usr/lib/jvm/java-8-oracle/bin/java
00600000-00601000 rw-p 00000000 08:05 1321545                            /usr/lib/jvm/java-8-oracle/bin/java
01653000-01674000 rw-p 00000000 00:00 0                                  [heap]
84e00000-8e480000 rw-p 00000000 00:00 0 
8e480000-d6f80000 ---p 00000000 00:00 0 
d6f80000-e8f80000 rw-p 00000000 00:00 0 
f5f80000-100000000 ---p 00000000 00:00 0 
100000000-100320000 rw-p 00000000 00:00 0 
100320000-140000000 ---p 00000000 00:00 0 
7f7ad0000000-7f7ad0043000 rw-p 00000000 00:00 0 
7f7ad0043000-7f7ad4000000 ---p 00000000 00:00 0 
7f7ad8000000-7f7ad8043000 rw-p 00000000 00:00 0 
7f7ad8043000-7f7adc000000 ---p 00000000 00:00 0 
7f7adc000000-7f7adc043000 rw-p 00000000 00:00 0 
7f7adc043000-7f7ae0000000 ---p 00000000 00:00 0 
7f7ae0000000-7f7ae0043000 rw-p 00000000 00:00 0 
7f7ae0043000-7f7ae4000000 ---p 00000000 00:00 0 
7f7ae4000000-7f7ae4043000 rw-p 00000000 00:00 0 
7f7ae4043000-7f7ae8000000 ---p 00000000 00:00 0 
7f7ae8000000-7f7ae8043000 rw-p 00000000 00:00 0 
7f7ae8043000-7f7aec000000 ---p 00000000 00:00 0 
7f7aec000000-7f7aec047000 rw-p 00000000 00:00 0 
7f7aec047000-7f7af0000000 ---p 00000000 00:00 0 
7f7af0000000-7f7af0021000 rw-p 00000000 00:00 0 
7f7af0021000-7f7af4000000 ---p 00000000 00:00 0 
7f7af4000000-7f7af4046000 rw-p 00000000 00:00 0 
7f7af4046000-7f7af8000000 ---p 00000000 00:00 0 
7f7af8000000-7f7af8021000 rw-p 00000000 00:00 0 
7f7af8021000-7f7afc000000 ---p 00000000 00:00 0 
7f7afc000000-7f7afc021000 rw-p 00000000 00:00 0 
7f7afc021000-7f7b00000000 ---p 00000000 00:00 0 
7f7b00000000-7f7b00021000 rw-p 00000000 00:00 0 
7f7b00021000-7f7b04000000 ---p 00000000 00:00 0 
7f7b04000000-7f7b04021000 rw-p 00000000 00:00 0 
7f7b04021000-7f7b08000000 ---p 00000000 00:00 0 
7f7b0a535000-7f7b0a538000 ---p 00000000 00:00 0 
7f7b0a538000-7f7b0a636000 rw-p 00000000 00:00 0 
7f7b0a636000-7f7b0a639000 ---p 00000000 00:00 0 
7f7b0a639000-7f7b0a737000 rw-p 00000000 00:00 0 
7f7b0a737000-7f7b0a73a000 ---p 00000000 00:00 0 
7f7b0a73a000-7f7b0a838000 rw-p 00000000 00:00 0 
7f7b0a838000-7f7b0a83b000 ---p 00000000 00:00 0 
7f7b0a83b000-7f7b0a939000 rw-p 00000000 00:00 0 
7f7b0a939000-7f7b0a93c000 ---p 00000000 00:00 0 
7f7b0a93c000-7f7b0aafa000 rw-p 00000000 00:00 0 
7f7b0aafa000-7f7b0ac3a000 ---p 00000000 00:00 0 
7f7b0ac3a000-7f7b0ae3a000 rw-p 00000000 00:00 0 
7f7b0ae3a000-7f7b0ae3d000 ---p 00000000 00:00 0 
7f7b0ae3d000-7f7b0b13b000 rw-p 00000000 00:00 0 
7f7b0b13b000-7f7b0b142000 r--s 00000000 08:05 1575539                    /usr/lib/x86_64-linux-gnu/gconv/gconv-modules.cache
7f7b0b142000-7f7b0b168000 r--p 00000000 08:05 2101115                    /usr/share/locale-langpack/fr/LC_MESSAGES/libc.mo
7f7b0b1e9000-7f7b0b1ec000 ---p 00000000 00:00 0 
7f7b0b1ec000-7f7b0b2ea000 rw-p 00000000 00:00 0 
7f7b0b2ea000-7f7b0b2ed000 ---p 00000000 00:00 0 
7f7b0b2ed000-7f7b0b3eb000 rw-p 00000000 00:00 0 
7f7b0b3eb000-7f7b0b3ee000 ---p 00000000 00:00 0 
7f7b0b3ee000-7f7b0b4ec000 rw-p 00000000 00:00 0 
7f7b0b4ec000-7f7b0b4ef000 ---p 00000000 00:00 0 
7f7b0b4ef000-7f7b0b5ed000 rw-p 00000000 00:00 0 
7f7b0b5ed000-7f7b0b5f0000 ---p 00000000 00:00 0 
7f7b0b5f0000-7f7b0b6ee000 rw-p 00000000 00:00 0 
7f7b0b6ee000-7f7b0b6f1000 ---p 00000000 00:00 0 
7f7b0b6f1000-7f7b0b9ef000 rw-p 00000000 00:00 0 
7f7b0b9ef000-7f7b0bbef000 rw-p 00000000 00:00 0 
7f7b0bbef000-7f7b0bdef000 rw-p 00000000 00:00 0 
7f7b0bdef000-7f7b0be00000 r-xp 00000000 08:05 3021739                    /usr/lib/jvm/java-8-oracle/jre/lib/amd64/libnio.so
7f7b0be00000-7f7b0bfff000 ---p 00011000 08:05 3021739                    /usr/lib/jvm/java-8-oracle/jre/lib/amd64/libnio.so
7f7b0bfff000-7f7b0c000000 rw-p 00010000 08:05 3021739                    /usr/lib/jvm/java-8-oracle/jre/lib/amd64/libnio.so
7f7b0c000000-7f7b0c021000 rw-p 00000000 00:00 0 
7f7b0c021000-7f7b10000000 ---p 00000000 00:00 0 
7f7b10000000-7f7b10021000 rw-p 00000000 00:00 0 
7f7b10021000-7f7b14000000 ---p 00000000 00:00 0 
7f7b14000000-7f7b1627b000 rw-p 00000000 00:00 0 
7f7b1627b000-7f7b18000000 ---p 00000000 00:00 0 
7f7b18000000-7f7b1928a000 rw-p 00000000 00:00 0 
7f7b1928a000-7f7b1c000000 ---p 00000000 00:00 0 
7f7b1c000000-7f7b1d717000 rw-p 00000000 00:00 0 
7f7b1d717000-7f7b20000000 ---p 00000000 00:00 0 
7f7b20000000-7f7b22153000 rw-p 00000000 00:00 0 
7f7b22153000-7f7b24000000 ---p 00000000 00:00 0 
7f7b24000000-7f7b24021000 rw-p 00000000 00:00 0 
7f7b24021000-7f7b28000000 ---p 00000000 00:00 0 
7f7b28019000-7f7b2b01a000 rw-p 00000000 00:00 0 
7f7b2b01a000-7f7b2b030000 r-xp 00000000 08:05 3021736                    /usr/lib/jvm/java-8-oracle/jre/lib/amd64/libnet.so
7f7b2b030000-7f7b2b230000 ---p 00016000 08:05 3021736                    /usr/lib/jvm/java-8-oracle/jre/lib/amd64/libnet.so
7f7b2b230000-7f7b2b231000 rw-p 00016000 08:05 3021736                    /usr/lib/jvm/java-8-oracle/jre/lib/amd64/libnet.so
7f7b2b231000-7f7b2b431000 rw-p 00000000 00:00 0 
7f7b2b431000-7f7b2b631000 rw-p 00000000 00:00 0 
7f7b2b631000-7f7b2c000000 r--p 00000000 08:05 1317582                    /usr/lib/locale/locale-archive
7f7b2c000000-7f7b2c021000 rw-p 00000000 00:00 0 
7f7b2c021000-7f7b30000000 ---p 00000000 00:00 0 
7f7b30000000-7f7b30021000 rw-p 00000000 00:00 0 
7f7b30021000-7f7b34000000 ---p 00000000 00:00 0 
7f7b34000000-7f7b34290000 rw-p 00000000 00:00 0 
7f7b34290000-7f7b38000000 ---p 00000000 00:00 0 
7f7b38000000-7f7b38022000 rw-p 00000000 00:00 0 
7f7b38022000-7f7b3c000000 ---p 00000000 00:00 0 
7f7b3c04d000-7f7b3c04e000 r--s 00002000 08:05 5637609                    /home/nduwayo/.m2/repository/org/apache/maven/shared/maven-mapping/3.0.0/maven-mapping-3.0.0.jar
7f7b3c04e000-7f7b3c050000 r--s 00001000 08:05 5637607                    /home/nduwayo/.m2/repository/org/sonatype/plexus/plexus-build-api/0.0.7/plexus-build-api-0.0.7.jar
7f7b3c050000-7f7b3c052000 r--s 0000b000 08:05 5637605                    /home/nduwayo/.m2/repository/org/apache/maven/shared/maven-filtering/3.1.1/maven-filtering-3.1.1.jar
7f7b3c052000-7f7b3c056000 r--s 00039000 08:05 5637603                    /home/nduwayo/.m2/repository/org/codehaus/plexus/plexus-utils/3.0.24/plexus-utils-3.0.24.jar
7f7b3c056000-7f7b3c058000 r--s 00005000 08:05 5637601                    /home/nduwayo/.m2/repository/xpp3/xpp3_min/1.1.4c/xpp3_min-1.1.4c.jar
7f7b3c058000-7f7b3c059000 r--s 00001000 08:05 5637599                    /home/nduwayo/.m2/repository/xmlpull/xmlpull/1.1.3.1/xmlpull-1.1.3.1.jar
7f7b3c059000-7f7b3c067000 r--s 00079000 08:05 5637597                    /home/nduwayo/.m2/repository/com/thoughtworks/xstream/xstream/1.4.9/xstream-1.4.9.jar
7f7b3c067000-7f7b3c06a000 r--s 00010000 08:05 5637595                    /home/nduwayo/.m2/repository/org/codehaus/plexus/plexus-interpolation/1.22/plexus-interpolation-1.22.jar
7f7b3c06a000-7f7b3c06e000 r--s 00015000 08:05 5637593                    /home/nduwayo/.m2/repository/org/tukaani/xz/1.5/xz-1.5.jar
7f7b3c06e000-7f7b3c070000 r--s 0000d000 08:05 5637591                    /home/nduwayo/.m2/repository/org/iq80/snappy/snappy/0.4/snappy-0.4.jar
7f7b3c070000-7f7b3c078000 r--s 00060000 08:05 5637589                    /home/nduwayo/.m2/repository/org/apache/commons/commons-compress/1.11/commons-compress-1.11.jar
7f7b3c078000-7f7b3c07b000 r--s 00012000 08:05 5637587                    /home/nduwayo/.m2/repository/org/codehaus/plexus/plexus-io/2.7.1/plexus-io-2.7.1.jar
7f7b3c07b000-7f7b3c080000 r--s 00029000 08:05 5637585                    /home/nduwayo/.m2/repository/org/codehaus/plexus/plexus-archiver/3.4/plexus-archiver-3.4.jar
7f7b3c080000-7f7b3c083000 r--s 00023000 08:05 5637583                    /home/nduwayo/.m2/repository/org/apache/maven/shared/maven-shared-utils/3.0.1/maven-shared-utils-3.0.1.jar
7f7b3c083000-7f7b3c084000 r--s 00005000 08:05 5637581                    /home/nduwayo/.m2/repository/org/apache/maven/maven-archiver/3.1.1/maven-archiver-3.1.1.jar
7f7b3c084000-7f7b3c086000 r--s 00014000 08:05 5508140                    /home/nduwayo/.m2/repository/org/apache/maven/plugins/maven-war-plugin/3.0.0/maven-war-plugin-3.0.0.jar
7f7b3c086000-7f7b3c087000 r--s 00002000 08:05 7084929                    /home/nduwayo/.m2/repository/org/apache/maven/reporting/maven-reporting-api/2.0.9/maven-reporting-api-2.0.9.jar
7f7b3c087000-7f7b3c08a000 r--s 00034000 08:05 5126592                    /home/nduwayo/.m2/repository/org/codehaus/plexus/plexus-utils/2.1/plexus-utils-2.1.jar
7f7b3c08a000-7f7b3c08c000 r--s 00006000 08:05 7084927                    /home/nduwayo/.m2/repository/org/apache/maven/shared/maven-common-artifact-filters/1.3/maven-common-artifact-filters-1.3.jar
7f7b3c08c000-7f7b3c08e000 r--s 0000d000 08:05 6972767                    /home/nduwayo/.m2/repository/org/apache/maven/surefire/maven-surefire-common/2.10/maven-surefire-common-2.10.jar
7f7b3c08e000-7f7b3c093000 r--s 00023000 08:05 6972765                    /home/nduwayo/.m2/repository/org/apache/maven/surefire/surefire-api/2.10/surefire-api-2.10.jar
7f7b3c093000-7f7b3c095000 r--s 00007000 08:05 6972766                    /home/nduwayo/.m2/repository/org/apache/maven/surefire/surefire-booter/2.10/surefire-booter-2.10.jar
7f7b3c095000-7f7b3c097000 r--s 00006000 08:05 6972657                    /home/nduwayo/.m2/repository/org/apache/maven/plugins/maven-surefire-plugin/2.10/maven-surefire-plugin-2.10.jar
7f7b3c097000-7f7b3c110000 r--s 010f9000 08:05 1321652                    /usr/lib/jvm/java-8-oracle/lib/tools.jar
7f7b3c110000-7f7b3c111000 r--s 00004000 08:05 5508687                    /home/nduwayo/.m2/repository/org/codehaus/plexus/plexus-compiler-javac/2.8.2/plexus-compiler-javac-2.8.2.jar
7f7b3c111000-7f7b3c113000 r--s 00000000 08:05 5508685                    /home/nduwayo/.m2/repository/org/codehaus/plexus/plexus-compiler-manager/2.8.2/plexus-compiler-manager-2.8.2.jar
7f7b3c113000-7f7b3c115000 r--s 00005000 08:05 5508683                    /home/nduwayo/.m2/repository/org/codehaus/plexus/plexus-compiler-api/2.8.2/plexus-compiler-api-2.8.2.jar
7f7b3c115000-7f7b3c11b000 r--s 00047000 08:05 5508681                    /home/nduwayo/.m2/repository/com/thoughtworks/qdox/qdox/2.0-M7/qdox-2.0-M7.jar
7f7b3c11b000-7f7b3c11c000 r--s 0000d000 08:05 5508679                    /home/nduwayo/.m2/repository/org/ow2/asm/asm/6.0_BETA/asm-6.0_BETA.jar
7f7b3c11c000-7f7b3c11e000 r--s 00006000 08:05 5508677                    /home/nduwayo/.m2/repository/org/codehaus/plexus/plexus-java/0.9.2/plexus-java-0.9.2.jar
7f7b3c11e000-7f7b3c120000 r--s 00002000 08:05 5508675                    /home/nduwayo/.m2/repository/org/apache/maven/shared/maven-shared-incremental/1.1/maven-shared-incremental-1.1.jar
7f7b3c120000-7f7b3c124000 r--s 0002f000 08:05 5508673                    /home/nduwayo/.m2/repository/commons-io/commons-io/2.5/commons-io-2.5.jar
7f7b3c124000-7f7b3c127000 r--s 00025000 08:05 5508671                    /home/nduwayo/.m2/repository/org/apache/maven/shared/maven-shared-utils/3.1.0/maven-shared-utils-3.1.0.jar
7f7b3c127000-7f7b3c129000 r--s 00002000 08:05 5508669                    /home/nduwayo/.m2/repository/org/sonatype/plexus/plexus-cipher/1.4/plexus-cipher-1.4.jar
7f7b3c129000-7f7b3c12a000 r--s 00006000 08:05 5508667                    /home/nduwayo/.m2/repository/org/sonatype/plexus/plexus-sec-dispatcher/1.3/plexus-sec-dispatcher-1.3.jar
7f7b3c12a000-7f7b3c12c000 r--s 00000000 08:05 5508665                    /home/nduwayo/.m2/repository/org/codehaus/plexus/plexus-component-annotations/1.6/plexus-component-annotations-1.6.jar
7f7b3c12c000-7f7b3c12e000 r--s 0000d000 08:05 5508661                    /home/nduwayo/.m2/repository/org/codehaus/plexus/plexus-interpolation/1.14/plexus-interpolation-1.14.jar
7f7b3c12e000-7f7b3c132000 r--s 00017000 08:05 5508659                    /home/nduwayo/.m2/repository/org/sonatype/aether/aether-util/1.7/aether-util-1.7.jar
7f7b3c132000-7f7b3c136000 r--s 00033000 08:05 5249256                    /home/nduwayo/.m2/repository/org/codehaus/plexus/plexus-utils/2.0.4/plexus-utils-2.0.4.jar
7f7b3c136000-7f7b3c139000 ---p 00000000 00:00 0 
7f7b3c139000-7f7b3c16f000 rw-p 00000000 00:00 0 
7f7b3c16f000-7f7b3c170000 ---p 00000000 00:00 0 
7f7b3c170000-7f7b40000000 rw-p 00000000 00:00 0 
7f7b40000000-7f7b40021000 rw-p 00000000 00:00 0 
7f7b40021000-7f7b44000000 ---p 00000000 00:00 0 
7f7b44000000-7f7b44021000 rw-p 00000000 00:00 0 
7f7b44021000-7f7b48000000 ---p 00000000 00:00 0 
7f7b48000000-7f7b48021000 rw-p 00000000 00:00 0 
7f7b48021000-7f7b4c000000 ---p 00000000 00:00 0 
7f7b4c000000-7f7b4c021000 rw-p 00000000 00:00 0 
7f7b4c021000-7f7b50000000 ---p 00000000 00:00 0 
7f7b50000000-7f7b50021000 rw-p 00000000 00:00 0 
7f7b50021000-7f7b54000000 ---p 00000000 00:00 0 
7f7b54000000-7f7b54021000 rw-p 00000000 00:00 0 
7f7b54021000-7f7b58000000 ---p 00000000 00:00 0 
7f7b58000000-7f7b58021000 rw-p 00000000 00:00 0 
7f7b58021000-7f7b5c000000 ---p 00000000 00:00 0 
7f7b5c000000-7f7b5c00b000 r--s 00069000 08:05 5508637                    /home/nduwayo/.m2/repository/org/sonatype/sisu/sisu-guice/2.1.7/sisu-guice-2.1.7-noaop.jar
7f7b5c00b000-7f7b5c010000 r--s 00021000 08:05 5508635                    /home/nduwayo/.m2/repository/org/sonatype/sisu/sisu-inject-bean/1.4.2/sisu-inject-bean-1.4.2.jar
7f7b5c010000-7f7b5c012000 r--s 0000d000 08:05 5508113                    /home/nduwayo/.m2/repository/org/apache/maven/plugins/maven-compiler-plugin/3.7.0/maven-compiler-plugin-3.7.0.jar
7f7b5c012000-7f7b5c014000 r--s 0000d000 08:05 5637871                    /home/nduwayo/.m2/repository/org/codehaus/plexus/plexus-interpolation/1.13/plexus-interpolation-1.13.jar
7f7b5c014000-7f7b5c015000 r--s 00001000 08:05 5637867                    /home/nduwayo/.m2/repository/org/sonatype/plexus/plexus-build-api/0.0.4/plexus-build-api-0.0.4.jar
7f7b5c015000-7f7b5c017000 r--s 00009000 08:05 6972720                    /home/nduwayo/.m2/repository/org/apache/maven/shared/maven-filtering/1.0/maven-filtering-1.0.jar
7f7b5c017000-7f7b5c01a000 r--s 0001b000 08:05 5637831                    /home/nduwayo/.m2/repository/junit/junit/3.8.1/junit-3.8.1.jar
7f7b5c01a000-7f7b5c01c000 r--s 00002000 08:05 5637809                    /home/nduwayo/.m2/repository/org/codehaus/plexus/plexus-interactivity-api/1.0-alpha-4/plexus-interactivity-api-1.0-alpha-4.jar
7f7b5c01c000-7f7b5c01e000 r--s 00006000 08:05 5637805                    /home/nduwayo/.m2/repository/commons-cli/commons-cli/1.0/commons-cli-1.0.jar
7f7b5c01e000-7f7b5c01f000 r--s 00001000 08:05 5637799                    /home/nduwayo/.m2/repository/org/apache/maven/doxia/doxia-sink-api/1.0-alpha-7/doxia-sink-api-1.0-alpha-7.jar
7f7b5c01f000-7f7b5c020000 r--s 00002000 08:05 5637797                    /home/nduwayo/.m2/repository/org/apache/maven/reporting/maven-reporting-api/2.0.6/maven-reporting-api-2.0.6.jar
7f7b5c020000-7f7b5c022000 r--s 00005000 08:05 5126276                    /home/nduwayo/.m2/repository/org/apache/maven/plugins/maven-resources-plugin/2.5/maven-resources-plugin-2.5.jar
7f7b5c022000-7f7b5c026000 r--s 00033000 08:05 5509168                    /home/nduwayo/.m2/repository/org/codehaus/plexus/plexus-utils/2.0.5/plexus-utils-2.0.5.jar
7f7b5c026000-7f7b5c027000 r--s 00005000 08:05 4724061                    /home/nduwayo/.m2/repository/org/apache/maven/plugins/maven-clean-plugin/2.4.1/maven-clean-plugin-2.4.1.jar
7f7b5c027000-7f7b5c028000 r--p 00000000 00:00 0 
7f7b5c028000-7f7b5c02d000 r--s 0009d000 08:05 2235069                    /usr/lib/jvm/java-8-oracle/jre/lib/jsse.jar
7f7b5c02d000-7f7b5c02f000 r--s 0000d000 08:05 7343406                    /home/nduwayo/netbeans-8.2/java/maven-nblib/netbeans-eventspy.jar
7f7b5c02f000-7f7b5c031000 r--s 0000c000 08:05 7343318                    /home/nduwayo/netbeans-8.2/java/maven/lib/maven-aether-provider-3.0.5.jar
7f7b5c031000-7f7b5c03b000 r--s 00116000 08:05 2641880                    /usr/lib/jvm/java-8-oracle/jre/lib/ext/localedata.jar
7f7b5c03b000-7f7b5c057000 r--s 00393000 08:05 2641873                    /usr/lib/jvm/java-8-oracle/jre/lib/ext/cldrdata.jar
7f7b5c057000-7f7b5c05a000 r--s 00008000 08:05 7343305                    /home/nduwayo/netbeans-8.2/java/maven/lib/maven-settings-builder-3.0.5.jar
7f7b5c05a000-7f7b5c079000 r--s 00154000 08:05 7343424                    /home/nduwayo/netbeans-8.2/java/maven/lib/sisu-guava-0.9.9.jar
7f7b5c079000-7f7b5c07a000 r--s 00006000 08:05 7343348                    /home/nduwayo/netbeans-8.2/java/maven/lib/plexus-sec-dispatcher-1.3.jar
7f7b5c07a000-7f7b5c07c000 r--s 00006000 08:05 7343285                    /home/nduwayo/netbeans-8.2/java/maven/lib/aether-connector-wagon-1.13.1.jar
7f7b5c07c000-7f7b5c07e000 r--s 00006000 08:05 7343230                    /home/nduwayo/netbeans-8.2/java/maven/lib/maven-repository-metadata-3.0.5.jar
7f7b5c07e000-7f7b5c086000 r--s 00050000 08:05 7343372                    /home/nduwayo/netbeans-8.2/java/maven/lib/sisu-guice-3.1.0-no_aop.jar
7f7b5c086000-7f7b5c08a000 r--s 00021000 08:05 7343347                    /home/nduwayo/netbeans-8.2/java/maven/lib/maven-model-builder-3.0.5.jar
7f7b5c08a000-7f7b5c091000 r--s 0002b000 08:05 7343364                    /home/nduwayo/netbeans-8.2/java/maven/lib/sisu-inject-plexus-2.3.0.jar
7f7b5c091000-7f7b5c09d000 r--s 0007d000 08:05 7343423                    /home/nduwayo/netbeans-8.2/java/maven/lib/maven-core-3.0.5.jar
7f7b5c09d000-7f7b5c0cc000 r--s 001c8000 08:05 7343384                    /home/nduwayo/netbeans-8.2/java/maven/lib/wagon-http-2.10-shaded.jar
7f7b5c0cc000-7f7b5c0cf000 ---p 00000000 00:00 0 
7f7b5c0cf000-7f7b5c1cd000 rw-p 00000000 00:00 0 
7f7b5c1cd000-7f7b5c1ce000 ---p 00000000 00:00 0 
7f7b5c1ce000-7f7b5c1d1000 ---p 00000000 00:00 0 
7f7b5c1d1000-7f7b5c2ce000 rw-p 00000000 00:00 0 
7f7b5c2ce000-7f7b5c2cf000 ---p 00000000 00:00 0 
7f7b5c2cf000-7f7b5c2d2000 ---p 00000000 00:00 0 
7f7b5c2d2000-7f7b5c3cf000 rw-p 00000000 00:00 0 
7f7b5c3cf000-7f7b5c3d0000 ---p 00000000 00:00 0 
7f7b5c3d0000-7f7b5c3d3000 ---p 00000000 00:00 0 
7f7b5c3d3000-7f7b5c4d0000 rw-p 00000000 00:00 0 
7f7b5c4d0000-7f7b5c4d1000 ---p 00000000 00:00 0 
7f7b5c4d1000-7f7b5c4d4000 ---p 00000000 00:00 0 
7f7b5c4d4000-7f7b5c5d1000 rw-p 00000000 00:00 0 
7f7b5c5d1000-7f7b5c5d4000 ---p 00000000 00:00 0 
7f7b5c5d4000-7f7b5c6d2000 rw-p 00000000 00:00 0 
7f7b5c6d2000-7f7b5c6d5000 ---p 00000000 00:00 0 
7f7b5c6d5000-7f7b5c7d3000 rw-p 00000000 00:00 0 
7f7b5c7d3000-7f7b5c7d6000 ---p 00000000 00:00 0 
7f7b5c7d6000-7f7b5c8d4000 rw-p 00000000 00:00 0 
7f7b5c8d4000-7f7b5c8d5000 ---p 00000000 00:00 0 
7f7b5c8d5000-7f7b5e647000 rw-p 00000000 00:00 0 
7f7b5e647000-7f7b5e821000 r--s 03d68000 08:05 2235064                    /usr/lib/jvm/java-8-oracle/jre/lib/rt.jar
7f7b5e821000-7f7b5f470000 rw-p 00000000 00:00 0 
7f7b5f470000-7f7b5f471000 ---p 00000000 00:00 0 
7f7b5f471000-7f7b5f571000 rw-p 00000000 00:00 0 
7f7b5f571000-7f7b5f572000 ---p 00000000 00:00 0 
7f7b5f572000-7f7b5f672000 rw-p 00000000 00:00 0 
7f7b5f672000-7f7b5f673000 ---p 00000000 00:00 0 
7f7b5f673000-7f7b5f773000 rw-p 00000000 00:00 0 
7f7b5f773000-7f7b5f774000 ---p 00000000 00:00 0 
7f7b5f774000-7f7b5f874000 rw-p 00000000 00:00 0 
7f7b5f874000-7f7b5f875000 ---p 00000000 00:00 0 
7f7b5f875000-7f7b5f975000 rw-p 00000000 00:00 0 
7f7b5f975000-7f7b5f976000 ---p 00000000 00:00 0 
7f7b5f976000-7f7b5fa76000 rw-p 00000000 00:00 0 
7f7b5fa76000-7f7b5fa77000 ---p 00000000 00:00 0 
7f7b5fa77000-7f7b5fbc3000 rw-p 00000000 00:00 0 
7f7b5fbc3000-7f7b5fe08000 ---p 00000000 00:00 0 
7f7b5fe08000-7f7b5fe54000 rw-p 00000000 00:00 0 
7f7b5fe54000-7f7b60098000 ---p 00000000 00:00 0 
7f7b60098000-7f7b60129000 rw-p 00000000 00:00 0 
7f7b60129000-7f7b601e1000 ---p 00000000 00:00 0 
7f7b601e1000-7f7b60227000 rw-p 00000000 00:00 0 
7f7b60227000-7f7b605a2000 ---p 00000000 00:00 0 
7f7b605a2000-7f7b616b2000 rwxp 00000000 00:00 0 
7f7b616b2000-7f7b6f5a2000 ---p 00000000 00:00 0 
7f7b6f5a2000-7f7b6f5bd000 r-xp 00000000 08:05 3021732                    /usr/lib/jvm/java-8-oracle/jre/lib/amd64/libzip.so
7f7b6f5bd000-7f7b6f7bd000 ---p 0001b000 08:05 3021732                    /usr/lib/jvm/java-8-oracle/jre/lib/amd64/libzip.so
7f7b6f7bd000-7f7b6f7be000 rw-p 0001b000 08:05 3021732                    /usr/lib/jvm/java-8-oracle/jre/lib/amd64/libzip.so
7f7b6f7be000-7f7b6f7c9000 r-xp 00000000 08:05 8917721                    /lib/x86_64-linux-gnu/libnss_files-2.27.so
7f7b6f7c9000-7f7b6f9c8000 ---p 0000b000 08:05 8917721                    /lib/x86_64-linux-gnu/libnss_files-2.27.so
7f7b6f9c8000-7f7b6f9c9000 r--p 0000a000 08:05 8917721                    /lib/x86_64-linux-gnu/libnss_files-2.27.so
7f7b6f9c9000-7f7b6f9ca000 rw-p 0000b000 08:05 8917721                    /lib/x86_64-linux-gnu/libnss_files-2.27.so
7f7b6f9ca000-7f7b6f9d0000 rw-p 00000000 00:00 0 
7f7b6f9d0000-7f7b6f9e7000 r-xp 00000000 08:05 8917715                    /lib/x86_64-linux-gnu/libnsl-2.27.so
7f7b6f9e7000-7f7b6fbe6000 ---p 00017000 08:05 8917715                    /lib/x86_64-linux-gnu/libnsl-2.27.so
7f7b6fbe6000-7f7b6fbe7000 r--p 00016000 08:05 8917715                    /lib/x86_64-linux-gnu/libnsl-2.27.so
7f7b6fbe7000-7f7b6fbe8000 rw-p 00017000 08:05 8917715                    /lib/x86_64-linux-gnu/libnsl-2.27.so
7f7b6fbe8000-7f7b6fbea000 rw-p 00000000 00:00 0 
7f7b6fbea000-7f7b6fbf5000 r-xp 00000000 08:05 8917732                    /lib/x86_64-linux-gnu/libnss_nis-2.27.so
7f7b6fbf5000-7f7b6fdf4000 ---p 0000b000 08:05 8917732                    /lib/x86_64-linux-gnu/libnss_nis-2.27.so
7f7b6fdf4000-7f7b6fdf5000 r--p 0000a000 08:05 8917732                    /lib/x86_64-linux-gnu/libnss_nis-2.27.so
7f7b6fdf5000-7f7b6fdf6000 rw-p 0000b000 08:05 8917732                    /lib/x86_64-linux-gnu/libnss_nis-2.27.so
7f7b6fdf6000-7f7b6fdfe000 r-xp 00000000 08:05 8917717                    /lib/x86_64-linux-gnu/libnss_compat-2.27.so
7f7b6fdfe000-7f7b6fffe000 ---p 00008000 08:05 8917717                    /lib/x86_64-linux-gnu/libnss_compat-2.27.so
7f7b6fffe000-7f7b6ffff000 r--p 00008000 08:05 8917717                    /lib/x86_64-linux-gnu/libnss_compat-2.27.so
7f7b6ffff000-7f7b70000000 rw-p 00009000 08:05 8917717                    /lib/x86_64-linux-gnu/libnss_compat-2.27.so
7f7b70000000-7f7b7141c000 rw-p 00000000 00:00 0 
7f7b7141c000-7f7b74000000 ---p 00000000 00:00 0 
7f7b74000000-7f7b74002000 r--s 0000a000 08:05 7343399                    /home/nduwayo/netbeans-8.2/java/maven/lib/maven-settings-3.0.5.jar
7f7b74002000-7f7b74006000 r--s 00033000 08:05 7343409                    /home/nduwayo/netbeans-8.2/java/maven/lib/plexus-utils-2.0.6.jar
7f7b74006000-7f7b74008000 r--s 0000b000 08:05 7343373                    /home/nduwayo/netbeans-8.2/java/maven/lib/wagon-provider-api-2.10.jar
7f7b74008000-7f7b7400a000 r--s 0000b000 08:05 7343397                    /home/nduwayo/netbeans-8.2/java/maven/lib/maven-artifact-3.0.5.jar
7f7b7400a000-7f7b7400e000 r--s 0001c000 08:05 7343411                    /home/nduwayo/netbeans-8.2/java/maven/lib/aether-util-1.13.1.jar
7f7b7400e000-7f7b7400f000 ---p 00000000 00:00 0 
7f7b7400f000-7f7b7410f000 rw-p 00000000 00:00 0 
7f7b7410f000-7f7b7413a000 r-xp 00000000 08:05 3021726                    /usr/lib/jvm/java-8-oracle/jre/lib/amd64/libjava.so
7f7b7413a000-7f7b74339000 ---p 0002b000 08:05 3021726                    /usr/lib/jvm/java-8-oracle/jre/lib/amd64/libjava.so
7f7b74339000-7f7b7433b000 rw-p 0002a000 08:05 3021726                    /usr/lib/jvm/java-8-oracle/jre/lib/amd64/libjava.so
7f7b7433b000-7f7b74348000 r-xp 00000000 08:05 3021731                    /usr/lib/jvm/java-8-oracle/jre/lib/amd64/libverify.so
7f7b74348000-7f7b74548000 ---p 0000d000 08:05 3021731                    /usr/lib/jvm/java-8-oracle/jre/lib/amd64/libverify.so
7f7b74548000-7f7b7454a000 rw-p 0000d000 08:05 3021731                    /usr/lib/jvm/java-8-oracle/jre/lib/amd64/libverify.so
7f7b7454a000-7f7b74551000 r-xp 00000000 08:05 8917772                    /lib/x86_64-linux-gnu/librt-2.27.so
7f7b74551000-7f7b74750000 ---p 00007000 08:05 8917772                    /lib/x86_64-linux-gnu/librt-2.27.so
7f7b74750000-7f7b74751000 r--p 00006000 08:05 8917772                    /lib/x86_64-linux-gnu/librt-2.27.so
7f7b74751000-7f7b74752000 rw-p 00007000 08:05 8917772                    /lib/x86_64-linux-gnu/librt-2.27.so
7f7b74752000-7f7b748ef000 r-xp 00000000 08:05 8917694                    /lib/x86_64-linux-gnu/libm-2.27.so
7f7b748ef000-7f7b74aee000 ---p 0019d000 08:05 8917694                    /lib/x86_64-linux-gnu/libm-2.27.so
7f7b74aee000-7f7b74aef000 r--p 0019c000 08:05 8917694                    /lib/x86_64-linux-gnu/libm-2.27.so
7f7b74aef000-7f7b74af0000 rw-p 0019d000 08:05 8917694                    /lib/x86_64-linux-gnu/libm-2.27.so
7f7b74af0000-7f7b757c9000 r-xp 00000000 08:05 3021708                    /usr/lib/jvm/java-8-oracle/jre/lib/amd64/server/libjvm.so
7f7b757c9000-7f7b759c8000 ---p 00cd9000 08:05 3021708                    /usr/lib/jvm/java-8-oracle/jre/lib/amd64/server/libjvm.so
7f7b759c8000-7f7b75aa2000 rw-p 00cd8000 08:05 3021708                    /usr/lib/jvm/java-8-oracle/jre/lib/amd64/server/libjvm.so
7f7b75aa2000-7f7b75aed000 rw-p 00000000 00:00 0 
7f7b75aed000-7f7b75cd4000 r-xp 00000000 08:05 8917631                    /lib/x86_64-linux-gnu/libc-2.27.so
7f7b75cd4000-7f7b75ed4000 ---p 001e7000 08:05 8917631                    /lib/x86_64-linux-gnu/libc-2.27.so
7f7b75ed4000-7f7b75ed8000 r--p 001e7000 08:05 8917631                    /lib/x86_64-linux-gnu/libc-2.27.so
7f7b75ed8000-7f7b75eda000 rw-p 001eb000 08:05 8917631                    /lib/x86_64-linux-gnu/libc-2.27.so
7f7b75eda000-7f7b75ede000 rw-p 00000000 00:00 0 
7f7b75ede000-7f7b75ee1000 r-xp 00000000 08:05 8917654                    /lib/x86_64-linux-gnu/libdl-2.27.so
7f7b75ee1000-7f7b760e0000 ---p 00003000 08:05 8917654                    /lib/x86_64-linux-gnu/libdl-2.27.so
7f7b760e0000-7f7b760e1000 r--p 00002000 08:05 8917654                    /lib/x86_64-linux-gnu/libdl-2.27.so
7f7b760e1000-7f7b760e2000 rw-p 00003000 08:05 8917654                    /lib/x86_64-linux-gnu/libdl-2.27.so
7f7b760e2000-7f7b760f8000 r-xp 00000000 08:05 2104764                    /usr/lib/jvm/java-8-oracle/lib/amd64/jli/libjli.so
7f7b760f8000-7f7b762f7000 ---p 00016000 08:05 2104764                    /usr/lib/jvm/java-8-oracle/lib/amd64/jli/libjli.so
7f7b762f7000-7f7b762f8000 rw-p 00015000 08:05 2104764                    /usr/lib/jvm/java-8-oracle/lib/amd64/jli/libjli.so
7f7b762f8000-7f7b76312000 r-xp 00000000 08:05 8917764                    /lib/x86_64-linux-gnu/libpthread-2.27.so
7f7b76312000-7f7b76511000 ---p 0001a000 08:05 8917764                    /lib/x86_64-linux-gnu/libpthread-2.27.so
7f7b76511000-7f7b76512000 r--p 00019000 08:05 8917764                    /lib/x86_64-linux-gnu/libpthread-2.27.so
7f7b76512000-7f7b76513000 rw-p 0001a000 08:05 8917764                    /lib/x86_64-linux-gnu/libpthread-2.27.so
7f7b76513000-7f7b76517000 rw-p 00000000 00:00 0 
7f7b76517000-7f7b7653e000 r-xp 00000000 08:05 8917603                    /lib/x86_64-linux-gnu/ld-2.27.so
7f7b7653e000-7f7b7653f000 r--s 00002000 08:05 7343387                    /home/nduwayo/netbeans-8.2/java/maven/lib/wagon-http-shared-2.10.jar
7f7b7653f000-7f7b76540000 r--s 00002000 08:05 7343426                    /home/nduwayo/netbeans-8.2/java/maven/lib/wagon-file-2.10.jar
7f7b76540000-7f7b76542000 r--s 00000000 08:05 7343119                    /home/nduwayo/netbeans-8.2/java/maven/lib/plexus-component-annotations-1.5.5.jar
7f7b76542000-7f7b76545000 r--s 0001d000 08:05 7343410                    /home/nduwayo/netbeans-8.2/java/maven/lib/aether-impl-1.13.1.jar
7f7b76545000-7f7b76547000 r--s 00002000 08:05 7343416                    /home/nduwayo/netbeans-8.2/java/maven/lib/plexus-cipher-1.7.jar
7f7b76547000-7f7b7654b000 r--s 00013000 08:05 7343417                    /home/nduwayo/netbeans-8.2/java/maven/lib/aether-api-1.13.1.jar
7f7b7654b000-7f7b7654d000 r--s 00026000 08:05 7343415                    /home/nduwayo/netbeans-8.2/java/maven/lib/maven-model-3.0.5.jar
7f7b7654d000-7f7b7654e000 r--s 00003000 08:05 7343418                    /home/nduwayo/netbeans-8.2/java/maven/lib/aether-spi-1.13.1.jar
7f7b7654e000-7f7b76550000 r--s 0000b000 08:05 7343385                    /home/nduwayo/netbeans-8.2/java/maven/lib/maven-plugin-api-3.0.5.jar
7f7b76550000-7f7b76552000 r--s 00009000 08:05 7343427                    /home/nduwayo/netbeans-8.2/java/maven/lib/commons-cli-1.2.jar
7f7b76552000-7f7b76558000 r--s 0003f000 08:05 7343412                    /home/nduwayo/netbeans-8.2/java/maven/lib/maven-compat-3.0.5.jar
7f7b76558000-7f7b76623000 rw-p 00000000 00:00 0 
7f7b76623000-7f7b76624000 ---p 00000000 00:00 0 
7f7b76624000-7f7b76627000 ---p 00000000 00:00 0 
7f7b76627000-7f7b76726000 rw-p 00000000 00:00 0 
7f7b76726000-7f7b76728000 r--s 0000d000 08:05 7343349                    /home/nduwayo/netbeans-8.2/java/maven/lib/plexus-interpolation-1.14.jar
7f7b76728000-7f7b7672f000 r--s 0003f000 08:05 7343386                    /home/nduwayo/netbeans-8.2/java/maven/lib/sisu-inject-bean-2.3.0.jar
7f7b7672f000-7f7b76730000 r--s 0000a000 08:05 7343398                    /home/nduwayo/netbeans-8.2/java/maven/lib/maven-embedder-3.0.5.jar
7f7b76730000-7f7b76732000 r--s 0000a000 08:05 7343375                    /home/nduwayo/netbeans-8.2/java/maven/boot/plexus-classworlds-2.4.jar
7f7b76732000-7f7b7673a000 rw-s 00000000 08:05 7349401                    /tmp/hsperfdata_nduwayo/11906
7f7b7673a000-7f7b7673b000 rw-p 00000000 00:00 0 
7f7b7673b000-7f7b7673c000 ---p 00000000 00:00 0 
7f7b7673c000-7f7b7673e000 rw-p 00000000 00:00 0 
7f7b7673e000-7f7b7673f000 r--p 00027000 08:05 8917603                    /lib/x86_64-linux-gnu/ld-2.27.so
7f7b7673f000-7f7b76740000 rw-p 00028000 08:05 8917603                    /lib/x86_64-linux-gnu/ld-2.27.so
7f7b76740000-7f7b76741000 rw-p 00000000 00:00 0 
7ffc12313000-7ffc12334000 rw-p 00000000 00:00 0                          [stack]
7ffc123e8000-7ffc123eb000 r--p 00000000 00:00 0                          [vvar]
7ffc123eb000-7ffc123ed000 r-xp 00000000 00:00 0                          [vdso]
ffffffffff600000-ffffffffff601000 r-xp 00000000 00:00 0                  [vsyscall]

VM Arguments:
jvm_args: -Dclassworlds.conf=/home/nduwayo/netbeans-8.2/java/maven/bin/m2.conf -Dmaven.home=/home/nduwayo/netbeans-8.2/java/maven 
java_command: org.codehaus.plexus.classworlds.launcher.Launcher -Dmaven.ext.class.path=/home/nduwayo/netbeans-8.2/java/maven-nblib/netbeans-eventspy.jar clean install
java_class_path (initial): /home/nduwayo/netbeans-8.2/java/maven/boot/plexus-classworlds-2.4.jar
Launcher Type: SUN_STANDARD

Environment Variables:
JAVA_HOME=/usr/lib/jvm/java-8-oracle
PATH=/home/nduwayo/bin:/usr/local/sbin:/usr/local/bin:/usr/sbin:/usr/bin:/sbin:/bin:/usr/games:/usr/local/games:/snap/bin:/usr/lib/jvm/java-8-oracle/bin:/usr/lib/jvm/java-8-oracle/db/bin:/usr/lib/jvm/java-8-oracle/jre/bin
USERNAME=nduwayo
LD_LIBRARY_PATH=/usr/lib/jvm/java-8-oracle/jre/lib/amd64:/usr/lib/jvm/java-8-oracle/jre/lib/i386:
SHELL=/bin/bash
DISPLAY=:0

Signal Handlers:
SIGSEGV: [libjvm.so+0xad0890], sa_mask[0]=11111111011111111101111111111110, sa_flags=SA_RESTART|SA_SIGINFO
SIGBUS: [libjvm.so+0xad0890], sa_mask[0]=11111111011111111101111111111110, sa_flags=SA_RESTART|SA_SIGINFO
SIGFPE: [libjvm.so+0x928640], sa_mask[0]=11111111011111111101111111111110, sa_flags=SA_RESTART|SA_SIGINFO
SIGPIPE: [libjvm.so+0x928640], sa_mask[0]=11111111011111111101111111111110, sa_flags=SA_RESTART|SA_SIGINFO
SIGXFSZ: [libjvm.so+0x928640], sa_mask[0]=11111111011111111101111111111110, sa_flags=SA_RESTART|SA_SIGINFO
SIGILL: [libjvm.so+0x928640], sa_mask[0]=11111111011111111101111111111110, sa_flags=SA_RESTART|SA_SIGINFO
SIGUSR1: SIG_DFL, sa_mask[0]=00000000000000000000000000000000, sa_flags=none
SIGUSR2: [libjvm.so+0x929ea0], sa_mask[0]=00100000000000000000000000000000, sa_flags=SA_RESTART|SA_SIGINFO
SIGHUP: [libjvm.so+0x92b2a0], sa_mask[0]=11111111011111111101111111111110, sa_flags=SA_RESTART|SA_SIGINFO
SIGINT: SIG_IGN, sa_mask[0]=00000000000000000000000000000000, sa_flags=none
SIGTERM: [libjvm.so+0x92b2a0], sa_mask[0]=11111111011111111101111111111110, sa_flags=SA_RESTART|SA_SIGINFO
SIGQUIT: [libjvm.so+0x92b2a0], sa_mask[0]=11111111011111111101111111111110, sa_flags=SA_RESTART|SA_SIGINFO


---------------  S Y S T E M  ---------------

OS:DISTRIB_ID=Ubuntu
DISTRIB_RELEASE=18.04
DISTRIB_CODENAME=bionic
DISTRIB_DESCRIPTION="Ubuntu 18.04 LTS"

uname:Linux 4.15.0-23-generic #25-Ubuntu SMP Wed May 23 18:02:16 UTC 2018 x86_64
libc:glibc 2.27 NPTL 2.27 
rlimit: STACK 8192k, CORE 0k, NPROC 31289, NOFILE 1048576, AS infinity
load average:1,09 0,86 0,70

/proc/meminfo:
MemTotal:        8069016 kB
MemFree:          104764 kB
MemAvailable:       6732 kB
Buffers:             636 kB
Cached:           302168 kB
SwapCached:        16432 kB
Active:          6692896 kB
Inactive:         849180 kB
Active(anon):    6681344 kB
Inactive(anon):   835152 kB
Active(file):      11552 kB
Inactive(file):    14028 kB
Unevictable:         392 kB
Mlocked:             392 kB
SwapTotal:       2097148 kB
SwapFree:           1496 kB
Dirty:                40 kB
Writeback:             0 kB
AnonPages:       7227568 kB
Mapped:           207700 kB
Shmem:            276752 kB
Slab:             138092 kB
SReclaimable:      49828 kB
SUnreclaim:        88264 kB
KernelStack:       31392 kB
PageTables:       136024 kB
NFS_Unstable:          0 kB
Bounce:                0 kB
WritebackTmp:          0 kB
CommitLimit:     6131656 kB
Committed_AS:   28303744 kB
VmallocTotal:   34359738367 kB
VmallocUsed:           0 kB
VmallocChunk:          0 kB
HardwareCorrupted:     0 kB
AnonHugePages:         0 kB
ShmemHugePages:        0 kB
ShmemPmdMapped:        0 kB
CmaTotal:              0 kB
CmaFree:               0 kB
HugePages_Total:       0
HugePages_Free:        0
HugePages_Rsvd:        0
HugePages_Surp:        0
Hugepagesize:       2048 kB
DirectMap4k:      345716 kB
DirectMap2M:     7944192 kB


CPU:total 8 (initial active 8) (4 cores per cpu, 2 threads per core) family 6 model 58 stepping 9, cmov, cx8, fxsr, mmx, sse, sse2, sse3, ssse3, sse4.1, sse4.2, popcnt, avx, aes, clmul, erms, ht, tsc, tscinvbit, tscinv

/proc/cpuinfo:
processor	: 0
vendor_id	: GenuineIntel
cpu family	: 6
model		: 58
model name	: Intel(R) Core(TM) i7-3720QM CPU @ 2.60GHz
stepping	: 9
microcode	: 0x1f
cpu MHz		: 3402.060
cache size	: 6144 KB
physical id	: 0
siblings	: 8
core id		: 0
cpu cores	: 4
apicid		: 0
initial apicid	: 0
fpu		: yes
fpu_exception	: yes
cpuid level	: 13
wp		: yes
flags		: fpu vme de pse tsc msr pae mce cx8 apic sep mtrr pge mca cmov pat pse36 clflush dts acpi mmx fxsr sse sse2 ss ht tm pbe syscall nx rdtscp lm constant_tsc arch_perfmon pebs bts rep_good nopl xtopology nonstop_tsc cpuid aperfmperf pni pclmulqdq dtes64 monitor ds_cpl vmx smx est tm2 ssse3 cx16 xtpr pdcm pcid sse4_1 sse4_2 x2apic popcnt tsc_deadline_timer aes xsave avx f16c rdrand lahf_lm cpuid_fault epb pti ibrs ibpb stibp tpr_shadow vnmi flexpriority ept vpid fsgsbase smep erms xsaveopt dtherm ida arat pln pts
bugs		: cpu_meltdown spectre_v1 spectre_v2 spec_store_bypass
bogomips	: 5183.09
clflush size	: 64
cache_alignment	: 64
address sizes	: 36 bits physical, 48 bits virtual
power management:

processor	: 1
vendor_id	: GenuineIntel
cpu family	: 6
model		: 58
model name	: Intel(R) Core(TM) i7-3720QM CPU @ 2.60GHz
stepping	: 9
microcode	: 0x1f
cpu MHz		: 3389.494
cache size	: 6144 KB
physical id	: 0
siblings	: 8
core id		: 1
cpu cores	: 4
apicid		: 2
initial apicid	: 2
fpu		: yes
fpu_exception	: yes
cpuid level	: 13
wp		: yes
flags		: fpu vme de pse tsc msr pae mce cx8 apic sep mtrr pge mca cmov pat pse36 clflush dts acpi mmx fxsr sse sse2 ss ht tm pbe syscall nx rdtscp lm constant_tsc arch_perfmon pebs bts rep_good nopl xtopology nonstop_tsc cpuid aperfmperf pni pclmulqdq dtes64 monitor ds_cpl vmx smx est tm2 ssse3 cx16 xtpr pdcm pcid sse4_1 sse4_2 x2apic popcnt tsc_deadline_timer aes xsave avx f16c rdrand lahf_lm cpuid_fault epb pti ibrs ibpb stibp tpr_shadow vnmi flexpriority ept vpid fsgsbase smep erms xsaveopt dtherm ida arat pln pts
bugs		: cpu_meltdown spectre_v1 spectre_v2 spec_store_bypass
bogomips	: 5183.09
clflush size	: 64
cache_alignment	: 64
address sizes	: 36 bits physical, 48 bits virtual
power management:

processor	: 2
vendor_id	: GenuineIntel
cpu family	: 6
model		: 58
model name	: Intel(R) Core(TM) i7-3720QM CPU @ 2.60GHz
stepping	: 9
microcode	: 0x1f
cpu MHz		: 3412.889
cache size	: 6144 KB
physical id	: 0
siblings	: 8
core id		: 2
cpu cores	: 4
apicid		: 4
initial apicid	: 4
fpu		: yes
fpu_exception	: yes
cpuid level	: 13
wp		: yes
flags		: fpu vme de pse tsc msr pae mce cx8 apic sep mtrr pge mca cmov pat pse36 clflush dts acpi mmx fxsr sse sse2 ss ht tm pbe syscall nx rdtscp lm constant_tsc arch_perfmon pebs bts rep_good nopl xtopology nonstop_tsc cpuid aperfmperf pni pclmulqdq dtes64 monitor ds_cpl vmx smx est tm2 ssse3 cx16 xtpr pdcm pcid sse4_1 sse4_2 x2apic popcnt tsc_deadline_timer aes xsave avx f16c rdrand lahf_lm cpuid_fault epb pti ibrs ibpb stibp tpr_shadow vnmi flexpriority ept vpid fsgsbase smep erms xsaveopt dtherm ida arat pln pts
bugs		: cpu_meltdown spectre_v1 spectre_v2 spec_store_bypass
bogomips	: 5183.09
clflush size	: 64
cache_alignment	: 64
address sizes	: 36 bits physical, 48 bits virtual
power management:

processor	: 3
vendor_id	: GenuineIntel
cpu family	: 6
model		: 58
model name	: Intel(R) Core(TM) i7-3720QM CPU @ 2.60GHz
stepping	: 9
microcode	: 0x1f
cpu MHz		: 3321.354
cache size	: 6144 KB
physical id	: 0
siblings	: 8
core id		: 3
cpu cores	: 4
apicid		: 6
initial apicid	: 6
fpu		: yes
fpu_exception	: yes
cpuid level	: 13
wp		: yes
flags		: fpu vme de pse tsc msr pae mce cx8 apic sep mtrr pge mca cmov pat pse36 clflush dts acpi mmx fxsr sse sse2 ss ht tm pbe syscall nx rdtscp lm constant_tsc arch_perfmon pebs bts rep_good nopl xtopology nonstop_tsc cpuid aperfmperf pni pclmulqdq dtes64 monitor ds_cpl vmx smx est tm2 ssse3 cx16 xtpr pdcm pcid sse4_1 sse4_2 x2apic popcnt tsc_deadline_timer aes xsave avx f16c rdrand lahf_lm cpuid_fault epb pti ibrs ibpb stibp tpr_shadow vnmi flexpriority ept vpid fsgsbase smep erms xsaveopt dtherm ida arat pln pts
bugs		: cpu_meltdown spectre_v1 spectre_v2 spec_store_bypass
bogomips	: 5183.09
clflush size	: 64
cache_alignment	: 64
address sizes	: 36 bits physical, 48 bits virtual
power management:

processor	: 4
vendor_id	: GenuineIntel
cpu family	: 6
model		: 58
model name	: Intel(R) Core(TM) i7-3720QM CPU @ 2.60GHz
stepping	: 9
microcode	: 0x1f
cpu MHz		: 3397.813
cache size	: 6144 KB
physical id	: 0
siblings	: 8
core id		: 0
cpu cores	: 4
apicid		: 1
initial apicid	: 1
fpu		: yes
fpu_exception	: yes
cpuid level	: 13
wp		: yes
flags		: fpu vme de pse tsc msr pae mce cx8 apic sep mtrr pge mca cmov pat pse36 clflush dts acpi mmx fxsr sse sse2 ss ht tm pbe syscall nx rdtscp lm constant_tsc arch_perfmon pebs bts rep_good nopl xtopology nonstop_tsc cpuid aperfmperf pni pclmulqdq dtes64 monitor ds_cpl vmx smx est tm2 ssse3 cx16 xtpr pdcm pcid sse4_1 sse4_2 x2apic popcnt tsc_deadline_timer aes xsave avx f16c rdrand lahf_lm cpuid_fault epb pti ibrs ibpb stibp tpr_shadow vnmi flexpriority ept vpid fsgsbase smep erms xsaveopt dtherm ida arat pln pts
bugs		: cpu_meltdown spectre_v1 spectre_v2 spec_store_bypass
bogomips	: 5183.09
clflush size	: 64
cache_alignment	: 64
address sizes	: 36 bits physical, 48 bits virtual
power management:

processor	: 5
vendor_id	: GenuineIntel
cpu family	: 6
model		: 58
model name	: Intel(R) Core(TM) i7-3720QM CPU @ 2.60GHz
stepping	: 9
microcode	: 0x1f
cpu MHz		: 3384.975
cache size	: 6144 KB
physical id	: 0
siblings	: 8
core id		: 1
cpu cores	: 4
apicid		: 3
initial apicid	: 3
fpu		: yes
fpu_exception	: yes
cpuid level	: 13
wp		: yes
flags		: fpu vme de pse tsc msr pae mce cx8 apic sep mtrr pge mca cmov pat pse36 clflush dts acpi mmx fxsr sse sse2 ss ht tm pbe syscall nx rdtscp lm constant_tsc arch_perfmon pebs bts rep_good nopl xtopology nonstop_tsc cpuid aperfmperf pni pclmulqdq dtes64 monitor ds_cpl vmx smx est tm2 ssse3 cx16 xtpr pdcm pcid sse4_1 sse4_2 x2apic popcnt tsc_deadline_timer aes xsave avx f16c rdrand lahf_lm cpuid_fault epb pti ibrs ibpb stibp tpr_shadow vnmi flexpriority ept vpid fsgsbase smep erms xsaveopt dtherm ida arat pln pts
bugs		: cpu_meltdown spectre_v1 spectre_v2 spec_store_bypass
bogomips	: 5183.09
clflush size	: 64
cache_alignment	: 64
address sizes	: 36 bits physical, 48 bits virtual
power management:

processor	: 6
vendor_id	: GenuineIntel
cpu family	: 6
model		: 58
model name	: Intel(R) Core(TM) i7-3720QM CPU @ 2.60GHz
stepping	: 9
microcode	: 0x1f
cpu MHz		: 3405.025
cache size	: 6144 KB
physical id	: 0
siblings	: 8
core id		: 2
cpu cores	: 4
apicid		: 5
initial apicid	: 5
fpu		: yes
fpu_exception	: yes
cpuid level	: 13
wp		: yes
flags		: fpu vme de pse tsc msr pae mce cx8 apic sep mtrr pge mca cmov pat pse36 clflush dts acpi mmx fxsr sse sse2 ss ht tm pbe syscall nx rdtscp lm constant_tsc arch_perfmon pebs bts rep_good nopl xtopology nonstop_tsc cpuid aperfmperf pni pclmulqdq dtes64 monitor ds_cpl vmx smx est tm2 ssse3 cx16 xtpr pdcm pcid sse4_1 sse4_2 x2apic popcnt tsc_deadline_timer aes xsave avx f16c rdrand lahf_lm cpuid_fault epb pti ibrs ibpb stibp tpr_shadow vnmi flexpriority ept vpid fsgsbase smep erms xsaveopt dtherm ida arat pln pts
bugs		: cpu_meltdown spectre_v1 spectre_v2 spec_store_bypass
bogomips	: 5183.09
clflush size	: 64
cache_alignment	: 64
address sizes	: 36 bits physical, 48 bits virtual
power management:

processor	: 7
vendor_id	: GenuineIntel
cpu family	: 6
model		: 58
model name	: Intel(R) Core(TM) i7-3720QM CPU @ 2.60GHz
stepping	: 9
microcode	: 0x1f
cpu MHz		: 3348.102
cache size	: 6144 KB
physical id	: 0
siblings	: 8
core id		: 3
cpu cores	: 4
apicid		: 7
initial apicid	: 7
fpu		: yes
fpu_exception	: yes
cpuid level	: 13
wp		: yes
flags		: fpu vme de pse tsc msr pae mce cx8 apic sep mtrr pge mca cmov pat pse36 clflush dts acpi mmx fxsr sse sse2 ss ht tm pbe syscall nx rdtscp lm constant_tsc arch_perfmon pebs bts rep_good nopl xtopology nonstop_tsc cpuid aperfmperf pni pclmulqdq dtes64 monitor ds_cpl vmx smx est tm2 ssse3 cx16 xtpr pdcm pcid sse4_1 sse4_2 x2apic popcnt tsc_deadline_timer aes xsave avx f16c rdrand lahf_lm cpuid_fault epb pti ibrs ibpb stibp tpr_shadow vnmi flexpriority ept vpid fsgsbase smep erms xsaveopt dtherm ida arat pln pts
bugs		: cpu_meltdown spectre_v1 spectre_v2 spec_store_bypass
bogomips	: 5183.09
clflush size	: 64
cache_alignment	: 64
address sizes	: 36 bits physical, 48 bits virtual
power management:



Memory: 4k page, physical 8069016k(108688k free), swap 2097148k(856k free)

vm_info: Java HotSpot(TM) 64-Bit Server VM (25.171-b11) for linux-amd64 JRE (1.8.0_171-b11), built on Mar 28 2018 17:07:08 by "java_re" with gcc 4.3.0 20080428 (Red Hat 4.3.0-8)

time: Mon Jul  9 14:29:23 2018
elapsed time: 8 seconds (0d 0h 0m 8s)

