#
# There is insufficient memory for the Java Runtime Environment to continue.
# Native memory allocation (mmap) failed to map 75497472 bytes for committing reserved memory.
# Possible reasons:
#   The system is out of physical RAM or swap space
#   In 32 bit mode, the process size limit was hit
# Possible solutions:
#   Reduce memory load on the system
#   Increase physical memory or swap space
#   Check if swap backing store is full
#   Use 64 bit Java on a 64 bit OS
#   Decrease Java heap size (-Xmx/-Xms)
#   Decrease number of Java threads
#   Decrease Java thread stack sizes (-Xss)
#   Set larger code cache with -XX:ReservedCodeCacheSize=
# This output file may be truncated or incomplete.
#
#  Out of Memory Error (os_linux.cpp:2640), pid=29268, tid=0x00007f9bd73f3700
#
# JRE version: Java(TM) SE Runtime Environment (8.0_181-b13) (build 1.8.0_181-b13)
# Java VM: Java HotSpot(TM) 64-Bit Server VM (25.181-b13 mixed mode linux-amd64 compressed oops)
# Failed to write core dump. Core dumps have been disabled. To enable core dumping, try "ulimit -c unlimited" before starting Java again
#

---------------  T H R E A D  ---------------

Current thread (0x00007f9bf4081800):  VMThread [stack: 0x00007f9bd72f4000,0x00007f9bd73f4000] [id=29279]

Stack: [0x00007f9bd72f4000,0x00007f9bd73f4000],  sp=0x00007f9bd73f20c0,  free space=1016k
Native frames: (J=compiled Java code, j=interpreted, Vv=VM code, C=native code)
V  [libjvm.so+0xad21aa]  VMError::report_and_die()+0x2ba
V  [libjvm.so+0x5022db]  report_vm_out_of_memory(char const*, int, unsigned long, VMErrorType, char const*)+0x8b
V  [libjvm.so+0x92fe33]  os::Linux::commit_memory_impl(char*, unsigned long, bool)+0x123
V  [libjvm.so+0x930059]  os::pd_commit_memory(char*, unsigned long, unsigned long, bool)+0x29
V  [libjvm.so+0x9272ba]  os::commit_memory(char*, unsigned long, unsigned long, bool)+0x2a
V  [libjvm.so+0x99d2e3]  PSVirtualSpace::expand_by(unsigned long)+0x53
V  [libjvm.so+0x99e6e8]  PSYoungGen::resize_generation(unsigned long, unsigned long)+0xf8
V  [libjvm.so+0x99d842]  PSYoungGen::resize(unsigned long, unsigned long)+0x22
V  [libjvm.so+0x99ab1b]  PSScavenge::invoke_no_policy()+0xf3b
V  [libjvm.so+0x99b2a1]  PSScavenge::invoke()+0x41
V  [libjvm.so+0x951d70]  ParallelScavengeHeap::failed_mem_allocate(unsigned long)+0x70
V  [libjvm.so+0xad3c27]  VM_ParallelGCFailedAllocation::doit()+0x97
V  [libjvm.so+0xadb745]  VM_Operation::evaluate()+0x55
V  [libjvm.so+0xad9b0a]  VMThread::evaluate_operation(VM_Operation*)+0xba
V  [libjvm.so+0xad9e8e]  VMThread::loop()+0x1ce
V  [libjvm.so+0xada300]  VMThread::run()+0x70
V  [libjvm.so+0x930198]  java_start(Thread*)+0x108

VM_Operation (0x00007f9bd53c1560): ParallelGCFailedAllocation, mode: safepoint, requested by thread 0x00007f9bf46b7800


---------------  P R O C E S S  ---------------

Java Threads: ( => current thread )
  0x00007f9bf46b2800 JavaThread "pool-1-thread-3" [_thread_blocked, id=29301, stack(0x00007f9bd50c4000,0x00007f9bd51c5000)]
  0x00007f9bf46b1800 JavaThread "pool-1-thread-2" [_thread_blocked, id=29300, stack(0x00007f9bd51c5000,0x00007f9bd52c6000)]
  0x00007f9bf46b7800 JavaThread "pool-1-thread-1" [_thread_blocked, id=29299, stack(0x00007f9bd52c6000,0x00007f9bd53c7000)]
  0x00007f9bf4645800 JavaThread "process reaper" daemon [_thread_blocked, id=29293, stack(0x00007f9bd5bce000,0x00007f9bd5c07000)]
  0x00007f9bf40d4800 JavaThread "Service Thread" daemon [_thread_blocked, id=29288, stack(0x00007f9bd611c000,0x00007f9bd621d000)]
  0x00007f9bf40c9000 JavaThread "C1 CompilerThread3" daemon [_thread_blocked, id=29287, stack(0x00007f9bd621e000,0x00007f9bd631e000)]
  0x00007f9bf40c7000 JavaThread "C2 CompilerThread2" daemon [_thread_blocked, id=29286, stack(0x00007f9bd631f000,0x00007f9bd641f000)]
  0x00007f9bf40c5800 JavaThread "C2 CompilerThread1" daemon [_thread_blocked, id=29285, stack(0x00007f9bd6420000,0x00007f9bd6520000)]
  0x00007f9bf40c2800 JavaThread "C2 CompilerThread0" daemon [_thread_blocked, id=29284, stack(0x00007f9bd6521000,0x00007f9bd6621000)]
  0x00007f9bf40c1000 JavaThread "Signal Dispatcher" daemon [_thread_blocked, id=29283, stack(0x00007f9bd6621000,0x00007f9bd6722000)]
  0x00007f9bf408d800 JavaThread "Finalizer" daemon [_thread_blocked, id=29281, stack(0x00007f9bd70f1000,0x00007f9bd71f2000)]
  0x00007f9bf408b000 JavaThread "Reference Handler" daemon [_thread_blocked, id=29280, stack(0x00007f9bd71f2000,0x00007f9bd72f3000)]
  0x00007f9bf400b800 JavaThread "main" [_thread_blocked, id=29270, stack(0x00007f9bfce68000,0x00007f9bfcf68000)]

Other Threads:
=>0x00007f9bf4081800 VMThread [stack: 0x00007f9bd72f4000,0x00007f9bd73f4000] [id=29279]
  0x00007f9bf40d9000 WatcherThread [stack: 0x00007f9bd601c000,0x00007f9bd611c000] [id=29289]

VM state:at safepoint (normal execution)

VM Mutex/Monitor currently owned by a thread:  ([mutex/lock_event])
[0x00007f9bf4007c30] Threads_lock - owner thread: 0x00007f9bf4081800
[0x00007f9bf4008130] Heap_lock - owner thread: 0x00007f9bf46b7800

Heap:
 PSYoungGen      total 68608K, used 5088K [0x00000000d6f80000, 0x00000000db780000, 0x0000000100000000)
  eden space 63488K, 0% used [0x00000000d6f80000,0x00000000d6f80000,0x00000000dad80000)
  from space 5120K, 99% used [0x00000000dad80000,0x00000000db278020,0x00000000db280000)
  to   space 5120K, 0% used [0x00000000db280000,0x00000000db280000,0x00000000db780000)
 ParOldGen       total 84992K, used 8523K [0x0000000084e00000, 0x000000008a100000, 0x00000000d6f80000)
  object space 84992K, 10% used [0x0000000084e00000,0x0000000085652e18,0x000000008a100000)
 Metaspace       used 16856K, capacity 17296K, committed 17536K, reserved 1064960K
  class space    used 2017K, capacity 2141K, committed 2176K, reserved 1048576K

Card table byte_map: [0x00007f9bf9757000,0x00007f9bf9b31000] byte_map_base: 0x00007f9bf9330000

Marking Bits: (ParMarkBitMap*) 0x00007f9bfc3040a0
 Begin Bits: [0x00007f9bdc270000, 0x00007f9bde138000)
 End Bits:   [0x00007f9bde138000, 0x00007f9be0000000)

Polling page: 0x00007f9bfcf7f000

CodeCache: size=245760Kb used=9104Kb max_used=9117Kb free=236656Kb
 bounds [0x00007f9be5000000, 0x00007f9be58f0000, 0x00007f9bf4000000]
 total_blobs=2994 nmethods=2632 adapters=275
 compilation: enabled

Compilation events (10 events):
Event: 2,010 Thread 0x00007f9bf40c9000 nmethod 2634 0x00007f9be58deb90 code [0x00007f9be58dece0, 0x00007f9be58dedf0]
Event: 2,012 Thread 0x00007f9bf40c2800 2635       4       java.util.zip.ZipCoder::getBytes (192 bytes)
Event: 2,017 Thread 0x00007f9bf40c7000 nmethod 2633 0x00007f9be58edd10 code [0x00007f9be58ede80, 0x00007f9be58ee5b8]
Event: 2,017 Thread 0x00007f9bf40c2800 nmethod 2635 0x00007f9be58e8a10 code [0x00007f9be58e8be0, 0x00007f9be58e91d0]
Event: 2,019 Thread 0x00007f9bf40c9000 2636       3       java.security.CodeSource::matchCerts (254 bytes)
Event: 2,020 Thread 0x00007f9bf40c9000 nmethod 2636 0x00007f9be58e7750 code [0x00007f9be58e7960, 0x00007f9be58e84b8]
Event: 2,023 Thread 0x00007f9bf40c5800 2637   !   4       java.util.zip.Inflater::inflate (113 bytes)
Event: 2,024 Thread 0x00007f9bf40c9000 2638       3       java.util.logging.LogManager::getProperty (9 bytes)
Event: 2,024 Thread 0x00007f9bf40c9000 nmethod 2638 0x00007f9be58e4050 code [0x00007f9be58e41c0, 0x00007f9be58e43e8]
Event: 2,026 Thread 0x00007f9bf40c5800 nmethod 2637 0x00007f9be58e2510 code [0x00007f9be58e2680, 0x00007f9be58e2b48]

GC Heap History (9 events):
Event: 0,503 GC heap before
{Heap before GC invocations=1 (full 0):
 PSYoungGen      total 36864K, used 31744K [0x00000000d6f80000, 0x00000000d9880000, 0x0000000100000000)
  eden space 31744K, 100% used [0x00000000d6f80000,0x00000000d8e80000,0x00000000d8e80000)
  from space 5120K, 0% used [0x00000000d9380000,0x00000000d9380000,0x00000000d9880000)
  to   space 5120K, 0% used [0x00000000d8e80000,0x00000000d8e80000,0x00000000d9380000)
 ParOldGen       total 84992K, used 0K [0x0000000084e00000, 0x000000008a100000, 0x00000000d6f80000)
  object space 84992K, 0% used [0x0000000084e00000,0x0000000084e00000,0x000000008a100000)
 Metaspace       used 7731K, capacity 7950K, committed 8064K, reserved 1056768K
  class space    used 972K, capacity 1053K, committed 1152K, reserved 1048576K
Event: 0,507 GC heap after
Heap after GC invocations=1 (full 0):
 PSYoungGen      total 36864K, used 4569K [0x00000000d6f80000, 0x00000000d9880000, 0x0000000100000000)
  eden space 31744K, 0% used [0x00000000d6f80000,0x00000000d6f80000,0x00000000d8e80000)
  from space 5120K, 89% used [0x00000000d8e80000,0x00000000d92f67a0,0x00000000d9380000)
  to   space 5120K, 0% used [0x00000000d9380000,0x00000000d9380000,0x00000000d9880000)
 ParOldGen       total 84992K, used 16K [0x0000000084e00000, 0x000000008a100000, 0x00000000d6f80000)
  object space 84992K, 0% used [0x0000000084e00000,0x0000000084e04000,0x000000008a100000)
 Metaspace       used 7731K, capacity 7950K, committed 8064K, reserved 1056768K
  class space    used 972K, capacity 1053K, committed 1152K, reserved 1048576K
}
Event: 1,013 GC heap before
{Heap before GC invocations=2 (full 0):
 PSYoungGen      total 36864K, used 36313K [0x00000000d6f80000, 0x00000000d9880000, 0x0000000100000000)
  eden space 31744K, 100% used [0x00000000d6f80000,0x00000000d8e80000,0x00000000d8e80000)
  from space 5120K, 89% used [0x00000000d8e80000,0x00000000d92f67a0,0x00000000d9380000)
  to   space 5120K, 0% used [0x00000000d9380000,0x00000000d9380000,0x00000000d9880000)
 ParOldGen       total 84992K, used 16K [0x0000000084e00000, 0x000000008a100000, 0x00000000d6f80000)
  object space 84992K, 0% used [0x0000000084e00000,0x0000000084e04000,0x000000008a100000)
 Metaspace       used 13086K, capacity 13492K, committed 13824K, reserved 1060864K
  class space    used 1611K, capacity 1726K, committed 1792K, reserved 1048576K
Event: 1,018 GC heap after
Heap after GC invocations=2 (full 0):
 PSYoungGen      total 36864K, used 5100K [0x00000000d6f80000, 0x00000000d9880000, 0x0000000100000000)
  eden space 31744K, 0% used [0x00000000d6f80000,0x00000000d6f80000,0x00000000d8e80000)
  from space 5120K, 99% used [0x00000000d9380000,0x00000000d987b250,0x00000000d9880000)
  to   space 5120K, 0% used [0x00000000d8e80000,0x00000000d8e80000,0x00000000d9380000)
 ParOldGen       total 84992K, used 1705K [0x0000000084e00000, 0x000000008a100000, 0x00000000d6f80000)
  object space 84992K, 2% used [0x0000000084e00000,0x0000000084faa4e0,0x000000008a100000)
 Metaspace       used 13086K, capacity 13492K, committed 13824K, reserved 1060864K
  class space    used 1611K, capacity 1726K, committed 1792K, reserved 1048576K
}
Event: 1,256 GC heap before
{Heap before GC invocations=3 (full 0):
 PSYoungGen      total 36864K, used 36844K [0x00000000d6f80000, 0x00000000d9880000, 0x0000000100000000)
  eden space 31744K, 100% used [0x00000000d6f80000,0x00000000d8e80000,0x00000000d8e80000)
  from space 5120K, 99% used [0x00000000d9380000,0x00000000d987b250,0x00000000d9880000)
  to   space 5120K, 0% used [0x00000000d8e80000,0x00000000d8e80000,0x00000000d9380000)
 ParOldGen       total 84992K, used 1705K [0x0000000084e00000, 0x000000008a100000, 0x00000000d6f80000)
  object space 84992K, 2% used [0x0000000084e00000,0x0000000084faa4e0,0x000000008a100000)
 Metaspace       used 13511K, capacity 13880K, committed 14080K, reserved 1060864K
  class space    used 1642K, capacity 1764K, committed 1792K, reserved 1048576K
Event: 1,261 GC heap after
Heap after GC invocations=3 (full 0):
 PSYoungGen      total 36864K, used 5120K [0x00000000d6f80000, 0x00000000db780000, 0x0000000100000000)
  eden space 31744K, 0% used [0x00000000d6f80000,0x00000000d6f80000,0x00000000d8e80000)
  from space 5120K, 100% used [0x00000000d8e80000,0x00000000d9380000,0x00000000d9380000)
  to   space 5120K, 0% used [0x00000000db280000,0x00000000db280000,0x00000000db780000)
 ParOldGen       total 84992K, used 2153K [0x0000000084e00000, 0x000000008a100000, 0x00000000d6f80000)
  object space 84992K, 2% used [0x0000000084e00000,0x000000008501a588,0x000000008a100000)
 Metaspace       used 13511K, capacity 13880K, committed 14080K, reserved 1060864K
  class space    used 1642K, capacity 1764K, committed 1792K, reserved 1048576K
}
Event: 1,496 GC heap before
{Heap before GC invocations=4 (full 0):
 PSYoungGen      total 36864K, used 36864K [0x00000000d6f80000, 0x00000000db780000, 0x0000000100000000)
  eden space 31744K, 100% used [0x00000000d6f80000,0x00000000d8e80000,0x00000000d8e80000)
  from space 5120K, 100% used [0x00000000d8e80000,0x00000000d9380000,0x00000000d9380000)
  to   space 5120K, 0% used [0x00000000db280000,0x00000000db280000,0x00000000db780000)
 ParOldGen       total 84992K, used 2153K [0x0000000084e00000, 0x000000008a100000, 0x00000000d6f80000)
  object space 84992K, 2% used [0x0000000084e00000,0x000000008501a588,0x000000008a100000)
 Metaspace       used 13729K, capacity 14102K, committed 14336K, reserved 1062912K
  class space    used 1646K, capacity 1769K, committed 1792K, reserved 1048576K
Event: 1,522 GC heap after
Heap after GC invocations=4 (full 0):
 PSYoungGen      total 68608K, used 5104K [0x00000000d6f80000, 0x00000000db780000, 0x0000000100000000)
  eden space 63488K, 0% used [0x00000000d6f80000,0x00000000d6f80000,0x00000000dad80000)
  from space 5120K, 99% used [0x00000000db280000,0x00000000db77c030,0x00000000db780000)
  to   space 5120K, 0% used [0x00000000dad80000,0x00000000dad80000,0x00000000db280000)
 ParOldGen       total 84992K, used 3889K [0x0000000084e00000, 0x000000008a100000, 0x00000000d6f80000)
  object space 84992K, 4% used [0x0000000084e00000,0x00000000851cc588,0x000000008a100000)
 Metaspace       used 13729K, capacity 14102K, committed 14336K, reserved 1062912K
  class space    used 1646K, capacity 1769K, committed 1792K, reserved 1048576K
}
Event: 2,033 GC heap before
{Heap before GC invocations=5 (full 0):
 PSYoungGen      total 68608K, used 68592K [0x00000000d6f80000, 0x00000000db780000, 0x0000000100000000)
  eden space 63488K, 100% used [0x00000000d6f80000,0x00000000dad80000,0x00000000dad80000)
  from space 5120K, 99% used [0x00000000db280000,0x00000000db77c030,0x00000000db780000)
  to   space 5120K, 0% used [0x00000000dad80000,0x00000000dad80000,0x00000000db280000)
 ParOldGen       total 84992K, used 3889K [0x0000000084e00000, 0x000000008a100000, 0x00000000d6f80000)
  object space 84992K, 4% used [0x0000000084e00000,0x00000000851cc588,0x000000008a100000)
 Metaspace       used 16856K, capacity 17296K, committed 17536K, reserved 1064960K
  class space    used 2017K, capacity 2141K, committed 2176K, reserved 1048576K

Deoptimization events (10 events):
Event: 1,867 Thread 0x00007f9bf46b7800 Uncommon trap: reason=unstable_if action=reinterpret pc=0x00007f9be56a2570 method=java.util.regex.Pattern.expr(Ljava/util/regex/Pattern$Node;)Ljava/util/regex/Pattern$Node; @ 129
Event: 1,880 Thread 0x00007f9bf46b7800 Uncommon trap: reason=unstable_if action=reinterpret pc=0x00007f9be54de9f0 method=java.util.regex.Pattern.has(I)Z @ 6
Event: 1,884 Thread 0x00007f9bf46b7800 Uncommon trap: reason=class_check action=maybe_recompile pc=0x00007f9be5514714 method=java.util.AbstractList$Itr.hasNext()Z @ 8
Event: 1,884 Thread 0x00007f9bf46b7800 Uncommon trap: reason=class_check action=maybe_recompile pc=0x00007f9be5514388 method=java.util.AbstractList$Itr.next()Ljava/lang/Object; @ 14
Event: 1,886 Thread 0x00007f9bf46b7800 Uncommon trap: reason=class_check action=maybe_recompile pc=0x00007f9be5514714 method=java.util.AbstractList$Itr.hasNext()Z @ 8
Event: 1,886 Thread 0x00007f9bf46b7800 Uncommon trap: reason=class_check action=maybe_recompile pc=0x00007f9be5514388 method=java.util.AbstractList$Itr.next()Ljava/lang/Object; @ 14
Event: 1,889 Thread 0x00007f9bf46b7800 Uncommon trap: reason=unstable_if action=reinterpret pc=0x00007f9be55350ac method=java.util.LinkedHashMap.get(Ljava/lang/Object;)Ljava/lang/Object; @ 20
Event: 1,997 Thread 0x00007f9bf46b7800 Uncommon trap: reason=class_check action=maybe_recompile pc=0x00007f9be5514714 method=java.util.AbstractList$Itr.hasNext()Z @ 8
Event: 1,997 Thread 0x00007f9bf46b7800 Uncommon trap: reason=class_check action=maybe_recompile pc=0x00007f9be5514388 method=java.util.AbstractList$Itr.next()Ljava/lang/Object; @ 14
Event: 2,003 Thread 0x00007f9bf46b7800 Uncommon trap: reason=class_check action=maybe_recompile pc=0x00007f9be5624818 method=java.util.Hashtable.get(Ljava/lang/Object;)Ljava/lang/Object; @ 6

Classes redefined (0 events):
No events

Internal exceptions (10 events):
Event: 0,510 Thread 0x00007f9bf400b800 Exception <a 'java/lang/NoClassDefFoundError': org/slf4j/Logger> (0x00000000d6f9f120) thrown at [/HUDSON/workspace/8-2-build-linux-amd64/jdk8u181/11358/hotspot/src/share/vm/classfile/systemDictionary.cpp, line 199]
Event: 0,564 Thread 0x00007f9bf400b800 Exception <a 'java/lang/NoClassDefFoundError': org/slf4j/LoggerFactory> (0x00000000d7281b40) thrown at [/HUDSON/workspace/8-2-build-linux-amd64/jdk8u181/11358/hotspot/src/share/vm/classfile/systemDictionary.cpp, line 199]
Event: 0,564 Thread 0x00007f9bf400b800 Exception <a 'java/lang/NoClassDefFoundError'> (0x00000000d7281b40) thrown at [/HUDSON/workspace/8-2-build-linux-amd64/jdk8u181/11358/hotspot/src/share/vm/oops/instanceKlass.cpp, line 959]
Event: 0,842 Thread 0x00007f9bf400b800 Exception <a 'java/lang/NoSuchFieldError': method resolution failed> (0x00000000d8654750) thrown at [/HUDSON/workspace/8-2-build-linux-amd64/jdk8u181/11358/hotspot/src/share/vm/prims/methodHandles.cpp, line 1167]
Event: 0,843 Thread 0x00007f9bf400b800 Exception <a 'java/lang/NoSuchFieldError': method resolution failed> (0x00000000d8661e10) thrown at [/HUDSON/workspace/8-2-build-linux-amd64/jdk8u181/11358/hotspot/src/share/vm/prims/methodHandles.cpp, line 1167]
Event: 1,030 Thread 0x00007f9bf400b800 Implicit null exception at 0x00007f9be53c07b5 to 0x00007f9be53c0999
Event: 1,030 Thread 0x00007f9bf400b800 Implicit null exception at 0x00007f9be5327d2f to 0x00007f9be5327d99
Event: 1,031 Thread 0x00007f9bf400b800 Implicit null exception at 0x00007f9be5389a98 to 0x00007f9be5389b26
Event: 1,078 Thread 0x00007f9bf400b800 Implicit null exception at 0x00007f9be54c99be to 0x00007f9be54c9cd9
Event: 1,807 Thread 0x00007f9bf46b7800 Exception <a 'java/lang/NoClassDefFoundError': org/apache/log4j/Category> (0x00000000da1b4f68) thrown at [/HUDSON/workspace/8-2-build-linux-amd64/jdk8u181/11358/hotspot/src/share/vm/classfile/systemDictionary.cpp, line 199]

Events (10 events):
Event: 2,032 loading class org/apache/maven/wagon/providers/http/httpclient/client/protocol/RequestAcceptEncoding done
Event: 2,032 loading class org/apache/maven/wagon/providers/http/httpclient/client/protocol/RequestAuthCache
Event: 2,032 loading class org/apache/maven/wagon/providers/http/httpclient/client/protocol/RequestAuthCache done
Event: 2,032 loading class org/apache/maven/wagon/providers/http/httpclient/client/protocol/ResponseProcessCookies
Event: 2,032 loading class org/apache/maven/wagon/providers/http/httpclient/client/protocol/ResponseProcessCookies done
Event: 2,033 loading class org/apache/maven/wagon/providers/http/httpclient/cookie/MalformedCookieException
Event: 2,033 loading class org/apache/maven/wagon/providers/http/httpclient/cookie/MalformedCookieException done
Event: 2,033 loading class org/apache/maven/wagon/providers/http/httpclient/client/protocol/ResponseContentEncoding
Event: 2,033 loading class org/apache/maven/wagon/providers/http/httpclient/client/protocol/ResponseContentEncoding done
Event: 2,033 Executing VM operation: ParallelGCFailedAllocation


Dynamic libraries:
00400000-00401000 r-xp 00000000 08:05 1318586                            /usr/lib/jvm/java-8-oracle/bin/java
00600000-00601000 rw-p 00000000 08:05 1318586                            /usr/lib/jvm/java-8-oracle/bin/java
01b2d000-01b4e000 rw-p 00000000 00:00 0                                  [heap]
84e00000-8a100000 rw-p 00000000 00:00 0 
8a100000-d6f80000 ---p 00000000 00:00 0 
d6f80000-db780000 rw-p 00000000 00:00 0 
dff80000-100000000 ---p 00000000 00:00 0 
100000000-100220000 rw-p 00000000 00:00 0 
100220000-140000000 ---p 00000000 00:00 0 
7f9b78000000-7f9b78021000 rw-p 00000000 00:00 0 
7f9b78021000-7f9b7c000000 ---p 00000000 00:00 0 
7f9b7c000000-7f9b7c029000 rw-p 00000000 00:00 0 
7f9b7c029000-7f9b80000000 ---p 00000000 00:00 0 
7f9b80000000-7f9b80021000 rw-p 00000000 00:00 0 
7f9b80021000-7f9b84000000 ---p 00000000 00:00 0 
7f9b84000000-7f9b841a4000 rw-p 00000000 00:00 0 
7f9b841a4000-7f9b88000000 ---p 00000000 00:00 0 
7f9b88000000-7f9b88021000 rw-p 00000000 00:00 0 
7f9b88021000-7f9b8c000000 ---p 00000000 00:00 0 
7f9b8c000000-7f9b8c021000 rw-p 00000000 00:00 0 
7f9b8c021000-7f9b90000000 ---p 00000000 00:00 0 
7f9b90000000-7f9b90d61000 rw-p 00000000 00:00 0 
7f9b90d61000-7f9b94000000 ---p 00000000 00:00 0 
7f9b94000000-7f9b94bd0000 rw-p 00000000 00:00 0 
7f9b94bd0000-7f9b98000000 ---p 00000000 00:00 0 
7f9b98000000-7f9b98d6b000 rw-p 00000000 00:00 0 
7f9b98d6b000-7f9b9c000000 ---p 00000000 00:00 0 
7f9b9c000000-7f9b9cfe8000 rw-p 00000000 00:00 0 
7f9b9cfe8000-7f9ba0000000 ---p 00000000 00:00 0 
7f9ba0000000-7f9ba0021000 rw-p 00000000 00:00 0 
7f9ba0021000-7f9ba4000000 ---p 00000000 00:00 0 
7f9ba4000000-7f9ba4021000 rw-p 00000000 00:00 0 
7f9ba4021000-7f9ba8000000 ---p 00000000 00:00 0 
7f9ba8000000-7f9ba8295000 rw-p 00000000 00:00 0 
7f9ba8295000-7f9bac000000 ---p 00000000 00:00 0 
7f9bac000000-7f9bac021000 rw-p 00000000 00:00 0 
7f9bac021000-7f9bb0000000 ---p 00000000 00:00 0 
7f9bb0000000-7f9bb0021000 rw-p 00000000 00:00 0 
7f9bb0021000-7f9bb4000000 ---p 00000000 00:00 0 
7f9bb4000000-7f9bb4021000 rw-p 00000000 00:00 0 
7f9bb4021000-7f9bb8000000 ---p 00000000 00:00 0 
7f9bb8000000-7f9bb8021000 rw-p 00000000 00:00 0 
7f9bb8021000-7f9bbc000000 ---p 00000000 00:00 0 
7f9bc0000000-7f9bc0021000 rw-p 00000000 00:00 0 
7f9bc0021000-7f9bc4000000 ---p 00000000 00:00 0 
7f9bc8000000-7f9bc8021000 rw-p 00000000 00:00 0 
7f9bc8021000-7f9bcc000000 ---p 00000000 00:00 0 
7f9bccfff000-7f9bd0000000 rw-p 00000000 00:00 0 
7f9bd0000000-7f9bd0021000 rw-p 00000000 00:00 0 
7f9bd0021000-7f9bd4000000 ---p 00000000 00:00 0 
7f9bd4a18000-7f9bd4a2f000 r-xp 00000000 08:05 8917668                    /lib/x86_64-linux-gnu/libgcc_s.so.1
7f9bd4a2f000-7f9bd4c2e000 ---p 00017000 08:05 8917668                    /lib/x86_64-linux-gnu/libgcc_s.so.1
7f9bd4c2e000-7f9bd4c2f000 r--p 00016000 08:05 8917668                    /lib/x86_64-linux-gnu/libgcc_s.so.1
7f9bd4c2f000-7f9bd4c30000 rw-p 00017000 08:05 8917668                    /lib/x86_64-linux-gnu/libgcc_s.so.1
7f9bd4c30000-7f9bd4c62000 r-xp 00000000 08:05 1454586                    /usr/lib/jvm/java-8-oracle/jre/lib/amd64/libsunec.so
7f9bd4c62000-7f9bd4e61000 ---p 00032000 08:05 1454586                    /usr/lib/jvm/java-8-oracle/jre/lib/amd64/libsunec.so
7f9bd4e61000-7f9bd4e67000 rw-p 00031000 08:05 1454586                    /usr/lib/jvm/java-8-oracle/jre/lib/amd64/libsunec.so
7f9bd4e67000-7f9bd4e77000 rw-p 00000000 00:00 0 
7f9bd4ec4000-7f9bd4fc4000 rw-p 00000000 00:00 0 
7f9bd4fc4000-7f9bd50c4000 ---p 00000000 00:00 0 
7f9bd50c4000-7f9bd50c7000 ---p 00000000 00:00 0 
7f9bd50c7000-7f9bd51c5000 rw-p 00000000 00:00 0 
7f9bd51c5000-7f9bd51c8000 ---p 00000000 00:00 0 
7f9bd51c8000-7f9bd52c6000 rw-p 00000000 00:00 0 
7f9bd52c6000-7f9bd52c9000 ---p 00000000 00:00 0 
7f9bd52c9000-7f9bd53c7000 rw-p 00000000 00:00 0 
7f9bd5570000-7f9bd5577000 r--s 00000000 08:05 1575539                    /usr/lib/x86_64-linux-gnu/gconv/gconv-modules.cache
7f9bd5577000-7f9bd559d000 r--p 00000000 08:05 2100200                    /usr/share/locale-langpack/fr/LC_MESSAGES/libc.mo
7f9bd559d000-7f9bd559f000 r--s 00009000 08:05 1449271                    /usr/lib/jvm/java-8-oracle/jre/lib/ext/sunec.jar
7f9bd559f000-7f9bd55a3000 r--s 0003a000 08:05 1449278                    /usr/lib/jvm/java-8-oracle/jre/lib/ext/sunpkcs11.jar
7f9bd55a3000-7f9bd55a6000 r--s 0001a000 08:05 1327784                    /usr/lib/jvm/java-8-oracle/jre/lib/jce.jar
7f9bd55a6000-7f9bd57a6000 rw-p 00000000 00:00 0 
7f9bd57a6000-7f9bd57b7000 r-xp 00000000 08:05 1454638                    /usr/lib/jvm/java-8-oracle/jre/lib/amd64/libnio.so
7f9bd57b7000-7f9bd59b6000 ---p 00011000 08:05 1454638                    /usr/lib/jvm/java-8-oracle/jre/lib/amd64/libnio.so
7f9bd59b6000-7f9bd59b7000 rw-p 00010000 08:05 1454638                    /usr/lib/jvm/java-8-oracle/jre/lib/amd64/libnio.so
7f9bd59b7000-7f9bd59cd000 r-xp 00000000 08:05 1454635                    /usr/lib/jvm/java-8-oracle/jre/lib/amd64/libnet.so
7f9bd59cd000-7f9bd5bcd000 ---p 00016000 08:05 1454635                    /usr/lib/jvm/java-8-oracle/jre/lib/amd64/libnet.so
7f9bd5bcd000-7f9bd5bce000 rw-p 00016000 08:05 1454635                    /usr/lib/jvm/java-8-oracle/jre/lib/amd64/libnet.so
7f9bd5bce000-7f9bd5bd1000 ---p 00000000 00:00 0 
7f9bd5bd1000-7f9bd5c07000 rw-p 00000000 00:00 0 
7f9bd5c07000-7f9bd5c08000 r--p 00000000 00:00 0 
7f9bd5c08000-7f9bd5e08000 rw-p 00000000 00:00 0 
7f9bd5e08000-7f9bd5e0d000 r--s 0009d000 08:05 1327778                    /usr/lib/jvm/java-8-oracle/jre/lib/jsse.jar
7f9bd5e0d000-7f9bd600d000 rw-p 00000000 00:00 0 
7f9bd600d000-7f9bd600f000 r--s 0000d000 08:05 7343406                    /home/nduwayo/netbeans-8.2/java/maven-nblib/netbeans-eventspy.jar
7f9bd600f000-7f9bd6011000 r--s 0000c000 08:05 7343318                    /home/nduwayo/netbeans-8.2/java/maven/lib/maven-aether-provider-3.0.5.jar
7f9bd6011000-7f9bd601b000 r--s 00116000 08:05 1449280                    /usr/lib/jvm/java-8-oracle/jre/lib/ext/localedata.jar
7f9bd601b000-7f9bd601c000 ---p 00000000 00:00 0 
7f9bd601c000-7f9bd611c000 rw-p 00000000 00:00 0 
7f9bd611c000-7f9bd611f000 ---p 00000000 00:00 0 
7f9bd611f000-7f9bd621d000 rw-p 00000000 00:00 0 
7f9bd621d000-7f9bd621e000 ---p 00000000 00:00 0 
7f9bd621e000-7f9bd6221000 ---p 00000000 00:00 0 
7f9bd6221000-7f9bd631e000 rw-p 00000000 00:00 0 
7f9bd631e000-7f9bd631f000 ---p 00000000 00:00 0 
7f9bd631f000-7f9bd6322000 ---p 00000000 00:00 0 
7f9bd6322000-7f9bd641f000 rw-p 00000000 00:00 0 
7f9bd641f000-7f9bd6420000 ---p 00000000 00:00 0 
7f9bd6420000-7f9bd6423000 ---p 00000000 00:00 0 
7f9bd6423000-7f9bd6520000 rw-p 00000000 00:00 0 
7f9bd6520000-7f9bd6521000 ---p 00000000 00:00 0 
7f9bd6521000-7f9bd6524000 ---p 00000000 00:00 0 
7f9bd6524000-7f9bd6621000 rw-p 00000000 00:00 0 
7f9bd6621000-7f9bd6624000 ---p 00000000 00:00 0 
7f9bd6624000-7f9bd6722000 rw-p 00000000 00:00 0 
7f9bd6722000-7f9bd70f1000 r--p 00000000 08:05 1317582                    /usr/lib/locale/locale-archive
7f9bd70f1000-7f9bd70f4000 ---p 00000000 00:00 0 
7f9bd70f4000-7f9bd71f2000 rw-p 00000000 00:00 0 
7f9bd71f2000-7f9bd71f5000 ---p 00000000 00:00 0 
7f9bd71f5000-7f9bd72f3000 rw-p 00000000 00:00 0 
7f9bd72f3000-7f9bd72f4000 ---p 00000000 00:00 0 
7f9bd72f4000-7f9bd8000000 rw-p 00000000 00:00 0 
7f9bd8000000-7f9bd8021000 rw-p 00000000 00:00 0 
7f9bd8021000-7f9bdc000000 ---p 00000000 00:00 0 
7f9bdc000000-7f9bdc01c000 r--s 00393000 08:05 1449273                    /usr/lib/jvm/java-8-oracle/jre/lib/ext/cldrdata.jar
7f9bdc01c000-7f9bdc01f000 r--s 00008000 08:05 7343305                    /home/nduwayo/netbeans-8.2/java/maven/lib/maven-settings-builder-3.0.5.jar
7f9bdc01f000-7f9bdc03e000 r--s 00154000 08:05 7343424                    /home/nduwayo/netbeans-8.2/java/maven/lib/sisu-guava-0.9.9.jar
7f9bdc03e000-7f9bdc03f000 r--s 00006000 08:05 7343348                    /home/nduwayo/netbeans-8.2/java/maven/lib/plexus-sec-dispatcher-1.3.jar
7f9bdc03f000-7f9bdc06e000 r--s 001c8000 08:05 7343384                    /home/nduwayo/netbeans-8.2/java/maven/lib/wagon-http-2.10-shaded.jar
7f9bdc06e000-7f9be0000000 rw-p 00000000 00:00 0 
7f9be0000000-7f9be0021000 rw-p 00000000 00:00 0 
7f9be0021000-7f9be4000000 ---p 00000000 00:00 0 
7f9be4000000-7f9be4002000 r--s 00006000 08:05 7343285                    /home/nduwayo/netbeans-8.2/java/maven/lib/aether-connector-wagon-1.13.1.jar
7f9be4002000-7f9be400a000 r--s 00050000 08:05 7343372                    /home/nduwayo/netbeans-8.2/java/maven/lib/sisu-guice-3.1.0-no_aop.jar
7f9be400a000-7f9be4011000 r--s 0002b000 08:05 7343364                    /home/nduwayo/netbeans-8.2/java/maven/lib/sisu-inject-plexus-2.3.0.jar
7f9be4011000-7f9be4e26000 rw-p 00000000 00:00 0 
7f9be4e26000-7f9be5000000 r--s 03d6b000 08:05 1327773                    /usr/lib/jvm/java-8-oracle/jre/lib/rt.jar
7f9be5000000-7f9be58f0000 rwxp 00000000 00:00 0 
7f9be58f0000-7f9bf4000000 ---p 00000000 00:00 0 
7f9bf4000000-7f9bf49e6000 rw-p 00000000 00:00 0 
7f9bf49e6000-7f9bf8000000 ---p 00000000 00:00 0 
7f9bf8000000-7f9bf8002000 r--s 00006000 08:05 7343230                    /home/nduwayo/netbeans-8.2/java/maven/lib/maven-repository-metadata-3.0.5.jar
7f9bf8002000-7f9bf8006000 r--s 00021000 08:05 7343347                    /home/nduwayo/netbeans-8.2/java/maven/lib/maven-model-builder-3.0.5.jar
7f9bf8006000-7f9bf8008000 r--s 0000a000 08:05 7343399                    /home/nduwayo/netbeans-8.2/java/maven/lib/maven-settings-3.0.5.jar
7f9bf8008000-7f9bf8014000 r--s 0007d000 08:05 7343423                    /home/nduwayo/netbeans-8.2/java/maven/lib/maven-core-3.0.5.jar
7f9bf8014000-7f9bf8018000 r--s 00033000 08:05 7343409                    /home/nduwayo/netbeans-8.2/java/maven/lib/plexus-utils-2.0.6.jar
7f9bf8018000-7f9bf801a000 r--s 0000b000 08:05 7343373                    /home/nduwayo/netbeans-8.2/java/maven/lib/wagon-provider-api-2.10.jar
7f9bf801a000-7f9bf801c000 r--s 0000b000 08:05 7343397                    /home/nduwayo/netbeans-8.2/java/maven/lib/maven-artifact-3.0.5.jar
7f9bf801c000-7f9bf8020000 r--s 0001c000 08:05 7343411                    /home/nduwayo/netbeans-8.2/java/maven/lib/aether-util-1.13.1.jar
7f9bf8020000-7f9bf8cbe000 rw-p 00000000 00:00 0 
7f9bf8cbe000-7f9bf8cbf000 ---p 00000000 00:00 0 
7f9bf8cbf000-7f9bf8dbf000 rw-p 00000000 00:00 0 
7f9bf8dbf000-7f9bf8dc0000 ---p 00000000 00:00 0 
7f9bf8dc0000-7f9bf8ec0000 rw-p 00000000 00:00 0 
7f9bf8ec0000-7f9bf8ec1000 ---p 00000000 00:00 0 
7f9bf8ec1000-7f9bf8fc1000 rw-p 00000000 00:00 0 
7f9bf8fc1000-7f9bf8fc2000 ---p 00000000 00:00 0 
7f9bf8fc2000-7f9bf90c2000 rw-p 00000000 00:00 0 
7f9bf90c2000-7f9bf90c3000 ---p 00000000 00:00 0 
7f9bf90c3000-7f9bf91c3000 rw-p 00000000 00:00 0 
7f9bf91c3000-7f9bf91c4000 ---p 00000000 00:00 0 
7f9bf91c4000-7f9bf92c4000 rw-p 00000000 00:00 0 
7f9bf92c4000-7f9bf92c5000 ---p 00000000 00:00 0 
7f9bf92c5000-7f9bf93c5000 rw-p 00000000 00:00 0 
7f9bf93c5000-7f9bf93c6000 ---p 00000000 00:00 0 
7f9bf93c6000-7f9bf94f0000 rw-p 00000000 00:00 0 
7f9bf94f0000-7f9bf9757000 ---p 00000000 00:00 0 
7f9bf9757000-7f9bf9781000 rw-p 00000000 00:00 0 
7f9bf9781000-7f9bf99e7000 ---p 00000000 00:00 0 
7f9bf99e7000-7f9bf9a0c000 rw-p 00000000 00:00 0 
7f9bf9a0c000-7f9bf9b30000 ---p 00000000 00:00 0 
7f9bf9b30000-7f9bf9b55000 rw-p 00000000 00:00 0 
7f9bf9b55000-7f9bf9ef1000 ---p 00000000 00:00 0 
7f9bf9ef1000-7f9bf9f0c000 r-xp 00000000 08:05 1454631                    /usr/lib/jvm/java-8-oracle/jre/lib/amd64/libzip.so
7f9bf9f0c000-7f9bfa10c000 ---p 0001b000 08:05 1454631                    /usr/lib/jvm/java-8-oracle/jre/lib/amd64/libzip.so
7f9bfa10c000-7f9bfa10d000 rw-p 0001b000 08:05 1454631                    /usr/lib/jvm/java-8-oracle/jre/lib/amd64/libzip.so
7f9bfa10d000-7f9bfa118000 r-xp 00000000 08:05 8917721                    /lib/x86_64-linux-gnu/libnss_files-2.27.so
7f9bfa118000-7f9bfa317000 ---p 0000b000 08:05 8917721                    /lib/x86_64-linux-gnu/libnss_files-2.27.so
7f9bfa317000-7f9bfa318000 r--p 0000a000 08:05 8917721                    /lib/x86_64-linux-gnu/libnss_files-2.27.so
7f9bfa318000-7f9bfa319000 rw-p 0000b000 08:05 8917721                    /lib/x86_64-linux-gnu/libnss_files-2.27.so
7f9bfa319000-7f9bfa31f000 rw-p 00000000 00:00 0 
7f9bfa31f000-7f9bfa336000 r-xp 00000000 08:05 8917715                    /lib/x86_64-linux-gnu/libnsl-2.27.so
7f9bfa336000-7f9bfa535000 ---p 00017000 08:05 8917715                    /lib/x86_64-linux-gnu/libnsl-2.27.so
7f9bfa535000-7f9bfa536000 r--p 00016000 08:05 8917715                    /lib/x86_64-linux-gnu/libnsl-2.27.so
7f9bfa536000-7f9bfa537000 rw-p 00017000 08:05 8917715                    /lib/x86_64-linux-gnu/libnsl-2.27.so
7f9bfa537000-7f9bfa539000 rw-p 00000000 00:00 0 
7f9bfa539000-7f9bfa544000 r-xp 00000000 08:05 8917732                    /lib/x86_64-linux-gnu/libnss_nis-2.27.so
7f9bfa544000-7f9bfa743000 ---p 0000b000 08:05 8917732                    /lib/x86_64-linux-gnu/libnss_nis-2.27.so
7f9bfa743000-7f9bfa744000 r--p 0000a000 08:05 8917732                    /lib/x86_64-linux-gnu/libnss_nis-2.27.so
7f9bfa744000-7f9bfa745000 rw-p 0000b000 08:05 8917732                    /lib/x86_64-linux-gnu/libnss_nis-2.27.so
7f9bfa745000-7f9bfa74d000 r-xp 00000000 08:05 8917717                    /lib/x86_64-linux-gnu/libnss_compat-2.27.so
7f9bfa74d000-7f9bfa94d000 ---p 00008000 08:05 8917717                    /lib/x86_64-linux-gnu/libnss_compat-2.27.so
7f9bfa94d000-7f9bfa94e000 r--p 00008000 08:05 8917717                    /lib/x86_64-linux-gnu/libnss_compat-2.27.so
7f9bfa94e000-7f9bfa94f000 rw-p 00009000 08:05 8917717                    /lib/x86_64-linux-gnu/libnss_compat-2.27.so
7f9bfa94f000-7f9bfa97a000 r-xp 00000000 08:05 1454625                    /usr/lib/jvm/java-8-oracle/jre/lib/amd64/libjava.so
7f9bfa97a000-7f9bfab79000 ---p 0002b000 08:05 1454625                    /usr/lib/jvm/java-8-oracle/jre/lib/amd64/libjava.so
7f9bfab79000-7f9bfab7b000 rw-p 0002a000 08:05 1454625                    /usr/lib/jvm/java-8-oracle/jre/lib/amd64/libjava.so
7f9bfab7b000-7f9bfab88000 r-xp 00000000 08:05 1454630                    /usr/lib/jvm/java-8-oracle/jre/lib/amd64/libverify.so
7f9bfab88000-7f9bfad88000 ---p 0000d000 08:05 1454630                    /usr/lib/jvm/java-8-oracle/jre/lib/amd64/libverify.so
7f9bfad88000-7f9bfad8a000 rw-p 0000d000 08:05 1454630                    /usr/lib/jvm/java-8-oracle/jre/lib/amd64/libverify.so
7f9bfad8a000-7f9bfad91000 r-xp 00000000 08:05 8917772                    /lib/x86_64-linux-gnu/librt-2.27.so
7f9bfad91000-7f9bfaf90000 ---p 00007000 08:05 8917772                    /lib/x86_64-linux-gnu/librt-2.27.so
7f9bfaf90000-7f9bfaf91000 r--p 00006000 08:05 8917772                    /lib/x86_64-linux-gnu/librt-2.27.so
7f9bfaf91000-7f9bfaf92000 rw-p 00007000 08:05 8917772                    /lib/x86_64-linux-gnu/librt-2.27.so
7f9bfaf92000-7f9bfb12f000 r-xp 00000000 08:05 8917694                    /lib/x86_64-linux-gnu/libm-2.27.so
7f9bfb12f000-7f9bfb32e000 ---p 0019d000 08:05 8917694                    /lib/x86_64-linux-gnu/libm-2.27.so
7f9bfb32e000-7f9bfb32f000 r--p 0019c000 08:05 8917694                    /lib/x86_64-linux-gnu/libm-2.27.so
7f9bfb32f000-7f9bfb330000 rw-p 0019d000 08:05 8917694                    /lib/x86_64-linux-gnu/libm-2.27.so
7f9bfb330000-7f9bfc00c000 r-xp 00000000 08:05 1454607                    /usr/lib/jvm/java-8-oracle/jre/lib/amd64/server/libjvm.so
7f9bfc00c000-7f9bfc20c000 ---p 00cdc000 08:05 1454607                    /usr/lib/jvm/java-8-oracle/jre/lib/amd64/server/libjvm.so
7f9bfc20c000-7f9bfc2e6000 rw-p 00cdc000 08:05 1454607                    /usr/lib/jvm/java-8-oracle/jre/lib/amd64/server/libjvm.so
7f9bfc2e6000-7f9bfc331000 rw-p 00000000 00:00 0 
7f9bfc331000-7f9bfc518000 r-xp 00000000 08:05 8917631                    /lib/x86_64-linux-gnu/libc-2.27.so
7f9bfc518000-7f9bfc718000 ---p 001e7000 08:05 8917631                    /lib/x86_64-linux-gnu/libc-2.27.so
7f9bfc718000-7f9bfc71c000 r--p 001e7000 08:05 8917631                    /lib/x86_64-linux-gnu/libc-2.27.so
7f9bfc71c000-7f9bfc71e000 rw-p 001eb000 08:05 8917631                    /lib/x86_64-linux-gnu/libc-2.27.so
7f9bfc71e000-7f9bfc722000 rw-p 00000000 00:00 0 
7f9bfc722000-7f9bfc725000 r-xp 00000000 08:05 8917654                    /lib/x86_64-linux-gnu/libdl-2.27.so
7f9bfc725000-7f9bfc924000 ---p 00003000 08:05 8917654                    /lib/x86_64-linux-gnu/libdl-2.27.so
7f9bfc924000-7f9bfc925000 r--p 00002000 08:05 8917654                    /lib/x86_64-linux-gnu/libdl-2.27.so
7f9bfc925000-7f9bfc926000 rw-p 00003000 08:05 8917654                    /lib/x86_64-linux-gnu/libdl-2.27.so
7f9bfc926000-7f9bfc93c000 r-xp 00000000 08:05 1327643                    /usr/lib/jvm/java-8-oracle/lib/amd64/jli/libjli.so
7f9bfc93c000-7f9bfcb3b000 ---p 00016000 08:05 1327643                    /usr/lib/jvm/java-8-oracle/lib/amd64/jli/libjli.so
7f9bfcb3b000-7f9bfcb3c000 rw-p 00015000 08:05 1327643                    /usr/lib/jvm/java-8-oracle/lib/amd64/jli/libjli.so
7f9bfcb3c000-7f9bfcb56000 r-xp 00000000 08:05 8917764                    /lib/x86_64-linux-gnu/libpthread-2.27.so
7f9bfcb56000-7f9bfcd55000 ---p 0001a000 08:05 8917764                    /lib/x86_64-linux-gnu/libpthread-2.27.so
7f9bfcd55000-7f9bfcd56000 r--p 00019000 08:05 8917764                    /lib/x86_64-linux-gnu/libpthread-2.27.so
7f9bfcd56000-7f9bfcd57000 rw-p 0001a000 08:05 8917764                    /lib/x86_64-linux-gnu/libpthread-2.27.so
7f9bfcd57000-7f9bfcd5b000 rw-p 00000000 00:00 0 
7f9bfcd5b000-7f9bfcd82000 r-xp 00000000 08:05 8917603                    /lib/x86_64-linux-gnu/ld-2.27.so
7f9bfcd82000-7f9bfcd83000 r--s 00002000 08:05 7343387                    /home/nduwayo/netbeans-8.2/java/maven/lib/wagon-http-shared-2.10.jar
7f9bfcd83000-7f9bfcd84000 r--s 00002000 08:05 7343426                    /home/nduwayo/netbeans-8.2/java/maven/lib/wagon-file-2.10.jar
7f9bfcd84000-7f9bfcd86000 r--s 00000000 08:05 7343119                    /home/nduwayo/netbeans-8.2/java/maven/lib/plexus-component-annotations-1.5.5.jar
7f9bfcd86000-7f9bfcd89000 r--s 0001d000 08:05 7343410                    /home/nduwayo/netbeans-8.2/java/maven/lib/aether-impl-1.13.1.jar
7f9bfcd89000-7f9bfcd8b000 r--s 00002000 08:05 7343416                    /home/nduwayo/netbeans-8.2/java/maven/lib/plexus-cipher-1.7.jar
7f9bfcd8b000-7f9bfcd8f000 r--s 00013000 08:05 7343417                    /home/nduwayo/netbeans-8.2/java/maven/lib/aether-api-1.13.1.jar
7f9bfcd8f000-7f9bfcd91000 r--s 00026000 08:05 7343415                    /home/nduwayo/netbeans-8.2/java/maven/lib/maven-model-3.0.5.jar
7f9bfcd91000-7f9bfcd92000 r--s 00003000 08:05 7343418                    /home/nduwayo/netbeans-8.2/java/maven/lib/aether-spi-1.13.1.jar
7f9bfcd92000-7f9bfcd94000 r--s 0000b000 08:05 7343385                    /home/nduwayo/netbeans-8.2/java/maven/lib/maven-plugin-api-3.0.5.jar
7f9bfcd94000-7f9bfcd96000 r--s 00009000 08:05 7343427                    /home/nduwayo/netbeans-8.2/java/maven/lib/commons-cli-1.2.jar
7f9bfcd96000-7f9bfcd9c000 r--s 0003f000 08:05 7343412                    /home/nduwayo/netbeans-8.2/java/maven/lib/maven-compat-3.0.5.jar
7f9bfcd9c000-7f9bfce67000 rw-p 00000000 00:00 0 
7f9bfce67000-7f9bfce68000 ---p 00000000 00:00 0 
7f9bfce68000-7f9bfce6b000 ---p 00000000 00:00 0 
7f9bfce6b000-7f9bfcf6a000 rw-p 00000000 00:00 0 
7f9bfcf6a000-7f9bfcf6c000 r--s 0000d000 08:05 7343349                    /home/nduwayo/netbeans-8.2/java/maven/lib/plexus-interpolation-1.14.jar
7f9bfcf6c000-7f9bfcf73000 r--s 0003f000 08:05 7343386                    /home/nduwayo/netbeans-8.2/java/maven/lib/sisu-inject-bean-2.3.0.jar
7f9bfcf73000-7f9bfcf74000 r--s 0000a000 08:05 7343398                    /home/nduwayo/netbeans-8.2/java/maven/lib/maven-embedder-3.0.5.jar
7f9bfcf74000-7f9bfcf76000 r--s 0000a000 08:05 7343375                    /home/nduwayo/netbeans-8.2/java/maven/boot/plexus-classworlds-2.4.jar
7f9bfcf76000-7f9bfcf7e000 rw-s 00000000 08:05 5641138                    /tmp/hsperfdata_nduwayo/29268
7f9bfcf7e000-7f9bfcf7f000 rw-p 00000000 00:00 0 
7f9bfcf7f000-7f9bfcf80000 ---p 00000000 00:00 0 
7f9bfcf80000-7f9bfcf82000 rw-p 00000000 00:00 0 
7f9bfcf82000-7f9bfcf83000 r--p 00027000 08:05 8917603                    /lib/x86_64-linux-gnu/ld-2.27.so
7f9bfcf83000-7f9bfcf84000 rw-p 00028000 08:05 8917603                    /lib/x86_64-linux-gnu/ld-2.27.so
7f9bfcf84000-7f9bfcf85000 rw-p 00000000 00:00 0 
7ffc666d8000-7ffc666f9000 rw-p 00000000 00:00 0                          [stack]
7ffc667d7000-7ffc667da000 r--p 00000000 00:00 0                          [vvar]
7ffc667da000-7ffc667dc000 r-xp 00000000 00:00 0                          [vdso]
ffffffffff600000-ffffffffff601000 r-xp 00000000 00:00 0                  [vsyscall]

VM Arguments:
jvm_args: -Dclassworlds.conf=/home/nduwayo/netbeans-8.2/java/maven/bin/m2.conf -Dmaven.home=/home/nduwayo/netbeans-8.2/java/maven 
java_command: org.codehaus.plexus.classworlds.launcher.Launcher -Dexec.args=-classpath %classpath ApacheLivyBase -Dexec.executable=java -Dexec.classpathScope=runtime -Dmaven.ext.class.path=/home/nduwayo/netbeans-8.2/java/maven-nblib/netbeans-eventspy.jar org.codehaus.mojo:exec-maven-plugin:1.2.1:exec
java_class_path (initial): /home/nduwayo/netbeans-8.2/java/maven/boot/plexus-classworlds-2.4.jar
Launcher Type: SUN_STANDARD

Environment Variables:
JAVA_HOME=/usr/lib/jvm/java-8-oracle
PATH=/home/nduwayo/bin:/usr/local/sbin:/usr/local/bin:/usr/sbin:/usr/bin:/sbin:/bin:/usr/games:/usr/local/games:/snap/bin:/usr/lib/jvm/java-8-oracle/bin:/usr/lib/jvm/java-8-oracle/db/bin:/usr/lib/jvm/java-8-oracle/jre/bin
USERNAME=nduwayo
LD_LIBRARY_PATH=/usr/lib/jvm/java-8-oracle/jre/lib/amd64:/usr/lib/jvm/java-8-oracle/jre/lib/i386:
SHELL=/bin/bash
DISPLAY=:0

Signal Handlers:
SIGSEGV: [libjvm.so+0xad2a40], sa_mask[0]=11111111011111111101111111111110, sa_flags=SA_RESTART|SA_SIGINFO
SIGBUS: [libjvm.so+0xad2a40], sa_mask[0]=11111111011111111101111111111110, sa_flags=SA_RESTART|SA_SIGINFO
SIGFPE: [libjvm.so+0x92a610], sa_mask[0]=11111111011111111101111111111110, sa_flags=SA_RESTART|SA_SIGINFO
SIGPIPE: [libjvm.so+0x92a610], sa_mask[0]=11111111011111111101111111111110, sa_flags=SA_RESTART|SA_SIGINFO
SIGXFSZ: [libjvm.so+0x92a610], sa_mask[0]=11111111011111111101111111111110, sa_flags=SA_RESTART|SA_SIGINFO
SIGILL: [libjvm.so+0x92a610], sa_mask[0]=11111111011111111101111111111110, sa_flags=SA_RESTART|SA_SIGINFO
SIGUSR1: SIG_DFL, sa_mask[0]=00000000000000000000000000000000, sa_flags=none
SIGUSR2: [libjvm.so+0x92be70], sa_mask[0]=00100000000000000000000000000000, sa_flags=SA_RESTART|SA_SIGINFO
SIGHUP: [libjvm.so+0x92d270], sa_mask[0]=11111111011111111101111111111110, sa_flags=SA_RESTART|SA_SIGINFO
SIGINT: SIG_IGN, sa_mask[0]=00000000000000000000000000000000, sa_flags=none
SIGTERM: [libjvm.so+0x92d270], sa_mask[0]=11111111011111111101111111111110, sa_flags=SA_RESTART|SA_SIGINFO
SIGQUIT: [libjvm.so+0x92d270], sa_mask[0]=11111111011111111101111111111110, sa_flags=SA_RESTART|SA_SIGINFO


---------------  S Y S T E M  ---------------

OS:DISTRIB_ID=Ubuntu
DISTRIB_RELEASE=18.04
DISTRIB_CODENAME=bionic
DISTRIB_DESCRIPTION="Ubuntu 18.04.1 LTS"

uname:Linux 4.15.0-29-generic #31-Ubuntu SMP Tue Jul 17 15:39:52 UTC 2018 x86_64
libc:glibc 2.27 NPTL 2.27 
rlimit: STACK 8192k, CORE 0k, NPROC 31289, NOFILE 1048576, AS infinity
load average:0,79 0,58 0,47

/proc/meminfo:
MemTotal:        8069016 kB
MemFree:          119352 kB
MemAvailable:      14524 kB
Buffers:            1072 kB
Cached:           194528 kB
SwapCached:         1684 kB
Active:          6618512 kB
Inactive:         883872 kB
Active(anon):    6609744 kB
Inactive(anon):   873484 kB
Active(file):       8768 kB
Inactive(file):    10388 kB
Unevictable:         596 kB
Mlocked:             596 kB
SwapTotal:       2097148 kB
SwapFree:              0 kB
Dirty:               432 kB
Writeback:             0 kB
AnonPages:       7307328 kB
Mapped:            98184 kB
Shmem:            175536 kB
Slab:             137084 kB
SReclaimable:      42660 kB
SUnreclaim:        94424 kB
KernelStack:       32560 kB
PageTables:       143180 kB
NFS_Unstable:          0 kB
Bounce:                0 kB
WritebackTmp:          0 kB
CommitLimit:     6131656 kB
Committed_AS:   29452136 kB
VmallocTotal:   34359738367 kB
VmallocUsed:           0 kB
VmallocChunk:          0 kB
HardwareCorrupted:     0 kB
AnonHugePages:         0 kB
ShmemHugePages:        0 kB
ShmemPmdMapped:        0 kB
CmaTotal:              0 kB
CmaFree:               0 kB
HugePages_Total:       0
HugePages_Free:        0
HugePages_Rsvd:        0
HugePages_Surp:        0
Hugepagesize:       2048 kB
DirectMap4k:      425588 kB
DirectMap2M:     7864320 kB


CPU:total 8 (initial active 8) (4 cores per cpu, 2 threads per core) family 6 model 58 stepping 9, cmov, cx8, fxsr, mmx, sse, sse2, sse3, ssse3, sse4.1, sse4.2, popcnt, avx, aes, clmul, erms, ht, tsc, tscinvbit, tscinv

/proc/cpuinfo:
processor	: 0
vendor_id	: GenuineIntel
cpu family	: 6
model		: 58
model name	: Intel(R) Core(TM) i7-3720QM CPU @ 2.60GHz
stepping	: 9
microcode	: 0x1f
cpu MHz		: 3412.006
cache size	: 6144 KB
physical id	: 0
siblings	: 8
core id		: 0
cpu cores	: 4
apicid		: 0
initial apicid	: 0
fpu		: yes
fpu_exception	: yes
cpuid level	: 13
wp		: yes
flags		: fpu vme de pse tsc msr pae mce cx8 apic sep mtrr pge mca cmov pat pse36 clflush dts acpi mmx fxsr sse sse2 ss ht tm pbe syscall nx rdtscp lm constant_tsc arch_perfmon pebs bts rep_good nopl xtopology nonstop_tsc cpuid aperfmperf pni pclmulqdq dtes64 monitor ds_cpl vmx smx est tm2 ssse3 cx16 xtpr pdcm pcid sse4_1 sse4_2 x2apic popcnt tsc_deadline_timer aes xsave avx f16c rdrand lahf_lm cpuid_fault epb pti ibrs ibpb stibp tpr_shadow vnmi flexpriority ept vpid fsgsbase smep erms xsaveopt dtherm ida arat pln pts
bugs		: cpu_meltdown spectre_v1 spectre_v2 spec_store_bypass
bogomips	: 5183.36
clflush size	: 64
cache_alignment	: 64
address sizes	: 36 bits physical, 48 bits virtual
power management:

processor	: 1
vendor_id	: GenuineIntel
cpu family	: 6
model		: 58
model name	: Intel(R) Core(TM) i7-3720QM CPU @ 2.60GHz
stepping	: 9
microcode	: 0x1f
cpu MHz		: 3516.689
cache size	: 6144 KB
physical id	: 0
siblings	: 8
core id		: 1
cpu cores	: 4
apicid		: 2
initial apicid	: 2
fpu		: yes
fpu_exception	: yes
cpuid level	: 13
wp		: yes
flags		: fpu vme de pse tsc msr pae mce cx8 apic sep mtrr pge mca cmov pat pse36 clflush dts acpi mmx fxsr sse sse2 ss ht tm pbe syscall nx rdtscp lm constant_tsc arch_perfmon pebs bts rep_good nopl xtopology nonstop_tsc cpuid aperfmperf pni pclmulqdq dtes64 monitor ds_cpl vmx smx est tm2 ssse3 cx16 xtpr pdcm pcid sse4_1 sse4_2 x2apic popcnt tsc_deadline_timer aes xsave avx f16c rdrand lahf_lm cpuid_fault epb pti ibrs ibpb stibp tpr_shadow vnmi flexpriority ept vpid fsgsbase smep erms xsaveopt dtherm ida arat pln pts
bugs		: cpu_meltdown spectre_v1 spectre_v2 spec_store_bypass
bogomips	: 5183.36
clflush size	: 64
cache_alignment	: 64
address sizes	: 36 bits physical, 48 bits virtual
power management:

processor	: 2
vendor_id	: GenuineIntel
cpu family	: 6
model		: 58
model name	: Intel(R) Core(TM) i7-3720QM CPU @ 2.60GHz
stepping	: 9
microcode	: 0x1f
cpu MHz		: 3437.879
cache size	: 6144 KB
physical id	: 0
siblings	: 8
core id		: 2
cpu cores	: 4
apicid		: 4
initial apicid	: 4
fpu		: yes
fpu_exception	: yes
cpuid level	: 13
wp		: yes
flags		: fpu vme de pse tsc msr pae mce cx8 apic sep mtrr pge mca cmov pat pse36 clflush dts acpi mmx fxsr sse sse2 ss ht tm pbe syscall nx rdtscp lm constant_tsc arch_perfmon pebs bts rep_good nopl xtopology nonstop_tsc cpuid aperfmperf pni pclmulqdq dtes64 monitor ds_cpl vmx smx est tm2 ssse3 cx16 xtpr pdcm pcid sse4_1 sse4_2 x2apic popcnt tsc_deadline_timer aes xsave avx f16c rdrand lahf_lm cpuid_fault epb pti ibrs ibpb stibp tpr_shadow vnmi flexpriority ept vpid fsgsbase smep erms xsaveopt dtherm ida arat pln pts
bugs		: cpu_meltdown spectre_v1 spectre_v2 spec_store_bypass
bogomips	: 5183.36
clflush size	: 64
cache_alignment	: 64
address sizes	: 36 bits physical, 48 bits virtual
power management:

processor	: 3
vendor_id	: GenuineIntel
cpu family	: 6
model		: 58
model name	: Intel(R) Core(TM) i7-3720QM CPU @ 2.60GHz
stepping	: 9
microcode	: 0x1f
cpu MHz		: 3389.232
cache size	: 6144 KB
physical id	: 0
siblings	: 8
core id		: 3
cpu cores	: 4
apicid		: 6
initial apicid	: 6
fpu		: yes
fpu_exception	: yes
cpuid level	: 13
wp		: yes
flags		: fpu vme de pse tsc msr pae mce cx8 apic sep mtrr pge mca cmov pat pse36 clflush dts acpi mmx fxsr sse sse2 ss ht tm pbe syscall nx rdtscp lm constant_tsc arch_perfmon pebs bts rep_good nopl xtopology nonstop_tsc cpuid aperfmperf pni pclmulqdq dtes64 monitor ds_cpl vmx smx est tm2 ssse3 cx16 xtpr pdcm pcid sse4_1 sse4_2 x2apic popcnt tsc_deadline_timer aes xsave avx f16c rdrand lahf_lm cpuid_fault epb pti ibrs ibpb stibp tpr_shadow vnmi flexpriority ept vpid fsgsbase smep erms xsaveopt dtherm ida arat pln pts
bugs		: cpu_meltdown spectre_v1 spectre_v2 spec_store_bypass
bogomips	: 5183.36
clflush size	: 64
cache_alignment	: 64
address sizes	: 36 bits physical, 48 bits virtual
power management:

processor	: 4
vendor_id	: GenuineIntel
cpu family	: 6
model		: 58
model name	: Intel(R) Core(TM) i7-3720QM CPU @ 2.60GHz
stepping	: 9
microcode	: 0x1f
cpu MHz		: 3433.291
cache size	: 6144 KB
physical id	: 0
siblings	: 8
core id		: 0
cpu cores	: 4
apicid		: 1
initial apicid	: 1
fpu		: yes
fpu_exception	: yes
cpuid level	: 13
wp		: yes
flags		: fpu vme de pse tsc msr pae mce cx8 apic sep mtrr pge mca cmov pat pse36 clflush dts acpi mmx fxsr sse sse2 ss ht tm pbe syscall nx rdtscp lm constant_tsc arch_perfmon pebs bts rep_good nopl xtopology nonstop_tsc cpuid aperfmperf pni pclmulqdq dtes64 monitor ds_cpl vmx smx est tm2 ssse3 cx16 xtpr pdcm pcid sse4_1 sse4_2 x2apic popcnt tsc_deadline_timer aes xsave avx f16c rdrand lahf_lm cpuid_fault epb pti ibrs ibpb stibp tpr_shadow vnmi flexpriority ept vpid fsgsbase smep erms xsaveopt dtherm ida arat pln pts
bugs		: cpu_meltdown spectre_v1 spectre_v2 spec_store_bypass
bogomips	: 5183.36
clflush size	: 64
cache_alignment	: 64
address sizes	: 36 bits physical, 48 bits virtual
power management:

processor	: 5
vendor_id	: GenuineIntel
cpu family	: 6
model		: 58
model name	: Intel(R) Core(TM) i7-3720QM CPU @ 2.60GHz
stepping	: 9
microcode	: 0x1f
cpu MHz		: 3584.532
cache size	: 6144 KB
physical id	: 0
siblings	: 8
core id		: 1
cpu cores	: 4
apicid		: 3
initial apicid	: 3
fpu		: yes
fpu_exception	: yes
cpuid level	: 13
wp		: yes
flags		: fpu vme de pse tsc msr pae mce cx8 apic sep mtrr pge mca cmov pat pse36 clflush dts acpi mmx fxsr sse sse2 ss ht tm pbe syscall nx rdtscp lm constant_tsc arch_perfmon pebs bts rep_good nopl xtopology nonstop_tsc cpuid aperfmperf pni pclmulqdq dtes64 monitor ds_cpl vmx smx est tm2 ssse3 cx16 xtpr pdcm pcid sse4_1 sse4_2 x2apic popcnt tsc_deadline_timer aes xsave avx f16c rdrand lahf_lm cpuid_fault epb pti ibrs ibpb stibp tpr_shadow vnmi flexpriority ept vpid fsgsbase smep erms xsaveopt dtherm ida arat pln pts
bugs		: cpu_meltdown spectre_v1 spectre_v2 spec_store_bypass
bogomips	: 5183.36
clflush size	: 64
cache_alignment	: 64
address sizes	: 36 bits physical, 48 bits virtual
power management:

processor	: 6
vendor_id	: GenuineIntel
cpu family	: 6
model		: 58
model name	: Intel(R) Core(TM) i7-3720QM CPU @ 2.60GHz
stepping	: 9
microcode	: 0x1f
cpu MHz		: 3403.045
cache size	: 6144 KB
physical id	: 0
siblings	: 8
core id		: 2
cpu cores	: 4
apicid		: 5
initial apicid	: 5
fpu		: yes
fpu_exception	: yes
cpuid level	: 13
wp		: yes
flags		: fpu vme de pse tsc msr pae mce cx8 apic sep mtrr pge mca cmov pat pse36 clflush dts acpi mmx fxsr sse sse2 ss ht tm pbe syscall nx rdtscp lm constant_tsc arch_perfmon pebs bts rep_good nopl xtopology nonstop_tsc cpuid aperfmperf pni pclmulqdq dtes64 monitor ds_cpl vmx smx est tm2 ssse3 cx16 xtpr pdcm pcid sse4_1 sse4_2 x2apic popcnt tsc_deadline_timer aes xsave avx f16c rdrand lahf_lm cpuid_fault epb pti ibrs ibpb stibp tpr_shadow vnmi flexpriority ept vpid fsgsbase smep erms xsaveopt dtherm ida arat pln pts
bugs		: cpu_meltdown spectre_v1 spectre_v2 spec_store_bypass
bogomips	: 5183.36
clflush size	: 64
cache_alignment	: 64
address sizes	: 36 bits physical, 48 bits virtual
power management:

processor	: 7
vendor_id	: GenuineIntel
cpu family	: 6
model		: 58
model name	: Intel(R) Core(TM) i7-3720QM CPU @ 2.60GHz
stepping	: 9
microcode	: 0x1f
cpu MHz		: 3389.312
cache size	: 6144 KB
physical id	: 0
siblings	: 8
core id		: 3
cpu cores	: 4
apicid		: 7
initial apicid	: 7
fpu		: yes
fpu_exception	: yes
cpuid level	: 13
wp		: yes
flags		: fpu vme de pse tsc msr pae mce cx8 apic sep mtrr pge mca cmov pat pse36 clflush dts acpi mmx fxsr sse sse2 ss ht tm pbe syscall nx rdtscp lm constant_tsc arch_perfmon pebs bts rep_good nopl xtopology nonstop_tsc cpuid aperfmperf pni pclmulqdq dtes64 monitor ds_cpl vmx smx est tm2 ssse3 cx16 xtpr pdcm pcid sse4_1 sse4_2 x2apic popcnt tsc_deadline_timer aes xsave avx f16c rdrand lahf_lm cpuid_fault epb pti ibrs ibpb stibp tpr_shadow vnmi flexpriority ept vpid fsgsbase smep erms xsaveopt dtherm ida arat pln pts
bugs		: cpu_meltdown spectre_v1 spectre_v2 spec_store_bypass
bogomips	: 5183.36
clflush size	: 64
cache_alignment	: 64
address sizes	: 36 bits physical, 48 bits virtual
power management:



Memory: 4k page, physical 8069016k(127672k free), swap 2097148k(0k free)

vm_info: Java HotSpot(TM) 64-Bit Server VM (25.181-b13) for linux-amd64 JRE (1.8.0_181-b13), built on Jul  7 2018 00:56:38 by "java_re" with gcc 4.3.0 20080428 (Red Hat 4.3.0-8)

time: Fri Aug  3 00:32:21 2018
elapsed time: 2 seconds (0d 0h 0m 2s)

