#
# There is insufficient memory for the Java Runtime Environment to continue.
# Native memory allocation (mmap) failed to map 156762112 bytes for committing reserved memory.
# Possible reasons:
#   The system is out of physical RAM or swap space
#   In 32 bit mode, the process size limit was hit
# Possible solutions:
#   Reduce memory load on the system
#   Increase physical memory or swap space
#   Check if swap backing store is full
#   Use 64 bit Java on a 64 bit OS
#   Decrease Java heap size (-Xmx/-Xms)
#   Decrease number of Java threads
#   Decrease Java thread stack sizes (-Xss)
#   Set larger code cache with -XX:ReservedCodeCacheSize=
# This output file may be truncated or incomplete.
#
#  Out of Memory Error (os_linux.cpp:2640), pid=11968, tid=0x00007f3af7cfc700
#
# JRE version: Java(TM) SE Runtime Environment (8.0_181-b13) (build 1.8.0_181-b13)
# Java VM: Java HotSpot(TM) 64-Bit Server VM (25.181-b13 mixed mode linux-amd64 compressed oops)
# Failed to write core dump. Core dumps have been disabled. To enable core dumping, try "ulimit -c unlimited" before starting Java again
#

---------------  T H R E A D  ---------------

Current thread (0x00007f3b24081800):  VMThread [stack: 0x00007f3af7bfd000,0x00007f3af7cfd000] [id=11980]

Stack: [0x00007f3af7bfd000,0x00007f3af7cfd000],  sp=0x00007f3af7cfb300,  free space=1016k
Native frames: (J=compiled Java code, j=interpreted, Vv=VM code, C=native code)
V  [libjvm.so+0xad21aa]  VMError::report_and_die()+0x2ba
V  [libjvm.so+0x5022db]  report_vm_out_of_memory(char const*, int, unsigned long, VMErrorType, char const*)+0x8b
V  [libjvm.so+0x92fe33]  os::Linux::commit_memory_impl(char*, unsigned long, bool)+0x123
V  [libjvm.so+0x930059]  os::pd_commit_memory(char*, unsigned long, unsigned long, bool)+0x29
V  [libjvm.so+0x9272ba]  os::commit_memory(char*, unsigned long, unsigned long, bool)+0x2a
V  [libjvm.so+0x99d2e3]  PSVirtualSpace::expand_by(unsigned long)+0x53
V  [libjvm.so+0x99e6e8]  PSYoungGen::resize_generation(unsigned long, unsigned long)+0xf8
V  [libjvm.so+0x99d842]  PSYoungGen::resize(unsigned long, unsigned long)+0x22
V  [libjvm.so+0x99ab1b]  PSScavenge::invoke_no_policy()+0xf3b
V  [libjvm.so+0x99b2a1]  PSScavenge::invoke()+0x41
V  [libjvm.so+0xad3dcd]  VM_ParallelGCSystemGC::doit()+0x10d
V  [libjvm.so+0xadb745]  VM_Operation::evaluate()+0x55
V  [libjvm.so+0xad9b0a]  VMThread::evaluate_operation(VM_Operation*)+0xba
V  [libjvm.so+0xad9e8e]  VMThread::loop()+0x1ce
V  [libjvm.so+0xada300]  VMThread::run()+0x70
V  [libjvm.so+0x930198]  java_start(Thread*)+0x108

VM_Operation (0x00007f3af5574110): ParallelGCSystemGC, mode: safepoint, requested by thread 0x00007f3b24f04000


---------------  P R O C E S S  ---------------

Java Threads: ( => current thread )
  0x00007f3b24b8d800 JavaThread "pool-1-thread-8" [_thread_blocked, id=12063, stack(0x00007f3af4790000,0x00007f3af4891000)]
  0x00007f3b24b8c000 JavaThread "pool-1-thread-7" [_thread_blocked, id=12062, stack(0x00007f3af4891000,0x00007f3af4992000)]
  0x00007f3b24b8a800 JavaThread "pool-1-thread-6" [_thread_blocked, id=12061, stack(0x00007f3af4992000,0x00007f3af4a93000)]
  0x00007f3b24b8a000 JavaThread "pool-1-thread-5" [_thread_blocked, id=12060, stack(0x00007f3af4a93000,0x00007f3af4b94000)]
  0x00007f3b24b89000 JavaThread "pool-1-thread-4" [_thread_blocked, id=12059, stack(0x00007f3af4b94000,0x00007f3af4c95000)]
  0x00007f3b24f04000 JavaThread "pool-1-thread-3" [_thread_blocked, id=12058, stack(0x00007f3af5475000,0x00007f3af5576000)]
  0x00007f3b24f03800 JavaThread "pool-1-thread-2" [_thread_blocked, id=12057, stack(0x00007f3af5374000,0x00007f3af5475000)]
  0x00007f3b2524c000 JavaThread "pool-1-thread-1" [_thread_blocked, id=12056, stack(0x00007f3af5576000,0x00007f3af5677000)]
  0x00007f3b25222800 JavaThread "resolver-4" daemon [_thread_blocked, id=11995, stack(0x00007f3af5677000,0x00007f3af5778000)]
  0x00007f3b25221800 JavaThread "resolver-3" daemon [_thread_blocked, id=11994, stack(0x00007f3af5778000,0x00007f3af5879000)]
  0x00007f3b24ee6000 JavaThread "resolver-2" daemon [_thread_blocked, id=11993, stack(0x00007f3af5879000,0x00007f3af597a000)]
  0x00007f3b24ee5800 JavaThread "resolver-1" daemon [_thread_blocked, id=11992, stack(0x00007f3af597a000,0x00007f3af5a7b000)]
  0x00007f3b24696000 JavaThread "process reaper" daemon [_thread_blocked, id=11991, stack(0x00007f3afc035000,0x00007f3afc06e000)]
  0x00007f3b240d4800 JavaThread "Service Thread" daemon [_thread_blocked, id=11988, stack(0x00007f3af6a25000,0x00007f3af6b26000)]
  0x00007f3b240c9000 JavaThread "C1 CompilerThread3" daemon [_thread_blocked, id=11987, stack(0x00007f3af6b27000,0x00007f3af6c27000)]
  0x00007f3b240c7000 JavaThread "C2 CompilerThread2" daemon [_thread_blocked, id=11986, stack(0x00007f3af6c28000,0x00007f3af6d28000)]
  0x00007f3b240c5000 JavaThread "C2 CompilerThread1" daemon [_thread_blocked, id=11985, stack(0x00007f3af6d29000,0x00007f3af6e29000)]
  0x00007f3b240c2800 JavaThread "C2 CompilerThread0" daemon [_thread_blocked, id=11984, stack(0x00007f3af6e2a000,0x00007f3af6f2a000)]
  0x00007f3b240c1000 JavaThread "Signal Dispatcher" daemon [_thread_blocked, id=11983, stack(0x00007f3af6f2a000,0x00007f3af702b000)]
  0x00007f3b2408d800 JavaThread "Finalizer" daemon [_thread_blocked, id=11982, stack(0x00007f3af79fa000,0x00007f3af7afb000)]
  0x00007f3b2408b000 JavaThread "Reference Handler" daemon [_thread_blocked, id=11981, stack(0x00007f3af7afb000,0x00007f3af7bfc000)]
  0x00007f3b2400b000 JavaThread "main" [_thread_blocked, id=11971, stack(0x00007f3b2d814000,0x00007f3b2d914000)]

Other Threads:
=>0x00007f3b24081800 VMThread [stack: 0x00007f3af7bfd000,0x00007f3af7cfd000] [id=11980]
  0x00007f3b240d9000 WatcherThread [stack: 0x00007f3af6925000,0x00007f3af6a25000] [id=11989]

VM state:at safepoint (normal execution)

VM Mutex/Monitor currently owned by a thread:  ([mutex/lock_event])
[0x00007f3b24007b30] Threads_lock - owner thread: 0x00007f3b24081800
[0x00007f3b24008030] Heap_lock - owner thread: 0x00007f3b24f04000

Heap:
 PSYoungGen      total 268288K, used 23021K [0x00000000d6f80000, 0x00000000e9480000, 0x0000000100000000)
  eden space 245248K, 0% used [0x00000000d6f80000,0x00000000d6f80000,0x00000000e5f00000)
  from space 23040K, 99% used [0x00000000e5f00000,0x00000000e757b470,0x00000000e7580000)
  to   space 14336K, 0% used [0x00000000e7580000,0x00000000e7580000,0x00000000e8380000)
 ParOldGen       total 126976K, used 126610K [0x0000000084e00000, 0x000000008ca00000, 0x00000000d6f80000)
  object space 126976K, 99% used [0x0000000084e00000,0x000000008c9a4850,0x000000008ca00000)
 Metaspace       used 25662K, capacity 26314K, committed 26544K, reserved 1073152K
  class space    used 2945K, capacity 3164K, committed 3248K, reserved 1048576K

Card table byte_map: [0x00007f3b2a103000,0x00007f3b2a4dd000] byte_map_base: 0x00007f3b29cdc000

Marking Bits: (ParMarkBitMap*) 0x00007f3b2ccb00a0
 Begin Bits: [0x00007f3afc270000, 0x00007f3afe138000)
 End Bits:   [0x00007f3afe138000, 0x00007f3b00000000)

Polling page: 0x00007f3b2d92b000

CodeCache: size=245760Kb used=17560Kb max_used=17563Kb free=228199Kb
 bounds [0x00007f3b15000000, 0x00007f3b16140000, 0x00007f3b24000000]
 total_blobs=5268 nmethods=4873 adapters=308
 compilation: enabled

Compilation events (10 events):
Event: 9,097 Thread 0x00007f3b240c9000 nmethod 5525 0x00007f3b16135f90 code [0x00007f3b16136100, 0x00007f3b16136268]
Event: 9,135 Thread 0x00007f3b240c9000 5526       3       java.io.FileInputStream::read (9 bytes)
Event: 9,135 Thread 0x00007f3b240c9000 nmethod 5526 0x00007f3b16135bd0 code [0x00007f3b16135d40, 0x00007f3b16135ee8]
Event: 9,154 Thread 0x00007f3b240c9000 5527       3       java.io.SequenceInputStream::nextStream (63 bytes)
Event: 9,154 Thread 0x00007f3b240c9000 nmethod 5527 0x00007f3b16135250 code [0x00007f3b16135400, 0x00007f3b16135a38]
Event: 9,213 Thread 0x00007f3b240c9000 5528       3       java.util.Vector$1::hasMoreElements (20 bytes)
Event: 9,214 Thread 0x00007f3b240c9000 nmethod 5528 0x00007f3b16134e90 code [0x00007f3b16135000, 0x00007f3b161351b0]
Event: 9,339 Thread 0x00007f3b240c9000 5529       3       java.io.FileInputStream::<init> (110 bytes)
Event: 9,340 Thread 0x00007f3b240c9000 nmethod 5529 0x00007f3b16133dd0 code [0x00007f3b16133fe0, 0x00007f3b16134a18]
Event: 9,343 Thread 0x00007f3b240c9000 5530       1       org.codehaus.plexus.archiver.zip.AbstractZipArchiver::access$000 (5 bytes)

GC Heap History (10 events):
Event: 2,614 GC heap after
Heap after GC invocations=5 (full 0):
 PSYoungGen      total 68608K, used 5088K [0x00000000d6f80000, 0x00000000dfd80000, 0x0000000100000000)
  eden space 63488K, 0% used [0x00000000d6f80000,0x00000000d6f80000,0x00000000dad80000)
  from space 5120K, 99% used [0x00000000dad80000,0x00000000db278040,0x00000000db280000)
  to   space 9216K, 0% used [0x00000000df480000,0x00000000df480000,0x00000000dfd80000)
 ParOldGen       total 84992K, used 7684K [0x0000000084e00000, 0x000000008a100000, 0x00000000d6f80000)
  object space 84992K, 9% used [0x0000000084e00000,0x0000000085581370,0x000000008a100000)
 Metaspace       used 14069K, capacity 14440K, committed 14592K, reserved 1062912K
  class space    used 1658K, capacity 1772K, committed 1792K, reserved 1048576K
}
Event: 3,048 GC heap before
{Heap before GC invocations=6 (full 0):
 PSYoungGen      total 68608K, used 68576K [0x00000000d6f80000, 0x00000000dfd80000, 0x0000000100000000)
  eden space 63488K, 100% used [0x00000000d6f80000,0x00000000dad80000,0x00000000dad80000)
  from space 5120K, 99% used [0x00000000dad80000,0x00000000db278040,0x00000000db280000)
  to   space 9216K, 0% used [0x00000000df480000,0x00000000df480000,0x00000000dfd80000)
 ParOldGen       total 84992K, used 7684K [0x0000000084e00000, 0x000000008a100000, 0x00000000d6f80000)
  object space 84992K, 9% used [0x0000000084e00000,0x0000000085581370,0x000000008a100000)
 Metaspace       used 14283K, capacity 14702K, committed 14848K, reserved 1062912K
  class space    used 1658K, capacity 1773K, committed 1792K, reserved 1048576K
Event: 3,076 GC heap after
Heap after GC invocations=6 (full 0):
 PSYoungGen      total 136192K, used 7760K [0x00000000d6f80000, 0x00000000dfd80000, 0x0000000100000000)
  eden space 126976K, 0% used [0x00000000d6f80000,0x00000000d6f80000,0x00000000deb80000)
  from space 9216K, 84% used [0x00000000df480000,0x00000000dfc14030,0x00000000dfd80000)
  to   space 9216K, 0% used [0x00000000deb80000,0x00000000deb80000,0x00000000df480000)
 ParOldGen       total 84992K, used 7692K [0x0000000084e00000, 0x000000008a100000, 0x00000000d6f80000)
  object space 84992K, 9% used [0x0000000084e00000,0x0000000085583370,0x000000008a100000)
 Metaspace       used 14283K, capacity 14702K, committed 14848K, reserved 1062912K
  class space    used 1658K, capacity 1773K, committed 1792K, reserved 1048576K
}
Event: 4,415 GC heap before
{Heap before GC invocations=7 (full 0):
 PSYoungGen      total 136192K, used 134736K [0x00000000d6f80000, 0x00000000dfd80000, 0x0000000100000000)
  eden space 126976K, 100% used [0x00000000d6f80000,0x00000000deb80000,0x00000000deb80000)
  from space 9216K, 84% used [0x00000000df480000,0x00000000dfc14030,0x00000000dfd80000)
  to   space 9216K, 0% used [0x00000000deb80000,0x00000000deb80000,0x00000000df480000)
 ParOldGen       total 84992K, used 7692K [0x0000000084e00000, 0x000000008a100000, 0x00000000d6f80000)
  object space 84992K, 9% used [0x0000000084e00000,0x0000000085583370,0x000000008a100000)
 Metaspace       used 19653K, capacity 20170K, committed 20480K, reserved 1067008K
  class space    used 2324K, capacity 2445K, committed 2560K, reserved 1048576K
Event: 4,473 GC heap after
Heap after GC invocations=7 (full 0):
 PSYoungGen      total 136192K, used 9199K [0x00000000d6f80000, 0x00000000e8380000, 0x0000000100000000)
  eden space 126976K, 0% used [0x00000000d6f80000,0x00000000d6f80000,0x00000000deb80000)
  from space 9216K, 99% used [0x00000000deb80000,0x00000000df47bdd8,0x00000000df480000)
  to   space 14336K, 0% used [0x00000000e7580000,0x00000000e7580000,0x00000000e8380000)
 ParOldGen       total 84992K, used 16343K [0x0000000084e00000, 0x000000008a100000, 0x00000000d6f80000)
  object space 84992K, 19% used [0x0000000084e00000,0x0000000085df5e40,0x000000008a100000)
 Metaspace       used 19653K, capacity 20170K, committed 20480K, reserved 1067008K
  class space    used 2324K, capacity 2445K, committed 2560K, reserved 1048576K
}
Event: 5,084 GC heap before
{Heap before GC invocations=8 (full 0):
 PSYoungGen      total 136192K, used 70558K [0x00000000d6f80000, 0x00000000e8380000, 0x0000000100000000)
  eden space 126976K, 48% used [0x00000000d6f80000,0x00000000dab6bbe8,0x00000000deb80000)
  from space 9216K, 99% used [0x00000000deb80000,0x00000000df47bdd8,0x00000000df480000)
  to   space 14336K, 0% used [0x00000000e7580000,0x00000000e7580000,0x00000000e8380000)
 ParOldGen       total 84992K, used 16343K [0x0000000084e00000, 0x000000008a100000, 0x00000000d6f80000)
  object space 84992K, 19% used [0x0000000084e00000,0x0000000085df5e40,0x000000008a100000)
 Metaspace       used 20739K, capacity 21258K, committed 21296K, reserved 1069056K
  class space    used 2426K, capacity 2573K, committed 2608K, reserved 1048576K
Event: 5,125 GC heap after
Heap after GC invocations=8 (full 0):
 PSYoungGen      total 259584K, used 14304K [0x00000000d6f80000, 0x00000000e9480000, 0x0000000100000000)
  eden space 245248K, 0% used [0x00000000d6f80000,0x00000000d6f80000,0x00000000e5f00000)
  from space 14336K, 99% used [0x00000000e7580000,0x00000000e8378390,0x00000000e8380000)
  to   space 23040K, 0% used [0x00000000e5f00000,0x00000000e5f00000,0x00000000e7580000)
 ParOldGen       total 84992K, used 31428K [0x0000000084e00000, 0x000000008a100000, 0x00000000d6f80000)
  object space 84992K, 36% used [0x0000000084e00000,0x0000000086cb12a0,0x000000008a100000)
 Metaspace       used 20739K, capacity 21258K, committed 21296K, reserved 1069056K
  class space    used 2426K, capacity 2573K, committed 2608K, reserved 1048576K
}
Event: 5,125 GC heap before
{Heap before GC invocations=9 (full 1):
 PSYoungGen      total 259584K, used 14304K [0x00000000d6f80000, 0x00000000e9480000, 0x0000000100000000)
  eden space 245248K, 0% used [0x00000000d6f80000,0x00000000d6f80000,0x00000000e5f00000)
  from space 14336K, 99% used [0x00000000e7580000,0x00000000e8378390,0x00000000e8380000)
  to   space 23040K, 0% used [0x00000000e5f00000,0x00000000e5f00000,0x00000000e7580000)
 ParOldGen       total 84992K, used 31428K [0x0000000084e00000, 0x000000008a100000, 0x00000000d6f80000)
  object space 84992K, 36% used [0x0000000084e00000,0x0000000086cb12a0,0x000000008a100000)
 Metaspace       used 20739K, capacity 21258K, committed 21296K, reserved 1069056K
  class space    used 2426K, capacity 2573K, committed 2608K, reserved 1048576K
Event: 5,230 GC heap after
Heap after GC invocations=9 (full 1):
 PSYoungGen      total 259584K, used 0K [0x00000000d6f80000, 0x00000000e9480000, 0x0000000100000000)
  eden space 245248K, 0% used [0x00000000d6f80000,0x00000000d6f80000,0x00000000e5f00000)
  from space 14336K, 0% used [0x00000000e7580000,0x00000000e7580000,0x00000000e8380000)
  to   space 23040K, 0% used [0x00000000e5f00000,0x00000000e5f00000,0x00000000e7580000)
 ParOldGen       total 92160K, used 37224K [0x0000000084e00000, 0x000000008a800000, 0x00000000d6f80000)
  object space 92160K, 40% used [0x0000000084e00000,0x000000008725a1d8,0x000000008a800000)
 Metaspace       used 20739K, capacity 21258K, committed 21296K, reserved 1069056K
  class space    used 2426K, capacity 2573K, committed 2608K, reserved 1048576K
}
Event: 9,347 GC heap before
{Heap before GC invocations=10 (full 1):
 PSYoungGen      total 259584K, used 238132K [0x00000000d6f80000, 0x00000000e9480000, 0x0000000100000000)
  eden space 245248K, 97% used [0x00000000d6f80000,0x00000000e580d3d8,0x00000000e5f00000)
  from space 14336K, 0% used [0x00000000e7580000,0x00000000e7580000,0x00000000e8380000)
  to   space 23040K, 0% used [0x00000000e5f00000,0x00000000e5f00000,0x00000000e7580000)
 ParOldGen       total 92160K, used 46990K [0x0000000084e00000, 0x000000008a800000, 0x00000000d6f80000)
  object space 92160K, 50% used [0x0000000084e00000,0x0000000087be3868,0x000000008a800000)
 Metaspace       used 25662K, capacity 26314K, committed 26544K, reserved 1073152K
  class space    used 2945K, capacity 3164K, committed 3248K, reserved 1048576K

Deoptimization events (10 events):
Event: 6,838 Thread 0x00007f3b2400b000 Uncommon trap: reason=class_check action=maybe_recompile pc=0x00007f3b159f9414 method=java.util.Hashtable.clone()Ljava/lang/Object; @ 4
Event: 6,838 Thread 0x00007f3b2400b000 Uncommon trap: reason=unstable_if action=reinterpret pc=0x00007f3b153199e0 method=java.lang.CharacterDataLatin1.isWhitespace(I)Z @ 14
Event: 6,879 Thread 0x00007f3b2400b000 Uncommon trap: reason=unstable_if action=reinterpret pc=0x00007f3b157268a0 method=java.util.regex.Pattern.compile()V @ 320
Event: 6,977 Thread 0x00007f3b2400b000 Uncommon trap: reason=unstable_if action=reinterpret pc=0x00007f3b15e0e480 method=org.codehaus.plexus.util.SelectorUtils.match([C[CZ)Z @ 111
Event: 6,983 Thread 0x00007f3b2400b000 Uncommon trap: reason=range_check action=make_not_entrant pc=0x00007f3b15b7715c method=org.codehaus.plexus.util.SelectorUtils.matchAntPathPattern([[C[[CZ)Z @ 32
Event: 7,436 Thread 0x00007f3b2400b000 Uncommon trap: reason=unstable_if action=reinterpret pc=0x00007f3b15d33444 method=org.codehaus.plexus.util.SelectorUtils.matchAntPathPattern([[C[[CZ)Z @ 27
Event: 8,410 Thread 0x00007f3b2400b000 Uncommon trap: reason=unstable_if action=reinterpret pc=0x00007f3b15c9c9f8 method=java.io.UnixFileSystem.resolve(Ljava/lang/String;Ljava/lang/String;)Ljava/lang/String; @ 6
Event: 8,587 Thread 0x00007f3b2400b000 Uncommon trap: reason=unstable_if action=reinterpret pc=0x00007f3b1525cab0 method=java.lang.StringCoding$StringEncoder.encode([CII)[B @ 20
Event: 8,590 Thread 0x00007f3b2400b000 Uncommon trap: reason=unstable_if action=reinterpret pc=0x00007f3b1601e98c method=java.lang.StringCoding$StringEncoder.encode([CII)[B @ 20
Event: 8,854 Thread 0x00007f3b2400b000 Uncommon trap: reason=unstable_if action=reinterpret pc=0x00007f3b16117460 method=java.util.Date.normalize()Lsun/util/calendar/BaseCalendar$Date; @ 45

Classes redefined (0 events):
No events

Internal exceptions (10 events):
Event: 4,762 Thread 0x00007f3b2400b000 Exception <a 'java/io/FileNotFoundException'> (0x00000000d8ea4448) thrown at [/HUDSON/workspace/8-2-build-linux-amd64/jdk8u181/11358/hotspot/src/share/vm/prims/jni.cpp, line 709]
Event: 4,762 Thread 0x00007f3b2400b000 Exception <a 'java/io/FileNotFoundException'> (0x00000000d8ea5548) thrown at [/HUDSON/workspace/8-2-build-linux-amd64/jdk8u181/11358/hotspot/src/share/vm/prims/jni.cpp, line 709]
Event: 4,762 Thread 0x00007f3b2400b000 Exception <a 'java/io/FileNotFoundException'> (0x00000000d8ea6690) thrown at [/HUDSON/workspace/8-2-build-linux-amd64/jdk8u181/11358/hotspot/src/share/vm/prims/jni.cpp, line 709]
Event: 4,762 Thread 0x00007f3b2400b000 Exception <a 'java/io/FileNotFoundException'> (0x00000000d8ea77f8) thrown at [/HUDSON/workspace/8-2-build-linux-amd64/jdk8u181/11358/hotspot/src/share/vm/prims/jni.cpp, line 709]
Event: 4,762 Thread 0x00007f3b2400b000 Exception <a 'java/io/FileNotFoundException'> (0x00000000d8ea89a0) thrown at [/HUDSON/workspace/8-2-build-linux-amd64/jdk8u181/11358/hotspot/src/share/vm/prims/jni.cpp, line 709]
Event: 4,762 Thread 0x00007f3b2400b000 Exception <a 'java/io/FileNotFoundException'> (0x00000000d8ea9b78) thrown at [/HUDSON/workspace/8-2-build-linux-amd64/jdk8u181/11358/hotspot/src/share/vm/prims/jni.cpp, line 709]
Event: 4,762 Thread 0x00007f3b2400b000 Exception <a 'java/io/FileNotFoundException'> (0x00000000d8eaad18) thrown at [/HUDSON/workspace/8-2-build-linux-amd64/jdk8u181/11358/hotspot/src/share/vm/prims/jni.cpp, line 709]
Event: 5,869 Thread 0x00007f3b2400b000 Exception <a 'java/lang/NoClassDefFoundError': org/slf4j/Logger> (0x00000000d951e230) thrown at [/HUDSON/workspace/8-2-build-linux-amd64/jdk8u181/11358/hotspot/src/share/vm/oops/constantPool.cpp, line 235]
Event: 5,933 Thread 0x00007f3b24ee6000 Implicit null exception at 0x00007f3b159b7808 to 0x00007f3b159b78c1
Event: 6,743 Thread 0x00007f3b2400b000 Exception <a 'java/lang/NoClassDefFoundError': org/slf4j/Logger> (0x00000000dc6b8bd0) thrown at [/HUDSON/workspace/8-2-build-linux-amd64/jdk8u181/11358/hotspot/src/share/vm/oops/constantPool.cpp, line 235]

Events (10 events):
Event: 8,856 loading class org/apache/commons/compress/archivers/zip/UnsupportedZipFeatureException done
Event: 8,856 loading class org/apache/commons/compress/archivers/zip/UnsupportedZipFeatureException
Event: 8,856 loading class org/apache/commons/compress/archivers/zip/UnsupportedZipFeatureException done
Event: 8,857 loading class org/apache/commons/compress/archivers/zip/ZipMethod
Event: 8,857 loading class org/apache/commons/compress/archivers/zip/ZipMethod done
Event: 8,857 loading class org/apache/commons/compress/archivers/zip/ZipMethod
Event: 8,857 loading class org/apache/commons/compress/archivers/zip/ZipMethod done
Event: 9,343 Executing VM operation: ParallelGCFailedAllocation
Event: 9,343 Executing VM operation: ParallelGCFailedAllocation done
Event: 9,343 Executing VM operation: ParallelGCSystemGC


Dynamic libraries:
00400000-00401000 r-xp 00000000 08:05 1318586                            /usr/lib/jvm/java-8-oracle/bin/java
00600000-00601000 rw-p 00000000 08:05 1318586                            /usr/lib/jvm/java-8-oracle/bin/java
0115b000-0117c000 rw-p 00000000 00:00 0                                  [heap]
84e00000-8ca00000 rw-p 00000000 00:00 0 
8ca00000-d6f80000 ---p 00000000 00:00 0 
d6f80000-e9480000 rw-p 00000000 00:00 0 
f2a00000-100000000 ---p 00000000 00:00 0 
100000000-10032c000 rw-p 00000000 00:00 0 
10032c000-140000000 ---p 00000000 00:00 0 
7f3a88000000-7f3a88043000 rw-p 00000000 00:00 0 
7f3a88043000-7f3a8c000000 ---p 00000000 00:00 0 
7f3a90000000-7f3a90043000 rw-p 00000000 00:00 0 
7f3a90043000-7f3a94000000 ---p 00000000 00:00 0 
7f3a94000000-7f3a94043000 rw-p 00000000 00:00 0 
7f3a94043000-7f3a98000000 ---p 00000000 00:00 0 
7f3a98000000-7f3a98043000 rw-p 00000000 00:00 0 
7f3a98043000-7f3a9c000000 ---p 00000000 00:00 0 
7f3a9c000000-7f3a9c043000 rw-p 00000000 00:00 0 
7f3a9c043000-7f3aa0000000 ---p 00000000 00:00 0 
7f3aa0000000-7f3aa0050000 rw-p 00000000 00:00 0 
7f3aa0050000-7f3aa4000000 ---p 00000000 00:00 0 
7f3aa4000000-7f3aa4048000 rw-p 00000000 00:00 0 
7f3aa4048000-7f3aa8000000 ---p 00000000 00:00 0 
7f3aa8000000-7f3aa8021000 rw-p 00000000 00:00 0 
7f3aa8021000-7f3aac000000 ---p 00000000 00:00 0 
7f3aac000000-7f3aac046000 rw-p 00000000 00:00 0 
7f3aac046000-7f3ab0000000 ---p 00000000 00:00 0 
7f3ab0000000-7f3ab0021000 rw-p 00000000 00:00 0 
7f3ab0021000-7f3ab4000000 ---p 00000000 00:00 0 
7f3ab4000000-7f3ab4021000 rw-p 00000000 00:00 0 
7f3ab4021000-7f3ab8000000 ---p 00000000 00:00 0 
7f3ab8000000-7f3ab8021000 rw-p 00000000 00:00 0 
7f3ab8021000-7f3abc000000 ---p 00000000 00:00 0 
7f3abcfff000-7f3ac0000000 rw-p 00000000 00:00 0 
7f3ac0000000-7f3ac0021000 rw-p 00000000 00:00 0 
7f3ac0021000-7f3ac4000000 ---p 00000000 00:00 0 
7f3ac4000000-7f3ac4021000 rw-p 00000000 00:00 0 
7f3ac4021000-7f3ac8000000 ---p 00000000 00:00 0 
7f3ac8000000-7f3ac94bf000 rw-p 00000000 00:00 0 
7f3ac94bf000-7f3acc000000 ---p 00000000 00:00 0 
7f3acc000000-7f3acc021000 rw-p 00000000 00:00 0 
7f3acc021000-7f3ad0000000 ---p 00000000 00:00 0 
7f3ad0000000-7f3ad1c18000 rw-p 00000000 00:00 0 
7f3ad1c18000-7f3ad4000000 ---p 00000000 00:00 0 
7f3ad4000000-7f3ad61ad000 rw-p 00000000 00:00 0 
7f3ad61ad000-7f3ad8000000 ---p 00000000 00:00 0 
7f3ad8000000-7f3ad8021000 rw-p 00000000 00:00 0 
7f3ad8021000-7f3adc000000 ---p 00000000 00:00 0 
7f3adc000000-7f3add893000 rw-p 00000000 00:00 0 
7f3add893000-7f3ae0000000 ---p 00000000 00:00 0 
7f3ae0000000-7f3ae0021000 rw-p 00000000 00:00 0 
7f3ae0021000-7f3ae4000000 ---p 00000000 00:00 0 
7f3ae4000000-7f3ae4021000 rw-p 00000000 00:00 0 
7f3ae4021000-7f3ae8000000 ---p 00000000 00:00 0 
7f3ae8000000-7f3ae8021000 rw-p 00000000 00:00 0 
7f3ae8021000-7f3aec000000 ---p 00000000 00:00 0 
7f3aec000000-7f3aec353000 rw-p 00000000 00:00 0 
7f3aec353000-7f3af0000000 ---p 00000000 00:00 0 
7f3af0000000-7f3af0021000 rw-p 00000000 00:00 0 
7f3af0021000-7f3af4000000 ---p 00000000 00:00 0 
7f3af4790000-7f3af4793000 ---p 00000000 00:00 0 
7f3af4793000-7f3af4891000 rw-p 00000000 00:00 0 
7f3af4891000-7f3af4894000 ---p 00000000 00:00 0 
7f3af4894000-7f3af4992000 rw-p 00000000 00:00 0 
7f3af4992000-7f3af4995000 ---p 00000000 00:00 0 
7f3af4995000-7f3af4a93000 rw-p 00000000 00:00 0 
7f3af4a93000-7f3af4a96000 ---p 00000000 00:00 0 
7f3af4a96000-7f3af4b94000 rw-p 00000000 00:00 0 
7f3af4b94000-7f3af4b97000 ---p 00000000 00:00 0 
7f3af4b97000-7f3af4d55000 rw-p 00000000 00:00 0 
7f3af4d55000-7f3af4e95000 ---p 00000000 00:00 0 
7f3af4e95000-7f3af5095000 rw-p 00000000 00:00 0 
7f3af5095000-7f3af5295000 rw-p 00000000 00:00 0 
7f3af5295000-7f3af529c000 r--s 00000000 08:05 1575539                    /usr/lib/x86_64-linux-gnu/gconv/gconv-modules.cache
7f3af529c000-7f3af52c2000 r--p 00000000 08:05 2100200                    /usr/share/locale-langpack/fr/LC_MESSAGES/libc.mo
7f3af533b000-7f3af533c000 r--s 00002000 08:05 5637609                    /home/nduwayo/.m2/repository/org/apache/maven/shared/maven-mapping/3.0.0/maven-mapping-3.0.0.jar
7f3af533c000-7f3af533e000 r--s 00001000 08:05 5637607                    /home/nduwayo/.m2/repository/org/sonatype/plexus/plexus-build-api/0.0.7/plexus-build-api-0.0.7.jar
7f3af533e000-7f3af5340000 r--s 0000b000 08:05 5637605                    /home/nduwayo/.m2/repository/org/apache/maven/shared/maven-filtering/3.1.1/maven-filtering-3.1.1.jar
7f3af5340000-7f3af5344000 r--s 00039000 08:05 5637603                    /home/nduwayo/.m2/repository/org/codehaus/plexus/plexus-utils/3.0.24/plexus-utils-3.0.24.jar
7f3af5344000-7f3af5346000 r--s 00005000 08:05 5637601                    /home/nduwayo/.m2/repository/xpp3/xpp3_min/1.1.4c/xpp3_min-1.1.4c.jar
7f3af5346000-7f3af5347000 r--s 00001000 08:05 5637599                    /home/nduwayo/.m2/repository/xmlpull/xmlpull/1.1.3.1/xmlpull-1.1.3.1.jar
7f3af5347000-7f3af5355000 r--s 00079000 08:05 5637597                    /home/nduwayo/.m2/repository/com/thoughtworks/xstream/xstream/1.4.9/xstream-1.4.9.jar
7f3af5355000-7f3af5358000 r--s 00010000 08:05 5637595                    /home/nduwayo/.m2/repository/org/codehaus/plexus/plexus-interpolation/1.22/plexus-interpolation-1.22.jar
7f3af5358000-7f3af535c000 r--s 00015000 08:05 5637593                    /home/nduwayo/.m2/repository/org/tukaani/xz/1.5/xz-1.5.jar
7f3af535c000-7f3af535e000 r--s 0000d000 08:05 5637591                    /home/nduwayo/.m2/repository/org/iq80/snappy/snappy/0.4/snappy-0.4.jar
7f3af535e000-7f3af5366000 r--s 00060000 08:05 5637589                    /home/nduwayo/.m2/repository/org/apache/commons/commons-compress/1.11/commons-compress-1.11.jar
7f3af5366000-7f3af5369000 r--s 00012000 08:05 5637587                    /home/nduwayo/.m2/repository/org/codehaus/plexus/plexus-io/2.7.1/plexus-io-2.7.1.jar
7f3af5369000-7f3af536e000 r--s 00029000 08:05 5637585                    /home/nduwayo/.m2/repository/org/codehaus/plexus/plexus-archiver/3.4/plexus-archiver-3.4.jar
7f3af536e000-7f3af5371000 r--s 00023000 08:05 5637583                    /home/nduwayo/.m2/repository/org/apache/maven/shared/maven-shared-utils/3.0.1/maven-shared-utils-3.0.1.jar
7f3af5371000-7f3af5372000 r--s 00005000 08:05 5637581                    /home/nduwayo/.m2/repository/org/apache/maven/maven-archiver/3.1.1/maven-archiver-3.1.1.jar
7f3af5372000-7f3af5374000 r--s 00014000 08:05 5508140                    /home/nduwayo/.m2/repository/org/apache/maven/plugins/maven-war-plugin/3.0.0/maven-war-plugin-3.0.0.jar
7f3af5374000-7f3af5377000 ---p 00000000 00:00 0 
7f3af5377000-7f3af5475000 rw-p 00000000 00:00 0 
7f3af5475000-7f3af5478000 ---p 00000000 00:00 0 
7f3af5478000-7f3af5576000 rw-p 00000000 00:00 0 
7f3af5576000-7f3af5579000 ---p 00000000 00:00 0 
7f3af5579000-7f3af5677000 rw-p 00000000 00:00 0 
7f3af5677000-7f3af567a000 ---p 00000000 00:00 0 
7f3af567a000-7f3af5778000 rw-p 00000000 00:00 0 
7f3af5778000-7f3af577b000 ---p 00000000 00:00 0 
7f3af577b000-7f3af5879000 rw-p 00000000 00:00 0 
7f3af5879000-7f3af587c000 ---p 00000000 00:00 0 
7f3af587c000-7f3af597a000 rw-p 00000000 00:00 0 
7f3af597a000-7f3af597d000 ---p 00000000 00:00 0 
7f3af597d000-7f3af5a7b000 rw-p 00000000 00:00 0 
7f3af5a7b000-7f3af5a7c000 r--s 00002000 08:05 7084929                    /home/nduwayo/.m2/repository/org/apache/maven/reporting/maven-reporting-api/2.0.9/maven-reporting-api-2.0.9.jar
7f3af5a7c000-7f3af5a7f000 r--s 00034000 08:05 5126592                    /home/nduwayo/.m2/repository/org/codehaus/plexus/plexus-utils/2.1/plexus-utils-2.1.jar
7f3af5a7f000-7f3af5a81000 r--s 00006000 08:05 7084927                    /home/nduwayo/.m2/repository/org/apache/maven/shared/maven-common-artifact-filters/1.3/maven-common-artifact-filters-1.3.jar
7f3af5a81000-7f3af5a83000 r--s 0000d000 08:05 6972767                    /home/nduwayo/.m2/repository/org/apache/maven/surefire/maven-surefire-common/2.10/maven-surefire-common-2.10.jar
7f3af5a83000-7f3af5c83000 rw-p 00000000 00:00 0 
7f3af5c83000-7f3af5e83000 rw-p 00000000 00:00 0 
7f3af5e83000-7f3af5efc000 r--s 010f9000 08:05 1321606                    /usr/lib/jvm/java-8-oracle/lib/tools.jar
7f3af5efc000-7f3af60fc000 rw-p 00000000 00:00 0 
7f3af60fc000-7f3af610d000 r-xp 00000000 08:05 1454638                    /usr/lib/jvm/java-8-oracle/jre/lib/amd64/libnio.so
7f3af610d000-7f3af630c000 ---p 00011000 08:05 1454638                    /usr/lib/jvm/java-8-oracle/jre/lib/amd64/libnio.so
7f3af630c000-7f3af630d000 rw-p 00010000 08:05 1454638                    /usr/lib/jvm/java-8-oracle/jre/lib/amd64/libnio.so
7f3af630d000-7f3af6323000 r-xp 00000000 08:05 1454635                    /usr/lib/jvm/java-8-oracle/jre/lib/amd64/libnet.so
7f3af6323000-7f3af6523000 ---p 00016000 08:05 1454635                    /usr/lib/jvm/java-8-oracle/jre/lib/amd64/libnet.so
7f3af6523000-7f3af6524000 rw-p 00016000 08:05 1454635                    /usr/lib/jvm/java-8-oracle/jre/lib/amd64/libnet.so
7f3af6524000-7f3af6724000 rw-p 00000000 00:00 0 
7f3af6724000-7f3af6924000 rw-p 00000000 00:00 0 
7f3af6924000-7f3af6925000 ---p 00000000 00:00 0 
7f3af6925000-7f3af6a25000 rw-p 00000000 00:00 0 
7f3af6a25000-7f3af6a28000 ---p 00000000 00:00 0 
7f3af6a28000-7f3af6b26000 rw-p 00000000 00:00 0 
7f3af6b26000-7f3af6b27000 ---p 00000000 00:00 0 
7f3af6b27000-7f3af6b2a000 ---p 00000000 00:00 0 
7f3af6b2a000-7f3af6c27000 rw-p 00000000 00:00 0 
7f3af6c27000-7f3af6c28000 ---p 00000000 00:00 0 
7f3af6c28000-7f3af6c2b000 ---p 00000000 00:00 0 
7f3af6c2b000-7f3af6d28000 rw-p 00000000 00:00 0 
7f3af6d28000-7f3af6d29000 ---p 00000000 00:00 0 
7f3af6d29000-7f3af6d2c000 ---p 00000000 00:00 0 
7f3af6d2c000-7f3af6e29000 rw-p 00000000 00:00 0 
7f3af6e29000-7f3af6e2a000 ---p 00000000 00:00 0 
7f3af6e2a000-7f3af6e2d000 ---p 00000000 00:00 0 
7f3af6e2d000-7f3af6f2a000 rw-p 00000000 00:00 0 
7f3af6f2a000-7f3af6f2d000 ---p 00000000 00:00 0 
7f3af6f2d000-7f3af702b000 rw-p 00000000 00:00 0 
7f3af702b000-7f3af79fa000 r--p 00000000 08:05 1317582                    /usr/lib/locale/locale-archive
7f3af79fa000-7f3af79fd000 ---p 00000000 00:00 0 
7f3af79fd000-7f3af7afb000 rw-p 00000000 00:00 0 
7f3af7afb000-7f3af7afe000 ---p 00000000 00:00 0 
7f3af7afe000-7f3af7bfc000 rw-p 00000000 00:00 0 
7f3af7bfc000-7f3af7bfd000 ---p 00000000 00:00 0 
7f3af7bfd000-7f3af8000000 rw-p 00000000 00:00 0 
7f3af8000000-7f3af8021000 rw-p 00000000 00:00 0 
7f3af8021000-7f3afc000000 ---p 00000000 00:00 0 
7f3afc000000-7f3afc005000 r--s 00023000 08:05 6972765                    /home/nduwayo/.m2/repository/org/apache/maven/surefire/surefire-api/2.10/surefire-api-2.10.jar
7f3afc005000-7f3afc007000 r--s 00007000 08:05 6972766                    /home/nduwayo/.m2/repository/org/apache/maven/surefire/surefire-booter/2.10/surefire-booter-2.10.jar
7f3afc007000-7f3afc009000 r--s 00006000 08:05 6972657                    /home/nduwayo/.m2/repository/org/apache/maven/plugins/maven-surefire-plugin/2.10/maven-surefire-plugin-2.10.jar
7f3afc009000-7f3afc00a000 r--s 00004000 08:05 5508687                    /home/nduwayo/.m2/repository/org/codehaus/plexus/plexus-compiler-javac/2.8.2/plexus-compiler-javac-2.8.2.jar
7f3afc00a000-7f3afc00c000 r--s 00000000 08:05 5508685                    /home/nduwayo/.m2/repository/org/codehaus/plexus/plexus-compiler-manager/2.8.2/plexus-compiler-manager-2.8.2.jar
7f3afc00c000-7f3afc00e000 r--s 00005000 08:05 5508683                    /home/nduwayo/.m2/repository/org/codehaus/plexus/plexus-compiler-api/2.8.2/plexus-compiler-api-2.8.2.jar
7f3afc00e000-7f3afc014000 r--s 00047000 08:05 5508681                    /home/nduwayo/.m2/repository/com/thoughtworks/qdox/qdox/2.0-M7/qdox-2.0-M7.jar
7f3afc014000-7f3afc015000 r--s 0000d000 08:05 5508679                    /home/nduwayo/.m2/repository/org/ow2/asm/asm/6.0_BETA/asm-6.0_BETA.jar
7f3afc015000-7f3afc017000 r--s 00006000 08:05 5508677                    /home/nduwayo/.m2/repository/org/codehaus/plexus/plexus-java/0.9.2/plexus-java-0.9.2.jar
7f3afc017000-7f3afc019000 r--s 00002000 08:05 5508675                    /home/nduwayo/.m2/repository/org/apache/maven/shared/maven-shared-incremental/1.1/maven-shared-incremental-1.1.jar
7f3afc019000-7f3afc01d000 r--s 0002f000 08:05 5508673                    /home/nduwayo/.m2/repository/commons-io/commons-io/2.5/commons-io-2.5.jar
7f3afc01d000-7f3afc020000 r--s 00025000 08:05 5508671                    /home/nduwayo/.m2/repository/org/apache/maven/shared/maven-shared-utils/3.1.0/maven-shared-utils-3.1.0.jar
7f3afc020000-7f3afc022000 r--s 00002000 08:05 5508669                    /home/nduwayo/.m2/repository/org/sonatype/plexus/plexus-cipher/1.4/plexus-cipher-1.4.jar
7f3afc022000-7f3afc024000 r--s 00000000 08:05 5508665                    /home/nduwayo/.m2/repository/org/codehaus/plexus/plexus-component-annotations/1.6/plexus-component-annotations-1.6.jar
7f3afc024000-7f3afc026000 r--s 0000d000 08:05 5508661                    /home/nduwayo/.m2/repository/org/codehaus/plexus/plexus-interpolation/1.14/plexus-interpolation-1.14.jar
7f3afc026000-7f3afc02a000 r--s 00017000 08:05 5508659                    /home/nduwayo/.m2/repository/org/sonatype/aether/aether-util/1.7/aether-util-1.7.jar
7f3afc02a000-7f3afc035000 r--s 00069000 08:05 5508637                    /home/nduwayo/.m2/repository/org/sonatype/sisu/sisu-guice/2.1.7/sisu-guice-2.1.7-noaop.jar
7f3afc035000-7f3afc038000 ---p 00000000 00:00 0 
7f3afc038000-7f3b00000000 rw-p 00000000 00:00 0 
7f3b00000000-7f3b00021000 rw-p 00000000 00:00 0 
7f3b00021000-7f3b04000000 ---p 00000000 00:00 0 
7f3b04000000-7f3b04021000 rw-p 00000000 00:00 0 
7f3b04021000-7f3b08000000 ---p 00000000 00:00 0 
7f3b08000000-7f3b08021000 rw-p 00000000 00:00 0 
7f3b08021000-7f3b0c000000 ---p 00000000 00:00 0 
7f3b0c000000-7f3b0c021000 rw-p 00000000 00:00 0 
7f3b0c021000-7f3b10000000 ---p 00000000 00:00 0 
7f3b10000000-7f3b10021000 rw-p 00000000 00:00 0 
7f3b10021000-7f3b14000000 ---p 00000000 00:00 0 
7f3b14000000-7f3b14001000 r--s 00006000 08:05 5508667                    /home/nduwayo/.m2/repository/org/sonatype/plexus/plexus-sec-dispatcher/1.3/plexus-sec-dispatcher-1.3.jar
7f3b14001000-7f3b14005000 r--s 00033000 08:05 5249256                    /home/nduwayo/.m2/repository/org/codehaus/plexus/plexus-utils/2.0.4/plexus-utils-2.0.4.jar
7f3b14005000-7f3b1400a000 r--s 00021000 08:05 5508635                    /home/nduwayo/.m2/repository/org/sonatype/sisu/sisu-inject-bean/1.4.2/sisu-inject-bean-1.4.2.jar
7f3b1400a000-7f3b1400c000 r--s 0000d000 08:05 5508113                    /home/nduwayo/.m2/repository/org/apache/maven/plugins/maven-compiler-plugin/3.7.0/maven-compiler-plugin-3.7.0.jar
7f3b1400c000-7f3b1400e000 r--s 0000d000 08:05 5637871                    /home/nduwayo/.m2/repository/org/codehaus/plexus/plexus-interpolation/1.13/plexus-interpolation-1.13.jar
7f3b1400e000-7f3b1400f000 r--s 00001000 08:05 5637867                    /home/nduwayo/.m2/repository/org/sonatype/plexus/plexus-build-api/0.0.4/plexus-build-api-0.0.4.jar
7f3b1400f000-7f3b14011000 r--s 00009000 08:05 6972720                    /home/nduwayo/.m2/repository/org/apache/maven/shared/maven-filtering/1.0/maven-filtering-1.0.jar
7f3b14011000-7f3b14014000 r--s 0001b000 08:05 5637831                    /home/nduwayo/.m2/repository/junit/junit/3.8.1/junit-3.8.1.jar
7f3b14014000-7f3b14016000 r--s 00002000 08:05 5637809                    /home/nduwayo/.m2/repository/org/codehaus/plexus/plexus-interactivity-api/1.0-alpha-4/plexus-interactivity-api-1.0-alpha-4.jar
7f3b14016000-7f3b14018000 r--s 00006000 08:05 5637805                    /home/nduwayo/.m2/repository/commons-cli/commons-cli/1.0/commons-cli-1.0.jar
7f3b14018000-7f3b14019000 r--s 00001000 08:05 5637799                    /home/nduwayo/.m2/repository/org/apache/maven/doxia/doxia-sink-api/1.0-alpha-7/doxia-sink-api-1.0-alpha-7.jar
7f3b14019000-7f3b1401a000 r--s 00002000 08:05 5637797                    /home/nduwayo/.m2/repository/org/apache/maven/reporting/maven-reporting-api/2.0.6/maven-reporting-api-2.0.6.jar
7f3b1401a000-7f3b1401c000 r--s 00005000 08:05 5126276                    /home/nduwayo/.m2/repository/org/apache/maven/plugins/maven-resources-plugin/2.5/maven-resources-plugin-2.5.jar
7f3b1401c000-7f3b14020000 r--s 00033000 08:05 5509168                    /home/nduwayo/.m2/repository/org/codehaus/plexus/plexus-utils/2.0.5/plexus-utils-2.0.5.jar
7f3b14020000-7f3b14021000 r--s 00005000 08:05 4724061                    /home/nduwayo/.m2/repository/org/apache/maven/plugins/maven-clean-plugin/2.4.1/maven-clean-plugin-2.4.1.jar
7f3b14021000-7f3b14022000 r--p 00000000 00:00 0 
7f3b14022000-7f3b14027000 r--s 0009d000 08:05 1327778                    /usr/lib/jvm/java-8-oracle/jre/lib/jsse.jar
7f3b14027000-7f3b14029000 r--s 0000d000 08:05 7343406                    /home/nduwayo/netbeans-8.2/java/maven-nblib/netbeans-eventspy.jar
7f3b14029000-7f3b1402b000 r--s 0000c000 08:05 7343318                    /home/nduwayo/netbeans-8.2/java/maven/lib/maven-aether-provider-3.0.5.jar
7f3b1402b000-7f3b14035000 r--s 00116000 08:05 1449280                    /usr/lib/jvm/java-8-oracle/jre/lib/ext/localedata.jar
7f3b14035000-7f3b14051000 r--s 00393000 08:05 1449273                    /usr/lib/jvm/java-8-oracle/jre/lib/ext/cldrdata.jar
7f3b14051000-7f3b14054000 r--s 00008000 08:05 7343305                    /home/nduwayo/netbeans-8.2/java/maven/lib/maven-settings-builder-3.0.5.jar
7f3b14054000-7f3b14073000 r--s 00154000 08:05 7343424                    /home/nduwayo/netbeans-8.2/java/maven/lib/sisu-guava-0.9.9.jar
7f3b14073000-7f3b14074000 r--s 00006000 08:05 7343348                    /home/nduwayo/netbeans-8.2/java/maven/lib/plexus-sec-dispatcher-1.3.jar
7f3b14074000-7f3b14076000 r--s 00006000 08:05 7343285                    /home/nduwayo/netbeans-8.2/java/maven/lib/aether-connector-wagon-1.13.1.jar
7f3b14076000-7f3b14078000 r--s 00006000 08:05 7343230                    /home/nduwayo/netbeans-8.2/java/maven/lib/maven-repository-metadata-3.0.5.jar
7f3b14078000-7f3b14080000 r--s 00050000 08:05 7343372                    /home/nduwayo/netbeans-8.2/java/maven/lib/sisu-guice-3.1.0-no_aop.jar
7f3b14080000-7f3b14084000 r--s 00021000 08:05 7343347                    /home/nduwayo/netbeans-8.2/java/maven/lib/maven-model-builder-3.0.5.jar
7f3b14084000-7f3b1408b000 r--s 0002b000 08:05 7343364                    /home/nduwayo/netbeans-8.2/java/maven/lib/sisu-inject-plexus-2.3.0.jar
7f3b1408b000-7f3b1408d000 r--s 0000a000 08:05 7343399                    /home/nduwayo/netbeans-8.2/java/maven/lib/maven-settings-3.0.5.jar
7f3b1408d000-7f3b14099000 r--s 0007d000 08:05 7343423                    /home/nduwayo/netbeans-8.2/java/maven/lib/maven-core-3.0.5.jar
7f3b14099000-7f3b1409d000 r--s 00033000 08:05 7343409                    /home/nduwayo/netbeans-8.2/java/maven/lib/plexus-utils-2.0.6.jar
7f3b1409d000-7f3b1409f000 r--s 0000b000 08:05 7343373                    /home/nduwayo/netbeans-8.2/java/maven/lib/wagon-provider-api-2.10.jar
7f3b1409f000-7f3b140a1000 r--s 0000b000 08:05 7343397                    /home/nduwayo/netbeans-8.2/java/maven/lib/maven-artifact-3.0.5.jar
7f3b140a1000-7f3b140d0000 r--s 001c8000 08:05 7343384                    /home/nduwayo/netbeans-8.2/java/maven/lib/wagon-http-2.10-shaded.jar
7f3b140d0000-7f3b15000000 rw-p 00000000 00:00 0 
7f3b15000000-7f3b16140000 rwxp 00000000 00:00 0 
7f3b16140000-7f3b24000000 ---p 00000000 00:00 0 
7f3b24000000-7f3b25471000 rw-p 00000000 00:00 0 
7f3b25471000-7f3b28000000 ---p 00000000 00:00 0 
7f3b28000000-7f3b28004000 r--s 0001c000 08:05 7343411                    /home/nduwayo/netbeans-8.2/java/maven/lib/aether-util-1.13.1.jar
7f3b28004000-7f3b28841000 rw-p 00000000 00:00 0 
7f3b28841000-7f3b28a1b000 r--s 03d6b000 08:05 1327773                    /usr/lib/jvm/java-8-oracle/jre/lib/rt.jar
7f3b28a1b000-7f3b2966a000 rw-p 00000000 00:00 0 
7f3b2966a000-7f3b2966b000 ---p 00000000 00:00 0 
7f3b2966b000-7f3b2976b000 rw-p 00000000 00:00 0 
7f3b2976b000-7f3b2976c000 ---p 00000000 00:00 0 
7f3b2976c000-7f3b2986c000 rw-p 00000000 00:00 0 
7f3b2986c000-7f3b2986d000 ---p 00000000 00:00 0 
7f3b2986d000-7f3b2996d000 rw-p 00000000 00:00 0 
7f3b2996d000-7f3b2996e000 ---p 00000000 00:00 0 
7f3b2996e000-7f3b29a6e000 rw-p 00000000 00:00 0 
7f3b29a6e000-7f3b29a6f000 ---p 00000000 00:00 0 
7f3b29a6f000-7f3b29b6f000 rw-p 00000000 00:00 0 
7f3b29b6f000-7f3b29b70000 ---p 00000000 00:00 0 
7f3b29b70000-7f3b29c70000 rw-p 00000000 00:00 0 
7f3b29c70000-7f3b29c71000 ---p 00000000 00:00 0 
7f3b29c71000-7f3b29d71000 rw-p 00000000 00:00 0 
7f3b29d71000-7f3b29d72000 ---p 00000000 00:00 0 
7f3b29d72000-7f3b29eb0000 rw-p 00000000 00:00 0 
7f3b29eb0000-7f3b2a103000 ---p 00000000 00:00 0 
7f3b2a103000-7f3b2a141000 rw-p 00000000 00:00 0 
7f3b2a141000-7f3b2a393000 ---p 00000000 00:00 0 
7f3b2a393000-7f3b2a427000 rw-p 00000000 00:00 0 
7f3b2a427000-7f3b2a4dc000 ---p 00000000 00:00 0 
7f3b2a4dc000-7f3b2a522000 rw-p 00000000 00:00 0 
7f3b2a522000-7f3b2a89d000 ---p 00000000 00:00 0 
7f3b2a89d000-7f3b2a8b8000 r-xp 00000000 08:05 1454631                    /usr/lib/jvm/java-8-oracle/jre/lib/amd64/libzip.so
7f3b2a8b8000-7f3b2aab8000 ---p 0001b000 08:05 1454631                    /usr/lib/jvm/java-8-oracle/jre/lib/amd64/libzip.so
7f3b2aab8000-7f3b2aab9000 rw-p 0001b000 08:05 1454631                    /usr/lib/jvm/java-8-oracle/jre/lib/amd64/libzip.so
7f3b2aab9000-7f3b2aac4000 r-xp 00000000 08:05 8917721                    /lib/x86_64-linux-gnu/libnss_files-2.27.so
7f3b2aac4000-7f3b2acc3000 ---p 0000b000 08:05 8917721                    /lib/x86_64-linux-gnu/libnss_files-2.27.so
7f3b2acc3000-7f3b2acc4000 r--p 0000a000 08:05 8917721                    /lib/x86_64-linux-gnu/libnss_files-2.27.so
7f3b2acc4000-7f3b2acc5000 rw-p 0000b000 08:05 8917721                    /lib/x86_64-linux-gnu/libnss_files-2.27.so
7f3b2acc5000-7f3b2accb000 rw-p 00000000 00:00 0 
7f3b2accb000-7f3b2ace2000 r-xp 00000000 08:05 8917715                    /lib/x86_64-linux-gnu/libnsl-2.27.so
7f3b2ace2000-7f3b2aee1000 ---p 00017000 08:05 8917715                    /lib/x86_64-linux-gnu/libnsl-2.27.so
7f3b2aee1000-7f3b2aee2000 r--p 00016000 08:05 8917715                    /lib/x86_64-linux-gnu/libnsl-2.27.so
7f3b2aee2000-7f3b2aee3000 rw-p 00017000 08:05 8917715                    /lib/x86_64-linux-gnu/libnsl-2.27.so
7f3b2aee3000-7f3b2aee5000 rw-p 00000000 00:00 0 
7f3b2aee5000-7f3b2aef0000 r-xp 00000000 08:05 8917732                    /lib/x86_64-linux-gnu/libnss_nis-2.27.so
7f3b2aef0000-7f3b2b0ef000 ---p 0000b000 08:05 8917732                    /lib/x86_64-linux-gnu/libnss_nis-2.27.so
7f3b2b0ef000-7f3b2b0f0000 r--p 0000a000 08:05 8917732                    /lib/x86_64-linux-gnu/libnss_nis-2.27.so
7f3b2b0f0000-7f3b2b0f1000 rw-p 0000b000 08:05 8917732                    /lib/x86_64-linux-gnu/libnss_nis-2.27.so
7f3b2b0f1000-7f3b2b0f9000 r-xp 00000000 08:05 8917717                    /lib/x86_64-linux-gnu/libnss_compat-2.27.so
7f3b2b0f9000-7f3b2b2f9000 ---p 00008000 08:05 8917717                    /lib/x86_64-linux-gnu/libnss_compat-2.27.so
7f3b2b2f9000-7f3b2b2fa000 r--p 00008000 08:05 8917717                    /lib/x86_64-linux-gnu/libnss_compat-2.27.so
7f3b2b2fa000-7f3b2b2fb000 rw-p 00009000 08:05 8917717                    /lib/x86_64-linux-gnu/libnss_compat-2.27.so
7f3b2b2fb000-7f3b2b326000 r-xp 00000000 08:05 1454625                    /usr/lib/jvm/java-8-oracle/jre/lib/amd64/libjava.so
7f3b2b326000-7f3b2b525000 ---p 0002b000 08:05 1454625                    /usr/lib/jvm/java-8-oracle/jre/lib/amd64/libjava.so
7f3b2b525000-7f3b2b527000 rw-p 0002a000 08:05 1454625                    /usr/lib/jvm/java-8-oracle/jre/lib/amd64/libjava.so
7f3b2b527000-7f3b2b534000 r-xp 00000000 08:05 1454630                    /usr/lib/jvm/java-8-oracle/jre/lib/amd64/libverify.so
7f3b2b534000-7f3b2b734000 ---p 0000d000 08:05 1454630                    /usr/lib/jvm/java-8-oracle/jre/lib/amd64/libverify.so
7f3b2b734000-7f3b2b736000 rw-p 0000d000 08:05 1454630                    /usr/lib/jvm/java-8-oracle/jre/lib/amd64/libverify.so
7f3b2b736000-7f3b2b73d000 r-xp 00000000 08:05 8917772                    /lib/x86_64-linux-gnu/librt-2.27.so
7f3b2b73d000-7f3b2b93c000 ---p 00007000 08:05 8917772                    /lib/x86_64-linux-gnu/librt-2.27.so
7f3b2b93c000-7f3b2b93d000 r--p 00006000 08:05 8917772                    /lib/x86_64-linux-gnu/librt-2.27.so
7f3b2b93d000-7f3b2b93e000 rw-p 00007000 08:05 8917772                    /lib/x86_64-linux-gnu/librt-2.27.so
7f3b2b93e000-7f3b2badb000 r-xp 00000000 08:05 8917694                    /lib/x86_64-linux-gnu/libm-2.27.so
7f3b2badb000-7f3b2bcda000 ---p 0019d000 08:05 8917694                    /lib/x86_64-linux-gnu/libm-2.27.so
7f3b2bcda000-7f3b2bcdb000 r--p 0019c000 08:05 8917694                    /lib/x86_64-linux-gnu/libm-2.27.so
7f3b2bcdb000-7f3b2bcdc000 rw-p 0019d000 08:05 8917694                    /lib/x86_64-linux-gnu/libm-2.27.so
7f3b2bcdc000-7f3b2c9b8000 r-xp 00000000 08:05 1454607                    /usr/lib/jvm/java-8-oracle/jre/lib/amd64/server/libjvm.so
7f3b2c9b8000-7f3b2cbb8000 ---p 00cdc000 08:05 1454607                    /usr/lib/jvm/java-8-oracle/jre/lib/amd64/server/libjvm.so
7f3b2cbb8000-7f3b2cc92000 rw-p 00cdc000 08:05 1454607                    /usr/lib/jvm/java-8-oracle/jre/lib/amd64/server/libjvm.so
7f3b2cc92000-7f3b2ccdd000 rw-p 00000000 00:00 0 
7f3b2ccdd000-7f3b2cec4000 r-xp 00000000 08:05 8917631                    /lib/x86_64-linux-gnu/libc-2.27.so
7f3b2cec4000-7f3b2d0c4000 ---p 001e7000 08:05 8917631                    /lib/x86_64-linux-gnu/libc-2.27.so
7f3b2d0c4000-7f3b2d0c8000 r--p 001e7000 08:05 8917631                    /lib/x86_64-linux-gnu/libc-2.27.so
7f3b2d0c8000-7f3b2d0ca000 rw-p 001eb000 08:05 8917631                    /lib/x86_64-linux-gnu/libc-2.27.so
7f3b2d0ca000-7f3b2d0ce000 rw-p 00000000 00:00 0 
7f3b2d0ce000-7f3b2d0d1000 r-xp 00000000 08:05 8917654                    /lib/x86_64-linux-gnu/libdl-2.27.so
7f3b2d0d1000-7f3b2d2d0000 ---p 00003000 08:05 8917654                    /lib/x86_64-linux-gnu/libdl-2.27.so
7f3b2d2d0000-7f3b2d2d1000 r--p 00002000 08:05 8917654                    /lib/x86_64-linux-gnu/libdl-2.27.so
7f3b2d2d1000-7f3b2d2d2000 rw-p 00003000 08:05 8917654                    /lib/x86_64-linux-gnu/libdl-2.27.so
7f3b2d2d2000-7f3b2d2e8000 r-xp 00000000 08:05 1327643                    /usr/lib/jvm/java-8-oracle/lib/amd64/jli/libjli.so
7f3b2d2e8000-7f3b2d4e7000 ---p 00016000 08:05 1327643                    /usr/lib/jvm/java-8-oracle/lib/amd64/jli/libjli.so
7f3b2d4e7000-7f3b2d4e8000 rw-p 00015000 08:05 1327643                    /usr/lib/jvm/java-8-oracle/lib/amd64/jli/libjli.so
7f3b2d4e8000-7f3b2d502000 r-xp 00000000 08:05 8917764                    /lib/x86_64-linux-gnu/libpthread-2.27.so
7f3b2d502000-7f3b2d701000 ---p 0001a000 08:05 8917764                    /lib/x86_64-linux-gnu/libpthread-2.27.so
7f3b2d701000-7f3b2d702000 r--p 00019000 08:05 8917764                    /lib/x86_64-linux-gnu/libpthread-2.27.so
7f3b2d702000-7f3b2d703000 rw-p 0001a000 08:05 8917764                    /lib/x86_64-linux-gnu/libpthread-2.27.so
7f3b2d703000-7f3b2d707000 rw-p 00000000 00:00 0 
7f3b2d707000-7f3b2d72e000 r-xp 00000000 08:05 8917603                    /lib/x86_64-linux-gnu/ld-2.27.so
7f3b2d72e000-7f3b2d72f000 r--s 00002000 08:05 7343387                    /home/nduwayo/netbeans-8.2/java/maven/lib/wagon-http-shared-2.10.jar
7f3b2d72f000-7f3b2d730000 r--s 00002000 08:05 7343426                    /home/nduwayo/netbeans-8.2/java/maven/lib/wagon-file-2.10.jar
7f3b2d730000-7f3b2d732000 r--s 00000000 08:05 7343119                    /home/nduwayo/netbeans-8.2/java/maven/lib/plexus-component-annotations-1.5.5.jar
7f3b2d732000-7f3b2d735000 r--s 0001d000 08:05 7343410                    /home/nduwayo/netbeans-8.2/java/maven/lib/aether-impl-1.13.1.jar
7f3b2d735000-7f3b2d737000 r--s 00002000 08:05 7343416                    /home/nduwayo/netbeans-8.2/java/maven/lib/plexus-cipher-1.7.jar
7f3b2d737000-7f3b2d73b000 r--s 00013000 08:05 7343417                    /home/nduwayo/netbeans-8.2/java/maven/lib/aether-api-1.13.1.jar
7f3b2d73b000-7f3b2d73d000 r--s 00026000 08:05 7343415                    /home/nduwayo/netbeans-8.2/java/maven/lib/maven-model-3.0.5.jar
7f3b2d73d000-7f3b2d73e000 r--s 00003000 08:05 7343418                    /home/nduwayo/netbeans-8.2/java/maven/lib/aether-spi-1.13.1.jar
7f3b2d73e000-7f3b2d740000 r--s 0000b000 08:05 7343385                    /home/nduwayo/netbeans-8.2/java/maven/lib/maven-plugin-api-3.0.5.jar
7f3b2d740000-7f3b2d742000 r--s 00009000 08:05 7343427                    /home/nduwayo/netbeans-8.2/java/maven/lib/commons-cli-1.2.jar
7f3b2d742000-7f3b2d748000 r--s 0003f000 08:05 7343412                    /home/nduwayo/netbeans-8.2/java/maven/lib/maven-compat-3.0.5.jar
7f3b2d748000-7f3b2d813000 rw-p 00000000 00:00 0 
7f3b2d813000-7f3b2d814000 ---p 00000000 00:00 0 
7f3b2d814000-7f3b2d817000 ---p 00000000 00:00 0 
7f3b2d817000-7f3b2d916000 rw-p 00000000 00:00 0 
7f3b2d916000-7f3b2d918000 r--s 0000d000 08:05 7343349                    /home/nduwayo/netbeans-8.2/java/maven/lib/plexus-interpolation-1.14.jar
7f3b2d918000-7f3b2d91f000 r--s 0003f000 08:05 7343386                    /home/nduwayo/netbeans-8.2/java/maven/lib/sisu-inject-bean-2.3.0.jar
7f3b2d91f000-7f3b2d920000 r--s 0000a000 08:05 7343398                    /home/nduwayo/netbeans-8.2/java/maven/lib/maven-embedder-3.0.5.jar
7f3b2d920000-7f3b2d922000 r--s 0000a000 08:05 7343375                    /home/nduwayo/netbeans-8.2/java/maven/boot/plexus-classworlds-2.4.jar
7f3b2d922000-7f3b2d92a000 rw-s 00000000 08:05 5651728                    /tmp/hsperfdata_nduwayo/11968
7f3b2d92a000-7f3b2d92b000 rw-p 00000000 00:00 0 
7f3b2d92b000-7f3b2d92c000 ---p 00000000 00:00 0 
7f3b2d92c000-7f3b2d92e000 rw-p 00000000 00:00 0 
7f3b2d92e000-7f3b2d92f000 r--p 00027000 08:05 8917603                    /lib/x86_64-linux-gnu/ld-2.27.so
7f3b2d92f000-7f3b2d930000 rw-p 00028000 08:05 8917603                    /lib/x86_64-linux-gnu/ld-2.27.so
7f3b2d930000-7f3b2d931000 rw-p 00000000 00:00 0 
7ffc990fb000-7ffc9911c000 rw-p 00000000 00:00 0                          [stack]
7ffc991ad000-7ffc991b0000 r--p 00000000 00:00 0                          [vvar]
7ffc991b0000-7ffc991b2000 r-xp 00000000 00:00 0                          [vdso]
ffffffffff600000-ffffffffff601000 r-xp 00000000 00:00 0                  [vsyscall]

VM Arguments:
jvm_args: -Dclassworlds.conf=/home/nduwayo/netbeans-8.2/java/maven/bin/m2.conf -Dmaven.home=/home/nduwayo/netbeans-8.2/java/maven 
java_command: org.codehaus.plexus.classworlds.launcher.Launcher -Dmaven.ext.class.path=/home/nduwayo/netbeans-8.2/java/maven-nblib/netbeans-eventspy.jar clean install
java_class_path (initial): /home/nduwayo/netbeans-8.2/java/maven/boot/plexus-classworlds-2.4.jar
Launcher Type: SUN_STANDARD

Environment Variables:
JAVA_HOME=/usr/lib/jvm/java-8-oracle
PATH=/home/nduwayo/bin:/usr/local/sbin:/usr/local/bin:/usr/sbin:/usr/bin:/sbin:/bin:/usr/games:/usr/local/games:/snap/bin:/usr/lib/jvm/java-8-oracle/bin:/usr/lib/jvm/java-8-oracle/db/bin:/usr/lib/jvm/java-8-oracle/jre/bin
USERNAME=nduwayo
LD_LIBRARY_PATH=/usr/lib/jvm/java-8-oracle/jre/lib/amd64:/usr/lib/jvm/java-8-oracle/jre/lib/i386:
SHELL=/bin/bash
DISPLAY=:0

Signal Handlers:
SIGSEGV: [libjvm.so+0xad2a40], sa_mask[0]=11111111011111111101111111111110, sa_flags=SA_RESTART|SA_SIGINFO
SIGBUS: [libjvm.so+0xad2a40], sa_mask[0]=11111111011111111101111111111110, sa_flags=SA_RESTART|SA_SIGINFO
SIGFPE: [libjvm.so+0x92a610], sa_mask[0]=11111111011111111101111111111110, sa_flags=SA_RESTART|SA_SIGINFO
SIGPIPE: [libjvm.so+0x92a610], sa_mask[0]=11111111011111111101111111111110, sa_flags=SA_RESTART|SA_SIGINFO
SIGXFSZ: [libjvm.so+0x92a610], sa_mask[0]=11111111011111111101111111111110, sa_flags=SA_RESTART|SA_SIGINFO
SIGILL: [libjvm.so+0x92a610], sa_mask[0]=11111111011111111101111111111110, sa_flags=SA_RESTART|SA_SIGINFO
SIGUSR1: SIG_DFL, sa_mask[0]=00000000000000000000000000000000, sa_flags=none
SIGUSR2: [libjvm.so+0x92be70], sa_mask[0]=00100000000000000000000000000000, sa_flags=SA_RESTART|SA_SIGINFO
SIGHUP: [libjvm.so+0x92d270], sa_mask[0]=11111111011111111101111111111110, sa_flags=SA_RESTART|SA_SIGINFO
SIGINT: SIG_IGN, sa_mask[0]=00000000000000000000000000000000, sa_flags=none
SIGTERM: [libjvm.so+0x92d270], sa_mask[0]=11111111011111111101111111111110, sa_flags=SA_RESTART|SA_SIGINFO
SIGQUIT: [libjvm.so+0x92d270], sa_mask[0]=11111111011111111101111111111110, sa_flags=SA_RESTART|SA_SIGINFO


---------------  S Y S T E M  ---------------

OS:DISTRIB_ID=Ubuntu
DISTRIB_RELEASE=18.04
DISTRIB_CODENAME=bionic
DISTRIB_DESCRIPTION="Ubuntu 18.04.1 LTS"

uname:Linux 4.15.0-30-generic #32-Ubuntu SMP Thu Jul 26 17:42:43 UTC 2018 x86_64
libc:glibc 2.27 NPTL 2.27 
rlimit: STACK 8192k, CORE 0k, NPROC 31283, NOFILE 1048576, AS infinity
load average:3,86 2,10 1,64

/proc/meminfo:
MemTotal:        8069016 kB
MemFree:          116420 kB
MemAvailable:      46112 kB
Buffers:            2412 kB
Cached:           276364 kB
SwapCached:         4488 kB
Active:          6435256 kB
Inactive:         948412 kB
Active(anon):    6399156 kB
Inactive(anon):   913808 kB
Active(file):      36100 kB
Inactive(file):    34604 kB
Unevictable:         248 kB
Mlocked:             248 kB
SwapTotal:       2097148 kB
SwapFree:              0 kB
Dirty:               160 kB
Writeback:             0 kB
AnonPages:       7102400 kB
Mapped:           103500 kB
Shmem:            207932 kB
Slab:             232452 kB
SReclaimable:      60348 kB
SUnreclaim:       172104 kB
KernelStack:      115352 kB
PageTables:       118480 kB
NFS_Unstable:          0 kB
Bounce:                0 kB
WritebackTmp:          0 kB
CommitLimit:     6131656 kB
Committed_AS:   28188372 kB
VmallocTotal:   34359738367 kB
VmallocUsed:           0 kB
VmallocChunk:          0 kB
HardwareCorrupted:     0 kB
AnonHugePages:         0 kB
ShmemHugePages:        0 kB
ShmemPmdMapped:        0 kB
CmaTotal:              0 kB
CmaFree:               0 kB
HugePages_Total:       0
HugePages_Free:        0
HugePages_Rsvd:        0
HugePages_Surp:        0
Hugepagesize:       2048 kB
DirectMap4k:      683636 kB
DirectMap2M:     7606272 kB


CPU:total 8 (initial active 8) (4 cores per cpu, 2 threads per core) family 6 model 58 stepping 9, cmov, cx8, fxsr, mmx, sse, sse2, sse3, ssse3, sse4.1, sse4.2, popcnt, avx, aes, clmul, erms, ht, tsc, tscinvbit, tscinv

/proc/cpuinfo:
processor	: 0
vendor_id	: GenuineIntel
cpu family	: 6
model		: 58
model name	: Intel(R) Core(TM) i7-3720QM CPU @ 2.60GHz
stepping	: 9
microcode	: 0x1f
cpu MHz		: 3388.905
cache size	: 6144 KB
physical id	: 0
siblings	: 8
core id		: 0
cpu cores	: 4
apicid		: 0
initial apicid	: 0
fpu		: yes
fpu_exception	: yes
cpuid level	: 13
wp		: yes
flags		: fpu vme de pse tsc msr pae mce cx8 apic sep mtrr pge mca cmov pat pse36 clflush dts acpi mmx fxsr sse sse2 ss ht tm pbe syscall nx rdtscp lm constant_tsc arch_perfmon pebs bts rep_good nopl xtopology nonstop_tsc cpuid aperfmperf pni pclmulqdq dtes64 monitor ds_cpl vmx smx est tm2 ssse3 cx16 xtpr pdcm pcid sse4_1 sse4_2 x2apic popcnt tsc_deadline_timer aes xsave avx f16c rdrand lahf_lm cpuid_fault epb pti ibrs ibpb stibp tpr_shadow vnmi flexpriority ept vpid fsgsbase smep erms xsaveopt dtherm ida arat pln pts
bugs		: cpu_meltdown spectre_v1 spectre_v2 spec_store_bypass
bogomips	: 5183.03
clflush size	: 64
cache_alignment	: 64
address sizes	: 36 bits physical, 48 bits virtual
power management:

processor	: 1
vendor_id	: GenuineIntel
cpu family	: 6
model		: 58
model name	: Intel(R) Core(TM) i7-3720QM CPU @ 2.60GHz
stepping	: 9
microcode	: 0x1f
cpu MHz		: 3388.907
cache size	: 6144 KB
physical id	: 0
siblings	: 8
core id		: 1
cpu cores	: 4
apicid		: 2
initial apicid	: 2
fpu		: yes
fpu_exception	: yes
cpuid level	: 13
wp		: yes
flags		: fpu vme de pse tsc msr pae mce cx8 apic sep mtrr pge mca cmov pat pse36 clflush dts acpi mmx fxsr sse sse2 ss ht tm pbe syscall nx rdtscp lm constant_tsc arch_perfmon pebs bts rep_good nopl xtopology nonstop_tsc cpuid aperfmperf pni pclmulqdq dtes64 monitor ds_cpl vmx smx est tm2 ssse3 cx16 xtpr pdcm pcid sse4_1 sse4_2 x2apic popcnt tsc_deadline_timer aes xsave avx f16c rdrand lahf_lm cpuid_fault epb pti ibrs ibpb stibp tpr_shadow vnmi flexpriority ept vpid fsgsbase smep erms xsaveopt dtherm ida arat pln pts
bugs		: cpu_meltdown spectre_v1 spectre_v2 spec_store_bypass
bogomips	: 5183.03
clflush size	: 64
cache_alignment	: 64
address sizes	: 36 bits physical, 48 bits virtual
power management:

processor	: 2
vendor_id	: GenuineIntel
cpu family	: 6
model		: 58
model name	: Intel(R) Core(TM) i7-3720QM CPU @ 2.60GHz
stepping	: 9
microcode	: 0x1f
cpu MHz		: 3388.900
cache size	: 6144 KB
physical id	: 0
siblings	: 8
core id		: 2
cpu cores	: 4
apicid		: 4
initial apicid	: 4
fpu		: yes
fpu_exception	: yes
cpuid level	: 13
wp		: yes
flags		: fpu vme de pse tsc msr pae mce cx8 apic sep mtrr pge mca cmov pat pse36 clflush dts acpi mmx fxsr sse sse2 ss ht tm pbe syscall nx rdtscp lm constant_tsc arch_perfmon pebs bts rep_good nopl xtopology nonstop_tsc cpuid aperfmperf pni pclmulqdq dtes64 monitor ds_cpl vmx smx est tm2 ssse3 cx16 xtpr pdcm pcid sse4_1 sse4_2 x2apic popcnt tsc_deadline_timer aes xsave avx f16c rdrand lahf_lm cpuid_fault epb pti ibrs ibpb stibp tpr_shadow vnmi flexpriority ept vpid fsgsbase smep erms xsaveopt dtherm ida arat pln pts
bugs		: cpu_meltdown spectre_v1 spectre_v2 spec_store_bypass
bogomips	: 5183.03
clflush size	: 64
cache_alignment	: 64
address sizes	: 36 bits physical, 48 bits virtual
power management:

processor	: 3
vendor_id	: GenuineIntel
cpu family	: 6
model		: 58
model name	: Intel(R) Core(TM) i7-3720QM CPU @ 2.60GHz
stepping	: 9
microcode	: 0x1f
cpu MHz		: 3388.897
cache size	: 6144 KB
physical id	: 0
siblings	: 8
core id		: 3
cpu cores	: 4
apicid		: 6
initial apicid	: 6
fpu		: yes
fpu_exception	: yes
cpuid level	: 13
wp		: yes
flags		: fpu vme de pse tsc msr pae mce cx8 apic sep mtrr pge mca cmov pat pse36 clflush dts acpi mmx fxsr sse sse2 ss ht tm pbe syscall nx rdtscp lm constant_tsc arch_perfmon pebs bts rep_good nopl xtopology nonstop_tsc cpuid aperfmperf pni pclmulqdq dtes64 monitor ds_cpl vmx smx est tm2 ssse3 cx16 xtpr pdcm pcid sse4_1 sse4_2 x2apic popcnt tsc_deadline_timer aes xsave avx f16c rdrand lahf_lm cpuid_fault epb pti ibrs ibpb stibp tpr_shadow vnmi flexpriority ept vpid fsgsbase smep erms xsaveopt dtherm ida arat pln pts
bugs		: cpu_meltdown spectre_v1 spectre_v2 spec_store_bypass
bogomips	: 5183.03
clflush size	: 64
cache_alignment	: 64
address sizes	: 36 bits physical, 48 bits virtual
power management:

processor	: 4
vendor_id	: GenuineIntel
cpu family	: 6
model		: 58
model name	: Intel(R) Core(TM) i7-3720QM CPU @ 2.60GHz
stepping	: 9
microcode	: 0x1f
cpu MHz		: 3388.908
cache size	: 6144 KB
physical id	: 0
siblings	: 8
core id		: 0
cpu cores	: 4
apicid		: 1
initial apicid	: 1
fpu		: yes
fpu_exception	: yes
cpuid level	: 13
wp		: yes
flags		: fpu vme de pse tsc msr pae mce cx8 apic sep mtrr pge mca cmov pat pse36 clflush dts acpi mmx fxsr sse sse2 ss ht tm pbe syscall nx rdtscp lm constant_tsc arch_perfmon pebs bts rep_good nopl xtopology nonstop_tsc cpuid aperfmperf pni pclmulqdq dtes64 monitor ds_cpl vmx smx est tm2 ssse3 cx16 xtpr pdcm pcid sse4_1 sse4_2 x2apic popcnt tsc_deadline_timer aes xsave avx f16c rdrand lahf_lm cpuid_fault epb pti ibrs ibpb stibp tpr_shadow vnmi flexpriority ept vpid fsgsbase smep erms xsaveopt dtherm ida arat pln pts
bugs		: cpu_meltdown spectre_v1 spectre_v2 spec_store_bypass
bogomips	: 5183.03
clflush size	: 64
cache_alignment	: 64
address sizes	: 36 bits physical, 48 bits virtual
power management:

processor	: 5
vendor_id	: GenuineIntel
cpu family	: 6
model		: 58
model name	: Intel(R) Core(TM) i7-3720QM CPU @ 2.60GHz
stepping	: 9
microcode	: 0x1f
cpu MHz		: 3388.907
cache size	: 6144 KB
physical id	: 0
siblings	: 8
core id		: 1
cpu cores	: 4
apicid		: 3
initial apicid	: 3
fpu		: yes
fpu_exception	: yes
cpuid level	: 13
wp		: yes
flags		: fpu vme de pse tsc msr pae mce cx8 apic sep mtrr pge mca cmov pat pse36 clflush dts acpi mmx fxsr sse sse2 ss ht tm pbe syscall nx rdtscp lm constant_tsc arch_perfmon pebs bts rep_good nopl xtopology nonstop_tsc cpuid aperfmperf pni pclmulqdq dtes64 monitor ds_cpl vmx smx est tm2 ssse3 cx16 xtpr pdcm pcid sse4_1 sse4_2 x2apic popcnt tsc_deadline_timer aes xsave avx f16c rdrand lahf_lm cpuid_fault epb pti ibrs ibpb stibp tpr_shadow vnmi flexpriority ept vpid fsgsbase smep erms xsaveopt dtherm ida arat pln pts
bugs		: cpu_meltdown spectre_v1 spectre_v2 spec_store_bypass
bogomips	: 5183.03
clflush size	: 64
cache_alignment	: 64
address sizes	: 36 bits physical, 48 bits virtual
power management:

processor	: 6
vendor_id	: GenuineIntel
cpu family	: 6
model		: 58
model name	: Intel(R) Core(TM) i7-3720QM CPU @ 2.60GHz
stepping	: 9
microcode	: 0x1f
cpu MHz		: 3388.911
cache size	: 6144 KB
physical id	: 0
siblings	: 8
core id		: 2
cpu cores	: 4
apicid		: 5
initial apicid	: 5
fpu		: yes
fpu_exception	: yes
cpuid level	: 13
wp		: yes
flags		: fpu vme de pse tsc msr pae mce cx8 apic sep mtrr pge mca cmov pat pse36 clflush dts acpi mmx fxsr sse sse2 ss ht tm pbe syscall nx rdtscp lm constant_tsc arch_perfmon pebs bts rep_good nopl xtopology nonstop_tsc cpuid aperfmperf pni pclmulqdq dtes64 monitor ds_cpl vmx smx est tm2 ssse3 cx16 xtpr pdcm pcid sse4_1 sse4_2 x2apic popcnt tsc_deadline_timer aes xsave avx f16c rdrand lahf_lm cpuid_fault epb pti ibrs ibpb stibp tpr_shadow vnmi flexpriority ept vpid fsgsbase smep erms xsaveopt dtherm ida arat pln pts
bugs		: cpu_meltdown spectre_v1 spectre_v2 spec_store_bypass
bogomips	: 5183.03
clflush size	: 64
cache_alignment	: 64
address sizes	: 36 bits physical, 48 bits virtual
power management:

processor	: 7
vendor_id	: GenuineIntel
cpu family	: 6
model		: 58
model name	: Intel(R) Core(TM) i7-3720QM CPU @ 2.60GHz
stepping	: 9
microcode	: 0x1f
cpu MHz		: 3388.923
cache size	: 6144 KB
physical id	: 0
siblings	: 8
core id		: 3
cpu cores	: 4
apicid		: 7
initial apicid	: 7
fpu		: yes
fpu_exception	: yes
cpuid level	: 13
wp		: yes
flags		: fpu vme de pse tsc msr pae mce cx8 apic sep mtrr pge mca cmov pat pse36 clflush dts acpi mmx fxsr sse sse2 ss ht tm pbe syscall nx rdtscp lm constant_tsc arch_perfmon pebs bts rep_good nopl xtopology nonstop_tsc cpuid aperfmperf pni pclmulqdq dtes64 monitor ds_cpl vmx smx est tm2 ssse3 cx16 xtpr pdcm pcid sse4_1 sse4_2 x2apic popcnt tsc_deadline_timer aes xsave avx f16c rdrand lahf_lm cpuid_fault epb pti ibrs ibpb stibp tpr_shadow vnmi flexpriority ept vpid fsgsbase smep erms xsaveopt dtherm ida arat pln pts
bugs		: cpu_meltdown spectre_v1 spectre_v2 spec_store_bypass
bogomips	: 5183.03
clflush size	: 64
cache_alignment	: 64
address sizes	: 36 bits physical, 48 bits virtual
power management:



Memory: 4k page, physical 8069016k(120452k free), swap 2097148k(0k free)

vm_info: Java HotSpot(TM) 64-Bit Server VM (25.181-b13) for linux-amd64 JRE (1.8.0_181-b13), built on Jul  7 2018 00:56:38 by "java_re" with gcc 4.3.0 20080428 (Red Hat 4.3.0-8)

time: Sun Aug 12 04:39:40 2018
elapsed time: 9 seconds (0d 0h 0m 9s)

