#
# There is insufficient memory for the Java Runtime Environment to continue.
# Native memory allocation (mmap) failed to map 73400320 bytes for committing reserved memory.
# Possible reasons:
#   The system is out of physical RAM or swap space
#   In 32 bit mode, the process size limit was hit
# Possible solutions:
#   Reduce memory load on the system
#   Increase physical memory or swap space
#   Check if swap backing store is full
#   Use 64 bit Java on a 64 bit OS
#   Decrease Java heap size (-Xmx/-Xms)
#   Decrease number of Java threads
#   Decrease Java thread stack sizes (-Xss)
#   Set larger code cache with -XX:ReservedCodeCacheSize=
# This output file may be truncated or incomplete.
#
#  Out of Memory Error (os_linux.cpp:2640), pid=22645, tid=0x00007f4b5a8e8700
#
# JRE version: Java(TM) SE Runtime Environment (8.0_181-b13) (build 1.8.0_181-b13)
# Java VM: Java HotSpot(TM) 64-Bit Server VM (25.181-b13 mixed mode linux-amd64 compressed oops)
# Failed to write core dump. Core dumps have been disabled. To enable core dumping, try "ulimit -c unlimited" before starting Java again
#

---------------  T H R E A D  ---------------

Current thread (0x00007f4b78081800):  VMThread [stack: 0x00007f4b5a7e9000,0x00007f4b5a8e9000] [id=22660]

Stack: [0x00007f4b5a7e9000,0x00007f4b5a8e9000],  sp=0x00007f4b5a8e7040,  free space=1016k
Native frames: (J=compiled Java code, j=interpreted, Vv=VM code, C=native code)
V  [libjvm.so+0xad21aa]  VMError::report_and_die()+0x2ba
V  [libjvm.so+0x5022db]  report_vm_out_of_memory(char const*, int, unsigned long, VMErrorType, char const*)+0x8b
V  [libjvm.so+0x92fe33]  os::Linux::commit_memory_impl(char*, unsigned long, bool)+0x123
V  [libjvm.so+0x930059]  os::pd_commit_memory(char*, unsigned long, unsigned long, bool)+0x29
V  [libjvm.so+0x9272ba]  os::commit_memory(char*, unsigned long, unsigned long, bool)+0x2a
V  [libjvm.so+0x99d2e3]  PSVirtualSpace::expand_by(unsigned long)+0x53
V  [libjvm.so+0x99e6e8]  PSYoungGen::resize_generation(unsigned long, unsigned long)+0xf8
V  [libjvm.so+0x99d842]  PSYoungGen::resize(unsigned long, unsigned long)+0x22
V  [libjvm.so+0x99ab1b]  PSScavenge::invoke_no_policy()+0xf3b
V  [libjvm.so+0x99b2a1]  PSScavenge::invoke()+0x41
V  [libjvm.so+0x951d70]  ParallelScavengeHeap::failed_mem_allocate(unsigned long)+0x70
V  [libjvm.so+0xad3c27]  VM_ParallelGCFailedAllocation::doit()+0x97
V  [libjvm.so+0xadb745]  VM_Operation::evaluate()+0x55
V  [libjvm.so+0xad9b0a]  VMThread::evaluate_operation(VM_Operation*)+0xba
V  [libjvm.so+0xad9e8e]  VMThread::loop()+0x1ce
V  [libjvm.so+0xada300]  VMThread::run()+0x70
V  [libjvm.so+0x930198]  java_start(Thread*)+0x108

VM_Operation (0x00007f4b80414a10): ParallelGCFailedAllocation, mode: safepoint, requested by thread 0x00007f4b7800b000


---------------  P R O C E S S  ---------------

Java Threads: ( => current thread )
  0x00007f4b7869e000 JavaThread "process reaper" daemon [_thread_blocked, id=22673, stack(0x00007f4b5907e000,0x00007f4b590b7000)]
  0x00007f4b780cc800 JavaThread "Service Thread" daemon [_thread_blocked, id=22669, stack(0x00007f4b59611000,0x00007f4b59712000)]
  0x00007f4b780c9000 JavaThread "C1 CompilerThread3" daemon [_thread_blocked, id=22668, stack(0x00007f4b59713000,0x00007f4b59813000)]
  0x00007f4b780c7000 JavaThread "C2 CompilerThread2" daemon [_thread_blocked, id=22667, stack(0x00007f4b59814000,0x00007f4b59914000)]
  0x00007f4b780c5000 JavaThread "C2 CompilerThread1" daemon [_thread_in_native, id=22666, stack(0x00007f4b59915000,0x00007f4b59a15000)]
  0x00007f4b780c2800 JavaThread "C2 CompilerThread0" daemon [_thread_in_native, id=22665, stack(0x00007f4b59a16000,0x00007f4b59b16000)]
  0x00007f4b780c1000 JavaThread "Signal Dispatcher" daemon [_thread_blocked, id=22664, stack(0x00007f4b59b16000,0x00007f4b59c17000)]
  0x00007f4b7808d800 JavaThread "Finalizer" daemon [_thread_blocked, id=22663, stack(0x00007f4b5a5e6000,0x00007f4b5a6e7000)]
  0x00007f4b7808b000 JavaThread "Reference Handler" daemon [_thread_blocked, id=22662, stack(0x00007f4b5a6e7000,0x00007f4b5a7e8000)]
  0x00007f4b7800b000 JavaThread "main" [_thread_blocked, id=22651, stack(0x00007f4b80318000,0x00007f4b80418000)]

Other Threads:
=>0x00007f4b78081800 VMThread [stack: 0x00007f4b5a7e9000,0x00007f4b5a8e9000] [id=22660]
  0x00007f4b780d1000 WatcherThread [stack: 0x00007f4b59511000,0x00007f4b59611000] [id=22670]

VM state:at safepoint (normal execution)

VM Mutex/Monitor currently owned by a thread:  ([mutex/lock_event])
[0x00007f4b78007b30] Threads_lock - owner thread: 0x00007f4b78081800
[0x00007f4b78008030] Heap_lock - owner thread: 0x00007f4b7800b000

Heap:
 PSYoungGen      total 68608K, used 5104K [0x00000000d6f80000, 0x00000000db780000, 0x0000000100000000)
  eden space 63488K, 0% used [0x00000000d6f80000,0x00000000d6f80000,0x00000000dad80000)
  from space 5120K, 99% used [0x00000000dad80000,0x00000000db27c030,0x00000000db280000)
  to   space 5120K, 0% used [0x00000000db280000,0x00000000db280000,0x00000000db780000)
 ParOldGen       total 84992K, used 7912K [0x0000000084e00000, 0x000000008a100000, 0x00000000d6f80000)
  object space 84992K, 9% used [0x0000000084e00000,0x00000000855ba090,0x000000008a100000)
 Metaspace       used 14070K, capacity 14440K, committed 14592K, reserved 1062912K
  class space    used 1657K, capacity 1772K, committed 1792K, reserved 1048576K

Card table byte_map: [0x00007f4b7cc07000,0x00007f4b7cfe1000] byte_map_base: 0x00007f4b7c7e0000

Marking Bits: (ParMarkBitMap*) 0x00007f4b7f7b40a0
 Begin Bits: [0x00007f4b60270000, 0x00007f4b62138000)
 End Bits:   [0x00007f4b62138000, 0x00007f4b64000000)

Polling page: 0x00007f4b8042f000

CodeCache: size=245760Kb used=8229Kb max_used=8229Kb free=237530Kb
 bounds [0x00007f4b69000000, 0x00007f4b69810000, 0x00007f4b78000000]
 total_blobs=2795 nmethods=2462 adapters=246
 compilation: enabled

Compilation events (10 events):
Event: 1,932 Thread 0x00007f4b780c9000 nmethod 2483 0x00007f4b6980de10 code [0x00007f4b6980df80, 0x00007f4b6980e1a8]
Event: 1,932 Thread 0x00007f4b780c9000 2484       2       org.apache.maven.model.merge.ModelMerger::mergeBuildBase_FinalName (43 bytes)
Event: 1,933 Thread 0x00007f4b780c9000 nmethod 2484 0x00007f4b6980e350 code [0x00007f4b6980e4e0, 0x00007f4b6980e7f8]
Event: 1,933 Thread 0x00007f4b780c9000 2485       2       org.apache.maven.model.merge.ModelMerger::mergeBuildBase_Directory (43 bytes)
Event: 1,933 Thread 0x00007f4b780c9000 nmethod 2485 0x00007f4b6980ea10 code [0x00007f4b6980eba0, 0x00007f4b6980eeb8]
Event: 1,933 Thread 0x00007f4b780c9000 2486       2       org.apache.maven.model.merge.MavenModelMerger::mergeBuildBase_Resources (26 bytes)
Event: 1,933 Thread 0x00007f4b780c9000 nmethod 2486 0x00007f4b6980f0d0 code [0x00007f4b6980f240, 0x00007f4b6980f4f8]
Event: 1,934 Thread 0x00007f4b780c9000 2487       2       org.apache.maven.model.merge.MavenModelMerger::mergeBuildBase_TestResources (26 bytes)
Event: 1,934 Thread 0x00007f4b780c9000 nmethod 2487 0x00007f4b6980f650 code [0x00007f4b6980f7c0, 0x00007f4b6980fa78]
Event: 1,934 Thread 0x00007f4b780c9000 2488       2       org.apache.maven.model.merge.MavenModelMerger::mergeBuildBase_Filters (130 bytes)

GC Heap History (9 events):
Event: 0,598 GC heap before
{Heap before GC invocations=1 (full 0):
 PSYoungGen      total 36864K, used 31744K [0x00000000d6f80000, 0x00000000d9880000, 0x0000000100000000)
  eden space 31744K, 100% used [0x00000000d6f80000,0x00000000d8e80000,0x00000000d8e80000)
  from space 5120K, 0% used [0x00000000d9380000,0x00000000d9380000,0x00000000d9880000)
  to   space 5120K, 0% used [0x00000000d8e80000,0x00000000d8e80000,0x00000000d9380000)
 ParOldGen       total 84992K, used 0K [0x0000000084e00000, 0x000000008a100000, 0x00000000d6f80000)
  object space 84992K, 0% used [0x0000000084e00000,0x0000000084e00000,0x000000008a100000)
 Metaspace       used 7738K, capacity 7950K, committed 8064K, reserved 1056768K
  class space    used 972K, capacity 1053K, committed 1152K, reserved 1048576K
Event: 0,601 GC heap after
Heap after GC invocations=1 (full 0):
 PSYoungGen      total 36864K, used 4556K [0x00000000d6f80000, 0x00000000d9880000, 0x0000000100000000)
  eden space 31744K, 0% used [0x00000000d6f80000,0x00000000d6f80000,0x00000000d8e80000)
  from space 5120K, 88% used [0x00000000d8e80000,0x00000000d92f3200,0x00000000d9380000)
  to   space 5120K, 0% used [0x00000000d9380000,0x00000000d9380000,0x00000000d9880000)
 ParOldGen       total 84992K, used 16K [0x0000000084e00000, 0x000000008a100000, 0x00000000d6f80000)
  object space 84992K, 0% used [0x0000000084e00000,0x0000000084e04000,0x000000008a100000)
 Metaspace       used 7738K, capacity 7950K, committed 8064K, reserved 1056768K
  class space    used 972K, capacity 1053K, committed 1152K, reserved 1048576K
}
Event: 1,087 GC heap before
{Heap before GC invocations=2 (full 0):
 PSYoungGen      total 36864K, used 36300K [0x00000000d6f80000, 0x00000000d9880000, 0x0000000100000000)
  eden space 31744K, 100% used [0x00000000d6f80000,0x00000000d8e80000,0x00000000d8e80000)
  from space 5120K, 88% used [0x00000000d8e80000,0x00000000d92f3200,0x00000000d9380000)
  to   space 5120K, 0% used [0x00000000d9380000,0x00000000d9380000,0x00000000d9880000)
 ParOldGen       total 84992K, used 16K [0x0000000084e00000, 0x000000008a100000, 0x00000000d6f80000)
  object space 84992K, 0% used [0x0000000084e00000,0x0000000084e04000,0x000000008a100000)
 Metaspace       used 13080K, capacity 13490K, committed 13824K, reserved 1060864K
  class space    used 1612K, capacity 1724K, committed 1792K, reserved 1048576K
Event: 1,094 GC heap after
Heap after GC invocations=2 (full 0):
 PSYoungGen      total 36864K, used 5099K [0x00000000d6f80000, 0x00000000d9880000, 0x0000000100000000)
  eden space 31744K, 0% used [0x00000000d6f80000,0x00000000d6f80000,0x00000000d8e80000)
  from space 5120K, 99% used [0x00000000d9380000,0x00000000d987aca8,0x00000000d9880000)
  to   space 5120K, 0% used [0x00000000d8e80000,0x00000000d8e80000,0x00000000d9380000)
 ParOldGen       total 84992K, used 1747K [0x0000000084e00000, 0x000000008a100000, 0x00000000d6f80000)
  object space 84992K, 2% used [0x0000000084e00000,0x0000000084fb4c90,0x000000008a100000)
 Metaspace       used 13080K, capacity 13490K, committed 13824K, reserved 1060864K
  class space    used 1612K, capacity 1724K, committed 1792K, reserved 1048576K
}
Event: 1,366 GC heap before
{Heap before GC invocations=3 (full 0):
 PSYoungGen      total 36864K, used 36843K [0x00000000d6f80000, 0x00000000d9880000, 0x0000000100000000)
  eden space 31744K, 100% used [0x00000000d6f80000,0x00000000d8e80000,0x00000000d8e80000)
  from space 5120K, 99% used [0x00000000d9380000,0x00000000d987aca8,0x00000000d9880000)
  to   space 5120K, 0% used [0x00000000d8e80000,0x00000000d8e80000,0x00000000d9380000)
 ParOldGen       total 84992K, used 1747K [0x0000000084e00000, 0x000000008a100000, 0x00000000d6f80000)
  object space 84992K, 2% used [0x0000000084e00000,0x0000000084fb4c90,0x000000008a100000)
 Metaspace       used 13529K, capacity 13938K, committed 14080K, reserved 1060864K
  class space    used 1642K, capacity 1763K, committed 1792K, reserved 1048576K
Event: 1,373 GC heap after
Heap after GC invocations=3 (full 0):
 PSYoungGen      total 36864K, used 5104K [0x00000000d6f80000, 0x00000000db780000, 0x0000000100000000)
  eden space 31744K, 0% used [0x00000000d6f80000,0x00000000d6f80000,0x00000000d8e80000)
  from space 5120K, 99% used [0x00000000d8e80000,0x00000000d937c010,0x00000000d9380000)
  to   space 5120K, 0% used [0x00000000db280000,0x00000000db280000,0x00000000db780000)
 ParOldGen       total 84992K, used 3075K [0x0000000084e00000, 0x000000008a100000, 0x00000000d6f80000)
  object space 84992K, 3% used [0x0000000084e00000,0x0000000085100c30,0x000000008a100000)
 Metaspace       used 13529K, capacity 13938K, committed 14080K, reserved 1060864K
  class space    used 1642K, capacity 1763K, committed 1792K, reserved 1048576K
}
Event: 1,607 GC heap before
{Heap before GC invocations=4 (full 0):
 PSYoungGen      total 36864K, used 36848K [0x00000000d6f80000, 0x00000000db780000, 0x0000000100000000)
  eden space 31744K, 100% used [0x00000000d6f80000,0x00000000d8e80000,0x00000000d8e80000)
  from space 5120K, 99% used [0x00000000d8e80000,0x00000000d937c010,0x00000000d9380000)
  to   space 5120K, 0% used [0x00000000db280000,0x00000000db280000,0x00000000db780000)
 ParOldGen       total 84992K, used 3075K [0x0000000084e00000, 0x000000008a100000, 0x00000000d6f80000)
  object space 84992K, 3% used [0x0000000084e00000,0x0000000085100c30,0x000000008a100000)
 Metaspace       used 13741K, capacity 14096K, committed 14336K, reserved 1062912K
  class space    used 1647K, capacity 1768K, committed 1792K, reserved 1048576K
Event: 1,613 GC heap after
Heap after GC invocations=4 (full 0):
 PSYoungGen      total 68608K, used 5104K [0x00000000d6f80000, 0x00000000db780000, 0x0000000100000000)
  eden space 63488K, 0% used [0x00000000d6f80000,0x00000000d6f80000,0x00000000dad80000)
  from space 5120K, 99% used [0x00000000db280000,0x00000000db77c010,0x00000000db780000)
  to   space 5120K, 0% used [0x00000000dad80000,0x00000000dad80000,0x00000000db280000)
 ParOldGen       total 84992K, used 4879K [0x0000000084e00000, 0x000000008a100000, 0x00000000d6f80000)
  object space 84992K, 5% used [0x0000000084e00000,0x00000000852c3c40,0x000000008a100000)
 Metaspace       used 13741K, capacity 14096K, committed 14336K, reserved 1062912K
  class space    used 1647K, capacity 1768K, committed 1792K, reserved 1048576K
}
Event: 1,935 GC heap before
{Heap before GC invocations=5 (full 0):
 PSYoungGen      total 68608K, used 68592K [0x00000000d6f80000, 0x00000000db780000, 0x0000000100000000)
  eden space 63488K, 100% used [0x00000000d6f80000,0x00000000dad80000,0x00000000dad80000)
  from space 5120K, 99% used [0x00000000db280000,0x00000000db77c010,0x00000000db780000)
  to   space 5120K, 0% used [0x00000000dad80000,0x00000000dad80000,0x00000000db280000)
 ParOldGen       total 84992K, used 4879K [0x0000000084e00000, 0x000000008a100000, 0x00000000d6f80000)
  object space 84992K, 5% used [0x0000000084e00000,0x00000000852c3c40,0x000000008a100000)
 Metaspace       used 14070K, capacity 14440K, committed 14592K, reserved 1062912K
  class space    used 1657K, capacity 1772K, committed 1792K, reserved 1048576K

Deoptimization events (10 events):
Event: 1,555 Thread 0x00007f4b7800b000 Uncommon trap: reason=speculate_class_check action=maybe_recompile pc=0x00007f4b696c7720 method=java.nio.charset.CharsetDecoder.decode(Ljava/nio/ByteBuffer;Ljava/nio/CharBuffer;Z)Ljava/nio/charset/CoderResult; @ 57
Event: 1,555 Thread 0x00007f4b7800b000 Uncommon trap: reason=speculate_class_check action=maybe_recompile pc=0x00007f4b696c7720 method=java.nio.charset.CharsetDecoder.decode(Ljava/nio/ByteBuffer;Ljava/nio/CharBuffer;Z)Ljava/nio/charset/CoderResult; @ 57
Event: 1,555 Thread 0x00007f4b7800b000 Uncommon trap: reason=speculate_class_check action=maybe_recompile pc=0x00007f4b696c7720 method=java.nio.charset.CharsetDecoder.decode(Ljava/nio/ByteBuffer;Ljava/nio/CharBuffer;Z)Ljava/nio/charset/CoderResult; @ 57
Event: 1,657 Thread 0x00007f4b7800b000 Uncommon trap: reason=bimorphic action=maybe_recompile pc=0x00007f4b696faca8 method=java.util.regex.Pattern$Curly.match0(Ljava/util/regex/Matcher;IILjava/lang/CharSequence;)Z @ 170
Event: 1,657 Thread 0x00007f4b7800b000 Uncommon trap: reason=bimorphic action=maybe_recompile pc=0x00007f4b696faca8 method=java.util.regex.Pattern$Curly.match0(Ljava/util/regex/Matcher;IILjava/lang/CharSequence;)Z @ 170
Event: 1,660 Thread 0x00007f4b7800b000 Uncommon trap: reason=bimorphic action=maybe_recompile pc=0x00007f4b696faca8 method=java.util.regex.Pattern$Curly.match0(Ljava/util/regex/Matcher;IILjava/lang/CharSequence;)Z @ 170
Event: 1,660 Thread 0x00007f4b7800b000 Uncommon trap: reason=bimorphic action=maybe_recompile pc=0x00007f4b696faca8 method=java.util.regex.Pattern$Curly.match0(Ljava/util/regex/Matcher;IILjava/lang/CharSequence;)Z @ 170
Event: 1,669 Thread 0x00007f4b7800b000 Uncommon trap: reason=unstable_if action=reinterpret pc=0x00007f4b6960da5c method=java.util.LinkedHashMap.afterNodeInsertion(Z)V @ 18
Event: 1,897 Thread 0x00007f4b7800b000 Uncommon trap: reason=unstable_if action=reinterpret pc=0x00007f4b69395530 method=java.util.HashMap.hash(Ljava/lang/Object;)I @ 1
Event: 1,901 Thread 0x00007f4b7800b000 Uncommon trap: reason=unstable_if action=reinterpret pc=0x00007f4b6976c230 method=java.util.regex.Pattern$Curly.match0(Ljava/util/regex/Matcher;IILjava/lang/CharSequence;)Z @ 5

Classes redefined (0 events):
No events

Internal exceptions (10 events):
Event: 0,520 Thread 0x00007f4b7800b000 Exception <a 'java/lang/ArrayIndexOutOfBoundsException'> (0x00000000d89978e8) thrown at [/HUDSON/workspace/8-2-build-linux-amd64/jdk8u181/11358/hotspot/src/share/vm/runtime/sharedRuntime.cpp, line 605]
Event: 0,602 Thread 0x00007f4b7800b000 Exception <a 'java/lang/NoClassDefFoundError': org/slf4j/Logger> (0x00000000d6f91388) thrown at [/HUDSON/workspace/8-2-build-linux-amd64/jdk8u181/11358/hotspot/src/share/vm/classfile/systemDictionary.cpp, line 199]
Event: 0,653 Thread 0x00007f4b7800b000 Exception <a 'java/lang/NoClassDefFoundError': org/slf4j/LoggerFactory> (0x00000000d7272cb0) thrown at [/HUDSON/workspace/8-2-build-linux-amd64/jdk8u181/11358/hotspot/src/share/vm/classfile/systemDictionary.cpp, line 199]
Event: 0,653 Thread 0x00007f4b7800b000 Exception <a 'java/lang/NoClassDefFoundError'> (0x00000000d7272cb0) thrown at [/HUDSON/workspace/8-2-build-linux-amd64/jdk8u181/11358/hotspot/src/share/vm/oops/instanceKlass.cpp, line 959]
Event: 0,931 Thread 0x00007f4b7800b000 Exception <a 'java/lang/NoSuchFieldError': method resolution failed> (0x00000000d865be00) thrown at [/HUDSON/workspace/8-2-build-linux-amd64/jdk8u181/11358/hotspot/src/share/vm/prims/methodHandles.cpp, line 1167]
Event: 0,932 Thread 0x00007f4b7800b000 Exception <a 'java/lang/NoSuchFieldError': method resolution failed> (0x00000000d86694c0) thrown at [/HUDSON/workspace/8-2-build-linux-amd64/jdk8u181/11358/hotspot/src/share/vm/prims/methodHandles.cpp, line 1167]
Event: 1,112 Thread 0x00007f4b7800b000 Implicit null exception at 0x00007f4b693cbf35 to 0x00007f4b693cc119
Event: 1,112 Thread 0x00007f4b7800b000 Implicit null exception at 0x00007f4b69307daf to 0x00007f4b69307e19
Event: 1,136 Thread 0x00007f4b7800b000 Implicit null exception at 0x00007f4b694d2bbe to 0x00007f4b694d2ed9
Event: 1,897 Thread 0x00007f4b7800b000 Implicit null exception at 0x00007f4b69395498 to 0x00007f4b69395526

Events (10 events):
Event: 1,900 loading class org/apache/maven/repository/internal/DefaultVersionResolver$VersionInfo
Event: 1,900 loading class org/apache/maven/repository/internal/DefaultVersionResolver$VersionInfo done
Event: 1,901 loading class org/apache/maven/repository/internal/DefaultVersionResolver$Record
Event: 1,901 loading class org/apache/maven/repository/internal/DefaultVersionResolver$Record done
Event: 1,901 Thread 0x00007f4b7800b000 Uncommon trap: trap_request=0xffffff65 fr.pc=0x00007f4b6976c230
Event: 1,901 Thread 0x00007f4b7800b000 DEOPT PACKING pc=0x00007f4b6976c230 sp=0x00007f4b80414940
Event: 1,901 Thread 0x00007f4b7800b000 DEOPT UNPACKING pc=0x00007f4b6904573a sp=0x00007f4b804148e8 mode 2
Event: 1,902 loading class org/sonatype/aether/util/ConfigUtils
Event: 1,902 loading class org/sonatype/aether/util/ConfigUtils done
Event: 1,935 Executing VM operation: ParallelGCFailedAllocation


Dynamic libraries:
00400000-00401000 r-xp 00000000 08:05 1318586                            /usr/lib/jvm/java-8-oracle/bin/java
00600000-00601000 rw-p 00000000 08:05 1318586                            /usr/lib/jvm/java-8-oracle/bin/java
00f7b000-00f9c000 rw-p 00000000 00:00 0                                  [heap]
84e00000-8a100000 rw-p 00000000 00:00 0 
8a100000-d6f80000 ---p 00000000 00:00 0 
d6f80000-db780000 rw-p 00000000 00:00 0 
dfd80000-100000000 ---p 00000000 00:00 0 
100000000-1001c0000 rw-p 00000000 00:00 0 
1001c0000-140000000 ---p 00000000 00:00 0 
7f4b04000000-7f4b04021000 rw-p 00000000 00:00 0 
7f4b04021000-7f4b08000000 ---p 00000000 00:00 0 
7f4b0c000000-7f4b0c021000 rw-p 00000000 00:00 0 
7f4b0c021000-7f4b10000000 ---p 00000000 00:00 0 
7f4b10000000-7f4b10021000 rw-p 00000000 00:00 0 
7f4b10021000-7f4b14000000 ---p 00000000 00:00 0 
7f4b14000000-7f4b14be7000 rw-p 00000000 00:00 0 
7f4b14be7000-7f4b18000000 ---p 00000000 00:00 0 
7f4b18000000-7f4b18a01000 rw-p 00000000 00:00 0 
7f4b18a01000-7f4b1c000000 ---p 00000000 00:00 0 
7f4b1c000000-7f4b1d058000 rw-p 00000000 00:00 0 
7f4b1d058000-7f4b20000000 ---p 00000000 00:00 0 
7f4b20000000-7f4b20e93000 rw-p 00000000 00:00 0 
7f4b20e93000-7f4b24000000 ---p 00000000 00:00 0 
7f4b24000000-7f4b24021000 rw-p 00000000 00:00 0 
7f4b24021000-7f4b28000000 ---p 00000000 00:00 0 
7f4b28000000-7f4b28021000 rw-p 00000000 00:00 0 
7f4b28021000-7f4b2c000000 ---p 00000000 00:00 0 
7f4b2c000000-7f4b2c295000 rw-p 00000000 00:00 0 
7f4b2c295000-7f4b30000000 ---p 00000000 00:00 0 
7f4b30000000-7f4b30021000 rw-p 00000000 00:00 0 
7f4b30021000-7f4b34000000 ---p 00000000 00:00 0 
7f4b34000000-7f4b34021000 rw-p 00000000 00:00 0 
7f4b34021000-7f4b38000000 ---p 00000000 00:00 0 
7f4b38000000-7f4b38021000 rw-p 00000000 00:00 0 
7f4b38021000-7f4b3c000000 ---p 00000000 00:00 0 
7f4b3c000000-7f4b3c021000 rw-p 00000000 00:00 0 
7f4b3c021000-7f4b40000000 ---p 00000000 00:00 0 
7f4b44000000-7f4b44021000 rw-p 00000000 00:00 0 
7f4b44021000-7f4b48000000 ---p 00000000 00:00 0 
7f4b4c000000-7f4b4c021000 rw-p 00000000 00:00 0 
7f4b4c021000-7f4b50000000 ---p 00000000 00:00 0 
7f4b50fff000-7f4b54000000 rw-p 00000000 00:00 0 
7f4b54000000-7f4b54021000 rw-p 00000000 00:00 0 
7f4b54021000-7f4b58000000 ---p 00000000 00:00 0 
7f4b587d4000-7f4b587db000 r--s 00000000 08:05 1575539                    /usr/lib/x86_64-linux-gnu/gconv/gconv-modules.cache
7f4b587db000-7f4b58801000 r--p 00000000 08:05 2100200                    /usr/share/locale-langpack/fr/LC_MESSAGES/libc.mo
7f4b58a56000-7f4b58ad6000 rw-p 00000000 00:00 0 
7f4b58ad6000-7f4b58c56000 ---p 00000000 00:00 0 
7f4b58c56000-7f4b58c67000 r-xp 00000000 08:05 1454638                    /usr/lib/jvm/java-8-oracle/jre/lib/amd64/libnio.so
7f4b58c67000-7f4b58e66000 ---p 00011000 08:05 1454638                    /usr/lib/jvm/java-8-oracle/jre/lib/amd64/libnio.so
7f4b58e66000-7f4b58e67000 rw-p 00010000 08:05 1454638                    /usr/lib/jvm/java-8-oracle/jre/lib/amd64/libnio.so
7f4b58e67000-7f4b58e7d000 r-xp 00000000 08:05 1454635                    /usr/lib/jvm/java-8-oracle/jre/lib/amd64/libnet.so
7f4b58e7d000-7f4b5907d000 ---p 00016000 08:05 1454635                    /usr/lib/jvm/java-8-oracle/jre/lib/amd64/libnet.so
7f4b5907d000-7f4b5907e000 rw-p 00016000 08:05 1454635                    /usr/lib/jvm/java-8-oracle/jre/lib/amd64/libnet.so
7f4b5907e000-7f4b59081000 ---p 00000000 00:00 0 
7f4b59081000-7f4b592b7000 rw-p 00000000 00:00 0 
7f4b592b7000-7f4b592bc000 r--s 0009d000 08:05 1327778                    /usr/lib/jvm/java-8-oracle/jre/lib/jsse.jar
7f4b592bc000-7f4b594bc000 rw-p 00000000 00:00 0 
7f4b594bc000-7f4b594be000 r--s 0000d000 08:05 7343406                    /home/nduwayo/netbeans-8.2/java/maven-nblib/netbeans-eventspy.jar
7f4b594be000-7f4b594c0000 r--s 0000c000 08:05 7343318                    /home/nduwayo/netbeans-8.2/java/maven/lib/maven-aether-provider-3.0.5.jar
7f4b594c0000-7f4b594ca000 r--s 00116000 08:05 1449280                    /usr/lib/jvm/java-8-oracle/jre/lib/ext/localedata.jar
7f4b594ca000-7f4b594e6000 r--s 00393000 08:05 1449273                    /usr/lib/jvm/java-8-oracle/jre/lib/ext/cldrdata.jar
7f4b594e6000-7f4b594e9000 r--s 00008000 08:05 7343305                    /home/nduwayo/netbeans-8.2/java/maven/lib/maven-settings-builder-3.0.5.jar
7f4b594e9000-7f4b59508000 r--s 00154000 08:05 7343424                    /home/nduwayo/netbeans-8.2/java/maven/lib/sisu-guava-0.9.9.jar
7f4b59508000-7f4b59510000 r--s 00050000 08:05 7343372                    /home/nduwayo/netbeans-8.2/java/maven/lib/sisu-guice-3.1.0-no_aop.jar
7f4b59510000-7f4b59511000 ---p 00000000 00:00 0 
7f4b59511000-7f4b59611000 rw-p 00000000 00:00 0 
7f4b59611000-7f4b59614000 ---p 00000000 00:00 0 
7f4b59614000-7f4b59712000 rw-p 00000000 00:00 0 
7f4b59712000-7f4b59713000 ---p 00000000 00:00 0 
7f4b59713000-7f4b59716000 ---p 00000000 00:00 0 
7f4b59716000-7f4b59813000 rw-p 00000000 00:00 0 
7f4b59813000-7f4b59814000 ---p 00000000 00:00 0 
7f4b59814000-7f4b59817000 ---p 00000000 00:00 0 
7f4b59817000-7f4b59914000 rw-p 00000000 00:00 0 
7f4b59914000-7f4b59915000 ---p 00000000 00:00 0 
7f4b59915000-7f4b59918000 ---p 00000000 00:00 0 
7f4b59918000-7f4b59a15000 rw-p 00000000 00:00 0 
7f4b59a15000-7f4b59a16000 ---p 00000000 00:00 0 
7f4b59a16000-7f4b59a19000 ---p 00000000 00:00 0 
7f4b59a19000-7f4b59b16000 rw-p 00000000 00:00 0 
7f4b59b16000-7f4b59b19000 ---p 00000000 00:00 0 
7f4b59b19000-7f4b59c17000 rw-p 00000000 00:00 0 
7f4b59c17000-7f4b5a5e6000 r--p 00000000 08:05 1317582                    /usr/lib/locale/locale-archive
7f4b5a5e6000-7f4b5a5e9000 ---p 00000000 00:00 0 
7f4b5a5e9000-7f4b5a6e7000 rw-p 00000000 00:00 0 
7f4b5a6e7000-7f4b5a6ea000 ---p 00000000 00:00 0 
7f4b5a6ea000-7f4b5a7e8000 rw-p 00000000 00:00 0 
7f4b5a7e8000-7f4b5a7e9000 ---p 00000000 00:00 0 
7f4b5a7e9000-7f4b5c000000 rw-p 00000000 00:00 0 
7f4b5c000000-7f4b5c021000 rw-p 00000000 00:00 0 
7f4b5c021000-7f4b60000000 ---p 00000000 00:00 0 
7f4b60000000-7f4b60001000 r--p 00000000 00:00 0 
7f4b60001000-7f4b60003000 r--s 00006000 08:05 7343285                    /home/nduwayo/netbeans-8.2/java/maven/lib/aether-connector-wagon-1.13.1.jar
7f4b60003000-7f4b60005000 r--s 00006000 08:05 7343230                    /home/nduwayo/netbeans-8.2/java/maven/lib/maven-repository-metadata-3.0.5.jar
7f4b60005000-7f4b60009000 r--s 00021000 08:05 7343347                    /home/nduwayo/netbeans-8.2/java/maven/lib/maven-model-builder-3.0.5.jar
7f4b60009000-7f4b60010000 r--s 0002b000 08:05 7343364                    /home/nduwayo/netbeans-8.2/java/maven/lib/sisu-inject-plexus-2.3.0.jar
7f4b60010000-7f4b60012000 r--s 0000a000 08:05 7343399                    /home/nduwayo/netbeans-8.2/java/maven/lib/maven-settings-3.0.5.jar
7f4b60012000-7f4b6001e000 r--s 0007d000 08:05 7343423                    /home/nduwayo/netbeans-8.2/java/maven/lib/maven-core-3.0.5.jar
7f4b6001e000-7f4b6004d000 r--s 001c8000 08:05 7343384                    /home/nduwayo/netbeans-8.2/java/maven/lib/wagon-http-2.10-shaded.jar
7f4b6004d000-7f4b64000000 rw-p 00000000 00:00 0 
7f4b64000000-7f4b64021000 rw-p 00000000 00:00 0 
7f4b64021000-7f4b68000000 ---p 00000000 00:00 0 
7f4b68000000-7f4b68001000 r--s 00006000 08:05 7343348                    /home/nduwayo/netbeans-8.2/java/maven/lib/plexus-sec-dispatcher-1.3.jar
7f4b68001000-7f4b68005000 r--s 00033000 08:05 7343409                    /home/nduwayo/netbeans-8.2/java/maven/lib/plexus-utils-2.0.6.jar
7f4b68005000-7f4b68007000 r--s 0000b000 08:05 7343373                    /home/nduwayo/netbeans-8.2/java/maven/lib/wagon-provider-api-2.10.jar
7f4b68007000-7f4b68009000 r--s 0000b000 08:05 7343397                    /home/nduwayo/netbeans-8.2/java/maven/lib/maven-artifact-3.0.5.jar
7f4b68009000-7f4b6824d000 rw-p 00000000 00:00 0 
7f4b6824d000-7f4b68427000 r--s 03d6b000 08:05 1327773                    /usr/lib/jvm/java-8-oracle/jre/lib/rt.jar
7f4b68427000-7f4b69000000 rw-p 00000000 00:00 0 
7f4b69000000-7f4b69810000 rwxp 00000000 00:00 0 
7f4b69810000-7f4b78000000 ---p 00000000 00:00 0 
7f4b78000000-7f4b78a22000 rw-p 00000000 00:00 0 
7f4b78a22000-7f4b7c000000 ---p 00000000 00:00 0 
7f4b7c000000-7f4b7c004000 r--s 0001c000 08:05 7343411                    /home/nduwayo/netbeans-8.2/java/maven/lib/aether-util-1.13.1.jar
7f4b7c004000-7f4b7c16e000 rw-p 00000000 00:00 0 
7f4b7c16e000-7f4b7c16f000 ---p 00000000 00:00 0 
7f4b7c16f000-7f4b7c26f000 rw-p 00000000 00:00 0 
7f4b7c26f000-7f4b7c270000 ---p 00000000 00:00 0 
7f4b7c270000-7f4b7c370000 rw-p 00000000 00:00 0 
7f4b7c370000-7f4b7c371000 ---p 00000000 00:00 0 
7f4b7c371000-7f4b7c471000 rw-p 00000000 00:00 0 
7f4b7c471000-7f4b7c472000 ---p 00000000 00:00 0 
7f4b7c472000-7f4b7c572000 rw-p 00000000 00:00 0 
7f4b7c572000-7f4b7c573000 ---p 00000000 00:00 0 
7f4b7c573000-7f4b7c673000 rw-p 00000000 00:00 0 
7f4b7c673000-7f4b7c674000 ---p 00000000 00:00 0 
7f4b7c674000-7f4b7c774000 rw-p 00000000 00:00 0 
7f4b7c774000-7f4b7c775000 ---p 00000000 00:00 0 
7f4b7c775000-7f4b7c875000 rw-p 00000000 00:00 0 
7f4b7c875000-7f4b7c876000 ---p 00000000 00:00 0 
7f4b7c876000-7f4b7c9a0000 rw-p 00000000 00:00 0 
7f4b7c9a0000-7f4b7cc07000 ---p 00000000 00:00 0 
7f4b7cc07000-7f4b7cc31000 rw-p 00000000 00:00 0 
7f4b7cc31000-7f4b7ce97000 ---p 00000000 00:00 0 
7f4b7ce97000-7f4b7cebc000 rw-p 00000000 00:00 0 
7f4b7cebc000-7f4b7cfe0000 ---p 00000000 00:00 0 
7f4b7cfe0000-7f4b7d002000 rw-p 00000000 00:00 0 
7f4b7d002000-7f4b7d3a1000 ---p 00000000 00:00 0 
7f4b7d3a1000-7f4b7d3bc000 r-xp 00000000 08:05 1454631                    /usr/lib/jvm/java-8-oracle/jre/lib/amd64/libzip.so
7f4b7d3bc000-7f4b7d5bc000 ---p 0001b000 08:05 1454631                    /usr/lib/jvm/java-8-oracle/jre/lib/amd64/libzip.so
7f4b7d5bc000-7f4b7d5bd000 rw-p 0001b000 08:05 1454631                    /usr/lib/jvm/java-8-oracle/jre/lib/amd64/libzip.so
7f4b7d5bd000-7f4b7d5c8000 r-xp 00000000 08:05 8917721                    /lib/x86_64-linux-gnu/libnss_files-2.27.so
7f4b7d5c8000-7f4b7d7c7000 ---p 0000b000 08:05 8917721                    /lib/x86_64-linux-gnu/libnss_files-2.27.so
7f4b7d7c7000-7f4b7d7c8000 r--p 0000a000 08:05 8917721                    /lib/x86_64-linux-gnu/libnss_files-2.27.so
7f4b7d7c8000-7f4b7d7c9000 rw-p 0000b000 08:05 8917721                    /lib/x86_64-linux-gnu/libnss_files-2.27.so
7f4b7d7c9000-7f4b7d7cf000 rw-p 00000000 00:00 0 
7f4b7d7cf000-7f4b7d7e6000 r-xp 00000000 08:05 8917715                    /lib/x86_64-linux-gnu/libnsl-2.27.so
7f4b7d7e6000-7f4b7d9e5000 ---p 00017000 08:05 8917715                    /lib/x86_64-linux-gnu/libnsl-2.27.so
7f4b7d9e5000-7f4b7d9e6000 r--p 00016000 08:05 8917715                    /lib/x86_64-linux-gnu/libnsl-2.27.so
7f4b7d9e6000-7f4b7d9e7000 rw-p 00017000 08:05 8917715                    /lib/x86_64-linux-gnu/libnsl-2.27.so
7f4b7d9e7000-7f4b7d9e9000 rw-p 00000000 00:00 0 
7f4b7d9e9000-7f4b7d9f4000 r-xp 00000000 08:05 8917732                    /lib/x86_64-linux-gnu/libnss_nis-2.27.so
7f4b7d9f4000-7f4b7dbf3000 ---p 0000b000 08:05 8917732                    /lib/x86_64-linux-gnu/libnss_nis-2.27.so
7f4b7dbf3000-7f4b7dbf4000 r--p 0000a000 08:05 8917732                    /lib/x86_64-linux-gnu/libnss_nis-2.27.so
7f4b7dbf4000-7f4b7dbf5000 rw-p 0000b000 08:05 8917732                    /lib/x86_64-linux-gnu/libnss_nis-2.27.so
7f4b7dbf5000-7f4b7dbfd000 r-xp 00000000 08:05 8917717                    /lib/x86_64-linux-gnu/libnss_compat-2.27.so
7f4b7dbfd000-7f4b7ddfd000 ---p 00008000 08:05 8917717                    /lib/x86_64-linux-gnu/libnss_compat-2.27.so
7f4b7ddfd000-7f4b7ddfe000 r--p 00008000 08:05 8917717                    /lib/x86_64-linux-gnu/libnss_compat-2.27.so
7f4b7ddfe000-7f4b7ddff000 rw-p 00009000 08:05 8917717                    /lib/x86_64-linux-gnu/libnss_compat-2.27.so
7f4b7ddff000-7f4b7de2a000 r-xp 00000000 08:05 1454625                    /usr/lib/jvm/java-8-oracle/jre/lib/amd64/libjava.so
7f4b7de2a000-7f4b7e029000 ---p 0002b000 08:05 1454625                    /usr/lib/jvm/java-8-oracle/jre/lib/amd64/libjava.so
7f4b7e029000-7f4b7e02b000 rw-p 0002a000 08:05 1454625                    /usr/lib/jvm/java-8-oracle/jre/lib/amd64/libjava.so
7f4b7e02b000-7f4b7e038000 r-xp 00000000 08:05 1454630                    /usr/lib/jvm/java-8-oracle/jre/lib/amd64/libverify.so
7f4b7e038000-7f4b7e238000 ---p 0000d000 08:05 1454630                    /usr/lib/jvm/java-8-oracle/jre/lib/amd64/libverify.so
7f4b7e238000-7f4b7e23a000 rw-p 0000d000 08:05 1454630                    /usr/lib/jvm/java-8-oracle/jre/lib/amd64/libverify.so
7f4b7e23a000-7f4b7e241000 r-xp 00000000 08:05 8917772                    /lib/x86_64-linux-gnu/librt-2.27.so
7f4b7e241000-7f4b7e440000 ---p 00007000 08:05 8917772                    /lib/x86_64-linux-gnu/librt-2.27.so
7f4b7e440000-7f4b7e441000 r--p 00006000 08:05 8917772                    /lib/x86_64-linux-gnu/librt-2.27.so
7f4b7e441000-7f4b7e442000 rw-p 00007000 08:05 8917772                    /lib/x86_64-linux-gnu/librt-2.27.so
7f4b7e442000-7f4b7e5df000 r-xp 00000000 08:05 8917694                    /lib/x86_64-linux-gnu/libm-2.27.so
7f4b7e5df000-7f4b7e7de000 ---p 0019d000 08:05 8917694                    /lib/x86_64-linux-gnu/libm-2.27.so
7f4b7e7de000-7f4b7e7df000 r--p 0019c000 08:05 8917694                    /lib/x86_64-linux-gnu/libm-2.27.so
7f4b7e7df000-7f4b7e7e0000 rw-p 0019d000 08:05 8917694                    /lib/x86_64-linux-gnu/libm-2.27.so
7f4b7e7e0000-7f4b7f4bc000 r-xp 00000000 08:05 1454607                    /usr/lib/jvm/java-8-oracle/jre/lib/amd64/server/libjvm.so
7f4b7f4bc000-7f4b7f6bc000 ---p 00cdc000 08:05 1454607                    /usr/lib/jvm/java-8-oracle/jre/lib/amd64/server/libjvm.so
7f4b7f6bc000-7f4b7f796000 rw-p 00cdc000 08:05 1454607                    /usr/lib/jvm/java-8-oracle/jre/lib/amd64/server/libjvm.so
7f4b7f796000-7f4b7f7e1000 rw-p 00000000 00:00 0 
7f4b7f7e1000-7f4b7f9c8000 r-xp 00000000 08:05 8917631                    /lib/x86_64-linux-gnu/libc-2.27.so
7f4b7f9c8000-7f4b7fbc8000 ---p 001e7000 08:05 8917631                    /lib/x86_64-linux-gnu/libc-2.27.so
7f4b7fbc8000-7f4b7fbcc000 r--p 001e7000 08:05 8917631                    /lib/x86_64-linux-gnu/libc-2.27.so
7f4b7fbcc000-7f4b7fbce000 rw-p 001eb000 08:05 8917631                    /lib/x86_64-linux-gnu/libc-2.27.so
7f4b7fbce000-7f4b7fbd2000 rw-p 00000000 00:00 0 
7f4b7fbd2000-7f4b7fbd5000 r-xp 00000000 08:05 8917654                    /lib/x86_64-linux-gnu/libdl-2.27.so
7f4b7fbd5000-7f4b7fdd4000 ---p 00003000 08:05 8917654                    /lib/x86_64-linux-gnu/libdl-2.27.so
7f4b7fdd4000-7f4b7fdd5000 r--p 00002000 08:05 8917654                    /lib/x86_64-linux-gnu/libdl-2.27.so
7f4b7fdd5000-7f4b7fdd6000 rw-p 00003000 08:05 8917654                    /lib/x86_64-linux-gnu/libdl-2.27.so
7f4b7fdd6000-7f4b7fdec000 r-xp 00000000 08:05 1327643                    /usr/lib/jvm/java-8-oracle/lib/amd64/jli/libjli.so
7f4b7fdec000-7f4b7ffeb000 ---p 00016000 08:05 1327643                    /usr/lib/jvm/java-8-oracle/lib/amd64/jli/libjli.so
7f4b7ffeb000-7f4b7ffec000 rw-p 00015000 08:05 1327643                    /usr/lib/jvm/java-8-oracle/lib/amd64/jli/libjli.so
7f4b7ffec000-7f4b80006000 r-xp 00000000 08:05 8917764                    /lib/x86_64-linux-gnu/libpthread-2.27.so
7f4b80006000-7f4b80205000 ---p 0001a000 08:05 8917764                    /lib/x86_64-linux-gnu/libpthread-2.27.so
7f4b80205000-7f4b80206000 r--p 00019000 08:05 8917764                    /lib/x86_64-linux-gnu/libpthread-2.27.so
7f4b80206000-7f4b80207000 rw-p 0001a000 08:05 8917764                    /lib/x86_64-linux-gnu/libpthread-2.27.so
7f4b80207000-7f4b8020b000 rw-p 00000000 00:00 0 
7f4b8020b000-7f4b80232000 r-xp 00000000 08:05 8917603                    /lib/x86_64-linux-gnu/ld-2.27.so
7f4b80232000-7f4b80233000 r--s 00002000 08:05 7343387                    /home/nduwayo/netbeans-8.2/java/maven/lib/wagon-http-shared-2.10.jar
7f4b80233000-7f4b80234000 r--s 00002000 08:05 7343426                    /home/nduwayo/netbeans-8.2/java/maven/lib/wagon-file-2.10.jar
7f4b80234000-7f4b80236000 r--s 00000000 08:05 7343119                    /home/nduwayo/netbeans-8.2/java/maven/lib/plexus-component-annotations-1.5.5.jar
7f4b80236000-7f4b80239000 r--s 0001d000 08:05 7343410                    /home/nduwayo/netbeans-8.2/java/maven/lib/aether-impl-1.13.1.jar
7f4b80239000-7f4b8023b000 r--s 00002000 08:05 7343416                    /home/nduwayo/netbeans-8.2/java/maven/lib/plexus-cipher-1.7.jar
7f4b8023b000-7f4b8023f000 r--s 00013000 08:05 7343417                    /home/nduwayo/netbeans-8.2/java/maven/lib/aether-api-1.13.1.jar
7f4b8023f000-7f4b80241000 r--s 00026000 08:05 7343415                    /home/nduwayo/netbeans-8.2/java/maven/lib/maven-model-3.0.5.jar
7f4b80241000-7f4b80242000 r--s 00003000 08:05 7343418                    /home/nduwayo/netbeans-8.2/java/maven/lib/aether-spi-1.13.1.jar
7f4b80242000-7f4b80244000 r--s 0000b000 08:05 7343385                    /home/nduwayo/netbeans-8.2/java/maven/lib/maven-plugin-api-3.0.5.jar
7f4b80244000-7f4b80246000 r--s 00009000 08:05 7343427                    /home/nduwayo/netbeans-8.2/java/maven/lib/commons-cli-1.2.jar
7f4b80246000-7f4b8024c000 r--s 0003f000 08:05 7343412                    /home/nduwayo/netbeans-8.2/java/maven/lib/maven-compat-3.0.5.jar
7f4b8024c000-7f4b80317000 rw-p 00000000 00:00 0 
7f4b80317000-7f4b80318000 ---p 00000000 00:00 0 
7f4b80318000-7f4b8031b000 ---p 00000000 00:00 0 
7f4b8031b000-7f4b8041a000 rw-p 00000000 00:00 0 
7f4b8041a000-7f4b8041c000 r--s 0000d000 08:05 7343349                    /home/nduwayo/netbeans-8.2/java/maven/lib/plexus-interpolation-1.14.jar
7f4b8041c000-7f4b80423000 r--s 0003f000 08:05 7343386                    /home/nduwayo/netbeans-8.2/java/maven/lib/sisu-inject-bean-2.3.0.jar
7f4b80423000-7f4b80424000 r--s 0000a000 08:05 7343398                    /home/nduwayo/netbeans-8.2/java/maven/lib/maven-embedder-3.0.5.jar
7f4b80424000-7f4b80426000 r--s 0000a000 08:05 7343375                    /home/nduwayo/netbeans-8.2/java/maven/boot/plexus-classworlds-2.4.jar
7f4b80426000-7f4b8042e000 rw-s 00000000 08:05 5641747                    /tmp/hsperfdata_nduwayo/22645
7f4b8042e000-7f4b8042f000 rw-p 00000000 00:00 0 
7f4b8042f000-7f4b80430000 ---p 00000000 00:00 0 
7f4b80430000-7f4b80432000 rw-p 00000000 00:00 0 
7f4b80432000-7f4b80433000 r--p 00027000 08:05 8917603                    /lib/x86_64-linux-gnu/ld-2.27.so
7f4b80433000-7f4b80434000 rw-p 00028000 08:05 8917603                    /lib/x86_64-linux-gnu/ld-2.27.so
7f4b80434000-7f4b80435000 rw-p 00000000 00:00 0 
7ffcca626000-7ffcca647000 rw-p 00000000 00:00 0                          [stack]
7ffcca702000-7ffcca705000 r--p 00000000 00:00 0                          [vvar]
7ffcca705000-7ffcca707000 r-xp 00000000 00:00 0                          [vdso]
ffffffffff600000-ffffffffff601000 r-xp 00000000 00:00 0                  [vsyscall]

VM Arguments:
jvm_args: -Dclassworlds.conf=/home/nduwayo/netbeans-8.2/java/maven/bin/m2.conf -Dmaven.home=/home/nduwayo/netbeans-8.2/java/maven 
java_command: org.codehaus.plexus.classworlds.launcher.Launcher -Dmaven.ext.class.path=/home/nduwayo/netbeans-8.2/java/maven-nblib/netbeans-eventspy.jar clean install
java_class_path (initial): /home/nduwayo/netbeans-8.2/java/maven/boot/plexus-classworlds-2.4.jar
Launcher Type: SUN_STANDARD

Environment Variables:
JAVA_HOME=/usr/lib/jvm/java-8-oracle
PATH=/home/nduwayo/bin:/usr/local/sbin:/usr/local/bin:/usr/sbin:/usr/bin:/sbin:/bin:/usr/games:/usr/local/games:/snap/bin:/usr/lib/jvm/java-8-oracle/bin:/usr/lib/jvm/java-8-oracle/db/bin:/usr/lib/jvm/java-8-oracle/jre/bin
USERNAME=nduwayo
LD_LIBRARY_PATH=/usr/lib/jvm/java-8-oracle/jre/lib/amd64:/usr/lib/jvm/java-8-oracle/jre/lib/i386:
SHELL=/bin/bash
DISPLAY=:0

Signal Handlers:
SIGSEGV: [libjvm.so+0xad2a40], sa_mask[0]=11111111011111111101111111111110, sa_flags=SA_RESTART|SA_SIGINFO
SIGBUS: [libjvm.so+0xad2a40], sa_mask[0]=11111111011111111101111111111110, sa_flags=SA_RESTART|SA_SIGINFO
SIGFPE: [libjvm.so+0x92a610], sa_mask[0]=11111111011111111101111111111110, sa_flags=SA_RESTART|SA_SIGINFO
SIGPIPE: [libjvm.so+0x92a610], sa_mask[0]=11111111011111111101111111111110, sa_flags=SA_RESTART|SA_SIGINFO
SIGXFSZ: [libjvm.so+0x92a610], sa_mask[0]=11111111011111111101111111111110, sa_flags=SA_RESTART|SA_SIGINFO
SIGILL: [libjvm.so+0x92a610], sa_mask[0]=11111111011111111101111111111110, sa_flags=SA_RESTART|SA_SIGINFO
SIGUSR1: SIG_DFL, sa_mask[0]=00000000000000000000000000000000, sa_flags=none
SIGUSR2: [libjvm.so+0x92be70], sa_mask[0]=00100000000000000000000000000000, sa_flags=SA_RESTART|SA_SIGINFO
SIGHUP: [libjvm.so+0x92d270], sa_mask[0]=11111111011111111101111111111110, sa_flags=SA_RESTART|SA_SIGINFO
SIGINT: SIG_IGN, sa_mask[0]=00000000000000000000000000000000, sa_flags=none
SIGTERM: [libjvm.so+0x92d270], sa_mask[0]=11111111011111111101111111111110, sa_flags=SA_RESTART|SA_SIGINFO
SIGQUIT: [libjvm.so+0x92d270], sa_mask[0]=11111111011111111101111111111110, sa_flags=SA_RESTART|SA_SIGINFO


---------------  S Y S T E M  ---------------

OS:DISTRIB_ID=Ubuntu
DISTRIB_RELEASE=18.04
DISTRIB_CODENAME=bionic
DISTRIB_DESCRIPTION="Ubuntu 18.04.1 LTS"

uname:Linux 4.15.0-29-generic #31-Ubuntu SMP Tue Jul 17 15:39:52 UTC 2018 x86_64
libc:glibc 2.27 NPTL 2.27 
rlimit: STACK 8192k, CORE 0k, NPROC 31289, NOFILE 1048576, AS infinity
load average:0,98 0,70 0,62

/proc/meminfo:
MemTotal:        8069016 kB
MemFree:          103100 kB
MemAvailable:       2920 kB
Buffers:            1948 kB
Cached:           235188 kB
SwapCached:        10060 kB
Active:          6646220 kB
Inactive:         848828 kB
Active(anon):    6632292 kB
Inactive(anon):   837604 kB
Active(file):      13928 kB
Inactive(file):    11224 kB
Unevictable:         228 kB
Mlocked:             228 kB
SwapTotal:       2097148 kB
SwapFree:              0 kB
Dirty:               188 kB
Writeback:             0 kB
AnonPages:       7249356 kB
Mapped:           108996 kB
Shmem:            211552 kB
Slab:             143944 kB
SReclaimable:      45964 kB
SUnreclaim:        97980 kB
KernelStack:       34096 kB
PageTables:       157536 kB
NFS_Unstable:          0 kB
Bounce:                0 kB
WritebackTmp:          0 kB
CommitLimit:     6131656 kB
Committed_AS:   32694440 kB
VmallocTotal:   34359738367 kB
VmallocUsed:           0 kB
VmallocChunk:          0 kB
HardwareCorrupted:     0 kB
AnonHugePages:         0 kB
ShmemHugePages:        0 kB
ShmemPmdMapped:        0 kB
CmaTotal:              0 kB
CmaFree:               0 kB
HugePages_Total:       0
HugePages_Free:        0
HugePages_Rsvd:        0
HugePages_Surp:        0
Hugepagesize:       2048 kB
DirectMap4k:      407156 kB
DirectMap2M:     7882752 kB


CPU:total 8 (initial active 8) (4 cores per cpu, 2 threads per core) family 6 model 58 stepping 9, cmov, cx8, fxsr, mmx, sse, sse2, sse3, ssse3, sse4.1, sse4.2, popcnt, avx, aes, clmul, erms, ht, tsc, tscinvbit, tscinv

/proc/cpuinfo:
processor	: 0
vendor_id	: GenuineIntel
cpu family	: 6
model		: 58
model name	: Intel(R) Core(TM) i7-3720QM CPU @ 2.60GHz
stepping	: 9
microcode	: 0x1f
cpu MHz		: 3389.103
cache size	: 6144 KB
physical id	: 0
siblings	: 8
core id		: 0
cpu cores	: 4
apicid		: 0
initial apicid	: 0
fpu		: yes
fpu_exception	: yes
cpuid level	: 13
wp		: yes
flags		: fpu vme de pse tsc msr pae mce cx8 apic sep mtrr pge mca cmov pat pse36 clflush dts acpi mmx fxsr sse sse2 ss ht tm pbe syscall nx rdtscp lm constant_tsc arch_perfmon pebs bts rep_good nopl xtopology nonstop_tsc cpuid aperfmperf pni pclmulqdq dtes64 monitor ds_cpl vmx smx est tm2 ssse3 cx16 xtpr pdcm pcid sse4_1 sse4_2 x2apic popcnt tsc_deadline_timer aes xsave avx f16c rdrand lahf_lm cpuid_fault epb pti ibrs ibpb stibp tpr_shadow vnmi flexpriority ept vpid fsgsbase smep erms xsaveopt dtherm ida arat pln pts
bugs		: cpu_meltdown spectre_v1 spectre_v2 spec_store_bypass
bogomips	: 5183.34
clflush size	: 64
cache_alignment	: 64
address sizes	: 36 bits physical, 48 bits virtual
power management:

processor	: 1
vendor_id	: GenuineIntel
cpu family	: 6
model		: 58
model name	: Intel(R) Core(TM) i7-3720QM CPU @ 2.60GHz
stepping	: 9
microcode	: 0x1f
cpu MHz		: 3389.374
cache size	: 6144 KB
physical id	: 0
siblings	: 8
core id		: 1
cpu cores	: 4
apicid		: 2
initial apicid	: 2
fpu		: yes
fpu_exception	: yes
cpuid level	: 13
wp		: yes
flags		: fpu vme de pse tsc msr pae mce cx8 apic sep mtrr pge mca cmov pat pse36 clflush dts acpi mmx fxsr sse sse2 ss ht tm pbe syscall nx rdtscp lm constant_tsc arch_perfmon pebs bts rep_good nopl xtopology nonstop_tsc cpuid aperfmperf pni pclmulqdq dtes64 monitor ds_cpl vmx smx est tm2 ssse3 cx16 xtpr pdcm pcid sse4_1 sse4_2 x2apic popcnt tsc_deadline_timer aes xsave avx f16c rdrand lahf_lm cpuid_fault epb pti ibrs ibpb stibp tpr_shadow vnmi flexpriority ept vpid fsgsbase smep erms xsaveopt dtherm ida arat pln pts
bugs		: cpu_meltdown spectre_v1 spectre_v2 spec_store_bypass
bogomips	: 5183.34
clflush size	: 64
cache_alignment	: 64
address sizes	: 36 bits physical, 48 bits virtual
power management:

processor	: 2
vendor_id	: GenuineIntel
cpu family	: 6
model		: 58
model name	: Intel(R) Core(TM) i7-3720QM CPU @ 2.60GHz
stepping	: 9
microcode	: 0x1f
cpu MHz		: 3389.120
cache size	: 6144 KB
physical id	: 0
siblings	: 8
core id		: 2
cpu cores	: 4
apicid		: 4
initial apicid	: 4
fpu		: yes
fpu_exception	: yes
cpuid level	: 13
wp		: yes
flags		: fpu vme de pse tsc msr pae mce cx8 apic sep mtrr pge mca cmov pat pse36 clflush dts acpi mmx fxsr sse sse2 ss ht tm pbe syscall nx rdtscp lm constant_tsc arch_perfmon pebs bts rep_good nopl xtopology nonstop_tsc cpuid aperfmperf pni pclmulqdq dtes64 monitor ds_cpl vmx smx est tm2 ssse3 cx16 xtpr pdcm pcid sse4_1 sse4_2 x2apic popcnt tsc_deadline_timer aes xsave avx f16c rdrand lahf_lm cpuid_fault epb pti ibrs ibpb stibp tpr_shadow vnmi flexpriority ept vpid fsgsbase smep erms xsaveopt dtherm ida arat pln pts
bugs		: cpu_meltdown spectre_v1 spectre_v2 spec_store_bypass
bogomips	: 5183.34
clflush size	: 64
cache_alignment	: 64
address sizes	: 36 bits physical, 48 bits virtual
power management:

processor	: 3
vendor_id	: GenuineIntel
cpu family	: 6
model		: 58
model name	: Intel(R) Core(TM) i7-3720QM CPU @ 2.60GHz
stepping	: 9
microcode	: 0x1f
cpu MHz		: 3389.084
cache size	: 6144 KB
physical id	: 0
siblings	: 8
core id		: 3
cpu cores	: 4
apicid		: 6
initial apicid	: 6
fpu		: yes
fpu_exception	: yes
cpuid level	: 13
wp		: yes
flags		: fpu vme de pse tsc msr pae mce cx8 apic sep mtrr pge mca cmov pat pse36 clflush dts acpi mmx fxsr sse sse2 ss ht tm pbe syscall nx rdtscp lm constant_tsc arch_perfmon pebs bts rep_good nopl xtopology nonstop_tsc cpuid aperfmperf pni pclmulqdq dtes64 monitor ds_cpl vmx smx est tm2 ssse3 cx16 xtpr pdcm pcid sse4_1 sse4_2 x2apic popcnt tsc_deadline_timer aes xsave avx f16c rdrand lahf_lm cpuid_fault epb pti ibrs ibpb stibp tpr_shadow vnmi flexpriority ept vpid fsgsbase smep erms xsaveopt dtherm ida arat pln pts
bugs		: cpu_meltdown spectre_v1 spectre_v2 spec_store_bypass
bogomips	: 5183.34
clflush size	: 64
cache_alignment	: 64
address sizes	: 36 bits physical, 48 bits virtual
power management:

processor	: 4
vendor_id	: GenuineIntel
cpu family	: 6
model		: 58
model name	: Intel(R) Core(TM) i7-3720QM CPU @ 2.60GHz
stepping	: 9
microcode	: 0x1f
cpu MHz		: 3395.810
cache size	: 6144 KB
physical id	: 0
siblings	: 8
core id		: 0
cpu cores	: 4
apicid		: 1
initial apicid	: 1
fpu		: yes
fpu_exception	: yes
cpuid level	: 13
wp		: yes
flags		: fpu vme de pse tsc msr pae mce cx8 apic sep mtrr pge mca cmov pat pse36 clflush dts acpi mmx fxsr sse sse2 ss ht tm pbe syscall nx rdtscp lm constant_tsc arch_perfmon pebs bts rep_good nopl xtopology nonstop_tsc cpuid aperfmperf pni pclmulqdq dtes64 monitor ds_cpl vmx smx est tm2 ssse3 cx16 xtpr pdcm pcid sse4_1 sse4_2 x2apic popcnt tsc_deadline_timer aes xsave avx f16c rdrand lahf_lm cpuid_fault epb pti ibrs ibpb stibp tpr_shadow vnmi flexpriority ept vpid fsgsbase smep erms xsaveopt dtherm ida arat pln pts
bugs		: cpu_meltdown spectre_v1 spectre_v2 spec_store_bypass
bogomips	: 5183.34
clflush size	: 64
cache_alignment	: 64
address sizes	: 36 bits physical, 48 bits virtual
power management:

processor	: 5
vendor_id	: GenuineIntel
cpu family	: 6
model		: 58
model name	: Intel(R) Core(TM) i7-3720QM CPU @ 2.60GHz
stepping	: 9
microcode	: 0x1f
cpu MHz		: 3389.143
cache size	: 6144 KB
physical id	: 0
siblings	: 8
core id		: 1
cpu cores	: 4
apicid		: 3
initial apicid	: 3
fpu		: yes
fpu_exception	: yes
cpuid level	: 13
wp		: yes
flags		: fpu vme de pse tsc msr pae mce cx8 apic sep mtrr pge mca cmov pat pse36 clflush dts acpi mmx fxsr sse sse2 ss ht tm pbe syscall nx rdtscp lm constant_tsc arch_perfmon pebs bts rep_good nopl xtopology nonstop_tsc cpuid aperfmperf pni pclmulqdq dtes64 monitor ds_cpl vmx smx est tm2 ssse3 cx16 xtpr pdcm pcid sse4_1 sse4_2 x2apic popcnt tsc_deadline_timer aes xsave avx f16c rdrand lahf_lm cpuid_fault epb pti ibrs ibpb stibp tpr_shadow vnmi flexpriority ept vpid fsgsbase smep erms xsaveopt dtherm ida arat pln pts
bugs		: cpu_meltdown spectre_v1 spectre_v2 spec_store_bypass
bogomips	: 5183.34
clflush size	: 64
cache_alignment	: 64
address sizes	: 36 bits physical, 48 bits virtual
power management:

processor	: 6
vendor_id	: GenuineIntel
cpu family	: 6
model		: 58
model name	: Intel(R) Core(TM) i7-3720QM CPU @ 2.60GHz
stepping	: 9
microcode	: 0x1f
cpu MHz		: 3389.128
cache size	: 6144 KB
physical id	: 0
siblings	: 8
core id		: 2
cpu cores	: 4
apicid		: 5
initial apicid	: 5
fpu		: yes
fpu_exception	: yes
cpuid level	: 13
wp		: yes
flags		: fpu vme de pse tsc msr pae mce cx8 apic sep mtrr pge mca cmov pat pse36 clflush dts acpi mmx fxsr sse sse2 ss ht tm pbe syscall nx rdtscp lm constant_tsc arch_perfmon pebs bts rep_good nopl xtopology nonstop_tsc cpuid aperfmperf pni pclmulqdq dtes64 monitor ds_cpl vmx smx est tm2 ssse3 cx16 xtpr pdcm pcid sse4_1 sse4_2 x2apic popcnt tsc_deadline_timer aes xsave avx f16c rdrand lahf_lm cpuid_fault epb pti ibrs ibpb stibp tpr_shadow vnmi flexpriority ept vpid fsgsbase smep erms xsaveopt dtherm ida arat pln pts
bugs		: cpu_meltdown spectre_v1 spectre_v2 spec_store_bypass
bogomips	: 5183.34
clflush size	: 64
cache_alignment	: 64
address sizes	: 36 bits physical, 48 bits virtual
power management:

processor	: 7
vendor_id	: GenuineIntel
cpu family	: 6
model		: 58
model name	: Intel(R) Core(TM) i7-3720QM CPU @ 2.60GHz
stepping	: 9
microcode	: 0x1f
cpu MHz		: 3395.718
cache size	: 6144 KB
physical id	: 0
siblings	: 8
core id		: 3
cpu cores	: 4
apicid		: 7
initial apicid	: 7
fpu		: yes
fpu_exception	: yes
cpuid level	: 13
wp		: yes
flags		: fpu vme de pse tsc msr pae mce cx8 apic sep mtrr pge mca cmov pat pse36 clflush dts acpi mmx fxsr sse sse2 ss ht tm pbe syscall nx rdtscp lm constant_tsc arch_perfmon pebs bts rep_good nopl xtopology nonstop_tsc cpuid aperfmperf pni pclmulqdq dtes64 monitor ds_cpl vmx smx est tm2 ssse3 cx16 xtpr pdcm pcid sse4_1 sse4_2 x2apic popcnt tsc_deadline_timer aes xsave avx f16c rdrand lahf_lm cpuid_fault epb pti ibrs ibpb stibp tpr_shadow vnmi flexpriority ept vpid fsgsbase smep erms xsaveopt dtherm ida arat pln pts
bugs		: cpu_meltdown spectre_v1 spectre_v2 spec_store_bypass
bogomips	: 5183.34
clflush size	: 64
cache_alignment	: 64
address sizes	: 36 bits physical, 48 bits virtual
power management:



Memory: 4k page, physical 8069016k(103588k free), swap 2097148k(0k free)

vm_info: Java HotSpot(TM) 64-Bit Server VM (25.181-b13) for linux-amd64 JRE (1.8.0_181-b13), built on Jul  7 2018 00:56:38 by "java_re" with gcc 4.3.0 20080428 (Red Hat 4.3.0-8)

time: Thu Aug  2 15:28:21 2018
elapsed time: 2 seconds (0d 0h 0m 2s)

