#
# There is insufficient memory for the Java Runtime Environment to continue.
# Native memory allocation (mmap) failed to map 127926272 bytes for committing reserved memory.
# Possible reasons:
#   The system is out of physical RAM or swap space
#   In 32 bit mode, the process size limit was hit
# Possible solutions:
#   Reduce memory load on the system
#   Increase physical memory or swap space
#   Check if swap backing store is full
#   Use 64 bit Java on a 64 bit OS
#   Decrease Java heap size (-Xmx/-Xms)
#   Decrease number of Java threads
#   Decrease Java thread stack sizes (-Xss)
#   Set larger code cache with -XX:ReservedCodeCacheSize=
# This output file may be truncated or incomplete.
#
#  Out of Memory Error (os_linux.cpp:2640), pid=9186, tid=0x00007f30827a5700
#
# JRE version: Java(TM) SE Runtime Environment (8.0_181-b13) (build 1.8.0_181-b13)
# Java VM: Java HotSpot(TM) 64-Bit Server VM (25.181-b13 mixed mode linux-amd64 compressed oops)
# Failed to write core dump. Core dumps have been disabled. To enable core dumping, try "ulimit -c unlimited" before starting Java again
#

---------------  T H R E A D  ---------------

Current thread (0x00007f30a0081800):  VMThread [stack: 0x00007f30826a6000,0x00007f30827a6000] [id=9198]

Stack: [0x00007f30826a6000,0x00007f30827a6000],  sp=0x00007f30827a41a0,  free space=1016k
Native frames: (J=compiled Java code, j=interpreted, Vv=VM code, C=native code)
V  [libjvm.so+0xad21aa]  VMError::report_and_die()+0x2ba
V  [libjvm.so+0x5022db]  report_vm_out_of_memory(char const*, int, unsigned long, VMErrorType, char const*)+0x8b
V  [libjvm.so+0x92fe33]  os::Linux::commit_memory_impl(char*, unsigned long, bool)+0x123
V  [libjvm.so+0x930059]  os::pd_commit_memory(char*, unsigned long, unsigned long, bool)+0x29
V  [libjvm.so+0x9272ba]  os::commit_memory(char*, unsigned long, unsigned long, bool)+0x2a
V  [libjvm.so+0x99d2e3]  PSVirtualSpace::expand_by(unsigned long)+0x53
V  [libjvm.so+0x99e6e8]  PSYoungGen::resize_generation(unsigned long, unsigned long)+0xf8
V  [libjvm.so+0x99d842]  PSYoungGen::resize(unsigned long, unsigned long)+0x22
V  [libjvm.so+0x99ab1b]  PSScavenge::invoke_no_policy()+0xf3b
V  [libjvm.so+0x995dc5]  PSParallelCompact::invoke(bool)+0x85
V  [libjvm.so+0x488e34]  CollectedHeap::collect_as_vm_thread(GCCause::Cause)+0x114
V  [libjvm.so+0xad3631]  VM_CollectForMetadataAllocation::doit()+0x161
V  [libjvm.so+0xadb745]  VM_Operation::evaluate()+0x55
V  [libjvm.so+0xad9b0a]  VMThread::evaluate_operation(VM_Operation*)+0xba
V  [libjvm.so+0xad9e8e]  VMThread::loop()+0x1ce
V  [libjvm.so+0xada300]  VMThread::run()+0x70
V  [libjvm.so+0x930198]  java_start(Thread*)+0x108

VM_Operation (0x00007f30a828d5c0): CollectForMetadataAllocation, mode: safepoint, requested by thread 0x00007f30a000b000


---------------  P R O C E S S  ---------------

Java Threads: ( => current thread )
  0x00007f30a06de000 JavaThread "process reaper" daemon [_thread_blocked, id=9214, stack(0x00007f3080efb000,0x00007f3080f34000)]
  0x00007f30a00cc800 JavaThread "Service Thread" daemon [_thread_blocked, id=9206, stack(0x00007f30814ce000,0x00007f30815cf000)]
  0x00007f30a00c9000 JavaThread "C1 CompilerThread3" daemon [_thread_blocked, id=9205, stack(0x00007f30815d0000,0x00007f30816d0000)]
  0x00007f30a00c7000 JavaThread "C2 CompilerThread2" daemon [_thread_blocked, id=9204, stack(0x00007f30816d1000,0x00007f30817d1000)]
  0x00007f30a00c5000 JavaThread "C2 CompilerThread1" daemon [_thread_blocked, id=9203, stack(0x00007f30817d2000,0x00007f30818d2000)]
  0x00007f30a00c2800 JavaThread "C2 CompilerThread0" daemon [_thread_in_native, id=9202, stack(0x00007f30818d3000,0x00007f30819d3000)]
  0x00007f30a00c1000 JavaThread "Signal Dispatcher" daemon [_thread_blocked, id=9201, stack(0x00007f30819d3000,0x00007f3081ad4000)]
  0x00007f30a008d800 JavaThread "Finalizer" daemon [_thread_blocked, id=9200, stack(0x00007f30824a3000,0x00007f30825a4000)]
  0x00007f30a008b000 JavaThread "Reference Handler" daemon [_thread_blocked, id=9199, stack(0x00007f30825a4000,0x00007f30826a5000)]
  0x00007f30a000b000 JavaThread "main" [_thread_blocked, id=9189, stack(0x00007f30a8195000,0x00007f30a8295000)]

Other Threads:
=>0x00007f30a0081800 VMThread [stack: 0x00007f30826a6000,0x00007f30827a6000] [id=9198]
  0x00007f30a00d1000 WatcherThread [stack: 0x00007f30813ce000,0x00007f30814ce000] [id=9207]

VM state:at safepoint (normal execution)

VM Mutex/Monitor currently owned by a thread:  ([mutex/lock_event])
[0x00007f30a0007a70] Threads_lock - owner thread: 0x00007f30a0081800
[0x00007f30a0007f70] Heap_lock - owner thread: 0x00007f30a000b000

Heap:
 PSYoungGen      total 136192K, used 9456K [0x00000000d6f80000, 0x00000000e0080000, 0x0000000100000000)
  eden space 125440K, 0% used [0x00000000d6f80000,0x00000000d6f80000,0x00000000dea00000)
  from space 10752K, 87% used [0x00000000dea00000,0x00000000df33c3a8,0x00000000df480000)
  to   space 9216K, 0% used [0x00000000df480000,0x00000000df480000,0x00000000dfd80000)
 ParOldGen       total 84992K, used 11562K [0x0000000084e00000, 0x000000008a100000, 0x00000000d6f80000)
  object space 84992K, 13% used [0x0000000084e00000,0x000000008594ab60,0x000000008a100000)
 Metaspace       used 20540K, capacity 21066K, committed 21296K, reserved 1069056K
  class space    used 2413K, capacity 2583K, committed 2608K, reserved 1048576K

Card table byte_map: [0x00007f30a4a84000,0x00007f30a4e5e000] byte_map_base: 0x00007f30a465d000

Marking Bits: (ParMarkBitMap*) 0x00007f30a76310a0
 Begin Bits: [0x00007f3088270000, 0x00007f308a138000)
 End Bits:   [0x00007f308a138000, 0x00007f308c000000)

Polling page: 0x00007f30a82ac000

CodeCache: size=245760Kb used=11959Kb max_used=12381Kb free=233800Kb
 bounds [0x00007f3091000000, 0x00007f3091c40000, 0x00007f30a0000000]
 total_blobs=3806 nmethods=3427 adapters=292
 compilation: enabled

Compilation events (10 events):
Event: 6,980 Thread 0x00007f30a00c9000 3961       3       java.util.RegularEnumSet::add (40 bytes)
Event: 6,981 Thread 0x00007f30a00c9000 nmethod 3961 0x00007f30913082d0 code [0x00007f3091308440, 0x00007f3091308768]
Event: 6,984 Thread 0x00007f30a00c9000 3963       3       java.util.ResourceBundle::access$200 (4 bytes)
Event: 6,985 Thread 0x00007f30a00c9000 nmethod 3963 0x00007f3091307fd0 code [0x00007f3091308120, 0x00007f3091308250]
Event: 6,985 Thread 0x00007f30a00c9000 3966       3       java.util.Locale::equals (75 bytes)
Event: 6,985 Thread 0x00007f30a00c9000 nmethod 3966 0x00007f309145df10 code [0x00007f309145e0e0, 0x00007f309145e918]
Event: 6,985 Thread 0x00007f30a00c9000 3965       3       java.util.ResourceBundle::isValidBundle (17 bytes)
Event: 6,985 Thread 0x00007f30a00c9000 nmethod 3965 0x00007f30914e7b10 code [0x00007f30914e7c80, 0x00007f30914e7e50]
Event: 6,985 Thread 0x00007f30a00c9000 3964       3       java.util.ResourceBundle$LoaderReference::<init> (12 bytes)
Event: 6,985 Thread 0x00007f30a00c9000 nmethod 3964 0x00007f30914e7510 code [0x00007f30914e7680, 0x00007f30914e79b0]

GC Heap History (10 events):
Event: 1,349 GC heap after
Heap after GC invocations=2 (full 0):
 PSYoungGen      total 36864K, used 5091K [0x00000000d6f80000, 0x00000000db780000, 0x0000000100000000)
  eden space 31744K, 0% used [0x00000000d6f80000,0x00000000d6f80000,0x00000000d8e80000)
  from space 5120K, 99% used [0x00000000d9380000,0x00000000d9878c40,0x00000000d9880000)
  to   space 5120K, 0% used [0x00000000d8e80000,0x00000000d8e80000,0x00000000d9380000)
 ParOldGen       total 84992K, used 1766K [0x0000000084e00000, 0x000000008a100000, 0x00000000d6f80000)
  object space 84992K, 2% used [0x0000000084e00000,0x0000000084fb9a18,0x000000008a100000)
 Metaspace       used 13111K, capacity 13492K, committed 13824K, reserved 1060864K
  class space    used 1616K, capacity 1726K, committed 1792K, reserved 1048576K
}
Event: 1,699 GC heap before
{Heap before GC invocations=3 (full 0):
 PSYoungGen      total 36864K, used 36835K [0x00000000d6f80000, 0x00000000db780000, 0x0000000100000000)
  eden space 31744K, 100% used [0x00000000d6f80000,0x00000000d8e80000,0x00000000d8e80000)
  from space 5120K, 99% used [0x00000000d9380000,0x00000000d9878c40,0x00000000d9880000)
  to   space 5120K, 0% used [0x00000000d8e80000,0x00000000d8e80000,0x00000000d9380000)
 ParOldGen       total 84992K, used 1766K [0x0000000084e00000, 0x000000008a100000, 0x00000000d6f80000)
  object space 84992K, 2% used [0x0000000084e00000,0x0000000084fb9a18,0x000000008a100000)
 Metaspace       used 13543K, capacity 13938K, committed 14080K, reserved 1060864K
  class space    used 1642K, capacity 1763K, committed 1792K, reserved 1048576K
Event: 1,704 GC heap after
Heap after GC invocations=3 (full 0):
 PSYoungGen      total 36864K, used 5088K [0x00000000d6f80000, 0x00000000db780000, 0x0000000100000000)
  eden space 31744K, 0% used [0x00000000d6f80000,0x00000000d6f80000,0x00000000d8e80000)
  from space 5120K, 99% used [0x00000000d8e80000,0x00000000d9378020,0x00000000d9380000)
  to   space 5120K, 0% used [0x00000000db280000,0x00000000db280000,0x00000000db780000)
 ParOldGen       total 84992K, used 3077K [0x0000000084e00000, 0x000000008a100000, 0x00000000d6f80000)
  object space 84992K, 3% used [0x0000000084e00000,0x0000000085101600,0x000000008a100000)
 Metaspace       used 13543K, capacity 13938K, committed 14080K, reserved 1060864K
  class space    used 1642K, capacity 1763K, committed 1792K, reserved 1048576K
}
Event: 1,944 GC heap before
{Heap before GC invocations=4 (full 0):
 PSYoungGen      total 36864K, used 36832K [0x00000000d6f80000, 0x00000000db780000, 0x0000000100000000)
  eden space 31744K, 100% used [0x00000000d6f80000,0x00000000d8e80000,0x00000000d8e80000)
  from space 5120K, 99% used [0x00000000d8e80000,0x00000000d9378020,0x00000000d9380000)
  to   space 5120K, 0% used [0x00000000db280000,0x00000000db280000,0x00000000db780000)
 ParOldGen       total 84992K, used 3077K [0x0000000084e00000, 0x000000008a100000, 0x00000000d6f80000)
  object space 84992K, 3% used [0x0000000084e00000,0x0000000085101600,0x000000008a100000)
 Metaspace       used 13769K, capacity 14160K, committed 14336K, reserved 1062912K
  class space    used 1647K, capacity 1768K, committed 1792K, reserved 1048576K
Event: 1,952 GC heap after
Heap after GC invocations=4 (full 0):
 PSYoungGen      total 68608K, used 5104K [0x00000000d6f80000, 0x00000000db780000, 0x0000000100000000)
  eden space 63488K, 0% used [0x00000000d6f80000,0x00000000d6f80000,0x00000000dad80000)
  from space 5120K, 99% used [0x00000000db280000,0x00000000db77c030,0x00000000db780000)
  to   space 5120K, 0% used [0x00000000dad80000,0x00000000dad80000,0x00000000db280000)
 ParOldGen       total 84992K, used 4741K [0x0000000084e00000, 0x000000008a100000, 0x00000000d6f80000)
  object space 84992K, 5% used [0x0000000084e00000,0x00000000852a1600,0x000000008a100000)
 Metaspace       used 13769K, capacity 14160K, committed 14336K, reserved 1062912K
  class space    used 1647K, capacity 1768K, committed 1792K, reserved 1048576K
}
Event: 2,353 GC heap before
{Heap before GC invocations=5 (full 0):
 PSYoungGen      total 68608K, used 68592K [0x00000000d6f80000, 0x00000000db780000, 0x0000000100000000)
  eden space 63488K, 100% used [0x00000000d6f80000,0x00000000dad80000,0x00000000dad80000)
  from space 5120K, 99% used [0x00000000db280000,0x00000000db77c030,0x00000000db780000)
  to   space 5120K, 0% used [0x00000000dad80000,0x00000000dad80000,0x00000000db280000)
 ParOldGen       total 84992K, used 4741K [0x0000000084e00000, 0x000000008a100000, 0x00000000d6f80000)
  object space 84992K, 5% used [0x0000000084e00000,0x00000000852a1600,0x000000008a100000)
 Metaspace       used 14107K, capacity 14510K, committed 14592K, reserved 1062912K
  class space    used 1658K, capacity 1773K, committed 1792K, reserved 1048576K
Event: 2,359 GC heap after
Heap after GC invocations=5 (full 0):
 PSYoungGen      total 68608K, used 5104K [0x00000000d6f80000, 0x00000000dfd80000, 0x0000000100000000)
  eden space 63488K, 0% used [0x00000000d6f80000,0x00000000d6f80000,0x00000000dad80000)
  from space 5120K, 99% used [0x00000000dad80000,0x00000000db27c030,0x00000000db280000)
  to   space 9216K, 0% used [0x00000000df480000,0x00000000df480000,0x00000000dfd80000)
 ParOldGen       total 84992K, used 7846K [0x0000000084e00000, 0x000000008a100000, 0x00000000d6f80000)
  object space 84992K, 9% used [0x0000000084e00000,0x00000000855a9a40,0x000000008a100000)
 Metaspace       used 14107K, capacity 14510K, committed 14592K, reserved 1062912K
  class space    used 1658K, capacity 1773K, committed 1792K, reserved 1048576K
}
Event: 3,397 GC heap before
{Heap before GC invocations=6 (full 0):
 PSYoungGen      total 68608K, used 68592K [0x00000000d6f80000, 0x00000000dfd80000, 0x0000000100000000)
  eden space 63488K, 100% used [0x00000000d6f80000,0x00000000dad80000,0x00000000dad80000)
  from space 5120K, 99% used [0x00000000dad80000,0x00000000db27c030,0x00000000db280000)
  to   space 9216K, 0% used [0x00000000df480000,0x00000000df480000,0x00000000dfd80000)
 ParOldGen       total 84992K, used 7846K [0x0000000084e00000, 0x000000008a100000, 0x00000000d6f80000)
  object space 84992K, 9% used [0x0000000084e00000,0x00000000855a9a40,0x000000008a100000)
 Metaspace       used 18093K, capacity 18548K, committed 18688K, reserved 1064960K
  class space    used 2158K, capacity 2300K, committed 2304K, reserved 1048576K
Event: 3,406 GC heap after
Heap after GC invocations=6 (full 0):
 PSYoungGen      total 134656K, used 9210K [0x00000000d6f80000, 0x00000000e0080000, 0x0000000100000000)
  eden space 125440K, 0% used [0x00000000d6f80000,0x00000000d6f80000,0x00000000dea00000)
  from space 9216K, 99% used [0x00000000df480000,0x00000000dfd7e8a8,0x00000000dfd80000)
  to   space 10752K, 0% used [0x00000000dea00000,0x00000000dea00000,0x00000000df480000)
 ParOldGen       total 84992K, used 8648K [0x0000000084e00000, 0x000000008a100000, 0x00000000d6f80000)
  object space 84992K, 10% used [0x0000000084e00000,0x00000000856722c0,0x000000008a100000)
 Metaspace       used 18093K, capacity 18548K, committed 18688K, reserved 1064960K
  class space    used 2158K, capacity 2300K, committed 2304K, reserved 1048576K
}
Event: 6,995 GC heap before
{Heap before GC invocations=7 (full 0):
 PSYoungGen      total 134656K, used 124087K [0x00000000d6f80000, 0x00000000e0080000, 0x0000000100000000)
  eden space 125440K, 91% used [0x00000000d6f80000,0x00000000ddfaf738,0x00000000dea00000)
  from space 9216K, 99% used [0x00000000df480000,0x00000000dfd7e8a8,0x00000000dfd80000)
  to   space 10752K, 0% used [0x00000000dea00000,0x00000000dea00000,0x00000000df480000)
 ParOldGen       total 84992K, used 8648K [0x0000000084e00000, 0x000000008a100000, 0x00000000d6f80000)
  object space 84992K, 10% used [0x0000000084e00000,0x00000000856722c0,0x000000008a100000)
 Metaspace       used 20540K, capacity 21066K, committed 21296K, reserved 1069056K
  class space    used 2413K, capacity 2583K, committed 2608K, reserved 1048576K

Deoptimization events (10 events):
Event: 6,233 Thread 0x00007f30a000b000 Uncommon trap: reason=bimorphic action=maybe_recompile pc=0x00007f30919f5ac4 method=java.util.regex.Pattern$Curly.match0(Ljava/util/regex/Matcher;IILjava/lang/CharSequence;)Z @ 16
Event: 6,241 Thread 0x00007f30a000b000 Uncommon trap: reason=unstable_if action=reinterpret pc=0x00007f3091be0d98 method=org.sonatype.aether.util.artifact.DefaultArtifact.<init>(Ljava/lang/String;Ljava/lang/String;Ljava/lang/String;Ljava/lang/String;Ljava/lang/String;Ljava/util/Map;Lorg/sonaty
Event: 6,406 Thread 0x00007f30a000b000 Uncommon trap: reason=class_check action=maybe_recompile pc=0x00007f3091adb410 method=com.google.inject.internal.InjectorImpl.callInContext(Lcom/google/inject/internal/ContextualCallable;)Ljava/lang/Object; @ 34
Event: 6,406 Thread 0x00007f30a000b000 Uncommon trap: reason=class_check action=maybe_recompile pc=0x00007f3091adb410 method=com.google.inject.internal.InjectorImpl.callInContext(Lcom/google/inject/internal/ContextualCallable;)Ljava/lang/Object; @ 34
Event: 6,406 Thread 0x00007f30a000b000 Uncommon trap: reason=class_check action=maybe_recompile pc=0x00007f3091adb410 method=com.google.inject.internal.InjectorImpl.callInContext(Lcom/google/inject/internal/ContextualCallable;)Ljava/lang/Object; @ 34
Event: 6,406 Thread 0x00007f30a000b000 Uncommon trap: reason=class_check action=maybe_recompile pc=0x00007f3091adb410 method=com.google.inject.internal.InjectorImpl.callInContext(Lcom/google/inject/internal/ContextualCallable;)Ljava/lang/Object; @ 34
Event: 6,416 Thread 0x00007f30a000b000 Uncommon trap: reason=unstable_if action=reinterpret pc=0x00007f3091750314 method=org.sonatype.guice.bean.locators.RankedBindings$Itr.hasNext()Z @ 60
Event: 6,484 Thread 0x00007f30a000b000 Uncommon trap: reason=unstable_if action=reinterpret pc=0x00007f309180285c method=org.apache.maven.model.ConfigurationContainer.clone()Lorg/apache/maven/model/ConfigurationContainer; @ 37
Event: 6,912 Thread 0x00007f30a000b000 Uncommon trap: reason=bimorphic action=maybe_recompile pc=0x00007f30914de6a8 method=java.io.BufferedReader.fill()V @ 145
Event: 6,912 Thread 0x00007f30a000b000 Uncommon trap: reason=bimorphic action=maybe_recompile pc=0x00007f30914de6a8 method=java.io.BufferedReader.fill()V @ 145

Classes redefined (0 events):
No events

Internal exceptions (10 events):
Event: 5,516 Thread 0x00007f30a0853800 Exception <a 'java/net/SocketTimeoutException': Read timed out> (0x00000000da0ac060) thrown at [/HUDSON/workspace/8-2-build-linux-amd64/jdk8u181/11358/hotspot/src/share/vm/prims/jni.cpp, line 735]
Event: 5,551 Thread 0x00007f30a07fb800 Exception <a 'java/net/SocketTimeoutException': Read timed out> (0x00000000da17f0c8) thrown at [/HUDSON/workspace/8-2-build-linux-amd64/jdk8u181/11358/hotspot/src/share/vm/prims/jni.cpp, line 735]
Event: 5,594 Thread 0x00007f30a0803800 Exception <a 'java/net/SocketTimeoutException': Read timed out> (0x00000000da0402c8) thrown at [/HUDSON/workspace/8-2-build-linux-amd64/jdk8u181/11358/hotspot/src/share/vm/prims/jni.cpp, line 735]
Event: 5,770 Thread 0x00007f30a0853800 Exception <a 'java/net/SocketTimeoutException': Read timed out> (0x00000000da0e94b8) thrown at [/HUDSON/workspace/8-2-build-linux-amd64/jdk8u181/11358/hotspot/src/share/vm/prims/jni.cpp, line 735]
Event: 5,784 Thread 0x00007f30a0855800 Exception <a 'java/net/SocketTimeoutException': Read timed out> (0x00000000da2872b0) thrown at [/HUDSON/workspace/8-2-build-linux-amd64/jdk8u181/11358/hotspot/src/share/vm/prims/jni.cpp, line 735]
Event: 6,146 Thread 0x00007f30a07fb000 Exception <a 'java/net/SocketTimeoutException': Read timed out> (0x00000000da3bc6f8) thrown at [/HUDSON/workspace/8-2-build-linux-amd64/jdk8u181/11358/hotspot/src/share/vm/prims/jni.cpp, line 735]
Event: 6,202 Thread 0x00007f30a07fb800 Exception <a 'java/net/SocketTimeoutException': Read timed out> (0x00000000da232078) thrown at [/HUDSON/workspace/8-2-build-linux-amd64/jdk8u181/11358/hotspot/src/share/vm/prims/jni.cpp, line 735]
Event: 6,403 Thread 0x00007f30a000b000 Exception <a 'java/lang/NoClassDefFoundError': org/slf4j/Logger> (0x00000000db4af3c8) thrown at [/HUDSON/workspace/8-2-build-linux-amd64/jdk8u181/11358/hotspot/src/share/vm/oops/constantPool.cpp, line 235]
Event: 6,787 Thread 0x00007f30a000b000 Exception <a 'java/lang/NoClassDefFoundError': org/slf4j/Logger> (0x00000000dd927500) thrown at [/HUDSON/workspace/8-2-build-linux-amd64/jdk8u181/11358/hotspot/src/share/vm/oops/constantPool.cpp, line 235]
Event: 6,924 Thread 0x00007f30a000b000 Exception <a 'java/lang/ClassNotFoundException': com/sun/tools/javac/api/JavacTool> (0x00000000ddd147c0) thrown at [/HUDSON/workspace/8-2-build-linux-amd64/jdk8u181/11358/hotspot/src/share/vm/classfile/systemDictionary.cpp, line 210]

Events (10 events):
Event: 6,991 loading class com/sun/tools/javac/util/PropagatedException done
Event: 6,992 loading class javax/annotation/processing/ProcessingEnvironment
Event: 6,992 loading class javax/annotation/processing/ProcessingEnvironment done
Event: 6,994 loading class javax/lang/model/util/Elements
Event: 6,994 loading class javax/lang/model/util/Elements done
Event: 6,994 loading class javax/lang/model/util/Types
Event: 6,994 loading class javax/lang/model/util/Types done
Event: 6,994 loading class com/sun/tools/javac/api/JavacTaskImpl$Filter
Event: 6,994 loading class com/sun/tools/javac/api/JavacTaskImpl$Filter done
Event: 6,994 Executing VM operation: CollectForMetadataAllocation


Dynamic libraries:
00400000-00401000 r-xp 00000000 08:05 1318586                            /usr/lib/jvm/java-8-oracle/bin/java
00600000-00601000 rw-p 00000000 08:05 1318586                            /usr/lib/jvm/java-8-oracle/bin/java
00b82000-00ba3000 rw-p 00000000 00:00 0                                  [heap]
84e00000-8a100000 rw-p 00000000 00:00 0 
8a100000-d6f80000 ---p 00000000 00:00 0 
d6f80000-e0080000 rw-p 00000000 00:00 0 
e7a80000-100000000 ---p 00000000 00:00 0 
100000000-10028c000 rw-p 00000000 00:00 0 
10028c000-140000000 ---p 00000000 00:00 0 
7f301c000000-7f301c021000 rw-p 00000000 00:00 0 
7f301c021000-7f3020000000 ---p 00000000 00:00 0 
7f3020000000-7f3020021000 rw-p 00000000 00:00 0 
7f3020021000-7f3024000000 ---p 00000000 00:00 0 
7f3024000000-7f3024021000 rw-p 00000000 00:00 0 
7f3024021000-7f3028000000 ---p 00000000 00:00 0 
7f3028000000-7f3028021000 rw-p 00000000 00:00 0 
7f3028021000-7f302c000000 ---p 00000000 00:00 0 
7f302c000000-7f302c021000 rw-p 00000000 00:00 0 
7f302c021000-7f3030000000 ---p 00000000 00:00 0 
7f3030000000-7f3030041000 rw-p 00000000 00:00 0 
7f3030041000-7f3034000000 ---p 00000000 00:00 0 
7f3034000000-7f3034021000 rw-p 00000000 00:00 0 
7f3034021000-7f3038000000 ---p 00000000 00:00 0 
7f3038000000-7f3038021000 rw-p 00000000 00:00 0 
7f3038021000-7f303c000000 ---p 00000000 00:00 0 
7f303c000000-7f303d543000 rw-p 00000000 00:00 0 
7f303d543000-7f3040000000 ---p 00000000 00:00 0 
7f3040000000-7f3040995000 rw-p 00000000 00:00 0 
7f3040995000-7f3044000000 ---p 00000000 00:00 0 
7f3044000000-7f3044a06000 rw-p 00000000 00:00 0 
7f3044a06000-7f3048000000 ---p 00000000 00:00 0 
7f3048000000-7f3048b5d000 rw-p 00000000 00:00 0 
7f3048b5d000-7f304c000000 ---p 00000000 00:00 0 
7f304c000000-7f304c021000 rw-p 00000000 00:00 0 
7f304c021000-7f3050000000 ---p 00000000 00:00 0 
7f3050000000-7f3050021000 rw-p 00000000 00:00 0 
7f3050021000-7f3054000000 ---p 00000000 00:00 0 
7f3054000000-7f3054295000 rw-p 00000000 00:00 0 
7f3054295000-7f3058000000 ---p 00000000 00:00 0 
7f3058000000-7f3058021000 rw-p 00000000 00:00 0 
7f3058021000-7f305c000000 ---p 00000000 00:00 0 
7f305c000000-7f305c021000 rw-p 00000000 00:00 0 
7f305c021000-7f3060000000 ---p 00000000 00:00 0 
7f3060000000-7f3060021000 rw-p 00000000 00:00 0 
7f3060021000-7f3064000000 ---p 00000000 00:00 0 
7f3064000000-7f3064021000 rw-p 00000000 00:00 0 
7f3064021000-7f3068000000 ---p 00000000 00:00 0 
7f306c000000-7f306c021000 rw-p 00000000 00:00 0 
7f306c021000-7f3070000000 ---p 00000000 00:00 0 
7f3074000000-7f3074021000 rw-p 00000000 00:00 0 
7f3074021000-7f3078000000 ---p 00000000 00:00 0 
7f3078238000-7f307825e000 r--p 00000000 08:05 2100200                    /usr/share/locale-langpack/fr/LC_MESSAGES/libc.mo
7f307825e000-7f307829e000 rw-p 00000000 00:00 0 
7f307829e000-7f307845e000 ---p 00000000 00:00 0 
7f307845e000-7f30784d7000 r--s 010f9000 08:05 1321606                    /usr/lib/jvm/java-8-oracle/lib/tools.jar
7f30784d7000-7f30784da000 ---p 00000000 00:00 0 
7f30784da000-7f30785d8000 rw-p 00000000 00:00 0 
7f30785d8000-7f30785db000 ---p 00000000 00:00 0 
7f30785db000-7f30786d9000 rw-p 00000000 00:00 0 
7f30786d9000-7f30786dc000 ---p 00000000 00:00 0 
7f30786dc000-7f30789da000 rw-p 00000000 00:00 0 
7f30789da000-7f30789f1000 r-xp 00000000 08:05 8917770                    /lib/x86_64-linux-gnu/libresolv-2.27.so
7f30789f1000-7f3078bf1000 ---p 00017000 08:05 8917770                    /lib/x86_64-linux-gnu/libresolv-2.27.so
7f3078bf1000-7f3078bf2000 r--p 00017000 08:05 8917770                    /lib/x86_64-linux-gnu/libresolv-2.27.so
7f3078bf2000-7f3078bf3000 rw-p 00018000 08:05 8917770                    /lib/x86_64-linux-gnu/libresolv-2.27.so
7f3078bf3000-7f3078bf5000 rw-p 00000000 00:00 0 
7f3078bf5000-7f3078bfa000 r-xp 00000000 08:05 8917719                    /lib/x86_64-linux-gnu/libnss_dns-2.27.so
7f3078bfa000-7f3078dfa000 ---p 00005000 08:05 8917719                    /lib/x86_64-linux-gnu/libnss_dns-2.27.so
7f3078dfa000-7f3078dfb000 r--p 00005000 08:05 8917719                    /lib/x86_64-linux-gnu/libnss_dns-2.27.so
7f3078dfb000-7f3078dfc000 rw-p 00006000 08:05 8917719                    /lib/x86_64-linux-gnu/libnss_dns-2.27.so
7f3078dfc000-7f3078dfe000 r-xp 00000000 08:05 8917727                    /lib/x86_64-linux-gnu/libnss_mdns4_minimal.so.2
7f3078dfe000-7f3078ffd000 ---p 00002000 08:05 8917727                    /lib/x86_64-linux-gnu/libnss_mdns4_minimal.so.2
7f3078ffd000-7f3078ffe000 r--p 00001000 08:05 8917727                    /lib/x86_64-linux-gnu/libnss_mdns4_minimal.so.2
7f3078ffe000-7f3078fff000 rw-p 00002000 08:05 8917727                    /lib/x86_64-linux-gnu/libnss_mdns4_minimal.so.2
7f3078fff000-7f307c000000 rw-p 00000000 00:00 0 
7f307c000000-7f307c021000 rw-p 00000000 00:00 0 
7f307c021000-7f3080000000 ---p 00000000 00:00 0 
7f3080016000-7f308001d000 r--s 00000000 08:05 1575539                    /usr/lib/x86_64-linux-gnu/gconv/gconv-modules.cache
7f308001d000-7f308001e000 r--s 00004000 08:05 5508687                    /home/nduwayo/.m2/repository/org/codehaus/plexus/plexus-compiler-javac/2.8.2/plexus-compiler-javac-2.8.2.jar
7f308001e000-7f3080020000 r--s 00000000 08:05 5508685                    /home/nduwayo/.m2/repository/org/codehaus/plexus/plexus-compiler-manager/2.8.2/plexus-compiler-manager-2.8.2.jar
7f3080020000-7f3080022000 r--s 00005000 08:05 5508683                    /home/nduwayo/.m2/repository/org/codehaus/plexus/plexus-compiler-api/2.8.2/plexus-compiler-api-2.8.2.jar
7f3080022000-7f3080028000 r--s 00047000 08:05 5508681                    /home/nduwayo/.m2/repository/com/thoughtworks/qdox/qdox/2.0-M7/qdox-2.0-M7.jar
7f3080028000-7f3080029000 r--s 0000d000 08:05 5508679                    /home/nduwayo/.m2/repository/org/ow2/asm/asm/6.0_BETA/asm-6.0_BETA.jar
7f3080029000-7f308002b000 r--s 00006000 08:05 5508677                    /home/nduwayo/.m2/repository/org/codehaus/plexus/plexus-java/0.9.2/plexus-java-0.9.2.jar
7f308002b000-7f308002d000 r--s 00002000 08:05 5508675                    /home/nduwayo/.m2/repository/org/apache/maven/shared/maven-shared-incremental/1.1/maven-shared-incremental-1.1.jar
7f308002d000-7f3080031000 r--s 0002f000 08:05 5508673                    /home/nduwayo/.m2/repository/commons-io/commons-io/2.5/commons-io-2.5.jar
7f3080031000-7f3080034000 r--s 00025000 08:05 5508671                    /home/nduwayo/.m2/repository/org/apache/maven/shared/maven-shared-utils/3.1.0/maven-shared-utils-3.1.0.jar
7f3080034000-7f3080036000 r--s 00002000 08:05 5508669                    /home/nduwayo/.m2/repository/org/sonatype/plexus/plexus-cipher/1.4/plexus-cipher-1.4.jar
7f3080036000-7f3080037000 r--s 00006000 08:05 5508667                    /home/nduwayo/.m2/repository/org/sonatype/plexus/plexus-sec-dispatcher/1.3/plexus-sec-dispatcher-1.3.jar
7f3080037000-7f3080039000 r--s 00000000 08:05 5508665                    /home/nduwayo/.m2/repository/org/codehaus/plexus/plexus-component-annotations/1.6/plexus-component-annotations-1.6.jar
7f3080039000-7f308003b000 r--s 0000d000 08:05 5508661                    /home/nduwayo/.m2/repository/org/codehaus/plexus/plexus-interpolation/1.14/plexus-interpolation-1.14.jar
7f308003b000-7f308003f000 r--s 00017000 08:05 5508659                    /home/nduwayo/.m2/repository/org/sonatype/aether/aether-util/1.7/aether-util-1.7.jar
7f308003f000-7f3080043000 r--s 00033000 08:05 5249256                    /home/nduwayo/.m2/repository/org/codehaus/plexus/plexus-utils/2.0.4/plexus-utils-2.0.4.jar
7f3080043000-7f308004e000 r--s 00069000 08:05 5508637                    /home/nduwayo/.m2/repository/org/sonatype/sisu/sisu-guice/2.1.7/sisu-guice-2.1.7-noaop.jar
7f308004e000-7f3080053000 r--s 00021000 08:05 5508635                    /home/nduwayo/.m2/repository/org/sonatype/sisu/sisu-inject-bean/1.4.2/sisu-inject-bean-1.4.2.jar
7f3080053000-7f3080056000 ---p 00000000 00:00 0 
7f3080056000-7f3080154000 rw-p 00000000 00:00 0 
7f3080154000-7f3080157000 ---p 00000000 00:00 0 
7f3080157000-7f3080455000 rw-p 00000000 00:00 0 
7f3080455000-7f308046c000 r-xp 00000000 08:05 8917668                    /lib/x86_64-linux-gnu/libgcc_s.so.1
7f308046c000-7f308066b000 ---p 00017000 08:05 8917668                    /lib/x86_64-linux-gnu/libgcc_s.so.1
7f308066b000-7f308066c000 r--p 00016000 08:05 8917668                    /lib/x86_64-linux-gnu/libgcc_s.so.1
7f308066c000-7f308066d000 rw-p 00017000 08:05 8917668                    /lib/x86_64-linux-gnu/libgcc_s.so.1
7f308066d000-7f308066f000 r--s 0000d000 08:05 5508113                    /home/nduwayo/.m2/repository/org/apache/maven/plugins/maven-compiler-plugin/3.7.0/maven-compiler-plugin-3.7.0.jar
7f308066f000-7f3080671000 r--s 0000d000 08:05 5637871                    /home/nduwayo/.m2/repository/org/codehaus/plexus/plexus-interpolation/1.13/plexus-interpolation-1.13.jar
7f3080671000-7f3080672000 r--s 00001000 08:05 5637867                    /home/nduwayo/.m2/repository/org/sonatype/plexus/plexus-build-api/0.0.4/plexus-build-api-0.0.4.jar
7f3080672000-7f3080674000 r--s 00009000 08:05 6972720                    /home/nduwayo/.m2/repository/org/apache/maven/shared/maven-filtering/1.0/maven-filtering-1.0.jar
7f3080674000-7f3080678000 r--s 00033000 08:05 5509168                    /home/nduwayo/.m2/repository/org/codehaus/plexus/plexus-utils/2.0.5/plexus-utils-2.0.5.jar
7f3080678000-7f308067b000 r--s 0001b000 08:05 5637831                    /home/nduwayo/.m2/repository/junit/junit/3.8.1/junit-3.8.1.jar
7f308067b000-7f308067d000 r--s 00002000 08:05 5637809                    /home/nduwayo/.m2/repository/org/codehaus/plexus/plexus-interactivity-api/1.0-alpha-4/plexus-interactivity-api-1.0-alpha-4.jar
7f308067d000-7f308067f000 r--s 00006000 08:05 5637805                    /home/nduwayo/.m2/repository/commons-cli/commons-cli/1.0/commons-cli-1.0.jar
7f308067f000-7f3080680000 r--s 00001000 08:05 5637799                    /home/nduwayo/.m2/repository/org/apache/maven/doxia/doxia-sink-api/1.0-alpha-7/doxia-sink-api-1.0-alpha-7.jar
7f3080680000-7f3080681000 r--s 00002000 08:05 5637797                    /home/nduwayo/.m2/repository/org/apache/maven/reporting/maven-reporting-api/2.0.6/maven-reporting-api-2.0.6.jar
7f3080681000-7f3080683000 r--s 00005000 08:05 5126276                    /home/nduwayo/.m2/repository/org/apache/maven/plugins/maven-resources-plugin/2.5/maven-resources-plugin-2.5.jar
7f3080683000-7f30806b5000 r-xp 00000000 08:05 1454586                    /usr/lib/jvm/java-8-oracle/jre/lib/amd64/libsunec.so
7f30806b5000-7f30808b4000 ---p 00032000 08:05 1454586                    /usr/lib/jvm/java-8-oracle/jre/lib/amd64/libsunec.so
7f30808b4000-7f30808ba000 rw-p 00031000 08:05 1454586                    /usr/lib/jvm/java-8-oracle/jre/lib/amd64/libsunec.so
7f30808ba000-7f30808ca000 rw-p 00000000 00:00 0 
7f30808ca000-7f30808cc000 r--s 00009000 08:05 1449271                    /usr/lib/jvm/java-8-oracle/jre/lib/ext/sunec.jar
7f30808cc000-7f30808d0000 r--s 0003a000 08:05 1449278                    /usr/lib/jvm/java-8-oracle/jre/lib/ext/sunpkcs11.jar
7f30808d0000-7f30808d3000 r--s 0001a000 08:05 1327784                    /usr/lib/jvm/java-8-oracle/jre/lib/jce.jar
7f30808d3000-7f3080ad3000 rw-p 00000000 00:00 0 
7f3080ad3000-7f3080ae4000 r-xp 00000000 08:05 1454638                    /usr/lib/jvm/java-8-oracle/jre/lib/amd64/libnio.so
7f3080ae4000-7f3080ce3000 ---p 00011000 08:05 1454638                    /usr/lib/jvm/java-8-oracle/jre/lib/amd64/libnio.so
7f3080ce3000-7f3080ce4000 rw-p 00010000 08:05 1454638                    /usr/lib/jvm/java-8-oracle/jre/lib/amd64/libnio.so
7f3080ce4000-7f3080cfa000 r-xp 00000000 08:05 1454635                    /usr/lib/jvm/java-8-oracle/jre/lib/amd64/libnet.so
7f3080cfa000-7f3080efa000 ---p 00016000 08:05 1454635                    /usr/lib/jvm/java-8-oracle/jre/lib/amd64/libnet.so
7f3080efa000-7f3080efb000 rw-p 00016000 08:05 1454635                    /usr/lib/jvm/java-8-oracle/jre/lib/amd64/libnet.so
7f3080efb000-7f3080efe000 ---p 00000000 00:00 0 
7f3080efe000-7f3080f34000 rw-p 00000000 00:00 0 
7f3080f34000-7f3080f35000 r--p 00000000 00:00 0 
7f3080f35000-7f3081135000 rw-p 00000000 00:00 0 
7f3081135000-7f308113a000 r--s 0009d000 08:05 1327778                    /usr/lib/jvm/java-8-oracle/jre/lib/jsse.jar
7f308113a000-7f308133a000 rw-p 00000000 00:00 0 
7f308133a000-7f308133c000 r--s 0000d000 08:05 7343406                    /home/nduwayo/netbeans-8.2/java/maven-nblib/netbeans-eventspy.jar
7f308133c000-7f308133e000 r--s 0000c000 08:05 7343318                    /home/nduwayo/netbeans-8.2/java/maven/lib/maven-aether-provider-3.0.5.jar
7f308133e000-7f3081348000 r--s 00116000 08:05 1449280                    /usr/lib/jvm/java-8-oracle/jre/lib/ext/localedata.jar
7f3081348000-7f3081364000 r--s 00393000 08:05 1449273                    /usr/lib/jvm/java-8-oracle/jre/lib/ext/cldrdata.jar
7f3081364000-7f3081367000 r--s 00008000 08:05 7343305                    /home/nduwayo/netbeans-8.2/java/maven/lib/maven-settings-builder-3.0.5.jar
7f3081367000-7f3081386000 r--s 00154000 08:05 7343424                    /home/nduwayo/netbeans-8.2/java/maven/lib/sisu-guava-0.9.9.jar
7f3081386000-7f3081388000 r--s 00006000 08:05 7343285                    /home/nduwayo/netbeans-8.2/java/maven/lib/aether-connector-wagon-1.13.1.jar
7f3081388000-7f308138a000 r--s 00006000 08:05 7343230                    /home/nduwayo/netbeans-8.2/java/maven/lib/maven-repository-metadata-3.0.5.jar
7f308138a000-7f3081392000 r--s 00050000 08:05 7343372                    /home/nduwayo/netbeans-8.2/java/maven/lib/sisu-guice-3.1.0-no_aop.jar
7f3081392000-7f308139e000 r--s 0007d000 08:05 7343423                    /home/nduwayo/netbeans-8.2/java/maven/lib/maven-core-3.0.5.jar
7f308139e000-7f30813cd000 r--s 001c8000 08:05 7343384                    /home/nduwayo/netbeans-8.2/java/maven/lib/wagon-http-2.10-shaded.jar
7f30813cd000-7f30813ce000 ---p 00000000 00:00 0 
7f30813ce000-7f30814ce000 rw-p 00000000 00:00 0 
7f30814ce000-7f30814d1000 ---p 00000000 00:00 0 
7f30814d1000-7f30815cf000 rw-p 00000000 00:00 0 
7f30815cf000-7f30815d0000 ---p 00000000 00:00 0 
7f30815d0000-7f30815d3000 ---p 00000000 00:00 0 
7f30815d3000-7f30816d0000 rw-p 00000000 00:00 0 
7f30816d0000-7f30816d1000 ---p 00000000 00:00 0 
7f30816d1000-7f30816d4000 ---p 00000000 00:00 0 
7f30816d4000-7f30817d1000 rw-p 00000000 00:00 0 
7f30817d1000-7f30817d2000 ---p 00000000 00:00 0 
7f30817d2000-7f30817d5000 ---p 00000000 00:00 0 
7f30817d5000-7f30818d2000 rw-p 00000000 00:00 0 
7f30818d2000-7f30818d3000 ---p 00000000 00:00 0 
7f30818d3000-7f30818d6000 ---p 00000000 00:00 0 
7f30818d6000-7f30819d3000 rw-p 00000000 00:00 0 
7f30819d3000-7f30819d6000 ---p 00000000 00:00 0 
7f30819d6000-7f3081ad4000 rw-p 00000000 00:00 0 
7f3081ad4000-7f30824a3000 r--p 00000000 08:05 1317582                    /usr/lib/locale/locale-archive
7f30824a3000-7f30824a6000 ---p 00000000 00:00 0 
7f30824a6000-7f30825a4000 rw-p 00000000 00:00 0 
7f30825a4000-7f30825a7000 ---p 00000000 00:00 0 
7f30825a7000-7f30826a5000 rw-p 00000000 00:00 0 
7f30826a5000-7f30826a6000 ---p 00000000 00:00 0 
7f30826a6000-7f3084000000 rw-p 00000000 00:00 0 
7f3084000000-7f3084021000 rw-p 00000000 00:00 0 
7f3084021000-7f3088000000 ---p 00000000 00:00 0 
7f3088000000-7f3088004000 r--s 00021000 08:05 7343347                    /home/nduwayo/netbeans-8.2/java/maven/lib/maven-model-builder-3.0.5.jar
7f3088004000-7f308800b000 r--s 0002b000 08:05 7343364                    /home/nduwayo/netbeans-8.2/java/maven/lib/sisu-inject-plexus-2.3.0.jar
7f308800b000-7f308c000000 rw-p 00000000 00:00 0 
7f308c000000-7f308c021000 rw-p 00000000 00:00 0 
7f308c021000-7f3090000000 ---p 00000000 00:00 0 
7f3090000000-7f3090001000 r--s 00006000 08:05 7343348                    /home/nduwayo/netbeans-8.2/java/maven/lib/plexus-sec-dispatcher-1.3.jar
7f3090001000-7f3090003000 r--s 0000a000 08:05 7343399                    /home/nduwayo/netbeans-8.2/java/maven/lib/maven-settings-3.0.5.jar
7f3090003000-7f3090007000 r--s 00033000 08:05 7343409                    /home/nduwayo/netbeans-8.2/java/maven/lib/plexus-utils-2.0.6.jar
7f3090007000-7f3090009000 r--s 0000b000 08:05 7343373                    /home/nduwayo/netbeans-8.2/java/maven/lib/wagon-provider-api-2.10.jar
7f3090009000-7f309014c000 rw-p 00000000 00:00 0 
7f309014c000-7f3090326000 r--s 03d6b000 08:05 1327773                    /usr/lib/jvm/java-8-oracle/jre/lib/rt.jar
7f3090326000-7f3090eff000 rw-p 00000000 00:00 0 
7f3090eff000-7f3090f00000 ---p 00000000 00:00 0 
7f3090f00000-7f3091000000 rw-p 00000000 00:00 0 
7f3091000000-7f3091c40000 rwxp 00000000 00:00 0 
7f3091c40000-7f30a0000000 ---p 00000000 00:00 0 
7f30a0000000-7f30a0a6d000 rw-p 00000000 00:00 0 
7f30a0a6d000-7f30a4000000 ---p 00000000 00:00 0 
7f30a4000000-7f30a4002000 r--s 0000b000 08:05 7343397                    /home/nduwayo/netbeans-8.2/java/maven/lib/maven-artifact-3.0.5.jar
7f30a4002000-7f30a4006000 r--s 0001c000 08:05 7343411                    /home/nduwayo/netbeans-8.2/java/maven/lib/aether-util-1.13.1.jar
7f30a4006000-7f30a40ec000 rw-p 00000000 00:00 0 
7f30a40ec000-7f30a40ed000 ---p 00000000 00:00 0 
7f30a40ed000-7f30a41ed000 rw-p 00000000 00:00 0 
7f30a41ed000-7f30a41ee000 ---p 00000000 00:00 0 
7f30a41ee000-7f30a42ee000 rw-p 00000000 00:00 0 
7f30a42ee000-7f30a42ef000 ---p 00000000 00:00 0 
7f30a42ef000-7f30a43ef000 rw-p 00000000 00:00 0 
7f30a43ef000-7f30a43f0000 ---p 00000000 00:00 0 
7f30a43f0000-7f30a44f0000 rw-p 00000000 00:00 0 
7f30a44f0000-7f30a44f1000 ---p 00000000 00:00 0 
7f30a44f1000-7f30a45f1000 rw-p 00000000 00:00 0 
7f30a45f1000-7f30a45f2000 ---p 00000000 00:00 0 
7f30a45f2000-7f30a46f2000 rw-p 00000000 00:00 0 
7f30a46f2000-7f30a46f3000 ---p 00000000 00:00 0 
7f30a46f3000-7f30a481d000 rw-p 00000000 00:00 0 
7f30a481d000-7f30a4a84000 ---p 00000000 00:00 0 
7f30a4a84000-7f30a4aae000 rw-p 00000000 00:00 0 
7f30a4aae000-7f30a4d14000 ---p 00000000 00:00 0 
7f30a4d14000-7f30a4d5e000 rw-p 00000000 00:00 0 
7f30a4d5e000-7f30a4e5d000 ---p 00000000 00:00 0 
7f30a4e5d000-7f30a4e8f000 rw-p 00000000 00:00 0 
7f30a4e8f000-7f30a521e000 ---p 00000000 00:00 0 
7f30a521e000-7f30a5239000 r-xp 00000000 08:05 1454631                    /usr/lib/jvm/java-8-oracle/jre/lib/amd64/libzip.so
7f30a5239000-7f30a5439000 ---p 0001b000 08:05 1454631                    /usr/lib/jvm/java-8-oracle/jre/lib/amd64/libzip.so
7f30a5439000-7f30a543a000 rw-p 0001b000 08:05 1454631                    /usr/lib/jvm/java-8-oracle/jre/lib/amd64/libzip.so
7f30a543a000-7f30a5445000 r-xp 00000000 08:05 8917721                    /lib/x86_64-linux-gnu/libnss_files-2.27.so
7f30a5445000-7f30a5644000 ---p 0000b000 08:05 8917721                    /lib/x86_64-linux-gnu/libnss_files-2.27.so
7f30a5644000-7f30a5645000 r--p 0000a000 08:05 8917721                    /lib/x86_64-linux-gnu/libnss_files-2.27.so
7f30a5645000-7f30a5646000 rw-p 0000b000 08:05 8917721                    /lib/x86_64-linux-gnu/libnss_files-2.27.so
7f30a5646000-7f30a564c000 rw-p 00000000 00:00 0 
7f30a564c000-7f30a5663000 r-xp 00000000 08:05 8917715                    /lib/x86_64-linux-gnu/libnsl-2.27.so
7f30a5663000-7f30a5862000 ---p 00017000 08:05 8917715                    /lib/x86_64-linux-gnu/libnsl-2.27.so
7f30a5862000-7f30a5863000 r--p 00016000 08:05 8917715                    /lib/x86_64-linux-gnu/libnsl-2.27.so
7f30a5863000-7f30a5864000 rw-p 00017000 08:05 8917715                    /lib/x86_64-linux-gnu/libnsl-2.27.so
7f30a5864000-7f30a5866000 rw-p 00000000 00:00 0 
7f30a5866000-7f30a5871000 r-xp 00000000 08:05 8917732                    /lib/x86_64-linux-gnu/libnss_nis-2.27.so
7f30a5871000-7f30a5a70000 ---p 0000b000 08:05 8917732                    /lib/x86_64-linux-gnu/libnss_nis-2.27.so
7f30a5a70000-7f30a5a71000 r--p 0000a000 08:05 8917732                    /lib/x86_64-linux-gnu/libnss_nis-2.27.so
7f30a5a71000-7f30a5a72000 rw-p 0000b000 08:05 8917732                    /lib/x86_64-linux-gnu/libnss_nis-2.27.so
7f30a5a72000-7f30a5a7a000 r-xp 00000000 08:05 8917717                    /lib/x86_64-linux-gnu/libnss_compat-2.27.so
7f30a5a7a000-7f30a5c7a000 ---p 00008000 08:05 8917717                    /lib/x86_64-linux-gnu/libnss_compat-2.27.so
7f30a5c7a000-7f30a5c7b000 r--p 00008000 08:05 8917717                    /lib/x86_64-linux-gnu/libnss_compat-2.27.so
7f30a5c7b000-7f30a5c7c000 rw-p 00009000 08:05 8917717                    /lib/x86_64-linux-gnu/libnss_compat-2.27.so
7f30a5c7c000-7f30a5ca7000 r-xp 00000000 08:05 1454625                    /usr/lib/jvm/java-8-oracle/jre/lib/amd64/libjava.so
7f30a5ca7000-7f30a5ea6000 ---p 0002b000 08:05 1454625                    /usr/lib/jvm/java-8-oracle/jre/lib/amd64/libjava.so
7f30a5ea6000-7f30a5ea8000 rw-p 0002a000 08:05 1454625                    /usr/lib/jvm/java-8-oracle/jre/lib/amd64/libjava.so
7f30a5ea8000-7f30a5eb5000 r-xp 00000000 08:05 1454630                    /usr/lib/jvm/java-8-oracle/jre/lib/amd64/libverify.so
7f30a5eb5000-7f30a60b5000 ---p 0000d000 08:05 1454630                    /usr/lib/jvm/java-8-oracle/jre/lib/amd64/libverify.so
7f30a60b5000-7f30a60b7000 rw-p 0000d000 08:05 1454630                    /usr/lib/jvm/java-8-oracle/jre/lib/amd64/libverify.so
7f30a60b7000-7f30a60be000 r-xp 00000000 08:05 8917772                    /lib/x86_64-linux-gnu/librt-2.27.so
7f30a60be000-7f30a62bd000 ---p 00007000 08:05 8917772                    /lib/x86_64-linux-gnu/librt-2.27.so
7f30a62bd000-7f30a62be000 r--p 00006000 08:05 8917772                    /lib/x86_64-linux-gnu/librt-2.27.so
7f30a62be000-7f30a62bf000 rw-p 00007000 08:05 8917772                    /lib/x86_64-linux-gnu/librt-2.27.so
7f30a62bf000-7f30a645c000 r-xp 00000000 08:05 8917694                    /lib/x86_64-linux-gnu/libm-2.27.so
7f30a645c000-7f30a665b000 ---p 0019d000 08:05 8917694                    /lib/x86_64-linux-gnu/libm-2.27.so
7f30a665b000-7f30a665c000 r--p 0019c000 08:05 8917694                    /lib/x86_64-linux-gnu/libm-2.27.so
7f30a665c000-7f30a665d000 rw-p 0019d000 08:05 8917694                    /lib/x86_64-linux-gnu/libm-2.27.so
7f30a665d000-7f30a7339000 r-xp 00000000 08:05 1454607                    /usr/lib/jvm/java-8-oracle/jre/lib/amd64/server/libjvm.so
7f30a7339000-7f30a7539000 ---p 00cdc000 08:05 1454607                    /usr/lib/jvm/java-8-oracle/jre/lib/amd64/server/libjvm.so
7f30a7539000-7f30a7613000 rw-p 00cdc000 08:05 1454607                    /usr/lib/jvm/java-8-oracle/jre/lib/amd64/server/libjvm.so
7f30a7613000-7f30a765e000 rw-p 00000000 00:00 0 
7f30a765e000-7f30a7845000 r-xp 00000000 08:05 8917631                    /lib/x86_64-linux-gnu/libc-2.27.so
7f30a7845000-7f30a7a45000 ---p 001e7000 08:05 8917631                    /lib/x86_64-linux-gnu/libc-2.27.so
7f30a7a45000-7f30a7a49000 r--p 001e7000 08:05 8917631                    /lib/x86_64-linux-gnu/libc-2.27.so
7f30a7a49000-7f30a7a4b000 rw-p 001eb000 08:05 8917631                    /lib/x86_64-linux-gnu/libc-2.27.so
7f30a7a4b000-7f30a7a4f000 rw-p 00000000 00:00 0 
7f30a7a4f000-7f30a7a52000 r-xp 00000000 08:05 8917654                    /lib/x86_64-linux-gnu/libdl-2.27.so
7f30a7a52000-7f30a7c51000 ---p 00003000 08:05 8917654                    /lib/x86_64-linux-gnu/libdl-2.27.so
7f30a7c51000-7f30a7c52000 r--p 00002000 08:05 8917654                    /lib/x86_64-linux-gnu/libdl-2.27.so
7f30a7c52000-7f30a7c53000 rw-p 00003000 08:05 8917654                    /lib/x86_64-linux-gnu/libdl-2.27.so
7f30a7c53000-7f30a7c69000 r-xp 00000000 08:05 1327643                    /usr/lib/jvm/java-8-oracle/lib/amd64/jli/libjli.so
7f30a7c69000-7f30a7e68000 ---p 00016000 08:05 1327643                    /usr/lib/jvm/java-8-oracle/lib/amd64/jli/libjli.so
7f30a7e68000-7f30a7e69000 rw-p 00015000 08:05 1327643                    /usr/lib/jvm/java-8-oracle/lib/amd64/jli/libjli.so
7f30a7e69000-7f30a7e83000 r-xp 00000000 08:05 8917764                    /lib/x86_64-linux-gnu/libpthread-2.27.so
7f30a7e83000-7f30a8082000 ---p 0001a000 08:05 8917764                    /lib/x86_64-linux-gnu/libpthread-2.27.so
7f30a8082000-7f30a8083000 r--p 00019000 08:05 8917764                    /lib/x86_64-linux-gnu/libpthread-2.27.so
7f30a8083000-7f30a8084000 rw-p 0001a000 08:05 8917764                    /lib/x86_64-linux-gnu/libpthread-2.27.so
7f30a8084000-7f30a8088000 rw-p 00000000 00:00 0 
7f30a8088000-7f30a80af000 r-xp 00000000 08:05 8917603                    /lib/x86_64-linux-gnu/ld-2.27.so
7f30a80af000-7f30a80b0000 r--s 00002000 08:05 7343387                    /home/nduwayo/netbeans-8.2/java/maven/lib/wagon-http-shared-2.10.jar
7f30a80b0000-7f30a80b1000 r--s 00002000 08:05 7343426                    /home/nduwayo/netbeans-8.2/java/maven/lib/wagon-file-2.10.jar
7f30a80b1000-7f30a80b3000 r--s 00000000 08:05 7343119                    /home/nduwayo/netbeans-8.2/java/maven/lib/plexus-component-annotations-1.5.5.jar
7f30a80b3000-7f30a80b6000 r--s 0001d000 08:05 7343410                    /home/nduwayo/netbeans-8.2/java/maven/lib/aether-impl-1.13.1.jar
7f30a80b6000-7f30a80b8000 r--s 00002000 08:05 7343416                    /home/nduwayo/netbeans-8.2/java/maven/lib/plexus-cipher-1.7.jar
7f30a80b8000-7f30a80bc000 r--s 00013000 08:05 7343417                    /home/nduwayo/netbeans-8.2/java/maven/lib/aether-api-1.13.1.jar
7f30a80bc000-7f30a80be000 r--s 00026000 08:05 7343415                    /home/nduwayo/netbeans-8.2/java/maven/lib/maven-model-3.0.5.jar
7f30a80be000-7f30a80bf000 r--s 00003000 08:05 7343418                    /home/nduwayo/netbeans-8.2/java/maven/lib/aether-spi-1.13.1.jar
7f30a80bf000-7f30a80c1000 r--s 0000b000 08:05 7343385                    /home/nduwayo/netbeans-8.2/java/maven/lib/maven-plugin-api-3.0.5.jar
7f30a80c1000-7f30a80c3000 r--s 00009000 08:05 7343427                    /home/nduwayo/netbeans-8.2/java/maven/lib/commons-cli-1.2.jar
7f30a80c3000-7f30a80c9000 r--s 0003f000 08:05 7343412                    /home/nduwayo/netbeans-8.2/java/maven/lib/maven-compat-3.0.5.jar
7f30a80c9000-7f30a8194000 rw-p 00000000 00:00 0 
7f30a8194000-7f30a8195000 ---p 00000000 00:00 0 
7f30a8195000-7f30a8198000 ---p 00000000 00:00 0 
7f30a8198000-7f30a8297000 rw-p 00000000 00:00 0 
7f30a8297000-7f30a8299000 r--s 0000d000 08:05 7343349                    /home/nduwayo/netbeans-8.2/java/maven/lib/plexus-interpolation-1.14.jar
7f30a8299000-7f30a82a0000 r--s 0003f000 08:05 7343386                    /home/nduwayo/netbeans-8.2/java/maven/lib/sisu-inject-bean-2.3.0.jar
7f30a82a0000-7f30a82a1000 r--s 0000a000 08:05 7343398                    /home/nduwayo/netbeans-8.2/java/maven/lib/maven-embedder-3.0.5.jar
7f30a82a1000-7f30a82a3000 r--s 0000a000 08:05 7343375                    /home/nduwayo/netbeans-8.2/java/maven/boot/plexus-classworlds-2.4.jar
7f30a82a3000-7f30a82ab000 rw-s 00000000 08:05 5641538                    /tmp/hsperfdata_nduwayo/9186
7f30a82ab000-7f30a82ac000 rw-p 00000000 00:00 0 
7f30a82ac000-7f30a82ad000 ---p 00000000 00:00 0 
7f30a82ad000-7f30a82af000 rw-p 00000000 00:00 0 
7f30a82af000-7f30a82b0000 r--p 00027000 08:05 8917603                    /lib/x86_64-linux-gnu/ld-2.27.so
7f30a82b0000-7f30a82b1000 rw-p 00028000 08:05 8917603                    /lib/x86_64-linux-gnu/ld-2.27.so
7f30a82b1000-7f30a82b2000 rw-p 00000000 00:00 0 
7fff311a3000-7fff311c4000 rw-p 00000000 00:00 0                          [stack]
7fff311e4000-7fff311e7000 r--p 00000000 00:00 0                          [vvar]
7fff311e7000-7fff311e9000 r-xp 00000000 00:00 0                          [vdso]
ffffffffff600000-ffffffffff601000 r-xp 00000000 00:00 0                  [vsyscall]

VM Arguments:
jvm_args: -Dclassworlds.conf=/home/nduwayo/netbeans-8.2/java/maven/bin/m2.conf -Dmaven.home=/home/nduwayo/netbeans-8.2/java/maven 
java_command: org.codehaus.plexus.classworlds.launcher.Launcher -Dmaven.ext.class.path=/home/nduwayo/netbeans-8.2/java/maven-nblib/netbeans-eventspy.jar install
java_class_path (initial): /home/nduwayo/netbeans-8.2/java/maven/boot/plexus-classworlds-2.4.jar
Launcher Type: SUN_STANDARD

Environment Variables:
JAVA_HOME=/usr/lib/jvm/java-8-oracle
PATH=/home/nduwayo/bin:/usr/local/sbin:/usr/local/bin:/usr/sbin:/usr/bin:/sbin:/bin:/usr/games:/usr/local/games:/snap/bin:/usr/lib/jvm/java-8-oracle/bin:/usr/lib/jvm/java-8-oracle/db/bin:/usr/lib/jvm/java-8-oracle/jre/bin
USERNAME=nduwayo
LD_LIBRARY_PATH=/usr/lib/jvm/java-8-oracle/jre/lib/amd64:/usr/lib/jvm/java-8-oracle/jre/lib/i386:
SHELL=/bin/bash
DISPLAY=:0

Signal Handlers:
SIGSEGV: [libjvm.so+0xad2a40], sa_mask[0]=11111111011111111101111111111110, sa_flags=SA_RESTART|SA_SIGINFO
SIGBUS: [libjvm.so+0xad2a40], sa_mask[0]=11111111011111111101111111111110, sa_flags=SA_RESTART|SA_SIGINFO
SIGFPE: [libjvm.so+0x92a610], sa_mask[0]=11111111011111111101111111111110, sa_flags=SA_RESTART|SA_SIGINFO
SIGPIPE: [libjvm.so+0x92a610], sa_mask[0]=11111111011111111101111111111110, sa_flags=SA_RESTART|SA_SIGINFO
SIGXFSZ: [libjvm.so+0x92a610], sa_mask[0]=11111111011111111101111111111110, sa_flags=SA_RESTART|SA_SIGINFO
SIGILL: [libjvm.so+0x92a610], sa_mask[0]=11111111011111111101111111111110, sa_flags=SA_RESTART|SA_SIGINFO
SIGUSR1: SIG_DFL, sa_mask[0]=00000000000000000000000000000000, sa_flags=none
SIGUSR2: [libjvm.so+0x92be70], sa_mask[0]=00100000000000000000000000000000, sa_flags=SA_RESTART|SA_SIGINFO
SIGHUP: [libjvm.so+0x92d270], sa_mask[0]=11111111011111111101111111111110, sa_flags=SA_RESTART|SA_SIGINFO
SIGINT: SIG_IGN, sa_mask[0]=00000000000000000000000000000000, sa_flags=none
SIGTERM: [libjvm.so+0x92d270], sa_mask[0]=11111111011111111101111111111110, sa_flags=SA_RESTART|SA_SIGINFO
SIGQUIT: [libjvm.so+0x92d270], sa_mask[0]=11111111011111111101111111111110, sa_flags=SA_RESTART|SA_SIGINFO


---------------  S Y S T E M  ---------------

OS:DISTRIB_ID=Ubuntu
DISTRIB_RELEASE=18.04
DISTRIB_CODENAME=bionic
DISTRIB_DESCRIPTION="Ubuntu 18.04 LTS"

uname:Linux 4.15.0-29-generic #31-Ubuntu SMP Tue Jul 17 15:39:52 UTC 2018 x86_64
libc:glibc 2.27 NPTL 2.27 
rlimit: STACK 8192k, CORE 0k, NPROC 31289, NOFILE 1048576, AS infinity
load average:0,64 0,71 0,64

/proc/meminfo:
MemTotal:        8069016 kB
MemFree:          101588 kB
MemAvailable:       6356 kB
Buffers:            5536 kB
Cached:           210852 kB
SwapCached:        27852 kB
Active:          6665584 kB
Inactive:         846844 kB
Active(anon):    6648440 kB
Inactive(anon):   830848 kB
Active(file):      17144 kB
Inactive(file):    15996 kB
Unevictable:         228 kB
Mlocked:             228 kB
SwapTotal:       2097148 kB
SwapFree:              0 kB
Dirty:              1488 kB
Writeback:             0 kB
AnonPages:       7269304 kB
Mapped:           129312 kB
Shmem:            182892 kB
Slab:             141924 kB
SReclaimable:      48080 kB
SUnreclaim:        93844 kB
KernelStack:       32368 kB
PageTables:       151428 kB
NFS_Unstable:          0 kB
Bounce:                0 kB
WritebackTmp:          0 kB
CommitLimit:     6131656 kB
Committed_AS:   30823560 kB
VmallocTotal:   34359738367 kB
VmallocUsed:           0 kB
VmallocChunk:          0 kB
HardwareCorrupted:     0 kB
AnonHugePages:         0 kB
ShmemHugePages:        0 kB
ShmemPmdMapped:        0 kB
CmaTotal:              0 kB
CmaFree:               0 kB
HugePages_Total:       0
HugePages_Free:        0
HugePages_Rsvd:        0
HugePages_Surp:        0
Hugepagesize:       2048 kB
DirectMap4k:      339572 kB
DirectMap2M:     7950336 kB


CPU:total 8 (initial active 8) (4 cores per cpu, 2 threads per core) family 6 model 58 stepping 9, cmov, cx8, fxsr, mmx, sse, sse2, sse3, ssse3, sse4.1, sse4.2, popcnt, avx, aes, clmul, erms, ht, tsc, tscinvbit, tscinv

/proc/cpuinfo:
processor	: 0
vendor_id	: GenuineIntel
cpu family	: 6
model		: 58
model name	: Intel(R) Core(TM) i7-3720QM CPU @ 2.60GHz
stepping	: 9
microcode	: 0x1f
cpu MHz		: 3388.797
cache size	: 6144 KB
physical id	: 0
siblings	: 8
core id		: 0
cpu cores	: 4
apicid		: 0
initial apicid	: 0
fpu		: yes
fpu_exception	: yes
cpuid level	: 13
wp		: yes
flags		: fpu vme de pse tsc msr pae mce cx8 apic sep mtrr pge mca cmov pat pse36 clflush dts acpi mmx fxsr sse sse2 ss ht tm pbe syscall nx rdtscp lm constant_tsc arch_perfmon pebs bts rep_good nopl xtopology nonstop_tsc cpuid aperfmperf pni pclmulqdq dtes64 monitor ds_cpl vmx smx est tm2 ssse3 cx16 xtpr pdcm pcid sse4_1 sse4_2 x2apic popcnt tsc_deadline_timer aes xsave avx f16c rdrand lahf_lm cpuid_fault epb pti ibrs ibpb stibp tpr_shadow vnmi flexpriority ept vpid fsgsbase smep erms xsaveopt dtherm ida arat pln pts
bugs		: cpu_meltdown spectre_v1 spectre_v2 spec_store_bypass
bogomips	: 5182.85
clflush size	: 64
cache_alignment	: 64
address sizes	: 36 bits physical, 48 bits virtual
power management:

processor	: 1
vendor_id	: GenuineIntel
cpu family	: 6
model		: 58
model name	: Intel(R) Core(TM) i7-3720QM CPU @ 2.60GHz
stepping	: 9
microcode	: 0x1f
cpu MHz		: 3416.681
cache size	: 6144 KB
physical id	: 0
siblings	: 8
core id		: 1
cpu cores	: 4
apicid		: 2
initial apicid	: 2
fpu		: yes
fpu_exception	: yes
cpuid level	: 13
wp		: yes
flags		: fpu vme de pse tsc msr pae mce cx8 apic sep mtrr pge mca cmov pat pse36 clflush dts acpi mmx fxsr sse sse2 ss ht tm pbe syscall nx rdtscp lm constant_tsc arch_perfmon pebs bts rep_good nopl xtopology nonstop_tsc cpuid aperfmperf pni pclmulqdq dtes64 monitor ds_cpl vmx smx est tm2 ssse3 cx16 xtpr pdcm pcid sse4_1 sse4_2 x2apic popcnt tsc_deadline_timer aes xsave avx f16c rdrand lahf_lm cpuid_fault epb pti ibrs ibpb stibp tpr_shadow vnmi flexpriority ept vpid fsgsbase smep erms xsaveopt dtherm ida arat pln pts
bugs		: cpu_meltdown spectre_v1 spectre_v2 spec_store_bypass
bogomips	: 5182.85
clflush size	: 64
cache_alignment	: 64
address sizes	: 36 bits physical, 48 bits virtual
power management:

processor	: 2
vendor_id	: GenuineIntel
cpu family	: 6
model		: 58
model name	: Intel(R) Core(TM) i7-3720QM CPU @ 2.60GHz
stepping	: 9
microcode	: 0x1f
cpu MHz		: 3388.824
cache size	: 6144 KB
physical id	: 0
siblings	: 8
core id		: 2
cpu cores	: 4
apicid		: 4
initial apicid	: 4
fpu		: yes
fpu_exception	: yes
cpuid level	: 13
wp		: yes
flags		: fpu vme de pse tsc msr pae mce cx8 apic sep mtrr pge mca cmov pat pse36 clflush dts acpi mmx fxsr sse sse2 ss ht tm pbe syscall nx rdtscp lm constant_tsc arch_perfmon pebs bts rep_good nopl xtopology nonstop_tsc cpuid aperfmperf pni pclmulqdq dtes64 monitor ds_cpl vmx smx est tm2 ssse3 cx16 xtpr pdcm pcid sse4_1 sse4_2 x2apic popcnt tsc_deadline_timer aes xsave avx f16c rdrand lahf_lm cpuid_fault epb pti ibrs ibpb stibp tpr_shadow vnmi flexpriority ept vpid fsgsbase smep erms xsaveopt dtherm ida arat pln pts
bugs		: cpu_meltdown spectre_v1 spectre_v2 spec_store_bypass
bogomips	: 5182.85
clflush size	: 64
cache_alignment	: 64
address sizes	: 36 bits physical, 48 bits virtual
power management:

processor	: 3
vendor_id	: GenuineIntel
cpu family	: 6
model		: 58
model name	: Intel(R) Core(TM) i7-3720QM CPU @ 2.60GHz
stepping	: 9
microcode	: 0x1f
cpu MHz		: 3416.434
cache size	: 6144 KB
physical id	: 0
siblings	: 8
core id		: 3
cpu cores	: 4
apicid		: 6
initial apicid	: 6
fpu		: yes
fpu_exception	: yes
cpuid level	: 13
wp		: yes
flags		: fpu vme de pse tsc msr pae mce cx8 apic sep mtrr pge mca cmov pat pse36 clflush dts acpi mmx fxsr sse sse2 ss ht tm pbe syscall nx rdtscp lm constant_tsc arch_perfmon pebs bts rep_good nopl xtopology nonstop_tsc cpuid aperfmperf pni pclmulqdq dtes64 monitor ds_cpl vmx smx est tm2 ssse3 cx16 xtpr pdcm pcid sse4_1 sse4_2 x2apic popcnt tsc_deadline_timer aes xsave avx f16c rdrand lahf_lm cpuid_fault epb pti ibrs ibpb stibp tpr_shadow vnmi flexpriority ept vpid fsgsbase smep erms xsaveopt dtherm ida arat pln pts
bugs		: cpu_meltdown spectre_v1 spectre_v2 spec_store_bypass
bogomips	: 5182.85
clflush size	: 64
cache_alignment	: 64
address sizes	: 36 bits physical, 48 bits virtual
power management:

processor	: 4
vendor_id	: GenuineIntel
cpu family	: 6
model		: 58
model name	: Intel(R) Core(TM) i7-3720QM CPU @ 2.60GHz
stepping	: 9
microcode	: 0x1f
cpu MHz		: 3388.799
cache size	: 6144 KB
physical id	: 0
siblings	: 8
core id		: 0
cpu cores	: 4
apicid		: 1
initial apicid	: 1
fpu		: yes
fpu_exception	: yes
cpuid level	: 13
wp		: yes
flags		: fpu vme de pse tsc msr pae mce cx8 apic sep mtrr pge mca cmov pat pse36 clflush dts acpi mmx fxsr sse sse2 ss ht tm pbe syscall nx rdtscp lm constant_tsc arch_perfmon pebs bts rep_good nopl xtopology nonstop_tsc cpuid aperfmperf pni pclmulqdq dtes64 monitor ds_cpl vmx smx est tm2 ssse3 cx16 xtpr pdcm pcid sse4_1 sse4_2 x2apic popcnt tsc_deadline_timer aes xsave avx f16c rdrand lahf_lm cpuid_fault epb pti ibrs ibpb stibp tpr_shadow vnmi flexpriority ept vpid fsgsbase smep erms xsaveopt dtherm ida arat pln pts
bugs		: cpu_meltdown spectre_v1 spectre_v2 spec_store_bypass
bogomips	: 5182.85
clflush size	: 64
cache_alignment	: 64
address sizes	: 36 bits physical, 48 bits virtual
power management:

processor	: 5
vendor_id	: GenuineIntel
cpu family	: 6
model		: 58
model name	: Intel(R) Core(TM) i7-3720QM CPU @ 2.60GHz
stepping	: 9
microcode	: 0x1f
cpu MHz		: 3416.272
cache size	: 6144 KB
physical id	: 0
siblings	: 8
core id		: 1
cpu cores	: 4
apicid		: 3
initial apicid	: 3
fpu		: yes
fpu_exception	: yes
cpuid level	: 13
wp		: yes
flags		: fpu vme de pse tsc msr pae mce cx8 apic sep mtrr pge mca cmov pat pse36 clflush dts acpi mmx fxsr sse sse2 ss ht tm pbe syscall nx rdtscp lm constant_tsc arch_perfmon pebs bts rep_good nopl xtopology nonstop_tsc cpuid aperfmperf pni pclmulqdq dtes64 monitor ds_cpl vmx smx est tm2 ssse3 cx16 xtpr pdcm pcid sse4_1 sse4_2 x2apic popcnt tsc_deadline_timer aes xsave avx f16c rdrand lahf_lm cpuid_fault epb pti ibrs ibpb stibp tpr_shadow vnmi flexpriority ept vpid fsgsbase smep erms xsaveopt dtherm ida arat pln pts
bugs		: cpu_meltdown spectre_v1 spectre_v2 spec_store_bypass
bogomips	: 5182.85
clflush size	: 64
cache_alignment	: 64
address sizes	: 36 bits physical, 48 bits virtual
power management:

processor	: 6
vendor_id	: GenuineIntel
cpu family	: 6
model		: 58
model name	: Intel(R) Core(TM) i7-3720QM CPU @ 2.60GHz
stepping	: 9
microcode	: 0x1f
cpu MHz		: 3388.807
cache size	: 6144 KB
physical id	: 0
siblings	: 8
core id		: 2
cpu cores	: 4
apicid		: 5
initial apicid	: 5
fpu		: yes
fpu_exception	: yes
cpuid level	: 13
wp		: yes
flags		: fpu vme de pse tsc msr pae mce cx8 apic sep mtrr pge mca cmov pat pse36 clflush dts acpi mmx fxsr sse sse2 ss ht tm pbe syscall nx rdtscp lm constant_tsc arch_perfmon pebs bts rep_good nopl xtopology nonstop_tsc cpuid aperfmperf pni pclmulqdq dtes64 monitor ds_cpl vmx smx est tm2 ssse3 cx16 xtpr pdcm pcid sse4_1 sse4_2 x2apic popcnt tsc_deadline_timer aes xsave avx f16c rdrand lahf_lm cpuid_fault epb pti ibrs ibpb stibp tpr_shadow vnmi flexpriority ept vpid fsgsbase smep erms xsaveopt dtherm ida arat pln pts
bugs		: cpu_meltdown spectre_v1 spectre_v2 spec_store_bypass
bogomips	: 5182.85
clflush size	: 64
cache_alignment	: 64
address sizes	: 36 bits physical, 48 bits virtual
power management:

processor	: 7
vendor_id	: GenuineIntel
cpu family	: 6
model		: 58
model name	: Intel(R) Core(TM) i7-3720QM CPU @ 2.60GHz
stepping	: 9
microcode	: 0x1f
cpu MHz		: 3415.976
cache size	: 6144 KB
physical id	: 0
siblings	: 8
core id		: 3
cpu cores	: 4
apicid		: 7
initial apicid	: 7
fpu		: yes
fpu_exception	: yes
cpuid level	: 13
wp		: yes
flags		: fpu vme de pse tsc msr pae mce cx8 apic sep mtrr pge mca cmov pat pse36 clflush dts acpi mmx fxsr sse sse2 ss ht tm pbe syscall nx rdtscp lm constant_tsc arch_perfmon pebs bts rep_good nopl xtopology nonstop_tsc cpuid aperfmperf pni pclmulqdq dtes64 monitor ds_cpl vmx smx est tm2 ssse3 cx16 xtpr pdcm pcid sse4_1 sse4_2 x2apic popcnt tsc_deadline_timer aes xsave avx f16c rdrand lahf_lm cpuid_fault epb pti ibrs ibpb stibp tpr_shadow vnmi flexpriority ept vpid fsgsbase smep erms xsaveopt dtherm ida arat pln pts
bugs		: cpu_meltdown spectre_v1 spectre_v2 spec_store_bypass
bogomips	: 5182.85
clflush size	: 64
cache_alignment	: 64
address sizes	: 36 bits physical, 48 bits virtual
power management:



Memory: 4k page, physical 8069016k(105332k free), swap 2097148k(0k free)

vm_info: Java HotSpot(TM) 64-Bit Server VM (25.181-b13) for linux-amd64 JRE (1.8.0_181-b13), built on Jul  7 2018 00:56:38 by "java_re" with gcc 4.3.0 20080428 (Red Hat 4.3.0-8)

time: Thu Jul 26 13:19:38 2018
elapsed time: 7 seconds (0d 0h 0m 7s)

