#
# There is insufficient memory for the Java Runtime Environment to continue.
# Native memory allocation (mmap) failed to map 241696768 bytes for committing reserved memory.
# Possible reasons:
#   The system is out of physical RAM or swap space
#   In 32 bit mode, the process size limit was hit
# Possible solutions:
#   Reduce memory load on the system
#   Increase physical memory or swap space
#   Check if swap backing store is full
#   Use 64 bit Java on a 64 bit OS
#   Decrease Java heap size (-Xmx/-Xms)
#   Decrease number of Java threads
#   Decrease Java thread stack sizes (-Xss)
#   Set larger code cache with -XX:ReservedCodeCacheSize=
# This output file may be truncated or incomplete.
#
#  Out of Memory Error (os_linux.cpp:2640), pid=13487, tid=0x00007f095dfe7700
#
# JRE version: Java(TM) SE Runtime Environment (8.0_171-b11) (build 1.8.0_171-b11)
# Java VM: Java HotSpot(TM) 64-Bit Server VM (25.171-b11 mixed mode linux-amd64 compressed oops)
# Failed to write core dump. Core dumps have been disabled. To enable core dumping, try "ulimit -c unlimited" before starting Java again
#

---------------  T H R E A D  ---------------

Current thread (0x00007f097c081800):  VMThread [stack: 0x00007f095dee8000,0x00007f095dfe8000] [id=13498]

Stack: [0x00007f095dee8000,0x00007f095dfe8000],  sp=0x00007f095dfe5f80,  free space=1015k
Native frames: (J=compiled Java code, j=interpreted, Vv=VM code, C=native code)
V  [libjvm.so+0xacfffa]  VMError::report_and_die()+0x2ba
V  [libjvm.so+0x5005cb]  report_vm_out_of_memory(char const*, int, unsigned long, VMErrorType, char const*)+0x8b
V  [libjvm.so+0x92dd93]  os::Linux::commit_memory_impl(char*, unsigned long, bool)+0x123
V  [libjvm.so+0x92dfb9]  os::pd_commit_memory(char*, unsigned long, unsigned long, bool)+0x29
V  [libjvm.so+0x92527a]  os::commit_memory(char*, unsigned long, unsigned long, bool)+0x2a
V  [libjvm.so+0x99b223]  PSVirtualSpace::expand_by(unsigned long)+0x53
V  [libjvm.so+0x99c628]  PSYoungGen::resize_generation(unsigned long, unsigned long)+0xf8
V  [libjvm.so+0x99b782]  PSYoungGen::resize(unsigned long, unsigned long)+0x22
V  [libjvm.so+0x998a5b]  PSScavenge::invoke_no_policy()+0xf3b
V  [libjvm.so+0x9991e1]  PSScavenge::invoke()+0x41
V  [libjvm.so+0xad1c1d]  VM_ParallelGCSystemGC::doit()+0x10d
V  [libjvm.so+0xad9595]  VM_Operation::evaluate()+0x55
V  [libjvm.so+0xad795a]  VMThread::evaluate_operation(VM_Operation*)+0xba
V  [libjvm.so+0xad7cde]  VMThread::loop()+0x1ce
V  [libjvm.so+0xad8150]  VMThread::run()+0x70
V  [libjvm.so+0x92e0f8]  java_start(Thread*)+0x108

VM_Operation (0x00007f09542f61a0): ParallelGCSystemGC, mode: safepoint, requested by thread 0x00007f097c3fd000


---------------  P R O C E S S  ---------------

Java Threads: ( => current thread )
  0x00007f097c40b000 JavaThread "pool-1-thread-8" [_thread_blocked, id=13548, stack(0x00007f09477fc000,0x00007f09478fd000)]
  0x00007f097c409000 JavaThread "pool-1-thread-7" [_thread_blocked, id=13547, stack(0x00007f09478fd000,0x00007f09479fe000)]
  0x00007f097c407800 JavaThread "pool-1-thread-6" [_thread_blocked, id=13546, stack(0x00007f09479fe000,0x00007f0947aff000)]
  0x00007f097c407000 JavaThread "pool-1-thread-5" [_thread_blocked, id=13545, stack(0x00007f0947aff000,0x00007f0947c00000)]
  0x00007f097c406000 JavaThread "pool-1-thread-4" [_thread_blocked, id=13544, stack(0x00007f09540f6000,0x00007f09541f7000)]
  0x00007f097c3fd000 JavaThread "pool-1-thread-3" [_thread_blocked, id=13543, stack(0x00007f09541f7000,0x00007f09542f8000)]
  0x00007f097c3fc800 JavaThread "pool-1-thread-2" [_thread_blocked, id=13542, stack(0x00007f09545f9000,0x00007f09546fa000)]
  0x00007f097cef9800 JavaThread "pool-1-thread-1" [_thread_blocked, id=13541, stack(0x00007f09546fa000,0x00007f09547fb000)]
  0x00007f097ce44000 JavaThread "resolver-4" daemon [_thread_blocked, id=13516, stack(0x00007f09547fb000,0x00007f09548fc000)]
  0x00007f097cd6a800 JavaThread "resolver-3" daemon [_thread_blocked, id=13515, stack(0x00007f09548fc000,0x00007f09549fd000)]
  0x00007f097ce3a800 JavaThread "resolver-2" daemon [_thread_blocked, id=13514, stack(0x00007f09549fd000,0x00007f0954afe000)]
  0x00007f097d219000 JavaThread "resolver-1" daemon [_thread_blocked, id=13513, stack(0x00007f0954afe000,0x00007f0954bff000)]
  0x00007f097c6a2800 JavaThread "process reaper" daemon [_thread_blocked, id=13509, stack(0x00007f095c74b000,0x00007f095c784000)]
  0x00007f097c0d4000 JavaThread "Service Thread" daemon [_thread_blocked, id=13506, stack(0x00007f095cd10000,0x00007f095ce11000)]
  0x00007f097c0c9000 JavaThread "C1 CompilerThread3" daemon [_thread_blocked, id=13505, stack(0x00007f095ce12000,0x00007f095cf12000)]
  0x00007f097c0c7000 JavaThread "C2 CompilerThread2" daemon [_thread_blocked, id=13504, stack(0x00007f095cf13000,0x00007f095d013000)]
  0x00007f097c0c5000 JavaThread "C2 CompilerThread1" daemon [_thread_blocked, id=13503, stack(0x00007f095d014000,0x00007f095d114000)]
  0x00007f097c0c2800 JavaThread "C2 CompilerThread0" daemon [_thread_blocked, id=13502, stack(0x00007f095d115000,0x00007f095d215000)]
  0x00007f097c0c1000 JavaThread "Signal Dispatcher" daemon [_thread_blocked, id=13501, stack(0x00007f095d215000,0x00007f095d316000)]
  0x00007f097c08d800 JavaThread "Finalizer" daemon [_thread_blocked, id=13500, stack(0x00007f095dce5000,0x00007f095dde6000)]
  0x00007f097c089000 JavaThread "Reference Handler" daemon [_thread_blocked, id=13499, stack(0x00007f095dde6000,0x00007f095dee7000)]
  0x00007f097c00b000 JavaThread "main" [_thread_blocked, id=13489, stack(0x00007f09839e1000,0x00007f0983ae1000)]

Other Threads:
=>0x00007f097c081800 VMThread [stack: 0x00007f095dee8000,0x00007f095dfe8000] [id=13498]
  0x00007f097c0d9000 WatcherThread [stack: 0x00007f095cc10000,0x00007f095cd10000] [id=13507]

VM state:at safepoint (normal execution)

VM Mutex/Monitor currently owned by a thread:  ([mutex/lock_event])
[0x00007f097c007b30] Threads_lock - owner thread: 0x00007f097c081800
[0x00007f097c008030] Heap_lock - owner thread: 0x00007f097c3fd000

Heap:
 PSYoungGen      total 274432K, used 20460K [0x00000000d6f80000, 0x00000000e8f80000, 0x0000000100000000)
  eden space 253952K, 0% used [0x00000000d6f80000,0x00000000d6f80000,0x00000000e6780000)
  from space 20480K, 99% used [0x00000000e6780000,0x00000000e7b7b030,0x00000000e7b80000)
  to   space 19456K, 0% used [0x00000000e7c80000,0x00000000e7c80000,0x00000000e8f80000)
 ParOldGen       total 160256K, used 160000K [0x0000000084e00000, 0x000000008ea80000, 0x00000000d6f80000)
  object space 160256K, 99% used [0x0000000084e00000,0x000000008ea40008,0x000000008ea80000)
 Metaspace       used 25530K, capacity 26250K, committed 26496K, reserved 1073152K
  class space    used 2943K, capacity 3164K, committed 3200K, reserved 1048576K

Card table byte_map: [0x00007f09802d4000,0x00007f09806ae000] byte_map_base: 0x00007f097fead000

Marking Bits: (ParMarkBitMap*) 0x00007f0982e7d280
 Begin Bits: [0x00007f0964270000, 0x00007f0966138000)
 End Bits:   [0x00007f0966138000, 0x00007f0968000000)

Polling page: 0x00007f0983af8000

CodeCache: size=245760Kb used=18473Kb max_used=18478Kb free=227286Kb
 bounds [0x00007f096d000000, 0x00007f096e220000, 0x00007f097c000000]
 total_blobs=5370 nmethods=4974 adapters=308
 compilation: enabled

Compilation events (10 events):
Event: 8,104 Thread 0x00007f097c0c2800 nmethod 5296 0x00007f096e214e50 code [0x00007f096e214fe0, 0x00007f096e215a28]
Event: 8,108 Thread 0x00007f097c0c7000 nmethod 5295 0x00007f096e2185d0 code [0x00007f096e218780, 0x00007f096e219428]
Event: 8,119 Thread 0x00007f097c0c5000 5297       4       org.apache.commons.compress.archivers.zip.StreamCompressor::write (59 bytes)
Event: 8,120 Thread 0x00007f097c0c5000 nmethod 5297 0x00007f096e214890 code [0x00007f096e214a00, 0x00007f096e214c08]
Event: 8,168 Thread 0x00007f097c0c9000 5298       3       java.io.FileInputStream::<init> (110 bytes)
Event: 8,169 Thread 0x00007f097c0c9000 nmethod 5298 0x00007f096e2163d0 code [0x00007f096e2165e0, 0x00007f096e217018]
Event: 8,207 Thread 0x00007f097c0c9000 5299       3       java.util.Vector$1::hasMoreElements (20 bytes)
Event: 8,207 Thread 0x00007f097c0c9000 nmethod 5299 0x00007f096e215f90 code [0x00007f096e216100, 0x00007f096e2162b0]
Event: 8,294 Thread 0x00007f097c0c9000 5300       3       java.io.SequenceInputStream::nextStream (63 bytes)
Event: 8,294 Thread 0x00007f097c0c9000 nmethod 5300 0x00007f096e217c50 code [0x00007f096e217e00, 0x00007f096e218438]

GC Heap History (10 events):
Event: 1,946 GC heap after
Heap after GC invocations=5 (full 0):
 PSYoungGen      total 68608K, used 5088K [0x00000000d6f80000, 0x00000000dfd80000, 0x0000000100000000)
  eden space 63488K, 0% used [0x00000000d6f80000,0x00000000d6f80000,0x00000000dad80000)
  from space 5120K, 99% used [0x00000000dad80000,0x00000000db278020,0x00000000db280000)
  to   space 9216K, 0% used [0x00000000df480000,0x00000000df480000,0x00000000dfd80000)
 ParOldGen       total 84992K, used 7657K [0x0000000084e00000, 0x000000008a100000, 0x00000000d6f80000)
  object space 84992K, 9% used [0x0000000084e00000,0x000000008557a630,0x000000008a100000)
 Metaspace       used 14056K, capacity 14440K, committed 14592K, reserved 1062912K
  class space    used 1658K, capacity 1772K, committed 1792K, reserved 1048576K
}
Event: 2,422 GC heap before
{Heap before GC invocations=6 (full 0):
 PSYoungGen      total 68608K, used 68576K [0x00000000d6f80000, 0x00000000dfd80000, 0x0000000100000000)
  eden space 63488K, 100% used [0x00000000d6f80000,0x00000000dad80000,0x00000000dad80000)
  from space 5120K, 99% used [0x00000000dad80000,0x00000000db278020,0x00000000db280000)
  to   space 9216K, 0% used [0x00000000df480000,0x00000000df480000,0x00000000dfd80000)
 ParOldGen       total 84992K, used 7657K [0x0000000084e00000, 0x000000008a100000, 0x00000000d6f80000)
  object space 84992K, 9% used [0x0000000084e00000,0x000000008557a630,0x000000008a100000)
 Metaspace       used 14719K, capacity 15142K, committed 15488K, reserved 1062912K
  class space    used 1726K, capacity 1813K, committed 1920K, reserved 1048576K
Event: 2,430 GC heap after
Heap after GC invocations=6 (full 0):
 PSYoungGen      total 136192K, used 7536K [0x00000000d6f80000, 0x00000000dfd80000, 0x0000000100000000)
  eden space 126976K, 0% used [0x00000000d6f80000,0x00000000d6f80000,0x00000000deb80000)
  from space 9216K, 81% used [0x00000000df480000,0x00000000dfbdc010,0x00000000dfd80000)
  to   space 9216K, 0% used [0x00000000deb80000,0x00000000deb80000,0x00000000df480000)
 ParOldGen       total 84992K, used 7657K [0x0000000084e00000, 0x000000008a100000, 0x00000000d6f80000)
  object space 84992K, 9% used [0x0000000084e00000,0x000000008557a630,0x000000008a100000)
 Metaspace       used 14719K, capacity 15142K, committed 15488K, reserved 1062912K
  class space    used 1726K, capacity 1813K, committed 1920K, reserved 1048576K
}
Event: 4,433 GC heap before
{Heap before GC invocations=7 (full 0):
 PSYoungGen      total 136192K, used 134512K [0x00000000d6f80000, 0x00000000dfd80000, 0x0000000100000000)
  eden space 126976K, 100% used [0x00000000d6f80000,0x00000000deb80000,0x00000000deb80000)
  from space 9216K, 81% used [0x00000000df480000,0x00000000dfbdc010,0x00000000dfd80000)
  to   space 9216K, 0% used [0x00000000deb80000,0x00000000deb80000,0x00000000df480000)
 ParOldGen       total 84992K, used 7657K [0x0000000084e00000, 0x000000008a100000, 0x00000000d6f80000)
  object space 84992K, 9% used [0x0000000084e00000,0x000000008557a630,0x000000008a100000)
 Metaspace       used 19696K, capacity 20138K, committed 20224K, reserved 1067008K
  class space    used 2333K, capacity 2477K, committed 2560K, reserved 1048576K
Event: 4,592 GC heap after
Heap after GC invocations=7 (full 0):
 PSYoungGen      total 136192K, used 9190K [0x00000000d6f80000, 0x00000000e9180000, 0x0000000100000000)
  eden space 126976K, 0% used [0x00000000d6f80000,0x00000000d6f80000,0x00000000deb80000)
  from space 9216K, 99% used [0x00000000deb80000,0x00000000df479ab8,0x00000000df480000)
  to   space 21504K, 0% used [0x00000000e7c80000,0x00000000e7c80000,0x00000000e9180000)
 ParOldGen       total 84992K, used 30649K [0x0000000084e00000, 0x000000008a100000, 0x00000000d6f80000)
  object space 84992K, 36% used [0x0000000084e00000,0x0000000086bee648,0x000000008a100000)
 Metaspace       used 19696K, capacity 20138K, committed 20224K, reserved 1067008K
  class space    used 2333K, capacity 2477K, committed 2560K, reserved 1048576K
}
Event: 5,045 GC heap before
{Heap before GC invocations=8 (full 0):
 PSYoungGen      total 136192K, used 26983K [0x00000000d6f80000, 0x00000000e9180000, 0x0000000100000000)
  eden space 126976K, 14% used [0x00000000d6f80000,0x00000000d80e0380,0x00000000deb80000)
  from space 9216K, 99% used [0x00000000deb80000,0x00000000df479ab8,0x00000000df480000)
  to   space 21504K, 0% used [0x00000000e7c80000,0x00000000e7c80000,0x00000000e9180000)
 ParOldGen       total 84992K, used 30649K [0x0000000084e00000, 0x000000008a100000, 0x00000000d6f80000)
  object space 84992K, 36% used [0x0000000084e00000,0x0000000086bee648,0x000000008a100000)
 Metaspace       used 20686K, capacity 21162K, committed 21296K, reserved 1069056K
  class space    used 2443K, capacity 2605K, committed 2688K, reserved 1048576K
Event: 5,052 GC heap after
Heap after GC invocations=8 (full 0):
 PSYoungGen      total 273408K, used 9419K [0x00000000d6f80000, 0x00000000e8f80000, 0x0000000100000000)
  eden space 253952K, 0% used [0x00000000d6f80000,0x00000000d6f80000,0x00000000e6780000)
  from space 19456K, 48% used [0x00000000e7c80000,0x00000000e85b2ce8,0x00000000e8f80000)
  to   space 20480K, 0% used [0x00000000e6780000,0x00000000e6780000,0x00000000e7b80000)
 ParOldGen       total 84992K, used 32017K [0x0000000084e00000, 0x000000008a100000, 0x00000000d6f80000)
  object space 84992K, 37% used [0x0000000084e00000,0x0000000086d44648,0x000000008a100000)
 Metaspace       used 20686K, capacity 21162K, committed 21296K, reserved 1069056K
  class space    used 2443K, capacity 2605K, committed 2688K, reserved 1048576K
}
Event: 5,052 GC heap before
{Heap before GC invocations=9 (full 1):
 PSYoungGen      total 273408K, used 9419K [0x00000000d6f80000, 0x00000000e8f80000, 0x0000000100000000)
  eden space 253952K, 0% used [0x00000000d6f80000,0x00000000d6f80000,0x00000000e6780000)
  from space 19456K, 48% used [0x00000000e7c80000,0x00000000e85b2ce8,0x00000000e8f80000)
  to   space 20480K, 0% used [0x00000000e6780000,0x00000000e6780000,0x00000000e7b80000)
 ParOldGen       total 84992K, used 32017K [0x0000000084e00000, 0x000000008a100000, 0x00000000d6f80000)
  object space 84992K, 37% used [0x0000000084e00000,0x0000000086d44648,0x000000008a100000)
 Metaspace       used 20686K, capacity 21162K, committed 21296K, reserved 1069056K
  class space    used 2443K, capacity 2605K, committed 2688K, reserved 1048576K
Event: 5,127 GC heap after
Heap after GC invocations=9 (full 1):
 PSYoungGen      total 273408K, used 0K [0x00000000d6f80000, 0x00000000e8f80000, 0x0000000100000000)
  eden space 253952K, 0% used [0x00000000d6f80000,0x00000000d6f80000,0x00000000e6780000)
  from space 19456K, 0% used [0x00000000e7c80000,0x00000000e7c80000,0x00000000e8f80000)
  to   space 20480K, 0% used [0x00000000e6780000,0x00000000e6780000,0x00000000e7b80000)
 ParOldGen       total 89600K, used 33376K [0x0000000084e00000, 0x000000008a580000, 0x00000000d6f80000)
  object space 89600K, 37% used [0x0000000084e00000,0x0000000086e980f8,0x000000008a580000)
 Metaspace       used 20686K, capacity 21162K, committed 21296K, reserved 1069056K
  class space    used 2443K, capacity 2605K, committed 2688K, reserved 1048576K
}
Event: 8,450 GC heap before
{Heap before GC invocations=10 (full 1):
 PSYoungGen      total 273408K, used 247807K [0x00000000d6f80000, 0x00000000e8f80000, 0x0000000100000000)
  eden space 253952K, 97% used [0x00000000d6f80000,0x00000000e617ff18,0x00000000e6780000)
  from space 19456K, 0% used [0x00000000e7c80000,0x00000000e7c80000,0x00000000e8f80000)
  to   space 20480K, 0% used [0x00000000e6780000,0x00000000e6780000,0x00000000e7b80000)
 ParOldGen       total 89600K, used 43141K [0x0000000084e00000, 0x000000008a580000, 0x00000000d6f80000)
  object space 89600K, 48% used [0x0000000084e00000,0x0000000087821788,0x000000008a580000)
 Metaspace       used 25530K, capacity 26250K, committed 26496K, reserved 1073152K
  class space    used 2943K, capacity 3164K, committed 3200K, reserved 1048576K

Deoptimization events (10 events):
Event: 6,437 Thread 0x00007f097c00b000 Uncommon trap: reason=class_check action=maybe_recompile pc=0x00007f096db206d4 method=java.util.Hashtable.clone()Ljava/lang/Object; @ 4
Event: 6,437 Thread 0x00007f097c00b000 Uncommon trap: reason=unstable_if action=reinterpret pc=0x00007f096dc1be24 method=java.lang.CharacterDataLatin1.isWhitespace(I)Z @ 14
Event: 6,438 Thread 0x00007f097c00b000 Uncommon trap: reason=unstable_if action=reinterpret pc=0x00007f096d319860 method=java.lang.CharacterDataLatin1.isWhitespace(I)Z @ 14
Event: 6,452 Thread 0x00007f097c00b000 Uncommon trap: reason=predicate action=maybe_recompile pc=0x00007f096dcc2d00 method=java.lang.String.regionMatches(ZILjava/lang/String;II)Z @ 63
Event: 6,466 Thread 0x00007f097c00b000 Uncommon trap: reason=unstable_if action=reinterpret pc=0x00007f096d724d58 method=java.util.regex.Pattern.compile()V @ 320
Event: 6,913 Thread 0x00007f097c00b000 Uncommon trap: reason=unstable_if action=reinterpret pc=0x00007f096d604e6c method=org.codehaus.plexus.util.SelectorUtils.matchAntPathPattern([[C[[CZ)Z @ 27
Event: 7,745 Thread 0x00007f097c00b000 Uncommon trap: reason=unstable_if action=reinterpret pc=0x00007f096d5ae6f0 method=java.io.UnixFileSystem.resolve(Ljava/lang/String;Ljava/lang/String;)Ljava/lang/String; @ 6
Event: 7,870 Thread 0x00007f097c00b000 Uncommon trap: reason=unstable_if action=reinterpret pc=0x00007f096d162fb0 method=java.lang.StringCoding$StringEncoder.encode([CII)[B @ 20
Event: 7,871 Thread 0x00007f097c00b000 Uncommon trap: reason=unstable_if action=reinterpret pc=0x00007f096d2a070c method=java.lang.StringCoding$StringEncoder.encode([CII)[B @ 20
Event: 8,056 Thread 0x00007f097c00b000 Uncommon trap: reason=unstable_if action=reinterpret pc=0x00007f096e20727c method=java.util.Date.normalize()Lsun/util/calendar/BaseCalendar$Date; @ 45

Classes redefined (0 events):
No events

Internal exceptions (10 events):
Event: 2,366 Thread 0x00007f097c00b000 Implicit null exception at 0x00007f096d9ad656 to 0x00007f096d9ad715
Event: 2,460 Thread 0x00007f097c00b000 Exception <a 'java/lang/NoClassDefFoundError': org/slf4j/Logger> (0x00000000d7219050) thrown at [/HUDSON/workspace/8-2-build-linux-amd64/jdk8u171/10807/hotspot/src/share/vm/oops/constantPool.cpp, line 235]
Event: 2,715 Thread 0x00007f097c00b000 Exception <a 'java/lang/NoClassDefFoundError': org/slf4j/Logger> (0x00000000d95ee8c8) thrown at [/HUDSON/workspace/8-2-build-linux-amd64/jdk8u171/10807/hotspot/src/share/vm/oops/constantPool.cpp, line 235]
Event: 2,794 Thread 0x00007f097c00b000 Exception <a 'java/lang/ClassNotFoundException': com/sun/tools/javac/api/JavacTool> (0x00000000d996e138) thrown at [/HUDSON/workspace/8-2-build-linux-amd64/jdk8u171/10807/hotspot/src/share/vm/classfile/systemDictionary.cpp, line 210]
Event: 4,028 Thread 0x00007f097c00b000 Exception <a 'java/io/FileNotFoundException'> (0x00000000dd0c48c8) thrown at [/HUDSON/workspace/8-2-build-linux-amd64/jdk8u171/10807/hotspot/src/share/vm/prims/jni.cpp, line 709]
Event: 4,053 Thread 0x00007f097c00b000 Exception <a 'java/io/FileNotFoundException'> (0x00000000dd0f9b28) thrown at [/HUDSON/workspace/8-2-build-linux-amd64/jdk8u171/10807/hotspot/src/share/vm/prims/jni.cpp, line 709]
Event: 5,499 Thread 0x00007f097c00b000 Exception <a 'java/lang/NoClassDefFoundError': org/slf4j/Logger> (0x00000000d925da90) thrown at [/HUDSON/workspace/8-2-build-linux-amd64/jdk8u171/10807/hotspot/src/share/vm/oops/constantPool.cpp, line 235]
Event: 5,552 Thread 0x00007f097ce3a800 Implicit null exception at 0x00007f096d9ae1c8 to 0x00007f096d9ae281
Event: 5,560 Thread 0x00007f097c00b000 Implicit null exception at 0x00007f096e0aa661 to 0x00007f096e0ac69d
Event: 6,371 Thread 0x00007f097c00b000 Exception <a 'java/lang/NoClassDefFoundError': org/slf4j/Logger> (0x00000000dc69e248) thrown at [/HUDSON/workspace/8-2-build-linux-amd64/jdk8u171/10807/hotspot/src/share/vm/oops/constantPool.cpp, line 235]

Events (10 events):
Event: 8,057 loading class org/apache/commons/compress/archivers/zip/UnsupportedZipFeatureException done
Event: 8,057 loading class org/apache/commons/compress/archivers/zip/UnsupportedZipFeatureException
Event: 8,057 loading class org/apache/commons/compress/archivers/zip/UnsupportedZipFeatureException done
Event: 8,058 loading class org/apache/commons/compress/archivers/zip/ZipMethod
Event: 8,058 loading class org/apache/commons/compress/archivers/zip/ZipMethod done
Event: 8,058 loading class org/apache/commons/compress/archivers/zip/ZipMethod
Event: 8,058 loading class org/apache/commons/compress/archivers/zip/ZipMethod done
Event: 8,444 Executing VM operation: ParallelGCFailedAllocation
Event: 8,446 Executing VM operation: ParallelGCFailedAllocation done
Event: 8,447 Executing VM operation: ParallelGCSystemGC


Dynamic libraries:
00400000-00401000 r-xp 00000000 08:05 1321545                            /usr/lib/jvm/java-8-oracle/bin/java
00600000-00601000 rw-p 00000000 08:05 1321545                            /usr/lib/jvm/java-8-oracle/bin/java
0123f000-01260000 rw-p 00000000 00:00 0                                  [heap]
84e00000-8ea80000 rw-p 00000000 00:00 0 
8ea80000-d6f80000 ---p 00000000 00:00 0 
d6f80000-e8f80000 rw-p 00000000 00:00 0 
f7600000-100000000 ---p 00000000 00:00 0 
100000000-100320000 rw-p 00000000 00:00 0 
100320000-140000000 ---p 00000000 00:00 0 
7f08e0000000-7f08e0043000 rw-p 00000000 00:00 0 
7f08e0043000-7f08e4000000 ---p 00000000 00:00 0 
7f08e4000000-7f08e4043000 rw-p 00000000 00:00 0 
7f08e4043000-7f08e8000000 ---p 00000000 00:00 0 
7f08e8000000-7f08e8043000 rw-p 00000000 00:00 0 
7f08e8043000-7f08ec000000 ---p 00000000 00:00 0 
7f08ec000000-7f08ec043000 rw-p 00000000 00:00 0 
7f08ec043000-7f08f0000000 ---p 00000000 00:00 0 
7f08f0000000-7f08f0047000 rw-p 00000000 00:00 0 
7f08f0047000-7f08f4000000 ---p 00000000 00:00 0 
7f08f4000000-7f08f4043000 rw-p 00000000 00:00 0 
7f08f4043000-7f08f8000000 ---p 00000000 00:00 0 
7f08f8000000-7f08f8046000 rw-p 00000000 00:00 0 
7f08f8046000-7f08fc000000 ---p 00000000 00:00 0 
7f08fc000000-7f08fc043000 rw-p 00000000 00:00 0 
7f08fc043000-7f0900000000 ---p 00000000 00:00 0 
7f0900000000-7f0900021000 rw-p 00000000 00:00 0 
7f0900021000-7f0904000000 ---p 00000000 00:00 0 
7f0904000000-7f0904021000 rw-p 00000000 00:00 0 
7f0904021000-7f0908000000 ---p 00000000 00:00 0 
7f0908000000-7f0908021000 rw-p 00000000 00:00 0 
7f0908021000-7f090c000000 ---p 00000000 00:00 0 
7f090c000000-7f090c021000 rw-p 00000000 00:00 0 
7f090c021000-7f0910000000 ---p 00000000 00:00 0 
7f0910000000-7f0910021000 rw-p 00000000 00:00 0 
7f0910021000-7f0914000000 ---p 00000000 00:00 0 
7f0914000000-7f0914021000 rw-p 00000000 00:00 0 
7f0914021000-7f0918000000 ---p 00000000 00:00 0 
7f0918000000-7f0919817000 rw-p 00000000 00:00 0 
7f0919817000-7f091c000000 ---p 00000000 00:00 0 
7f091c000000-7f091d012000 rw-p 00000000 00:00 0 
7f091d012000-7f0920000000 ---p 00000000 00:00 0 
7f0920000000-7f0921881000 rw-p 00000000 00:00 0 
7f0921881000-7f0924000000 ---p 00000000 00:00 0 
7f0924000000-7f09251b0000 rw-p 00000000 00:00 0 
7f09251b0000-7f0928000000 ---p 00000000 00:00 0 
7f0928000000-7f0928021000 rw-p 00000000 00:00 0 
7f0928021000-7f092c000000 ---p 00000000 00:00 0 
7f092c000000-7f092c021000 rw-p 00000000 00:00 0 
7f092c021000-7f0930000000 ---p 00000000 00:00 0 
7f0930000000-7f0930290000 rw-p 00000000 00:00 0 
7f0930290000-7f0934000000 ---p 00000000 00:00 0 
7f0934000000-7f0934021000 rw-p 00000000 00:00 0 
7f0934021000-7f0938000000 ---p 00000000 00:00 0 
7f0938000000-7f0938021000 rw-p 00000000 00:00 0 
7f0938021000-7f093c000000 ---p 00000000 00:00 0 
7f093c000000-7f093c021000 rw-p 00000000 00:00 0 
7f093c021000-7f0940000000 ---p 00000000 00:00 0 
7f0940000000-7f0940021000 rw-p 00000000 00:00 0 
7f0940021000-7f0944000000 ---p 00000000 00:00 0 
7f09477fc000-7f09477ff000 ---p 00000000 00:00 0 
7f09477ff000-7f09478fd000 rw-p 00000000 00:00 0 
7f09478fd000-7f0947900000 ---p 00000000 00:00 0 
7f0947900000-7f09479fe000 rw-p 00000000 00:00 0 
7f09479fe000-7f0947a01000 ---p 00000000 00:00 0 
7f0947a01000-7f0947aff000 rw-p 00000000 00:00 0 
7f0947aff000-7f0947b02000 ---p 00000000 00:00 0 
7f0947b02000-7f0947cc0000 rw-p 00000000 00:00 0 
7f0947cc0000-7f0947e00000 ---p 00000000 00:00 0 
7f0947e00000-7f0948000000 rw-p 00000000 00:00 0 
7f0948000000-7f0948021000 rw-p 00000000 00:00 0 
7f0948021000-7f094c000000 ---p 00000000 00:00 0 
7f094c000000-7f094c021000 rw-p 00000000 00:00 0 
7f094c021000-7f0950000000 ---p 00000000 00:00 0 
7f0950000000-7f0950021000 rw-p 00000000 00:00 0 
7f0950021000-7f0954000000 ---p 00000000 00:00 0 
7f09540f6000-7f09540f9000 ---p 00000000 00:00 0 
7f09540f9000-7f09541f7000 rw-p 00000000 00:00 0 
7f09541f7000-7f09541fa000 ---p 00000000 00:00 0 
7f09541fa000-7f09544f8000 rw-p 00000000 00:00 0 
7f09544f8000-7f09544ff000 r--s 00000000 08:05 1575539                    /usr/lib/x86_64-linux-gnu/gconv/gconv-modules.cache
7f09544ff000-7f0954525000 r--p 00000000 08:05 2101115                    /usr/share/locale-langpack/fr/LC_MESSAGES/libc.mo
7f09545f9000-7f09545fc000 ---p 00000000 00:00 0 
7f09545fc000-7f09546fa000 rw-p 00000000 00:00 0 
7f09546fa000-7f09546fd000 ---p 00000000 00:00 0 
7f09546fd000-7f09547fb000 rw-p 00000000 00:00 0 
7f09547fb000-7f09547fe000 ---p 00000000 00:00 0 
7f09547fe000-7f09548fc000 rw-p 00000000 00:00 0 
7f09548fc000-7f09548ff000 ---p 00000000 00:00 0 
7f09548ff000-7f09549fd000 rw-p 00000000 00:00 0 
7f09549fd000-7f0954a00000 ---p 00000000 00:00 0 
7f0954a00000-7f0954afe000 rw-p 00000000 00:00 0 
7f0954afe000-7f0954b01000 ---p 00000000 00:00 0 
7f0954b01000-7f0954dff000 rw-p 00000000 00:00 0 
7f0954dff000-7f0954fff000 rw-p 00000000 00:00 0 
7f0954fff000-7f0958000000 rw-p 00000000 00:00 0 
7f0958000000-7f0958021000 rw-p 00000000 00:00 0 
7f0958021000-7f095c000000 ---p 00000000 00:00 0 
7f095c013000-7f095c014000 r--s 00002000 08:05 5637609                    /home/nduwayo/.m2/repository/org/apache/maven/shared/maven-mapping/3.0.0/maven-mapping-3.0.0.jar
7f095c014000-7f095c016000 r--s 00001000 08:05 5637607                    /home/nduwayo/.m2/repository/org/sonatype/plexus/plexus-build-api/0.0.7/plexus-build-api-0.0.7.jar
7f095c016000-7f095c018000 r--s 0000b000 08:05 5637605                    /home/nduwayo/.m2/repository/org/apache/maven/shared/maven-filtering/3.1.1/maven-filtering-3.1.1.jar
7f095c018000-7f095c01c000 r--s 00039000 08:05 5637603                    /home/nduwayo/.m2/repository/org/codehaus/plexus/plexus-utils/3.0.24/plexus-utils-3.0.24.jar
7f095c01c000-7f095c01e000 r--s 00005000 08:05 5637601                    /home/nduwayo/.m2/repository/xpp3/xpp3_min/1.1.4c/xpp3_min-1.1.4c.jar
7f095c01e000-7f095c01f000 r--s 00001000 08:05 5637599                    /home/nduwayo/.m2/repository/xmlpull/xmlpull/1.1.3.1/xmlpull-1.1.3.1.jar
7f095c01f000-7f095c02d000 r--s 00079000 08:05 5637597                    /home/nduwayo/.m2/repository/com/thoughtworks/xstream/xstream/1.4.9/xstream-1.4.9.jar
7f095c02d000-7f095c030000 r--s 00010000 08:05 5637595                    /home/nduwayo/.m2/repository/org/codehaus/plexus/plexus-interpolation/1.22/plexus-interpolation-1.22.jar
7f095c030000-7f095c034000 r--s 00015000 08:05 5637593                    /home/nduwayo/.m2/repository/org/tukaani/xz/1.5/xz-1.5.jar
7f095c034000-7f095c036000 r--s 0000d000 08:05 5637591                    /home/nduwayo/.m2/repository/org/iq80/snappy/snappy/0.4/snappy-0.4.jar
7f095c036000-7f095c03e000 r--s 00060000 08:05 5637589                    /home/nduwayo/.m2/repository/org/apache/commons/commons-compress/1.11/commons-compress-1.11.jar
7f095c03e000-7f095c041000 r--s 00012000 08:05 5637587                    /home/nduwayo/.m2/repository/org/codehaus/plexus/plexus-io/2.7.1/plexus-io-2.7.1.jar
7f095c041000-7f095c046000 r--s 00029000 08:05 5637585                    /home/nduwayo/.m2/repository/org/codehaus/plexus/plexus-archiver/3.4/plexus-archiver-3.4.jar
7f095c046000-7f095c049000 r--s 00023000 08:05 5637583                    /home/nduwayo/.m2/repository/org/apache/maven/shared/maven-shared-utils/3.0.1/maven-shared-utils-3.0.1.jar
7f095c049000-7f095c04a000 r--s 00005000 08:05 5637581                    /home/nduwayo/.m2/repository/org/apache/maven/maven-archiver/3.1.1/maven-archiver-3.1.1.jar
7f095c04a000-7f095c04c000 r--s 00014000 08:05 5508140                    /home/nduwayo/.m2/repository/org/apache/maven/plugins/maven-war-plugin/3.0.0/maven-war-plugin-3.0.0.jar
7f095c04c000-7f095c04d000 r--s 00002000 08:05 7084929                    /home/nduwayo/.m2/repository/org/apache/maven/reporting/maven-reporting-api/2.0.9/maven-reporting-api-2.0.9.jar
7f095c04d000-7f095c050000 r--s 00034000 08:05 5126592                    /home/nduwayo/.m2/repository/org/codehaus/plexus/plexus-utils/2.1/plexus-utils-2.1.jar
7f095c050000-7f095c052000 r--s 00006000 08:05 7084927                    /home/nduwayo/.m2/repository/org/apache/maven/shared/maven-common-artifact-filters/1.3/maven-common-artifact-filters-1.3.jar
7f095c052000-7f095c054000 r--s 0000d000 08:05 6972767                    /home/nduwayo/.m2/repository/org/apache/maven/surefire/maven-surefire-common/2.10/maven-surefire-common-2.10.jar
7f095c054000-7f095c059000 r--s 00023000 08:05 6972765                    /home/nduwayo/.m2/repository/org/apache/maven/surefire/surefire-api/2.10/surefire-api-2.10.jar
7f095c059000-7f095c05b000 r--s 00007000 08:05 6972766                    /home/nduwayo/.m2/repository/org/apache/maven/surefire/surefire-booter/2.10/surefire-booter-2.10.jar
7f095c05b000-7f095c05d000 r--s 00006000 08:05 6972657                    /home/nduwayo/.m2/repository/org/apache/maven/plugins/maven-surefire-plugin/2.10/maven-surefire-plugin-2.10.jar
7f095c05d000-7f095c0d6000 r--s 010f9000 08:05 1321652                    /usr/lib/jvm/java-8-oracle/lib/tools.jar
7f095c0d6000-7f095c0d7000 r--s 00004000 08:05 5508687                    /home/nduwayo/.m2/repository/org/codehaus/plexus/plexus-compiler-javac/2.8.2/plexus-compiler-javac-2.8.2.jar
7f095c0d7000-7f095c0d9000 r--s 00000000 08:05 5508685                    /home/nduwayo/.m2/repository/org/codehaus/plexus/plexus-compiler-manager/2.8.2/plexus-compiler-manager-2.8.2.jar
7f095c0d9000-7f095c0db000 r--s 00005000 08:05 5508683                    /home/nduwayo/.m2/repository/org/codehaus/plexus/plexus-compiler-api/2.8.2/plexus-compiler-api-2.8.2.jar
7f095c0db000-7f095c0e1000 r--s 00047000 08:05 5508681                    /home/nduwayo/.m2/repository/com/thoughtworks/qdox/qdox/2.0-M7/qdox-2.0-M7.jar
7f095c0e1000-7f095c0e2000 r--s 0000d000 08:05 5508679                    /home/nduwayo/.m2/repository/org/ow2/asm/asm/6.0_BETA/asm-6.0_BETA.jar
7f095c0e2000-7f095c0e4000 r--s 00006000 08:05 5508677                    /home/nduwayo/.m2/repository/org/codehaus/plexus/plexus-java/0.9.2/plexus-java-0.9.2.jar
7f095c0e4000-7f095c0e6000 r--s 00002000 08:05 5508675                    /home/nduwayo/.m2/repository/org/apache/maven/shared/maven-shared-incremental/1.1/maven-shared-incremental-1.1.jar
7f095c0e6000-7f095c0ea000 r--s 0002f000 08:05 5508673                    /home/nduwayo/.m2/repository/commons-io/commons-io/2.5/commons-io-2.5.jar
7f095c0ea000-7f095c0ed000 r--s 00025000 08:05 5508671                    /home/nduwayo/.m2/repository/org/apache/maven/shared/maven-shared-utils/3.1.0/maven-shared-utils-3.1.0.jar
7f095c0ed000-7f095c0ef000 r--s 00002000 08:05 5508669                    /home/nduwayo/.m2/repository/org/sonatype/plexus/plexus-cipher/1.4/plexus-cipher-1.4.jar
7f095c0ef000-7f095c0f0000 r--s 00006000 08:05 5508667                    /home/nduwayo/.m2/repository/org/sonatype/plexus/plexus-sec-dispatcher/1.3/plexus-sec-dispatcher-1.3.jar
7f095c0f0000-7f095c0f2000 r--s 00000000 08:05 5508665                    /home/nduwayo/.m2/repository/org/codehaus/plexus/plexus-component-annotations/1.6/plexus-component-annotations-1.6.jar
7f095c0f2000-7f095c0f4000 r--s 0000d000 08:05 5508661                    /home/nduwayo/.m2/repository/org/codehaus/plexus/plexus-interpolation/1.14/plexus-interpolation-1.14.jar
7f095c0f4000-7f095c0f8000 r--s 00017000 08:05 5508659                    /home/nduwayo/.m2/repository/org/sonatype/aether/aether-util/1.7/aether-util-1.7.jar
7f095c0f8000-7f095c0fc000 r--s 00033000 08:05 5249256                    /home/nduwayo/.m2/repository/org/codehaus/plexus/plexus-utils/2.0.4/plexus-utils-2.0.4.jar
7f095c0fc000-7f095c107000 r--s 00069000 08:05 5508637                    /home/nduwayo/.m2/repository/org/sonatype/sisu/sisu-guice/2.1.7/sisu-guice-2.1.7-noaop.jar
7f095c107000-7f095c10c000 r--s 00021000 08:05 5508635                    /home/nduwayo/.m2/repository/org/sonatype/sisu/sisu-inject-bean/1.4.2/sisu-inject-bean-1.4.2.jar
7f095c10c000-7f095c10e000 r--s 0000d000 08:05 5508113                    /home/nduwayo/.m2/repository/org/apache/maven/plugins/maven-compiler-plugin/3.7.0/maven-compiler-plugin-3.7.0.jar
7f095c10e000-7f095c110000 r--s 0000d000 08:05 5637871                    /home/nduwayo/.m2/repository/org/codehaus/plexus/plexus-interpolation/1.13/plexus-interpolation-1.13.jar
7f095c110000-7f095c111000 r--s 00001000 08:05 5637867                    /home/nduwayo/.m2/repository/org/sonatype/plexus/plexus-build-api/0.0.4/plexus-build-api-0.0.4.jar
7f095c111000-7f095c113000 r--s 00009000 08:05 6972720                    /home/nduwayo/.m2/repository/org/apache/maven/shared/maven-filtering/1.0/maven-filtering-1.0.jar
7f095c113000-7f095c116000 r--s 0001b000 08:05 5637831                    /home/nduwayo/.m2/repository/junit/junit/3.8.1/junit-3.8.1.jar
7f095c116000-7f095c118000 r--s 00002000 08:05 5637809                    /home/nduwayo/.m2/repository/org/codehaus/plexus/plexus-interactivity-api/1.0-alpha-4/plexus-interactivity-api-1.0-alpha-4.jar
7f095c118000-7f095c11a000 r--s 00006000 08:05 5637805                    /home/nduwayo/.m2/repository/commons-cli/commons-cli/1.0/commons-cli-1.0.jar
7f095c11a000-7f095c11b000 r--s 00001000 08:05 5637799                    /home/nduwayo/.m2/repository/org/apache/maven/doxia/doxia-sink-api/1.0-alpha-7/doxia-sink-api-1.0-alpha-7.jar
7f095c11b000-7f095c11c000 r--s 00002000 08:05 5637797                    /home/nduwayo/.m2/repository/org/apache/maven/reporting/maven-reporting-api/2.0.6/maven-reporting-api-2.0.6.jar
7f095c11c000-7f095c11e000 r--s 00005000 08:05 5126276                    /home/nduwayo/.m2/repository/org/apache/maven/plugins/maven-resources-plugin/2.5/maven-resources-plugin-2.5.jar
7f095c11e000-7f095c122000 r--s 00033000 08:05 5509168                    /home/nduwayo/.m2/repository/org/codehaus/plexus/plexus-utils/2.0.5/plexus-utils-2.0.5.jar
7f095c122000-7f095c123000 r--s 00005000 08:05 4724061                    /home/nduwayo/.m2/repository/org/apache/maven/plugins/maven-clean-plugin/2.4.1/maven-clean-plugin-2.4.1.jar
7f095c123000-7f095c323000 rw-p 00000000 00:00 0 
7f095c323000-7f095c334000 r-xp 00000000 08:05 3021739                    /usr/lib/jvm/java-8-oracle/jre/lib/amd64/libnio.so
7f095c334000-7f095c533000 ---p 00011000 08:05 3021739                    /usr/lib/jvm/java-8-oracle/jre/lib/amd64/libnio.so
7f095c533000-7f095c534000 rw-p 00010000 08:05 3021739                    /usr/lib/jvm/java-8-oracle/jre/lib/amd64/libnio.so
7f095c534000-7f095c54a000 r-xp 00000000 08:05 3021736                    /usr/lib/jvm/java-8-oracle/jre/lib/amd64/libnet.so
7f095c54a000-7f095c74a000 ---p 00016000 08:05 3021736                    /usr/lib/jvm/java-8-oracle/jre/lib/amd64/libnet.so
7f095c74a000-7f095c74b000 rw-p 00016000 08:05 3021736                    /usr/lib/jvm/java-8-oracle/jre/lib/amd64/libnet.so
7f095c74b000-7f095c74e000 ---p 00000000 00:00 0 
7f095c74e000-7f095c784000 rw-p 00000000 00:00 0 
7f095c784000-7f095c785000 r--p 00000000 00:00 0 
7f095c785000-7f095c985000 rw-p 00000000 00:00 0 
7f095c985000-7f095c98a000 r--s 0009d000 08:05 2235069                    /usr/lib/jvm/java-8-oracle/jre/lib/jsse.jar
7f095c98a000-7f095cb8a000 rw-p 00000000 00:00 0 
7f095cb8a000-7f095cb8c000 r--s 0000d000 08:05 7343406                    /home/nduwayo/netbeans-8.2/java/maven-nblib/netbeans-eventspy.jar
7f095cb8c000-7f095cb8e000 r--s 0000c000 08:05 7343318                    /home/nduwayo/netbeans-8.2/java/maven/lib/maven-aether-provider-3.0.5.jar
7f095cb8e000-7f095cb98000 r--s 00116000 08:05 2641880                    /usr/lib/jvm/java-8-oracle/jre/lib/ext/localedata.jar
7f095cb98000-7f095cbb4000 r--s 00393000 08:05 2641873                    /usr/lib/jvm/java-8-oracle/jre/lib/ext/cldrdata.jar
7f095cbb4000-7f095cbb7000 r--s 00008000 08:05 7343305                    /home/nduwayo/netbeans-8.2/java/maven/lib/maven-settings-builder-3.0.5.jar
7f095cbb7000-7f095cbd6000 r--s 00154000 08:05 7343424                    /home/nduwayo/netbeans-8.2/java/maven/lib/sisu-guava-0.9.9.jar
7f095cbd6000-7f095cbd8000 r--s 00006000 08:05 7343285                    /home/nduwayo/netbeans-8.2/java/maven/lib/aether-connector-wagon-1.13.1.jar
7f095cbd8000-7f095cbe0000 r--s 00050000 08:05 7343372                    /home/nduwayo/netbeans-8.2/java/maven/lib/sisu-guice-3.1.0-no_aop.jar
7f095cbe0000-7f095cc0f000 r--s 001c8000 08:05 7343384                    /home/nduwayo/netbeans-8.2/java/maven/lib/wagon-http-2.10-shaded.jar
7f095cc0f000-7f095cc10000 ---p 00000000 00:00 0 
7f095cc10000-7f095cd10000 rw-p 00000000 00:00 0 
7f095cd10000-7f095cd13000 ---p 00000000 00:00 0 
7f095cd13000-7f095ce11000 rw-p 00000000 00:00 0 
7f095ce11000-7f095ce12000 ---p 00000000 00:00 0 
7f095ce12000-7f095ce15000 ---p 00000000 00:00 0 
7f095ce15000-7f095cf12000 rw-p 00000000 00:00 0 
7f095cf12000-7f095cf13000 ---p 00000000 00:00 0 
7f095cf13000-7f095cf16000 ---p 00000000 00:00 0 
7f095cf16000-7f095d013000 rw-p 00000000 00:00 0 
7f095d013000-7f095d014000 ---p 00000000 00:00 0 
7f095d014000-7f095d017000 ---p 00000000 00:00 0 
7f095d017000-7f095d114000 rw-p 00000000 00:00 0 
7f095d114000-7f095d115000 ---p 00000000 00:00 0 
7f095d115000-7f095d118000 ---p 00000000 00:00 0 
7f095d118000-7f095d215000 rw-p 00000000 00:00 0 
7f095d215000-7f095d218000 ---p 00000000 00:00 0 
7f095d218000-7f095d316000 rw-p 00000000 00:00 0 
7f095d316000-7f095dce5000 r--p 00000000 08:05 1317582                    /usr/lib/locale/locale-archive
7f095dce5000-7f095dce8000 ---p 00000000 00:00 0 
7f095dce8000-7f095dde6000 rw-p 00000000 00:00 0 
7f095dde6000-7f095dde9000 ---p 00000000 00:00 0 
7f095dde9000-7f095dee7000 rw-p 00000000 00:00 0 
7f095dee7000-7f095dee8000 ---p 00000000 00:00 0 
7f095dee8000-7f0960000000 rw-p 00000000 00:00 0 
7f0960000000-7f0960021000 rw-p 00000000 00:00 0 
7f0960021000-7f0964000000 ---p 00000000 00:00 0 
7f0964000000-7f0964004000 r--s 00021000 08:05 7343347                    /home/nduwayo/netbeans-8.2/java/maven/lib/maven-model-builder-3.0.5.jar
7f0964004000-7f096400b000 r--s 0002b000 08:05 7343364                    /home/nduwayo/netbeans-8.2/java/maven/lib/sisu-inject-plexus-2.3.0.jar
7f096400b000-7f0968000000 rw-p 00000000 00:00 0 
7f0968000000-7f0968021000 rw-p 00000000 00:00 0 
7f0968021000-7f096c000000 ---p 00000000 00:00 0 
7f096c000000-7f096c002000 r--s 00006000 08:05 7343230                    /home/nduwayo/netbeans-8.2/java/maven/lib/maven-repository-metadata-3.0.5.jar
7f096c002000-7f096c004000 r--s 0000a000 08:05 7343399                    /home/nduwayo/netbeans-8.2/java/maven/lib/maven-settings-3.0.5.jar
7f096c004000-7f096c010000 r--s 0007d000 08:05 7343423                    /home/nduwayo/netbeans-8.2/java/maven/lib/maven-core-3.0.5.jar
7f096c010000-7f096c014000 r--s 00033000 08:05 7343409                    /home/nduwayo/netbeans-8.2/java/maven/lib/plexus-utils-2.0.6.jar
7f096c014000-7f096c016000 r--s 0000b000 08:05 7343373                    /home/nduwayo/netbeans-8.2/java/maven/lib/wagon-provider-api-2.10.jar
7f096c016000-7f096c018000 r--s 0000b000 08:05 7343397                    /home/nduwayo/netbeans-8.2/java/maven/lib/maven-artifact-3.0.5.jar
7f096c018000-7f096c01c000 r--s 0001c000 08:05 7343411                    /home/nduwayo/netbeans-8.2/java/maven/lib/aether-util-1.13.1.jar
7f096c01c000-7f096c1cf000 rw-p 00000000 00:00 0 
7f096c1cf000-7f096c3a9000 r--s 03d68000 08:05 2235064                    /usr/lib/jvm/java-8-oracle/jre/lib/rt.jar
7f096c3a9000-7f096c7f8000 rw-p 00000000 00:00 0 
7f096c7f8000-7f096c7f9000 ---p 00000000 00:00 0 
7f096c7f9000-7f096c8f9000 rw-p 00000000 00:00 0 
7f096c8f9000-7f096c8fa000 ---p 00000000 00:00 0 
7f096c8fa000-7f096c9fa000 rw-p 00000000 00:00 0 
7f096c9fa000-7f096c9fb000 ---p 00000000 00:00 0 
7f096c9fb000-7f096cafb000 rw-p 00000000 00:00 0 
7f096cafb000-7f096cafc000 ---p 00000000 00:00 0 
7f096cafc000-7f096cbfc000 rw-p 00000000 00:00 0 
7f096cbfc000-7f096cbfd000 ---p 00000000 00:00 0 
7f096cbfd000-7f096ccfd000 rw-p 00000000 00:00 0 
7f096ccfd000-7f096ccfe000 ---p 00000000 00:00 0 
7f096ccfe000-7f096cdfe000 rw-p 00000000 00:00 0 
7f096cdfe000-7f096cdff000 ---p 00000000 00:00 0 
7f096cdff000-7f096ceff000 rw-p 00000000 00:00 0 
7f096ceff000-7f096cf00000 ---p 00000000 00:00 0 
7f096cf00000-7f096d000000 rw-p 00000000 00:00 0 
7f096d000000-7f096e220000 rwxp 00000000 00:00 0 
7f096e220000-7f097c000000 ---p 00000000 00:00 0 
7f097c000000-7f097d3ba000 rw-p 00000000 00:00 0 
7f097d3ba000-7f0980000000 ---p 00000000 00:00 0 
7f0980000000-7f0980001000 r--s 00006000 08:05 7343348                    /home/nduwayo/netbeans-8.2/java/maven/lib/plexus-sec-dispatcher-1.3.jar
7f0980001000-7f0980092000 rw-p 00000000 00:00 0 
7f0980092000-7f09802d4000 ---p 00000000 00:00 0 
7f09802d4000-7f0980323000 rw-p 00000000 00:00 0 
7f0980323000-7f0980564000 ---p 00000000 00:00 0 
7f0980564000-7f09805f5000 rw-p 00000000 00:00 0 
7f09805f5000-7f09806ad000 ---p 00000000 00:00 0 
7f09806ad000-7f09806f7000 rw-p 00000000 00:00 0 
7f09806f7000-7f0980a6e000 ---p 00000000 00:00 0 
7f0980a6e000-7f0980a89000 r-xp 00000000 08:05 3021732                    /usr/lib/jvm/java-8-oracle/jre/lib/amd64/libzip.so
7f0980a89000-7f0980c89000 ---p 0001b000 08:05 3021732                    /usr/lib/jvm/java-8-oracle/jre/lib/amd64/libzip.so
7f0980c89000-7f0980c8a000 rw-p 0001b000 08:05 3021732                    /usr/lib/jvm/java-8-oracle/jre/lib/amd64/libzip.so
7f0980c8a000-7f0980c95000 r-xp 00000000 08:05 8917721                    /lib/x86_64-linux-gnu/libnss_files-2.27.so
7f0980c95000-7f0980e94000 ---p 0000b000 08:05 8917721                    /lib/x86_64-linux-gnu/libnss_files-2.27.so
7f0980e94000-7f0980e95000 r--p 0000a000 08:05 8917721                    /lib/x86_64-linux-gnu/libnss_files-2.27.so
7f0980e95000-7f0980e96000 rw-p 0000b000 08:05 8917721                    /lib/x86_64-linux-gnu/libnss_files-2.27.so
7f0980e96000-7f0980e9c000 rw-p 00000000 00:00 0 
7f0980e9c000-7f0980eb3000 r-xp 00000000 08:05 8917715                    /lib/x86_64-linux-gnu/libnsl-2.27.so
7f0980eb3000-7f09810b2000 ---p 00017000 08:05 8917715                    /lib/x86_64-linux-gnu/libnsl-2.27.so
7f09810b2000-7f09810b3000 r--p 00016000 08:05 8917715                    /lib/x86_64-linux-gnu/libnsl-2.27.so
7f09810b3000-7f09810b4000 rw-p 00017000 08:05 8917715                    /lib/x86_64-linux-gnu/libnsl-2.27.so
7f09810b4000-7f09810b6000 rw-p 00000000 00:00 0 
7f09810b6000-7f09810c1000 r-xp 00000000 08:05 8917732                    /lib/x86_64-linux-gnu/libnss_nis-2.27.so
7f09810c1000-7f09812c0000 ---p 0000b000 08:05 8917732                    /lib/x86_64-linux-gnu/libnss_nis-2.27.so
7f09812c0000-7f09812c1000 r--p 0000a000 08:05 8917732                    /lib/x86_64-linux-gnu/libnss_nis-2.27.so
7f09812c1000-7f09812c2000 rw-p 0000b000 08:05 8917732                    /lib/x86_64-linux-gnu/libnss_nis-2.27.so
7f09812c2000-7f09812ca000 r-xp 00000000 08:05 8917717                    /lib/x86_64-linux-gnu/libnss_compat-2.27.so
7f09812ca000-7f09814ca000 ---p 00008000 08:05 8917717                    /lib/x86_64-linux-gnu/libnss_compat-2.27.so
7f09814ca000-7f09814cb000 r--p 00008000 08:05 8917717                    /lib/x86_64-linux-gnu/libnss_compat-2.27.so
7f09814cb000-7f09814cc000 rw-p 00009000 08:05 8917717                    /lib/x86_64-linux-gnu/libnss_compat-2.27.so
7f09814cc000-7f09814f7000 r-xp 00000000 08:05 3021726                    /usr/lib/jvm/java-8-oracle/jre/lib/amd64/libjava.so
7f09814f7000-7f09816f6000 ---p 0002b000 08:05 3021726                    /usr/lib/jvm/java-8-oracle/jre/lib/amd64/libjava.so
7f09816f6000-7f09816f8000 rw-p 0002a000 08:05 3021726                    /usr/lib/jvm/java-8-oracle/jre/lib/amd64/libjava.so
7f09816f8000-7f0981705000 r-xp 00000000 08:05 3021731                    /usr/lib/jvm/java-8-oracle/jre/lib/amd64/libverify.so
7f0981705000-7f0981905000 ---p 0000d000 08:05 3021731                    /usr/lib/jvm/java-8-oracle/jre/lib/amd64/libverify.so
7f0981905000-7f0981907000 rw-p 0000d000 08:05 3021731                    /usr/lib/jvm/java-8-oracle/jre/lib/amd64/libverify.so
7f0981907000-7f098190e000 r-xp 00000000 08:05 8917772                    /lib/x86_64-linux-gnu/librt-2.27.so
7f098190e000-7f0981b0d000 ---p 00007000 08:05 8917772                    /lib/x86_64-linux-gnu/librt-2.27.so
7f0981b0d000-7f0981b0e000 r--p 00006000 08:05 8917772                    /lib/x86_64-linux-gnu/librt-2.27.so
7f0981b0e000-7f0981b0f000 rw-p 00007000 08:05 8917772                    /lib/x86_64-linux-gnu/librt-2.27.so
7f0981b0f000-7f0981cac000 r-xp 00000000 08:05 8917694                    /lib/x86_64-linux-gnu/libm-2.27.so
7f0981cac000-7f0981eab000 ---p 0019d000 08:05 8917694                    /lib/x86_64-linux-gnu/libm-2.27.so
7f0981eab000-7f0981eac000 r--p 0019c000 08:05 8917694                    /lib/x86_64-linux-gnu/libm-2.27.so
7f0981eac000-7f0981ead000 rw-p 0019d000 08:05 8917694                    /lib/x86_64-linux-gnu/libm-2.27.so
7f0981ead000-7f0982b86000 r-xp 00000000 08:05 3021708                    /usr/lib/jvm/java-8-oracle/jre/lib/amd64/server/libjvm.so
7f0982b86000-7f0982d85000 ---p 00cd9000 08:05 3021708                    /usr/lib/jvm/java-8-oracle/jre/lib/amd64/server/libjvm.so
7f0982d85000-7f0982e5f000 rw-p 00cd8000 08:05 3021708                    /usr/lib/jvm/java-8-oracle/jre/lib/amd64/server/libjvm.so
7f0982e5f000-7f0982eaa000 rw-p 00000000 00:00 0 
7f0982eaa000-7f0983091000 r-xp 00000000 08:05 8917631                    /lib/x86_64-linux-gnu/libc-2.27.so
7f0983091000-7f0983291000 ---p 001e7000 08:05 8917631                    /lib/x86_64-linux-gnu/libc-2.27.so
7f0983291000-7f0983295000 r--p 001e7000 08:05 8917631                    /lib/x86_64-linux-gnu/libc-2.27.so
7f0983295000-7f0983297000 rw-p 001eb000 08:05 8917631                    /lib/x86_64-linux-gnu/libc-2.27.so
7f0983297000-7f098329b000 rw-p 00000000 00:00 0 
7f098329b000-7f098329e000 r-xp 00000000 08:05 8917654                    /lib/x86_64-linux-gnu/libdl-2.27.so
7f098329e000-7f098349d000 ---p 00003000 08:05 8917654                    /lib/x86_64-linux-gnu/libdl-2.27.so
7f098349d000-7f098349e000 r--p 00002000 08:05 8917654                    /lib/x86_64-linux-gnu/libdl-2.27.so
7f098349e000-7f098349f000 rw-p 00003000 08:05 8917654                    /lib/x86_64-linux-gnu/libdl-2.27.so
7f098349f000-7f09834b5000 r-xp 00000000 08:05 2104764                    /usr/lib/jvm/java-8-oracle/lib/amd64/jli/libjli.so
7f09834b5000-7f09836b4000 ---p 00016000 08:05 2104764                    /usr/lib/jvm/java-8-oracle/lib/amd64/jli/libjli.so
7f09836b4000-7f09836b5000 rw-p 00015000 08:05 2104764                    /usr/lib/jvm/java-8-oracle/lib/amd64/jli/libjli.so
7f09836b5000-7f09836cf000 r-xp 00000000 08:05 8917764                    /lib/x86_64-linux-gnu/libpthread-2.27.so
7f09836cf000-7f09838ce000 ---p 0001a000 08:05 8917764                    /lib/x86_64-linux-gnu/libpthread-2.27.so
7f09838ce000-7f09838cf000 r--p 00019000 08:05 8917764                    /lib/x86_64-linux-gnu/libpthread-2.27.so
7f09838cf000-7f09838d0000 rw-p 0001a000 08:05 8917764                    /lib/x86_64-linux-gnu/libpthread-2.27.so
7f09838d0000-7f09838d4000 rw-p 00000000 00:00 0 
7f09838d4000-7f09838fb000 r-xp 00000000 08:05 8917603                    /lib/x86_64-linux-gnu/ld-2.27.so
7f09838fb000-7f09838fc000 r--s 00002000 08:05 7343387                    /home/nduwayo/netbeans-8.2/java/maven/lib/wagon-http-shared-2.10.jar
7f09838fc000-7f09838fd000 r--s 00002000 08:05 7343426                    /home/nduwayo/netbeans-8.2/java/maven/lib/wagon-file-2.10.jar
7f09838fd000-7f09838ff000 r--s 00000000 08:05 7343119                    /home/nduwayo/netbeans-8.2/java/maven/lib/plexus-component-annotations-1.5.5.jar
7f09838ff000-7f0983902000 r--s 0001d000 08:05 7343410                    /home/nduwayo/netbeans-8.2/java/maven/lib/aether-impl-1.13.1.jar
7f0983902000-7f0983904000 r--s 00002000 08:05 7343416                    /home/nduwayo/netbeans-8.2/java/maven/lib/plexus-cipher-1.7.jar
7f0983904000-7f0983908000 r--s 00013000 08:05 7343417                    /home/nduwayo/netbeans-8.2/java/maven/lib/aether-api-1.13.1.jar
7f0983908000-7f098390a000 r--s 00026000 08:05 7343415                    /home/nduwayo/netbeans-8.2/java/maven/lib/maven-model-3.0.5.jar
7f098390a000-7f098390b000 r--s 00003000 08:05 7343418                    /home/nduwayo/netbeans-8.2/java/maven/lib/aether-spi-1.13.1.jar
7f098390b000-7f098390d000 r--s 0000b000 08:05 7343385                    /home/nduwayo/netbeans-8.2/java/maven/lib/maven-plugin-api-3.0.5.jar
7f098390d000-7f098390f000 r--s 00009000 08:05 7343427                    /home/nduwayo/netbeans-8.2/java/maven/lib/commons-cli-1.2.jar
7f098390f000-7f0983915000 r--s 0003f000 08:05 7343412                    /home/nduwayo/netbeans-8.2/java/maven/lib/maven-compat-3.0.5.jar
7f0983915000-7f09839e0000 rw-p 00000000 00:00 0 
7f09839e0000-7f09839e1000 ---p 00000000 00:00 0 
7f09839e1000-7f09839e4000 ---p 00000000 00:00 0 
7f09839e4000-7f0983ae3000 rw-p 00000000 00:00 0 
7f0983ae3000-7f0983ae5000 r--s 0000d000 08:05 7343349                    /home/nduwayo/netbeans-8.2/java/maven/lib/plexus-interpolation-1.14.jar
7f0983ae5000-7f0983aec000 r--s 0003f000 08:05 7343386                    /home/nduwayo/netbeans-8.2/java/maven/lib/sisu-inject-bean-2.3.0.jar
7f0983aec000-7f0983aed000 r--s 0000a000 08:05 7343398                    /home/nduwayo/netbeans-8.2/java/maven/lib/maven-embedder-3.0.5.jar
7f0983aed000-7f0983aef000 r--s 0000a000 08:05 7343375                    /home/nduwayo/netbeans-8.2/java/maven/boot/plexus-classworlds-2.4.jar
7f0983aef000-7f0983af7000 rw-s 00000000 08:05 7349380                    /tmp/hsperfdata_nduwayo/13487
7f0983af7000-7f0983af8000 rw-p 00000000 00:00 0 
7f0983af8000-7f0983af9000 ---p 00000000 00:00 0 
7f0983af9000-7f0983afb000 rw-p 00000000 00:00 0 
7f0983afb000-7f0983afc000 r--p 00027000 08:05 8917603                    /lib/x86_64-linux-gnu/ld-2.27.so
7f0983afc000-7f0983afd000 rw-p 00028000 08:05 8917603                    /lib/x86_64-linux-gnu/ld-2.27.so
7f0983afd000-7f0983afe000 rw-p 00000000 00:00 0 
7ffef73d9000-7ffef73fa000 rw-p 00000000 00:00 0                          [stack]
7ffef73fb000-7ffef73fe000 r--p 00000000 00:00 0                          [vvar]
7ffef73fe000-7ffef7400000 r-xp 00000000 00:00 0                          [vdso]
ffffffffff600000-ffffffffff601000 r-xp 00000000 00:00 0                  [vsyscall]

VM Arguments:
jvm_args: -Dclassworlds.conf=/home/nduwayo/netbeans-8.2/java/maven/bin/m2.conf -Dmaven.home=/home/nduwayo/netbeans-8.2/java/maven 
java_command: org.codehaus.plexus.classworlds.launcher.Launcher -Dmaven.ext.class.path=/home/nduwayo/netbeans-8.2/java/maven-nblib/netbeans-eventspy.jar clean install
java_class_path (initial): /home/nduwayo/netbeans-8.2/java/maven/boot/plexus-classworlds-2.4.jar
Launcher Type: SUN_STANDARD

Environment Variables:
JAVA_HOME=/usr/lib/jvm/java-8-oracle
PATH=/home/nduwayo/bin:/usr/local/sbin:/usr/local/bin:/usr/sbin:/usr/bin:/sbin:/bin:/usr/games:/usr/local/games:/snap/bin:/usr/lib/jvm/java-8-oracle/bin:/usr/lib/jvm/java-8-oracle/db/bin:/usr/lib/jvm/java-8-oracle/jre/bin
USERNAME=nduwayo
LD_LIBRARY_PATH=/usr/lib/jvm/java-8-oracle/jre/lib/amd64:/usr/lib/jvm/java-8-oracle/jre/lib/i386:
SHELL=/bin/bash
DISPLAY=:0

Signal Handlers:
SIGSEGV: [libjvm.so+0xad0890], sa_mask[0]=11111111011111111101111111111110, sa_flags=SA_RESTART|SA_SIGINFO
SIGBUS: [libjvm.so+0xad0890], sa_mask[0]=11111111011111111101111111111110, sa_flags=SA_RESTART|SA_SIGINFO
SIGFPE: [libjvm.so+0x928640], sa_mask[0]=11111111011111111101111111111110, sa_flags=SA_RESTART|SA_SIGINFO
SIGPIPE: [libjvm.so+0x928640], sa_mask[0]=11111111011111111101111111111110, sa_flags=SA_RESTART|SA_SIGINFO
SIGXFSZ: [libjvm.so+0x928640], sa_mask[0]=11111111011111111101111111111110, sa_flags=SA_RESTART|SA_SIGINFO
SIGILL: [libjvm.so+0x928640], sa_mask[0]=11111111011111111101111111111110, sa_flags=SA_RESTART|SA_SIGINFO
SIGUSR1: SIG_DFL, sa_mask[0]=00000000000000000000000000000000, sa_flags=none
SIGUSR2: [libjvm.so+0x929ea0], sa_mask[0]=00100000000000000000000000000000, sa_flags=SA_RESTART|SA_SIGINFO
SIGHUP: [libjvm.so+0x92b2a0], sa_mask[0]=11111111011111111101111111111110, sa_flags=SA_RESTART|SA_SIGINFO
SIGINT: SIG_IGN, sa_mask[0]=00000000000000000000000000000000, sa_flags=none
SIGTERM: [libjvm.so+0x92b2a0], sa_mask[0]=11111111011111111101111111111110, sa_flags=SA_RESTART|SA_SIGINFO
SIGQUIT: [libjvm.so+0x92b2a0], sa_mask[0]=11111111011111111101111111111110, sa_flags=SA_RESTART|SA_SIGINFO


---------------  S Y S T E M  ---------------

OS:DISTRIB_ID=Ubuntu
DISTRIB_RELEASE=18.04
DISTRIB_CODENAME=bionic
DISTRIB_DESCRIPTION="Ubuntu 18.04 LTS"

uname:Linux 4.15.0-23-generic #25-Ubuntu SMP Wed May 23 18:02:16 UTC 2018 x86_64
libc:glibc 2.27 NPTL 2.27 
rlimit: STACK 8192k, CORE 0k, NPROC 31289, NOFILE 1048576, AS infinity
load average:1,45 1,02 1,73

/proc/meminfo:
MemTotal:        8069016 kB
MemFree:          137280 kB
MemAvailable:      59656 kB
Buffers:            1268 kB
Cached:           378756 kB
SwapCached:        10076 kB
Active:          6672580 kB
Inactive:         858292 kB
Active(anon):    6635404 kB
Inactive(anon):   828152 kB
Active(file):      37176 kB
Inactive(file):    30140 kB
Unevictable:         392 kB
Mlocked:             392 kB
SwapTotal:       2097148 kB
SwapFree:            388 kB
Dirty:               180 kB
Writeback:             0 kB
AnonPages:       7144572 kB
Mapped:           266524 kB
Shmem:            312584 kB
Slab:             136644 kB
SReclaimable:      48912 kB
SUnreclaim:        87732 kB
KernelStack:       30384 kB
PageTables:       125856 kB
NFS_Unstable:          0 kB
Bounce:                0 kB
WritebackTmp:          0 kB
CommitLimit:     6131656 kB
Committed_AS:   26063472 kB
VmallocTotal:   34359738367 kB
VmallocUsed:           0 kB
VmallocChunk:          0 kB
HardwareCorrupted:     0 kB
AnonHugePages:         0 kB
ShmemHugePages:        0 kB
ShmemPmdMapped:        0 kB
CmaTotal:              0 kB
CmaFree:               0 kB
HugePages_Total:       0
HugePages_Free:        0
HugePages_Rsvd:        0
HugePages_Surp:        0
Hugepagesize:       2048 kB
DirectMap4k:      360052 kB
DirectMap2M:     7929856 kB


CPU:total 8 (initial active 8) (4 cores per cpu, 2 threads per core) family 6 model 58 stepping 9, cmov, cx8, fxsr, mmx, sse, sse2, sse3, ssse3, sse4.1, sse4.2, popcnt, avx, aes, clmul, erms, ht, tsc, tscinvbit, tscinv

/proc/cpuinfo:
processor	: 0
vendor_id	: GenuineIntel
cpu family	: 6
model		: 58
model name	: Intel(R) Core(TM) i7-3720QM CPU @ 2.60GHz
stepping	: 9
microcode	: 0x1f
cpu MHz		: 3376.216
cache size	: 6144 KB
physical id	: 0
siblings	: 8
core id		: 0
cpu cores	: 4
apicid		: 0
initial apicid	: 0
fpu		: yes
fpu_exception	: yes
cpuid level	: 13
wp		: yes
flags		: fpu vme de pse tsc msr pae mce cx8 apic sep mtrr pge mca cmov pat pse36 clflush dts acpi mmx fxsr sse sse2 ss ht tm pbe syscall nx rdtscp lm constant_tsc arch_perfmon pebs bts rep_good nopl xtopology nonstop_tsc cpuid aperfmperf pni pclmulqdq dtes64 monitor ds_cpl vmx smx est tm2 ssse3 cx16 xtpr pdcm pcid sse4_1 sse4_2 x2apic popcnt tsc_deadline_timer aes xsave avx f16c rdrand lahf_lm cpuid_fault epb pti ibrs ibpb stibp tpr_shadow vnmi flexpriority ept vpid fsgsbase smep erms xsaveopt dtherm ida arat pln pts
bugs		: cpu_meltdown spectre_v1 spectre_v2 spec_store_bypass
bogomips	: 5183.09
clflush size	: 64
cache_alignment	: 64
address sizes	: 36 bits physical, 48 bits virtual
power management:

processor	: 1
vendor_id	: GenuineIntel
cpu family	: 6
model		: 58
model name	: Intel(R) Core(TM) i7-3720QM CPU @ 2.60GHz
stepping	: 9
microcode	: 0x1f
cpu MHz		: 3317.422
cache size	: 6144 KB
physical id	: 0
siblings	: 8
core id		: 1
cpu cores	: 4
apicid		: 2
initial apicid	: 2
fpu		: yes
fpu_exception	: yes
cpuid level	: 13
wp		: yes
flags		: fpu vme de pse tsc msr pae mce cx8 apic sep mtrr pge mca cmov pat pse36 clflush dts acpi mmx fxsr sse sse2 ss ht tm pbe syscall nx rdtscp lm constant_tsc arch_perfmon pebs bts rep_good nopl xtopology nonstop_tsc cpuid aperfmperf pni pclmulqdq dtes64 monitor ds_cpl vmx smx est tm2 ssse3 cx16 xtpr pdcm pcid sse4_1 sse4_2 x2apic popcnt tsc_deadline_timer aes xsave avx f16c rdrand lahf_lm cpuid_fault epb pti ibrs ibpb stibp tpr_shadow vnmi flexpriority ept vpid fsgsbase smep erms xsaveopt dtherm ida arat pln pts
bugs		: cpu_meltdown spectre_v1 spectre_v2 spec_store_bypass
bogomips	: 5183.09
clflush size	: 64
cache_alignment	: 64
address sizes	: 36 bits physical, 48 bits virtual
power management:

processor	: 2
vendor_id	: GenuineIntel
cpu family	: 6
model		: 58
model name	: Intel(R) Core(TM) i7-3720QM CPU @ 2.60GHz
stepping	: 9
microcode	: 0x1f
cpu MHz		: 3106.053
cache size	: 6144 KB
physical id	: 0
siblings	: 8
core id		: 2
cpu cores	: 4
apicid		: 4
initial apicid	: 4
fpu		: yes
fpu_exception	: yes
cpuid level	: 13
wp		: yes
flags		: fpu vme de pse tsc msr pae mce cx8 apic sep mtrr pge mca cmov pat pse36 clflush dts acpi mmx fxsr sse sse2 ss ht tm pbe syscall nx rdtscp lm constant_tsc arch_perfmon pebs bts rep_good nopl xtopology nonstop_tsc cpuid aperfmperf pni pclmulqdq dtes64 monitor ds_cpl vmx smx est tm2 ssse3 cx16 xtpr pdcm pcid sse4_1 sse4_2 x2apic popcnt tsc_deadline_timer aes xsave avx f16c rdrand lahf_lm cpuid_fault epb pti ibrs ibpb stibp tpr_shadow vnmi flexpriority ept vpid fsgsbase smep erms xsaveopt dtherm ida arat pln pts
bugs		: cpu_meltdown spectre_v1 spectre_v2 spec_store_bypass
bogomips	: 5183.09
clflush size	: 64
cache_alignment	: 64
address sizes	: 36 bits physical, 48 bits virtual
power management:

processor	: 3
vendor_id	: GenuineIntel
cpu family	: 6
model		: 58
model name	: Intel(R) Core(TM) i7-3720QM CPU @ 2.60GHz
stepping	: 9
microcode	: 0x1f
cpu MHz		: 2934.708
cache size	: 6144 KB
physical id	: 0
siblings	: 8
core id		: 3
cpu cores	: 4
apicid		: 6
initial apicid	: 6
fpu		: yes
fpu_exception	: yes
cpuid level	: 13
wp		: yes
flags		: fpu vme de pse tsc msr pae mce cx8 apic sep mtrr pge mca cmov pat pse36 clflush dts acpi mmx fxsr sse sse2 ss ht tm pbe syscall nx rdtscp lm constant_tsc arch_perfmon pebs bts rep_good nopl xtopology nonstop_tsc cpuid aperfmperf pni pclmulqdq dtes64 monitor ds_cpl vmx smx est tm2 ssse3 cx16 xtpr pdcm pcid sse4_1 sse4_2 x2apic popcnt tsc_deadline_timer aes xsave avx f16c rdrand lahf_lm cpuid_fault epb pti ibrs ibpb stibp tpr_shadow vnmi flexpriority ept vpid fsgsbase smep erms xsaveopt dtherm ida arat pln pts
bugs		: cpu_meltdown spectre_v1 spectre_v2 spec_store_bypass
bogomips	: 5183.09
clflush size	: 64
cache_alignment	: 64
address sizes	: 36 bits physical, 48 bits virtual
power management:

processor	: 4
vendor_id	: GenuineIntel
cpu family	: 6
model		: 58
model name	: Intel(R) Core(TM) i7-3720QM CPU @ 2.60GHz
stepping	: 9
microcode	: 0x1f
cpu MHz		: 3036.279
cache size	: 6144 KB
physical id	: 0
siblings	: 8
core id		: 0
cpu cores	: 4
apicid		: 1
initial apicid	: 1
fpu		: yes
fpu_exception	: yes
cpuid level	: 13
wp		: yes
flags		: fpu vme de pse tsc msr pae mce cx8 apic sep mtrr pge mca cmov pat pse36 clflush dts acpi mmx fxsr sse sse2 ss ht tm pbe syscall nx rdtscp lm constant_tsc arch_perfmon pebs bts rep_good nopl xtopology nonstop_tsc cpuid aperfmperf pni pclmulqdq dtes64 monitor ds_cpl vmx smx est tm2 ssse3 cx16 xtpr pdcm pcid sse4_1 sse4_2 x2apic popcnt tsc_deadline_timer aes xsave avx f16c rdrand lahf_lm cpuid_fault epb pti ibrs ibpb stibp tpr_shadow vnmi flexpriority ept vpid fsgsbase smep erms xsaveopt dtherm ida arat pln pts
bugs		: cpu_meltdown spectre_v1 spectre_v2 spec_store_bypass
bogomips	: 5183.09
clflush size	: 64
cache_alignment	: 64
address sizes	: 36 bits physical, 48 bits virtual
power management:

processor	: 5
vendor_id	: GenuineIntel
cpu family	: 6
model		: 58
model name	: Intel(R) Core(TM) i7-3720QM CPU @ 2.60GHz
stepping	: 9
microcode	: 0x1f
cpu MHz		: 2983.853
cache size	: 6144 KB
physical id	: 0
siblings	: 8
core id		: 1
cpu cores	: 4
apicid		: 3
initial apicid	: 3
fpu		: yes
fpu_exception	: yes
cpuid level	: 13
wp		: yes
flags		: fpu vme de pse tsc msr pae mce cx8 apic sep mtrr pge mca cmov pat pse36 clflush dts acpi mmx fxsr sse sse2 ss ht tm pbe syscall nx rdtscp lm constant_tsc arch_perfmon pebs bts rep_good nopl xtopology nonstop_tsc cpuid aperfmperf pni pclmulqdq dtes64 monitor ds_cpl vmx smx est tm2 ssse3 cx16 xtpr pdcm pcid sse4_1 sse4_2 x2apic popcnt tsc_deadline_timer aes xsave avx f16c rdrand lahf_lm cpuid_fault epb pti ibrs ibpb stibp tpr_shadow vnmi flexpriority ept vpid fsgsbase smep erms xsaveopt dtherm ida arat pln pts
bugs		: cpu_meltdown spectre_v1 spectre_v2 spec_store_bypass
bogomips	: 5183.09
clflush size	: 64
cache_alignment	: 64
address sizes	: 36 bits physical, 48 bits virtual
power management:

processor	: 6
vendor_id	: GenuineIntel
cpu family	: 6
model		: 58
model name	: Intel(R) Core(TM) i7-3720QM CPU @ 2.60GHz
stepping	: 9
microcode	: 0x1f
cpu MHz		: 3383.834
cache size	: 6144 KB
physical id	: 0
siblings	: 8
core id		: 2
cpu cores	: 4
apicid		: 5
initial apicid	: 5
fpu		: yes
fpu_exception	: yes
cpuid level	: 13
wp		: yes
flags		: fpu vme de pse tsc msr pae mce cx8 apic sep mtrr pge mca cmov pat pse36 clflush dts acpi mmx fxsr sse sse2 ss ht tm pbe syscall nx rdtscp lm constant_tsc arch_perfmon pebs bts rep_good nopl xtopology nonstop_tsc cpuid aperfmperf pni pclmulqdq dtes64 monitor ds_cpl vmx smx est tm2 ssse3 cx16 xtpr pdcm pcid sse4_1 sse4_2 x2apic popcnt tsc_deadline_timer aes xsave avx f16c rdrand lahf_lm cpuid_fault epb pti ibrs ibpb stibp tpr_shadow vnmi flexpriority ept vpid fsgsbase smep erms xsaveopt dtherm ida arat pln pts
bugs		: cpu_meltdown spectre_v1 spectre_v2 spec_store_bypass
bogomips	: 5183.09
clflush size	: 64
cache_alignment	: 64
address sizes	: 36 bits physical, 48 bits virtual
power management:

processor	: 7
vendor_id	: GenuineIntel
cpu family	: 6
model		: 58
model name	: Intel(R) Core(TM) i7-3720QM CPU @ 2.60GHz
stepping	: 9
microcode	: 0x1f
cpu MHz		: 3112.274
cache size	: 6144 KB
physical id	: 0
siblings	: 8
core id		: 3
cpu cores	: 4
apicid		: 7
initial apicid	: 7
fpu		: yes
fpu_exception	: yes
cpuid level	: 13
wp		: yes
flags		: fpu vme de pse tsc msr pae mce cx8 apic sep mtrr pge mca cmov pat pse36 clflush dts acpi mmx fxsr sse sse2 ss ht tm pbe syscall nx rdtscp lm constant_tsc arch_perfmon pebs bts rep_good nopl xtopology nonstop_tsc cpuid aperfmperf pni pclmulqdq dtes64 monitor ds_cpl vmx smx est tm2 ssse3 cx16 xtpr pdcm pcid sse4_1 sse4_2 x2apic popcnt tsc_deadline_timer aes xsave avx f16c rdrand lahf_lm cpuid_fault epb pti ibrs ibpb stibp tpr_shadow vnmi flexpriority ept vpid fsgsbase smep erms xsaveopt dtherm ida arat pln pts
bugs		: cpu_meltdown spectre_v1 spectre_v2 spec_store_bypass
bogomips	: 5183.09
clflush size	: 64
cache_alignment	: 64
address sizes	: 36 bits physical, 48 bits virtual
power management:



Memory: 4k page, physical 8069016k(134428k free), swap 2097148k(600k free)

vm_info: Java HotSpot(TM) 64-Bit Server VM (25.171-b11) for linux-amd64 JRE (1.8.0_171-b11), built on Mar 28 2018 17:07:08 by "java_re" with gcc 4.3.0 20080428 (Red Hat 4.3.0-8)

time: Mon Jul  9 14:49:09 2018
elapsed time: 10 seconds (0d 0h 0m 10s)

